[2024-01-09T10:46:49.841-0300] {taskinstance.py:1957} INFO - Dependencies all met for dep_context=non-requeueable deps ti=<TaskInstance: pokemon_extraction.extract_pokemons scheduled__2023-12-11T10:00:00+00:00 [queued]>
[2024-01-09T10:46:49.844-0300] {taskinstance.py:1957} INFO - Dependencies all met for dep_context=requeueable deps ti=<TaskInstance: pokemon_extraction.extract_pokemons scheduled__2023-12-11T10:00:00+00:00 [queued]>
[2024-01-09T10:46:49.844-0300] {taskinstance.py:2171} INFO - Starting attempt 1 of 1
[2024-01-09T10:46:49.855-0300] {taskinstance.py:2192} INFO - Executing <Task(PythonOperator): extract_pokemons> on 2023-12-11 10:00:00+00:00
[2024-01-09T10:46:49.857-0300] {standard_task_runner.py:60} INFO - Started process 4377 to run task
[2024-01-09T10:46:49.858-0300] {standard_task_runner.py:87} INFO - Running: ['airflow', 'tasks', 'run', 'pokemon_extraction', 'extract_pokemons', 'scheduled__2023-12-11T10:00:00+00:00', '--job-id', '282', '--raw', '--subdir', 'DAGS_FOLDER/pokemon_extraction.py', '--cfg-path', '/tmp/tmp__fufftc']
[2024-01-09T10:46:49.859-0300] {standard_task_runner.py:88} INFO - Job 282: Subtask extract_pokemons
[2024-01-09T10:46:49.881-0300] {task_command.py:423} INFO - Running <TaskInstance: pokemon_extraction.extract_pokemons scheduled__2023-12-11T10:00:00+00:00 [running]> on host LAPTOP-SB6KEOGH.
[2024-01-09T10:46:49.948-0300] {taskinstance.py:2481} INFO - Exporting env vars: AIRFLOW_CTX_DAG_OWNER='Brenda Schapievski' AIRFLOW_CTX_DAG_ID='pokemon_extraction' AIRFLOW_CTX_TASK_ID='extract_pokemons' AIRFLOW_CTX_EXECUTION_DATE='2023-12-11T10:00:00+00:00' AIRFLOW_CTX_TRY_NUMBER='1' AIRFLOW_CTX_DAG_RUN_ID='scheduled__2023-12-11T10:00:00+00:00'
[2024-01-09T10:46:50.275-0300] {logging_mixin.py:188} INFO - 1
[2024-01-09T10:46:50.471-0300] {logging_mixin.py:188} INFO - 2
[2024-01-09T10:46:50.650-0300] {logging_mixin.py:188} INFO - 3
[2024-01-09T10:46:50.821-0300] {logging_mixin.py:188} INFO - 4
[2024-01-09T10:46:51.031-0300] {logging_mixin.py:188} INFO - 5
[2024-01-09T10:46:51.201-0300] {logging_mixin.py:188} INFO - 6
[2024-01-09T10:46:51.360-0300] {logging_mixin.py:188} INFO - 7
[2024-01-09T10:46:51.600-0300] {logging_mixin.py:188} INFO - 8
[2024-01-09T10:46:51.828-0300] {logging_mixin.py:188} INFO - 9
[2024-01-09T10:46:52.073-0300] {logging_mixin.py:188} INFO - 10
[2024-01-09T10:46:52.273-0300] {logging_mixin.py:188} INFO - 11
[2024-01-09T10:46:52.445-0300] {logging_mixin.py:188} INFO - 12
[2024-01-09T10:46:52.641-0300] {logging_mixin.py:188} INFO - 13
[2024-01-09T10:46:52.796-0300] {logging_mixin.py:188} INFO - 14
[2024-01-09T10:46:52.949-0300] {logging_mixin.py:188} INFO - 15
[2024-01-09T10:46:53.172-0300] {logging_mixin.py:188} INFO - 16
[2024-01-09T10:46:53.345-0300] {logging_mixin.py:188} INFO - 17
[2024-01-09T10:46:53.497-0300] {logging_mixin.py:188} INFO - 18
[2024-01-09T10:46:53.648-0300] {logging_mixin.py:188} INFO - 19
[2024-01-09T10:46:53.801-0300] {logging_mixin.py:188} INFO - 20
[2024-01-09T10:46:54.115-0300] {logging_mixin.py:188} INFO - 21
[2024-01-09T10:46:54.287-0300] {logging_mixin.py:188} INFO - 22
[2024-01-09T10:46:54.448-0300] {logging_mixin.py:188} INFO - 23
[2024-01-09T10:46:54.615-0300] {logging_mixin.py:188} INFO - 24
[2024-01-09T10:46:54.773-0300] {logging_mixin.py:188} INFO - 25
[2024-01-09T10:46:54.935-0300] {logging_mixin.py:188} INFO - 26
[2024-01-09T10:46:55.084-0300] {logging_mixin.py:188} INFO - 27
[2024-01-09T10:46:55.238-0300] {logging_mixin.py:188} INFO - 28
[2024-01-09T10:46:55.395-0300] {logging_mixin.py:188} INFO - 29
[2024-01-09T10:46:55.570-0300] {logging_mixin.py:188} INFO - 30
[2024-01-09T10:46:55.727-0300] {logging_mixin.py:188} INFO - 31
[2024-01-09T10:46:55.885-0300] {logging_mixin.py:188} INFO - 32
[2024-01-09T10:46:56.052-0300] {logging_mixin.py:188} INFO - 33
[2024-01-09T10:46:56.220-0300] {logging_mixin.py:188} INFO - 34
[2024-01-09T10:46:56.375-0300] {logging_mixin.py:188} INFO - 35
[2024-01-09T10:46:56.568-0300] {logging_mixin.py:188} INFO - 36
[2024-01-09T10:46:56.720-0300] {logging_mixin.py:188} INFO - 37
[2024-01-09T10:46:56.896-0300] {logging_mixin.py:188} INFO - 38
[2024-01-09T10:46:57.053-0300] {logging_mixin.py:188} INFO - 39
[2024-01-09T10:46:57.221-0300] {logging_mixin.py:188} INFO - 40
[2024-01-09T10:46:57.537-0300] {logging_mixin.py:188} INFO - 41
[2024-01-09T10:46:57.699-0300] {logging_mixin.py:188} INFO - 42
[2024-01-09T10:46:57.851-0300] {logging_mixin.py:188} INFO - 43
[2024-01-09T10:46:58.004-0300] {logging_mixin.py:188} INFO - 44
[2024-01-09T10:46:58.198-0300] {logging_mixin.py:188} INFO - 45
[2024-01-09T10:46:58.356-0300] {logging_mixin.py:188} INFO - 46
[2024-01-09T10:46:58.508-0300] {logging_mixin.py:188} INFO - 47
[2024-01-09T10:46:58.658-0300] {logging_mixin.py:188} INFO - 48
[2024-01-09T10:46:58.824-0300] {logging_mixin.py:188} INFO - 49
[2024-01-09T10:46:58.985-0300] {logging_mixin.py:188} INFO - 50
[2024-01-09T10:46:59.147-0300] {logging_mixin.py:188} INFO - 51
[2024-01-09T10:46:59.321-0300] {logging_mixin.py:188} INFO - 52
[2024-01-09T10:46:59.495-0300] {logging_mixin.py:188} INFO - 53
[2024-01-09T10:46:59.648-0300] {logging_mixin.py:188} INFO - 54
[2024-01-09T10:46:59.888-0300] {logging_mixin.py:188} INFO - 55
[2024-01-09T10:47:00.055-0300] {logging_mixin.py:188} INFO - 56
[2024-01-09T10:47:00.210-0300] {logging_mixin.py:188} INFO - 57
[2024-01-09T10:47:00.358-0300] {logging_mixin.py:188} INFO - 58
[2024-01-09T10:47:00.509-0300] {logging_mixin.py:188} INFO - 59
[2024-01-09T10:47:00.677-0300] {logging_mixin.py:188} INFO - 60
[2024-01-09T10:47:01.065-0300] {logging_mixin.py:188} INFO - 61
[2024-01-09T10:47:01.269-0300] {logging_mixin.py:188} INFO - 62
[2024-01-09T10:47:01.428-0300] {logging_mixin.py:188} INFO - 63
[2024-01-09T10:47:01.586-0300] {logging_mixin.py:188} INFO - 64
[2024-01-09T10:47:01.738-0300] {logging_mixin.py:188} INFO - 65
[2024-01-09T10:47:01.932-0300] {logging_mixin.py:188} INFO - 66
[2024-01-09T10:47:02.109-0300] {logging_mixin.py:188} INFO - 67
[2024-01-09T10:47:02.259-0300] {logging_mixin.py:188} INFO - 68
[2024-01-09T10:47:02.409-0300] {logging_mixin.py:188} INFO - 69
[2024-01-09T10:47:02.614-0300] {logging_mixin.py:188} INFO - 70
[2024-01-09T10:47:02.819-0300] {logging_mixin.py:188} INFO - 71
[2024-01-09T10:47:03.020-0300] {logging_mixin.py:188} INFO - 72
[2024-01-09T10:47:03.211-0300] {logging_mixin.py:188} INFO - 73
[2024-01-09T10:47:03.370-0300] {logging_mixin.py:188} INFO - 74
[2024-01-09T10:47:03.527-0300] {logging_mixin.py:188} INFO - 75
[2024-01-09T10:47:03.679-0300] {logging_mixin.py:188} INFO - 76
[2024-01-09T10:47:03.838-0300] {logging_mixin.py:188} INFO - 77
[2024-01-09T10:47:04.021-0300] {logging_mixin.py:188} INFO - 78
[2024-01-09T10:47:04.185-0300] {logging_mixin.py:188} INFO - 79
[2024-01-09T10:47:04.342-0300] {logging_mixin.py:188} INFO - 80
[2024-01-09T10:47:04.686-0300] {logging_mixin.py:188} INFO - 81
[2024-01-09T10:47:04.888-0300] {logging_mixin.py:188} INFO - 82
[2024-01-09T10:47:05.040-0300] {logging_mixin.py:188} INFO - 83
[2024-01-09T10:47:05.271-0300] {logging_mixin.py:188} INFO - 84
[2024-01-09T10:47:05.421-0300] {logging_mixin.py:188} INFO - 85
[2024-01-09T10:47:05.583-0300] {logging_mixin.py:188} INFO - 86
[2024-01-09T10:47:05.750-0300] {logging_mixin.py:188} INFO - 87
[2024-01-09T10:47:05.904-0300] {logging_mixin.py:188} INFO - 88
[2024-01-09T10:47:06.058-0300] {logging_mixin.py:188} INFO - 89
[2024-01-09T10:47:06.207-0300] {logging_mixin.py:188} INFO - 90
[2024-01-09T10:47:06.364-0300] {logging_mixin.py:188} INFO - 91
[2024-01-09T10:47:06.541-0300] {logging_mixin.py:188} INFO - 92
[2024-01-09T10:47:06.694-0300] {logging_mixin.py:188} INFO - 93
[2024-01-09T10:47:06.853-0300] {logging_mixin.py:188} INFO - 94
[2024-01-09T10:47:07.042-0300] {logging_mixin.py:188} INFO - 95
[2024-01-09T10:47:08.202-0300] {logging_mixin.py:188} INFO - 96
[2024-01-09T10:47:08.352-0300] {logging_mixin.py:188} INFO - 97
[2024-01-09T10:47:08.528-0300] {logging_mixin.py:188} INFO - 98
[2024-01-09T10:47:08.694-0300] {logging_mixin.py:188} INFO - 99
[2024-01-09T10:47:08.846-0300] {logging_mixin.py:188} INFO - 100
[2024-01-09T10:47:09.163-0300] {logging_mixin.py:188} INFO - 101
[2024-01-09T10:47:09.324-0300] {logging_mixin.py:188} INFO - 102
[2024-01-09T10:47:09.470-0300] {logging_mixin.py:188} INFO - 103
[2024-01-09T10:47:09.735-0300] {logging_mixin.py:188} INFO - 104
[2024-01-09T10:47:09.892-0300] {logging_mixin.py:188} INFO - 105
[2024-01-09T10:47:10.056-0300] {logging_mixin.py:188} INFO - 106
[2024-01-09T10:47:10.205-0300] {logging_mixin.py:188} INFO - 107
[2024-01-09T10:47:10.368-0300] {logging_mixin.py:188} INFO - 108
[2024-01-09T10:47:10.530-0300] {logging_mixin.py:188} INFO - 109
[2024-01-09T10:47:10.689-0300] {logging_mixin.py:188} INFO - 110
[2024-01-09T10:47:10.879-0300] {logging_mixin.py:188} INFO - 111
[2024-01-09T10:47:11.046-0300] {logging_mixin.py:188} INFO - 112
[2024-01-09T10:47:11.207-0300] {logging_mixin.py:188} INFO - 113
[2024-01-09T10:47:11.364-0300] {logging_mixin.py:188} INFO - 114
[2024-01-09T10:47:11.571-0300] {logging_mixin.py:188} INFO - 115
[2024-01-09T10:47:11.725-0300] {logging_mixin.py:188} INFO - 116
[2024-01-09T10:47:11.904-0300] {logging_mixin.py:188} INFO - 117
[2024-01-09T10:47:12.071-0300] {logging_mixin.py:188} INFO - 118
[2024-01-09T10:47:12.274-0300] {logging_mixin.py:188} INFO - 119
[2024-01-09T10:47:12.469-0300] {logging_mixin.py:188} INFO - 120
[2024-01-09T10:47:12.821-0300] {logging_mixin.py:188} INFO - 121
[2024-01-09T10:47:12.972-0300] {logging_mixin.py:188} INFO - 122
[2024-01-09T10:47:13.130-0300] {logging_mixin.py:188} INFO - 123
[2024-01-09T10:47:13.290-0300] {logging_mixin.py:188} INFO - 124
[2024-01-09T10:47:13.440-0300] {logging_mixin.py:188} INFO - 125
[2024-01-09T10:47:13.617-0300] {logging_mixin.py:188} INFO - 126
[2024-01-09T10:47:13.764-0300] {logging_mixin.py:188} INFO - 127
[2024-01-09T10:47:13.913-0300] {logging_mixin.py:188} INFO - 128
[2024-01-09T10:47:14.070-0300] {logging_mixin.py:188} INFO - 129
[2024-01-09T10:47:14.221-0300] {logging_mixin.py:188} INFO - 130
[2024-01-09T10:47:14.426-0300] {logging_mixin.py:188} INFO - 131
[2024-01-09T10:47:14.582-0300] {logging_mixin.py:188} INFO - 132
[2024-01-09T10:47:14.736-0300] {logging_mixin.py:188} INFO - 133
[2024-01-09T10:47:14.947-0300] {logging_mixin.py:188} INFO - 134
[2024-01-09T10:47:15.137-0300] {logging_mixin.py:188} INFO - 135
[2024-01-09T10:47:15.288-0300] {logging_mixin.py:188} INFO - 136
[2024-01-09T10:47:15.453-0300] {logging_mixin.py:188} INFO - 137
[2024-01-09T10:47:15.618-0300] {logging_mixin.py:188} INFO - 138
[2024-01-09T10:47:15.766-0300] {logging_mixin.py:188} INFO - 139
[2024-01-09T10:47:15.935-0300] {logging_mixin.py:188} INFO - 140
[2024-01-09T10:47:16.269-0300] {logging_mixin.py:188} INFO - 141
[2024-01-09T10:47:16.430-0300] {logging_mixin.py:188} INFO - 142
[2024-01-09T10:47:16.581-0300] {logging_mixin.py:188} INFO - 143
[2024-01-09T10:47:16.752-0300] {logging_mixin.py:188} INFO - 144
[2024-01-09T10:47:16.904-0300] {logging_mixin.py:188} INFO - 145
[2024-01-09T10:47:17.055-0300] {logging_mixin.py:188} INFO - 146
[2024-01-09T10:47:17.209-0300] {logging_mixin.py:188} INFO - 147
[2024-01-09T10:47:17.384-0300] {logging_mixin.py:188} INFO - 148
[2024-01-09T10:47:17.533-0300] {logging_mixin.py:188} INFO - 149
[2024-01-09T10:47:17.705-0300] {logging_mixin.py:188} INFO - 150
[2024-01-09T10:47:17.943-0300] {logging_mixin.py:188} INFO - 151
[2024-01-09T10:47:18.608-0300] {logging_mixin.py:188} INFO - 152
[2024-01-09T10:47:19.270-0300] {logging_mixin.py:188} INFO - 153
[2024-01-09T10:47:19.921-0300] {logging_mixin.py:188} INFO - 154
[2024-01-09T10:47:20.245-0300] {logging_mixin.py:188} INFO - 155
[2024-01-09T10:47:21.017-0300] {logging_mixin.py:188} INFO - 156
[2024-01-09T10:47:21.686-0300] {logging_mixin.py:188} INFO - 157
[2024-01-09T10:47:22.346-0300] {logging_mixin.py:188} INFO - 158
[2024-01-09T10:47:23.042-0300] {logging_mixin.py:188} INFO - 159
[2024-01-09T10:47:23.695-0300] {logging_mixin.py:188} INFO - 160
[2024-01-09T10:47:24.591-0300] {logging_mixin.py:188} INFO - 161
[2024-01-09T10:47:25.240-0300] {logging_mixin.py:188} INFO - 162
[2024-01-09T10:47:25.899-0300] {logging_mixin.py:188} INFO - 163
[2024-01-09T10:47:26.694-0300] {logging_mixin.py:188} INFO - 164
[2024-01-09T10:47:27.432-0300] {logging_mixin.py:188} INFO - 165
[2024-01-09T10:47:28.079-0300] {logging_mixin.py:188} INFO - 166
[2024-01-09T10:47:28.767-0300] {logging_mixin.py:188} INFO - 167
[2024-01-09T10:47:29.429-0300] {logging_mixin.py:188} INFO - 168
[2024-01-09T10:47:30.098-0300] {logging_mixin.py:188} INFO - 169
[2024-01-09T10:47:30.765-0300] {logging_mixin.py:188} INFO - 170
[2024-01-09T10:47:31.427-0300] {logging_mixin.py:188} INFO - 171
[2024-01-09T10:47:32.115-0300] {logging_mixin.py:188} INFO - 172
[2024-01-09T10:47:32.767-0300] {logging_mixin.py:188} INFO - 173
[2024-01-09T10:47:33.446-0300] {logging_mixin.py:188} INFO - 174
[2024-01-09T10:47:34.118-0300] {logging_mixin.py:188} INFO - 175
[2024-01-09T10:47:34.785-0300] {logging_mixin.py:188} INFO - 176
[2024-01-09T10:47:35.460-0300] {logging_mixin.py:188} INFO - 177
[2024-01-09T10:47:36.154-0300] {logging_mixin.py:188} INFO - 178
[2024-01-09T10:47:36.823-0300] {logging_mixin.py:188} INFO - 179
[2024-01-09T10:47:37.501-0300] {logging_mixin.py:188} INFO - 180
[2024-01-09T10:47:38.338-0300] {logging_mixin.py:188} INFO - 181
[2024-01-09T10:47:39.017-0300] {logging_mixin.py:188} INFO - 182
[2024-01-09T10:47:39.679-0300] {logging_mixin.py:188} INFO - 183
[2024-01-09T10:47:40.386-0300] {logging_mixin.py:188} INFO - 184
[2024-01-09T10:47:40.709-0300] {logging_mixin.py:188} INFO - 185
[2024-01-09T10:47:40.869-0300] {logging_mixin.py:188} INFO - 186
[2024-01-09T10:47:41.542-0300] {logging_mixin.py:188} INFO - 187
[2024-01-09T10:47:42.213-0300] {logging_mixin.py:188} INFO - 188
[2024-01-09T10:47:42.947-0300] {logging_mixin.py:188} INFO - 189
[2024-01-09T10:47:43.630-0300] {logging_mixin.py:188} INFO - 190
[2024-01-09T10:47:45.358-0300] {logging_mixin.py:188} INFO - 191
[2024-01-09T10:47:46.073-0300] {logging_mixin.py:188} INFO - 192
[2024-01-09T10:47:46.764-0300] {logging_mixin.py:188} INFO - 193
[2024-01-09T10:47:47.521-0300] {logging_mixin.py:188} INFO - 194
[2024-01-09T10:47:48.212-0300] {logging_mixin.py:188} INFO - 195
[2024-01-09T10:47:48.890-0300] {logging_mixin.py:188} INFO - 196
[2024-01-09T10:47:49.040-0300] {logging_mixin.py:188} INFO - 197
[2024-01-09T10:47:49.713-0300] {logging_mixin.py:188} INFO - 198
[2024-01-09T10:47:50.400-0300] {logging_mixin.py:188} INFO - 199
[2024-01-09T10:47:51.075-0300] {logging_mixin.py:188} INFO - 200
[2024-01-09T10:47:51.887-0300] {logging_mixin.py:188} INFO - 201
[2024-01-09T10:47:52.559-0300] {logging_mixin.py:188} INFO - 202
[2024-01-09T10:47:53.304-0300] {logging_mixin.py:188} INFO - 203
[2024-01-09T10:47:53.951-0300] {logging_mixin.py:188} INFO - 204
[2024-01-09T10:47:54.600-0300] {logging_mixin.py:188} INFO - 205
[2024-01-09T10:47:55.262-0300] {logging_mixin.py:188} INFO - 206
[2024-01-09T10:47:55.926-0300] {logging_mixin.py:188} INFO - 207
[2024-01-09T10:47:56.587-0300] {logging_mixin.py:188} INFO - 208
[2024-01-09T10:47:57.246-0300] {logging_mixin.py:188} INFO - 209
[2024-01-09T10:47:57.897-0300] {logging_mixin.py:188} INFO - 210
[2024-01-09T10:47:58.551-0300] {logging_mixin.py:188} INFO - 211
[2024-01-09T10:47:59.196-0300] {logging_mixin.py:188} INFO - 212
[2024-01-09T10:47:59.875-0300] {logging_mixin.py:188} INFO - 213
[2024-01-09T10:48:00.527-0300] {logging_mixin.py:188} INFO - 214
[2024-01-09T10:48:01.184-0300] {logging_mixin.py:188} INFO - 215
[2024-01-09T10:48:01.846-0300] {logging_mixin.py:188} INFO - 216
[2024-01-09T10:48:02.507-0300] {logging_mixin.py:188} INFO - 217
[2024-01-09T10:48:03.149-0300] {logging_mixin.py:188} INFO - 218
[2024-01-09T10:48:03.812-0300] {logging_mixin.py:188} INFO - 219
[2024-01-09T10:48:04.462-0300] {logging_mixin.py:188} INFO - 220
[2024-01-09T10:48:05.314-0300] {logging_mixin.py:188} INFO - 221
[2024-01-09T10:48:05.989-0300] {logging_mixin.py:188} INFO - 222
[2024-01-09T10:48:06.638-0300] {logging_mixin.py:188} INFO - 223
[2024-01-09T10:48:07.292-0300] {logging_mixin.py:188} INFO - 224
[2024-01-09T10:48:07.946-0300] {logging_mixin.py:188} INFO - 225
[2024-01-09T10:48:08.611-0300] {logging_mixin.py:188} INFO - 226
[2024-01-09T10:48:09.293-0300] {logging_mixin.py:188} INFO - 227
[2024-01-09T10:48:09.946-0300] {logging_mixin.py:188} INFO - 228
[2024-01-09T10:48:10.248-0300] {logging_mixin.py:188} INFO - 229
[2024-01-09T10:48:10.903-0300] {logging_mixin.py:188} INFO - 230
[2024-01-09T10:48:11.554-0300] {logging_mixin.py:188} INFO - 231
[2024-01-09T10:48:12.201-0300] {logging_mixin.py:188} INFO - 232
[2024-01-09T10:48:12.848-0300] {logging_mixin.py:188} INFO - 233
[2024-01-09T10:48:13.501-0300] {logging_mixin.py:188} INFO - 234
[2024-01-09T10:48:14.156-0300] {logging_mixin.py:188} INFO - 235
[2024-01-09T10:48:14.805-0300] {logging_mixin.py:188} INFO - 236
[2024-01-09T10:48:15.459-0300] {logging_mixin.py:188} INFO - 237
[2024-01-09T10:48:16.173-0300] {logging_mixin.py:188} INFO - 238
[2024-01-09T10:48:16.842-0300] {logging_mixin.py:188} INFO - 239
[2024-01-09T10:48:17.505-0300] {logging_mixin.py:188} INFO - 240
[2024-01-09T10:48:18.340-0300] {logging_mixin.py:188} INFO - 241
[2024-01-09T10:48:18.993-0300] {logging_mixin.py:188} INFO - 242
[2024-01-09T10:48:19.641-0300] {logging_mixin.py:188} INFO - 243
[2024-01-09T10:48:20.300-0300] {logging_mixin.py:188} INFO - 244
[2024-01-09T10:48:20.959-0300] {logging_mixin.py:188} INFO - 245
[2024-01-09T10:48:21.616-0300] {logging_mixin.py:188} INFO - 246
[2024-01-09T10:48:22.438-0300] {logging_mixin.py:188} INFO - 247
[2024-01-09T10:48:23.110-0300] {logging_mixin.py:188} INFO - 248
[2024-01-09T10:48:23.769-0300] {logging_mixin.py:188} INFO - 249
[2024-01-09T10:48:24.429-0300] {logging_mixin.py:188} INFO - 250
[2024-01-09T10:48:25.079-0300] {logging_mixin.py:188} INFO - 251
[2024-01-09T10:48:25.737-0300] {logging_mixin.py:188} INFO - 252
[2024-01-09T10:48:26.408-0300] {logging_mixin.py:188} INFO - 253
[2024-01-09T10:48:27.059-0300] {logging_mixin.py:188} INFO - 254
[2024-01-09T10:48:27.706-0300] {logging_mixin.py:188} INFO - 255
[2024-01-09T10:48:28.363-0300] {logging_mixin.py:188} INFO - 256
[2024-01-09T10:48:28.561-0300] {logging_mixin.py:188} INFO - 257
[2024-01-09T10:48:29.219-0300] {logging_mixin.py:188} INFO - 258
[2024-01-09T10:48:29.882-0300] {logging_mixin.py:188} INFO - 259
[2024-01-09T10:48:30.528-0300] {logging_mixin.py:188} INFO - 260
[2024-01-09T10:48:31.333-0300] {logging_mixin.py:188} INFO - 261
[2024-01-09T10:48:32.001-0300] {logging_mixin.py:188} INFO - 262
[2024-01-09T10:48:32.666-0300] {logging_mixin.py:188} INFO - 263
[2024-01-09T10:48:33.349-0300] {logging_mixin.py:188} INFO - 264
[2024-01-09T10:48:34.013-0300] {logging_mixin.py:188} INFO - 265
[2024-01-09T10:48:34.679-0300] {logging_mixin.py:188} INFO - 266
[2024-01-09T10:48:35.329-0300] {logging_mixin.py:188} INFO - 267
[2024-01-09T10:48:35.990-0300] {logging_mixin.py:188} INFO - 268
[2024-01-09T10:48:36.650-0300] {logging_mixin.py:188} INFO - 269
[2024-01-09T10:48:37.322-0300] {logging_mixin.py:188} INFO - 270
[2024-01-09T10:48:37.972-0300] {logging_mixin.py:188} INFO - 271
[2024-01-09T10:48:38.654-0300] {logging_mixin.py:188} INFO - 272
[2024-01-09T10:48:39.300-0300] {logging_mixin.py:188} INFO - 273
[2024-01-09T10:48:39.949-0300] {logging_mixin.py:188} INFO - 274
[2024-01-09T10:48:40.236-0300] {logging_mixin.py:188} INFO - 275
[2024-01-09T10:48:40.884-0300] {logging_mixin.py:188} INFO - 276
[2024-01-09T10:48:41.532-0300] {logging_mixin.py:188} INFO - 277
[2024-01-09T10:48:42.187-0300] {logging_mixin.py:188} INFO - 278
[2024-01-09T10:48:42.489-0300] {logging_mixin.py:188} INFO - 279
[2024-01-09T10:48:43.140-0300] {logging_mixin.py:188} INFO - 280
[2024-01-09T10:48:43.990-0300] {logging_mixin.py:188} INFO - 281
[2024-01-09T10:48:44.640-0300] {logging_mixin.py:188} INFO - 282
[2024-01-09T10:48:45.296-0300] {logging_mixin.py:188} INFO - 283
[2024-01-09T10:48:45.959-0300] {logging_mixin.py:188} INFO - 284
[2024-01-09T10:48:46.611-0300] {logging_mixin.py:188} INFO - 285
[2024-01-09T10:48:48.314-0300] {logging_mixin.py:188} INFO - 286
[2024-01-09T10:48:48.984-0300] {logging_mixin.py:188} INFO - 287
[2024-01-09T10:48:49.639-0300] {logging_mixin.py:188} INFO - 288
[2024-01-09T10:48:50.303-0300] {logging_mixin.py:188} INFO - 289
[2024-01-09T10:48:50.974-0300] {logging_mixin.py:188} INFO - 290
[2024-01-09T10:48:51.660-0300] {logging_mixin.py:188} INFO - 291
[2024-01-09T10:48:52.302-0300] {logging_mixin.py:188} INFO - 292
[2024-01-09T10:48:52.966-0300] {logging_mixin.py:188} INFO - 293
[2024-01-09T10:48:53.608-0300] {logging_mixin.py:188} INFO - 294
[2024-01-09T10:48:54.284-0300] {logging_mixin.py:188} INFO - 295
[2024-01-09T10:48:54.941-0300] {logging_mixin.py:188} INFO - 296
