[2024-01-09T11:00:02.216-0300] {taskinstance.py:1957} INFO - Dependencies all met for dep_context=non-requeueable deps ti=<TaskInstance: pokemon_extraction.extract_pokemons scheduled__2023-12-11T10:00:00+00:00 [queued]>
[2024-01-09T11:00:02.223-0300] {taskinstance.py:1957} INFO - Dependencies all met for dep_context=requeueable deps ti=<TaskInstance: pokemon_extraction.extract_pokemons scheduled__2023-12-11T10:00:00+00:00 [queued]>
[2024-01-09T11:00:02.223-0300] {taskinstance.py:2171} INFO - Starting attempt 2 of 1
[2024-01-09T11:00:02.235-0300] {taskinstance.py:2192} INFO - Executing <Task(PythonOperator): extract_pokemons> on 2023-12-11 10:00:00+00:00
[2024-01-09T11:00:02.236-0300] {standard_task_runner.py:60} INFO - Started process 746 to run task
[2024-01-09T11:00:02.238-0300] {standard_task_runner.py:87} INFO - Running: ['airflow', 'tasks', 'run', 'pokemon_extraction', 'extract_pokemons', 'scheduled__2023-12-11T10:00:00+00:00', '--job-id', '284', '--raw', '--subdir', 'DAGS_FOLDER/pokemon_extraction.py', '--cfg-path', '/tmp/tmpr3gsgvv7']
[2024-01-09T11:00:02.239-0300] {standard_task_runner.py:88} INFO - Job 284: Subtask extract_pokemons
[2024-01-09T11:00:02.260-0300] {task_command.py:423} INFO - Running <TaskInstance: pokemon_extraction.extract_pokemons scheduled__2023-12-11T10:00:00+00:00 [running]> on host LAPTOP-SB6KEOGH.
[2024-01-09T11:00:02.299-0300] {taskinstance.py:2481} INFO - Exporting env vars: AIRFLOW_CTX_DAG_OWNER='Brenda Schapievski' AIRFLOW_CTX_DAG_ID='pokemon_extraction' AIRFLOW_CTX_TASK_ID='extract_pokemons' AIRFLOW_CTX_EXECUTION_DATE='2023-12-11T10:00:00+00:00' AIRFLOW_CTX_TRY_NUMBER='2' AIRFLOW_CTX_DAG_RUN_ID='scheduled__2023-12-11T10:00:00+00:00'
[2024-01-09T11:00:02.635-0300] {logging_mixin.py:188} INFO - 1
[2024-01-09T11:00:02.788-0300] {logging_mixin.py:188} INFO - 2
[2024-01-09T11:00:02.942-0300] {logging_mixin.py:188} INFO - 3
[2024-01-09T11:00:03.100-0300] {logging_mixin.py:188} INFO - 4
[2024-01-09T11:00:03.296-0300] {logging_mixin.py:188} INFO - 5
[2024-01-09T11:00:03.456-0300] {logging_mixin.py:188} INFO - 6
[2024-01-09T11:00:03.622-0300] {logging_mixin.py:188} INFO - 7
[2024-01-09T11:00:03.773-0300] {logging_mixin.py:188} INFO - 8
[2024-01-09T11:00:03.960-0300] {logging_mixin.py:188} INFO - 9
[2024-01-09T11:00:04.129-0300] {logging_mixin.py:188} INFO - 10
[2024-01-09T11:00:04.279-0300] {logging_mixin.py:188} INFO - 11
[2024-01-09T11:00:04.459-0300] {logging_mixin.py:188} INFO - 12
[2024-01-09T11:00:04.612-0300] {logging_mixin.py:188} INFO - 13
[2024-01-09T11:00:04.756-0300] {logging_mixin.py:188} INFO - 14
[2024-01-09T11:00:04.909-0300] {logging_mixin.py:188} INFO - 15
[2024-01-09T11:00:05.180-0300] {logging_mixin.py:188} INFO - 16
[2024-01-09T11:00:05.333-0300] {logging_mixin.py:188} INFO - 17
[2024-01-09T11:00:05.519-0300] {logging_mixin.py:188} INFO - 18
[2024-01-09T11:00:05.758-0300] {logging_mixin.py:188} INFO - 19
[2024-01-09T11:00:05.909-0300] {logging_mixin.py:188} INFO - 20
[2024-01-09T11:00:06.258-0300] {logging_mixin.py:188} INFO - 21
[2024-01-09T11:00:06.453-0300] {logging_mixin.py:188} INFO - 22
[2024-01-09T11:00:06.756-0300] {logging_mixin.py:188} INFO - 23
[2024-01-09T11:00:06.964-0300] {logging_mixin.py:188} INFO - 24
[2024-01-09T11:00:07.177-0300] {logging_mixin.py:188} INFO - 25
[2024-01-09T11:00:07.332-0300] {logging_mixin.py:188} INFO - 26
[2024-01-09T11:00:07.495-0300] {logging_mixin.py:188} INFO - 27
[2024-01-09T11:00:07.730-0300] {logging_mixin.py:188} INFO - 28
[2024-01-09T11:00:07.934-0300] {logging_mixin.py:188} INFO - 29
[2024-01-09T11:00:08.097-0300] {logging_mixin.py:188} INFO - 30
[2024-01-09T11:00:08.308-0300] {logging_mixin.py:188} INFO - 31
[2024-01-09T11:00:08.462-0300] {logging_mixin.py:188} INFO - 32
[2024-01-09T11:00:08.641-0300] {logging_mixin.py:188} INFO - 33
[2024-01-09T11:00:08.907-0300] {logging_mixin.py:188} INFO - 34
[2024-01-09T11:00:09.062-0300] {logging_mixin.py:188} INFO - 35
[2024-01-09T11:00:09.275-0300] {logging_mixin.py:188} INFO - 36
[2024-01-09T11:00:09.445-0300] {logging_mixin.py:188} INFO - 37
[2024-01-09T11:00:09.600-0300] {logging_mixin.py:188} INFO - 38
[2024-01-09T11:00:09.752-0300] {logging_mixin.py:188} INFO - 39
[2024-01-09T11:00:09.913-0300] {logging_mixin.py:188} INFO - 40
[2024-01-09T11:00:10.222-0300] {logging_mixin.py:188} INFO - 41
[2024-01-09T11:00:10.377-0300] {logging_mixin.py:188} INFO - 42
[2024-01-09T11:00:10.522-0300] {logging_mixin.py:188} INFO - 43
[2024-01-09T11:00:10.678-0300] {logging_mixin.py:188} INFO - 44
[2024-01-09T11:00:10.828-0300] {logging_mixin.py:188} INFO - 45
[2024-01-09T11:00:10.985-0300] {logging_mixin.py:188} INFO - 46
[2024-01-09T11:00:11.141-0300] {logging_mixin.py:188} INFO - 47
[2024-01-09T11:00:11.295-0300] {logging_mixin.py:188} INFO - 48
[2024-01-09T11:00:11.444-0300] {logging_mixin.py:188} INFO - 49
[2024-01-09T11:00:11.609-0300] {logging_mixin.py:188} INFO - 50
[2024-01-09T11:00:11.759-0300] {logging_mixin.py:188} INFO - 51
[2024-01-09T11:00:11.909-0300] {logging_mixin.py:188} INFO - 52
[2024-01-09T11:00:12.060-0300] {logging_mixin.py:188} INFO - 53
[2024-01-09T11:00:12.214-0300] {logging_mixin.py:188} INFO - 54
[2024-01-09T11:00:12.452-0300] {logging_mixin.py:188} INFO - 55
[2024-01-09T11:00:12.628-0300] {logging_mixin.py:188} INFO - 56
[2024-01-09T11:00:12.774-0300] {logging_mixin.py:188} INFO - 57
[2024-01-09T11:00:12.925-0300] {logging_mixin.py:188} INFO - 58
[2024-01-09T11:00:13.075-0300] {logging_mixin.py:188} INFO - 59
[2024-01-09T11:00:13.251-0300] {logging_mixin.py:188} INFO - 60
[2024-01-09T11:00:13.682-0300] {logging_mixin.py:188} INFO - 61
[2024-01-09T11:00:13.833-0300] {logging_mixin.py:188} INFO - 62
[2024-01-09T11:00:13.984-0300] {logging_mixin.py:188} INFO - 63
[2024-01-09T11:00:14.139-0300] {logging_mixin.py:188} INFO - 64
[2024-01-09T11:00:14.292-0300] {logging_mixin.py:188} INFO - 65
[2024-01-09T11:00:14.443-0300] {logging_mixin.py:188} INFO - 66
[2024-01-09T11:00:14.604-0300] {logging_mixin.py:188} INFO - 67
[2024-01-09T11:00:14.761-0300] {logging_mixin.py:188} INFO - 68
[2024-01-09T11:00:14.915-0300] {logging_mixin.py:188} INFO - 69
[2024-01-09T11:00:15.068-0300] {logging_mixin.py:188} INFO - 70
[2024-01-09T11:00:15.221-0300] {logging_mixin.py:188} INFO - 71
[2024-01-09T11:00:15.371-0300] {logging_mixin.py:188} INFO - 72
[2024-01-09T11:00:15.529-0300] {logging_mixin.py:188} INFO - 73
[2024-01-09T11:00:15.680-0300] {logging_mixin.py:188} INFO - 74
[2024-01-09T11:00:15.836-0300] {logging_mixin.py:188} INFO - 75
[2024-01-09T11:00:15.986-0300] {logging_mixin.py:188} INFO - 76
[2024-01-09T11:00:16.173-0300] {logging_mixin.py:188} INFO - 77
[2024-01-09T11:00:16.325-0300] {logging_mixin.py:188} INFO - 78
[2024-01-09T11:00:16.472-0300] {logging_mixin.py:188} INFO - 79
[2024-01-09T11:00:16.621-0300] {logging_mixin.py:188} INFO - 80
[2024-01-09T11:00:16.926-0300] {logging_mixin.py:188} INFO - 81
[2024-01-09T11:00:17.074-0300] {logging_mixin.py:188} INFO - 82
[2024-01-09T11:00:17.236-0300] {logging_mixin.py:188} INFO - 83
[2024-01-09T11:00:17.387-0300] {logging_mixin.py:188} INFO - 84
[2024-01-09T11:00:17.543-0300] {logging_mixin.py:188} INFO - 85
[2024-01-09T11:00:17.693-0300] {logging_mixin.py:188} INFO - 86
[2024-01-09T11:00:17.841-0300] {logging_mixin.py:188} INFO - 87
[2024-01-09T11:00:18.003-0300] {logging_mixin.py:188} INFO - 88
[2024-01-09T11:00:18.155-0300] {logging_mixin.py:188} INFO - 89
[2024-01-09T11:00:18.306-0300] {logging_mixin.py:188} INFO - 90
[2024-01-09T11:00:18.455-0300] {logging_mixin.py:188} INFO - 91
[2024-01-09T11:00:18.599-0300] {logging_mixin.py:188} INFO - 92
[2024-01-09T11:00:18.750-0300] {logging_mixin.py:188} INFO - 93
[2024-01-09T11:00:18.900-0300] {logging_mixin.py:188} INFO - 94
[2024-01-09T11:00:19.051-0300] {logging_mixin.py:188} INFO - 95
[2024-01-09T11:00:20.219-0300] {logging_mixin.py:188} INFO - 96
[2024-01-09T11:00:20.383-0300] {logging_mixin.py:188} INFO - 97
[2024-01-09T11:00:20.536-0300] {logging_mixin.py:188} INFO - 98
[2024-01-09T11:00:20.688-0300] {logging_mixin.py:188} INFO - 99
[2024-01-09T11:00:20.860-0300] {logging_mixin.py:188} INFO - 100
[2024-01-09T11:00:21.172-0300] {logging_mixin.py:188} INFO - 101
[2024-01-09T11:00:21.329-0300] {logging_mixin.py:188} INFO - 102
[2024-01-09T11:00:21.489-0300] {logging_mixin.py:188} INFO - 103
[2024-01-09T11:00:21.745-0300] {logging_mixin.py:188} INFO - 104
[2024-01-09T11:00:21.894-0300] {logging_mixin.py:188} INFO - 105
[2024-01-09T11:00:22.047-0300] {logging_mixin.py:188} INFO - 106
[2024-01-09T11:00:22.192-0300] {logging_mixin.py:188} INFO - 107
[2024-01-09T11:00:22.342-0300] {logging_mixin.py:188} INFO - 108
[2024-01-09T11:00:22.493-0300] {logging_mixin.py:188} INFO - 109
[2024-01-09T11:00:22.653-0300] {logging_mixin.py:188} INFO - 110
[2024-01-09T11:00:22.808-0300] {logging_mixin.py:188} INFO - 111
[2024-01-09T11:00:23.008-0300] {logging_mixin.py:188} INFO - 112
[2024-01-09T11:00:23.160-0300] {logging_mixin.py:188} INFO - 113
[2024-01-09T11:00:23.311-0300] {logging_mixin.py:188} INFO - 114
[2024-01-09T11:00:23.461-0300] {logging_mixin.py:188} INFO - 115
[2024-01-09T11:00:23.614-0300] {logging_mixin.py:188} INFO - 116
[2024-01-09T11:00:23.765-0300] {logging_mixin.py:188} INFO - 117
[2024-01-09T11:00:23.917-0300] {logging_mixin.py:188} INFO - 118
[2024-01-09T11:00:24.075-0300] {logging_mixin.py:188} INFO - 119
[2024-01-09T11:00:24.229-0300] {logging_mixin.py:188} INFO - 120
[2024-01-09T11:00:24.530-0300] {logging_mixin.py:188} INFO - 121
[2024-01-09T11:00:24.698-0300] {logging_mixin.py:188} INFO - 122
[2024-01-09T11:00:24.847-0300] {logging_mixin.py:188} INFO - 123
[2024-01-09T11:00:25.014-0300] {logging_mixin.py:188} INFO - 124
[2024-01-09T11:00:25.163-0300] {logging_mixin.py:188} INFO - 125
[2024-01-09T11:00:25.312-0300] {logging_mixin.py:188} INFO - 126
[2024-01-09T11:00:25.474-0300] {logging_mixin.py:188} INFO - 127
[2024-01-09T11:00:25.642-0300] {logging_mixin.py:188} INFO - 128
[2024-01-09T11:00:25.787-0300] {logging_mixin.py:188} INFO - 129
[2024-01-09T11:00:25.939-0300] {logging_mixin.py:188} INFO - 130
[2024-01-09T11:00:26.086-0300] {logging_mixin.py:188} INFO - 131
[2024-01-09T11:00:26.238-0300] {logging_mixin.py:188} INFO - 132
[2024-01-09T11:00:26.386-0300] {logging_mixin.py:188} INFO - 133
[2024-01-09T11:00:26.551-0300] {logging_mixin.py:188} INFO - 134
[2024-01-09T11:00:26.702-0300] {logging_mixin.py:188} INFO - 135
[2024-01-09T11:00:26.854-0300] {logging_mixin.py:188} INFO - 136
[2024-01-09T11:00:27.012-0300] {logging_mixin.py:188} INFO - 137
[2024-01-09T11:00:27.169-0300] {logging_mixin.py:188} INFO - 138
[2024-01-09T11:00:27.322-0300] {logging_mixin.py:188} INFO - 139
[2024-01-09T11:00:27.473-0300] {logging_mixin.py:188} INFO - 140
[2024-01-09T11:00:27.775-0300] {logging_mixin.py:188} INFO - 141
[2024-01-09T11:00:27.923-0300] {logging_mixin.py:188} INFO - 142
[2024-01-09T11:00:28.076-0300] {logging_mixin.py:188} INFO - 143
[2024-01-09T11:00:28.229-0300] {logging_mixin.py:188} INFO - 144
[2024-01-09T11:00:28.381-0300] {logging_mixin.py:188} INFO - 145
[2024-01-09T11:00:28.538-0300] {logging_mixin.py:188} INFO - 146
[2024-01-09T11:00:28.690-0300] {logging_mixin.py:188} INFO - 147
[2024-01-09T11:00:28.847-0300] {logging_mixin.py:188} INFO - 148
[2024-01-09T11:00:28.998-0300] {logging_mixin.py:188} INFO - 149
[2024-01-09T11:00:29.157-0300] {logging_mixin.py:188} INFO - 150
[2024-01-09T11:00:29.305-0300] {logging_mixin.py:188} INFO - 151
[2024-01-09T11:00:29.454-0300] {logging_mixin.py:188} INFO - 152
[2024-01-09T11:00:29.599-0300] {logging_mixin.py:188} INFO - 153
[2024-01-09T11:00:29.746-0300] {logging_mixin.py:188} INFO - 154
[2024-01-09T11:00:29.901-0300] {logging_mixin.py:188} INFO - 155
[2024-01-09T11:00:30.050-0300] {logging_mixin.py:188} INFO - 156
[2024-01-09T11:00:30.201-0300] {logging_mixin.py:188} INFO - 157
[2024-01-09T11:00:30.349-0300] {logging_mixin.py:188} INFO - 158
[2024-01-09T11:00:30.532-0300] {logging_mixin.py:188} INFO - 159
[2024-01-09T11:00:30.683-0300] {logging_mixin.py:188} INFO - 160
[2024-01-09T11:00:30.970-0300] {logging_mixin.py:188} INFO - 161
[2024-01-09T11:00:31.121-0300] {logging_mixin.py:188} INFO - 162
[2024-01-09T11:00:31.266-0300] {logging_mixin.py:188} INFO - 163
[2024-01-09T11:00:31.541-0300] {logging_mixin.py:188} INFO - 164
[2024-01-09T11:00:31.693-0300] {logging_mixin.py:188} INFO - 165
[2024-01-09T11:00:31.848-0300] {logging_mixin.py:188} INFO - 166
[2024-01-09T11:00:31.993-0300] {logging_mixin.py:188} INFO - 167
[2024-01-09T11:00:32.138-0300] {logging_mixin.py:188} INFO - 168
[2024-01-09T11:00:32.286-0300] {logging_mixin.py:188} INFO - 169
[2024-01-09T11:00:32.434-0300] {logging_mixin.py:188} INFO - 170
[2024-01-09T11:00:32.596-0300] {logging_mixin.py:188} INFO - 171
[2024-01-09T11:00:32.756-0300] {logging_mixin.py:188} INFO - 172
[2024-01-09T11:00:32.902-0300] {logging_mixin.py:188} INFO - 173
[2024-01-09T11:00:33.047-0300] {logging_mixin.py:188} INFO - 174
[2024-01-09T11:00:33.201-0300] {logging_mixin.py:188} INFO - 175
[2024-01-09T11:00:33.348-0300] {logging_mixin.py:188} INFO - 176
[2024-01-09T11:00:33.491-0300] {logging_mixin.py:188} INFO - 177
[2024-01-09T11:00:33.637-0300] {logging_mixin.py:188} INFO - 178
[2024-01-09T11:00:33.811-0300] {logging_mixin.py:188} INFO - 179
[2024-01-09T11:00:33.962-0300] {logging_mixin.py:188} INFO - 180
[2024-01-09T11:00:34.258-0300] {logging_mixin.py:188} INFO - 181
[2024-01-09T11:00:34.405-0300] {logging_mixin.py:188} INFO - 182
[2024-01-09T11:00:34.558-0300] {logging_mixin.py:188} INFO - 183
[2024-01-09T11:00:34.730-0300] {logging_mixin.py:188} INFO - 184
[2024-01-09T11:00:34.881-0300] {logging_mixin.py:188} INFO - 185
[2024-01-09T11:00:35.023-0300] {logging_mixin.py:188} INFO - 186
[2024-01-09T11:00:35.171-0300] {logging_mixin.py:188} INFO - 187
[2024-01-09T11:00:35.329-0300] {logging_mixin.py:188} INFO - 188
[2024-01-09T11:00:35.518-0300] {logging_mixin.py:188} INFO - 189
[2024-01-09T11:00:35.667-0300] {logging_mixin.py:188} INFO - 190
[2024-01-09T11:00:36.861-0300] {logging_mixin.py:188} INFO - 191
[2024-01-09T11:00:37.009-0300] {logging_mixin.py:188} INFO - 192
[2024-01-09T11:00:37.158-0300] {logging_mixin.py:188} INFO - 193
[2024-01-09T11:00:37.310-0300] {logging_mixin.py:188} INFO - 194
[2024-01-09T11:00:37.511-0300] {logging_mixin.py:188} INFO - 195
[2024-01-09T11:00:37.656-0300] {logging_mixin.py:188} INFO - 196
[2024-01-09T11:00:37.805-0300] {logging_mixin.py:188} INFO - 197
[2024-01-09T11:00:37.992-0300] {logging_mixin.py:188} INFO - 198
[2024-01-09T11:00:38.146-0300] {logging_mixin.py:188} INFO - 199
[2024-01-09T11:00:38.309-0300] {logging_mixin.py:188} INFO - 200
[2024-01-09T11:00:38.608-0300] {logging_mixin.py:188} INFO - 201
[2024-01-09T11:00:38.753-0300] {logging_mixin.py:188} INFO - 202
[2024-01-09T11:00:38.921-0300] {logging_mixin.py:188} INFO - 203
[2024-01-09T11:00:39.081-0300] {logging_mixin.py:188} INFO - 204
[2024-01-09T11:00:39.231-0300] {logging_mixin.py:188} INFO - 205
[2024-01-09T11:00:39.380-0300] {logging_mixin.py:188} INFO - 206
[2024-01-09T11:00:39.541-0300] {logging_mixin.py:188} INFO - 207
[2024-01-09T11:00:39.696-0300] {logging_mixin.py:188} INFO - 208
[2024-01-09T11:00:39.849-0300] {logging_mixin.py:188} INFO - 209
[2024-01-09T11:00:40.008-0300] {logging_mixin.py:188} INFO - 210
[2024-01-09T11:00:40.165-0300] {logging_mixin.py:188} INFO - 211
[2024-01-09T11:00:40.322-0300] {logging_mixin.py:188} INFO - 212
[2024-01-09T11:00:40.474-0300] {logging_mixin.py:188} INFO - 213
[2024-01-09T11:00:40.623-0300] {logging_mixin.py:188} INFO - 214
[2024-01-09T11:00:40.771-0300] {logging_mixin.py:188} INFO - 215
[2024-01-09T11:00:40.927-0300] {logging_mixin.py:188} INFO - 216
[2024-01-09T11:00:41.082-0300] {logging_mixin.py:188} INFO - 217
[2024-01-09T11:00:41.231-0300] {logging_mixin.py:188} INFO - 218
[2024-01-09T11:00:41.381-0300] {logging_mixin.py:188} INFO - 219
[2024-01-09T11:00:41.535-0300] {logging_mixin.py:188} INFO - 220
[2024-01-09T11:00:41.843-0300] {logging_mixin.py:188} INFO - 221
[2024-01-09T11:00:41.994-0300] {logging_mixin.py:188} INFO - 222
[2024-01-09T11:00:42.149-0300] {logging_mixin.py:188} INFO - 223
[2024-01-09T11:00:42.301-0300] {logging_mixin.py:188} INFO - 224
[2024-01-09T11:00:42.451-0300] {logging_mixin.py:188} INFO - 225
[2024-01-09T11:00:42.604-0300] {logging_mixin.py:188} INFO - 226
[2024-01-09T11:00:42.806-0300] {logging_mixin.py:188} INFO - 227
[2024-01-09T11:00:42.955-0300] {logging_mixin.py:188} INFO - 228
[2024-01-09T11:00:43.151-0300] {logging_mixin.py:188} INFO - 229
[2024-01-09T11:00:43.304-0300] {logging_mixin.py:188} INFO - 230
[2024-01-09T11:00:43.457-0300] {logging_mixin.py:188} INFO - 231
[2024-01-09T11:00:43.611-0300] {logging_mixin.py:188} INFO - 232
[2024-01-09T11:00:43.766-0300] {logging_mixin.py:188} INFO - 233
[2024-01-09T11:00:43.918-0300] {logging_mixin.py:188} INFO - 234
[2024-01-09T11:00:44.068-0300] {logging_mixin.py:188} INFO - 235
[2024-01-09T11:00:44.218-0300] {logging_mixin.py:188} INFO - 236
[2024-01-09T11:00:44.364-0300] {logging_mixin.py:188} INFO - 237
[2024-01-09T11:00:44.513-0300] {logging_mixin.py:188} INFO - 238
[2024-01-09T11:00:44.675-0300] {logging_mixin.py:188} INFO - 239
[2024-01-09T11:00:44.826-0300] {logging_mixin.py:188} INFO - 240
[2024-01-09T11:00:45.122-0300] {logging_mixin.py:188} INFO - 241
[2024-01-09T11:00:45.273-0300] {logging_mixin.py:188} INFO - 242
[2024-01-09T11:00:45.426-0300] {logging_mixin.py:188} INFO - 243
[2024-01-09T11:00:45.574-0300] {logging_mixin.py:188} INFO - 244
[2024-01-09T11:00:45.728-0300] {logging_mixin.py:188} INFO - 245
[2024-01-09T11:00:45.876-0300] {logging_mixin.py:188} INFO - 246
[2024-01-09T11:00:46.183-0300] {logging_mixin.py:188} INFO - 247
[2024-01-09T11:00:46.342-0300] {logging_mixin.py:188} INFO - 248
[2024-01-09T11:00:46.500-0300] {logging_mixin.py:188} INFO - 249
[2024-01-09T11:00:46.650-0300] {logging_mixin.py:188} INFO - 250
[2024-01-09T11:00:46.812-0300] {logging_mixin.py:188} INFO - 251
[2024-01-09T11:00:46.968-0300] {logging_mixin.py:188} INFO - 252
[2024-01-09T11:00:47.113-0300] {logging_mixin.py:188} INFO - 253
[2024-01-09T11:00:47.265-0300] {logging_mixin.py:188} INFO - 254
[2024-01-09T11:00:47.417-0300] {logging_mixin.py:188} INFO - 255
[2024-01-09T11:00:47.576-0300] {logging_mixin.py:188} INFO - 256
[2024-01-09T11:00:47.726-0300] {logging_mixin.py:188} INFO - 257
[2024-01-09T11:00:47.954-0300] {logging_mixin.py:188} INFO - 258
[2024-01-09T11:00:48.101-0300] {logging_mixin.py:188} INFO - 259
[2024-01-09T11:00:48.255-0300] {logging_mixin.py:188} INFO - 260
[2024-01-09T11:00:48.549-0300] {logging_mixin.py:188} INFO - 261
[2024-01-09T11:00:48.698-0300] {logging_mixin.py:188} INFO - 262
[2024-01-09T11:00:48.852-0300] {logging_mixin.py:188} INFO - 263
[2024-01-09T11:00:49.004-0300] {logging_mixin.py:188} INFO - 264
[2024-01-09T11:00:49.152-0300] {logging_mixin.py:188} INFO - 265
[2024-01-09T11:00:49.297-0300] {logging_mixin.py:188} INFO - 266
[2024-01-09T11:00:49.447-0300] {logging_mixin.py:188} INFO - 267
[2024-01-09T11:00:49.601-0300] {logging_mixin.py:188} INFO - 268
[2024-01-09T11:00:49.751-0300] {logging_mixin.py:188} INFO - 269
[2024-01-09T11:00:49.916-0300] {logging_mixin.py:188} INFO - 270
[2024-01-09T11:00:50.075-0300] {logging_mixin.py:188} INFO - 271
[2024-01-09T11:00:50.226-0300] {logging_mixin.py:188} INFO - 272
[2024-01-09T11:00:50.388-0300] {logging_mixin.py:188} INFO - 273
[2024-01-09T11:00:50.558-0300] {logging_mixin.py:188} INFO - 274
[2024-01-09T11:00:50.753-0300] {logging_mixin.py:188} INFO - 275
[2024-01-09T11:00:50.900-0300] {logging_mixin.py:188} INFO - 276
[2024-01-09T11:00:51.053-0300] {logging_mixin.py:188} INFO - 277
[2024-01-09T11:00:51.216-0300] {logging_mixin.py:188} INFO - 278
[2024-01-09T11:00:51.369-0300] {logging_mixin.py:188} INFO - 279
[2024-01-09T11:00:51.532-0300] {logging_mixin.py:188} INFO - 280
[2024-01-09T11:00:51.831-0300] {logging_mixin.py:188} INFO - 281
[2024-01-09T11:00:51.985-0300] {logging_mixin.py:188} INFO - 282
[2024-01-09T11:00:52.149-0300] {logging_mixin.py:188} INFO - 283
[2024-01-09T11:00:52.296-0300] {logging_mixin.py:188} INFO - 284
[2024-01-09T11:00:52.443-0300] {logging_mixin.py:188} INFO - 285
[2024-01-09T11:00:53.670-0300] {logging_mixin.py:188} INFO - 286
[2024-01-09T11:00:53.860-0300] {logging_mixin.py:188} INFO - 287
[2024-01-09T11:00:54.013-0300] {logging_mixin.py:188} INFO - 288
[2024-01-09T11:00:54.176-0300] {logging_mixin.py:188} INFO - 289
[2024-01-09T11:00:54.343-0300] {logging_mixin.py:188} INFO - 290
[2024-01-09T11:00:54.492-0300] {logging_mixin.py:188} INFO - 291
[2024-01-09T11:00:54.645-0300] {logging_mixin.py:188} INFO - 292
[2024-01-09T11:00:54.793-0300] {logging_mixin.py:188} INFO - 293
[2024-01-09T11:00:54.944-0300] {logging_mixin.py:188} INFO - 294
[2024-01-09T11:00:55.100-0300] {logging_mixin.py:188} INFO - 295
[2024-01-09T11:00:55.250-0300] {logging_mixin.py:188} INFO - 296
[2024-01-09T11:00:55.415-0300] {logging_mixin.py:188} INFO - 297
[2024-01-09T11:00:56.063-0300] {logging_mixin.py:188} INFO - 298
[2024-01-09T11:00:56.353-0300] {logging_mixin.py:188} INFO - 299
[2024-01-09T11:00:57.008-0300] {logging_mixin.py:188} INFO - 300
[2024-01-09T11:00:57.811-0300] {logging_mixin.py:188} INFO - 301
[2024-01-09T11:00:58.477-0300] {logging_mixin.py:188} INFO - 302
[2024-01-09T11:00:59.125-0300] {logging_mixin.py:188} INFO - 303
[2024-01-09T11:00:59.777-0300] {logging_mixin.py:188} INFO - 304
[2024-01-09T11:01:00.420-0300] {logging_mixin.py:188} INFO - 305
[2024-01-09T11:01:01.128-0300] {logging_mixin.py:188} INFO - 306
[2024-01-09T11:01:01.787-0300] {logging_mixin.py:188} INFO - 307
[2024-01-09T11:01:02.454-0300] {logging_mixin.py:188} INFO - 308
[2024-01-09T11:01:03.115-0300] {logging_mixin.py:188} INFO - 309
[2024-01-09T11:01:03.760-0300] {logging_mixin.py:188} INFO - 310
[2024-01-09T11:01:04.423-0300] {logging_mixin.py:188} INFO - 311
[2024-01-09T11:01:05.071-0300] {logging_mixin.py:188} INFO - 312
[2024-01-09T11:01:05.723-0300] {logging_mixin.py:188} INFO - 313
[2024-01-09T11:01:06.379-0300] {logging_mixin.py:188} INFO - 314
[2024-01-09T11:01:07.033-0300] {logging_mixin.py:188} INFO - 315
[2024-01-09T11:01:07.683-0300] {logging_mixin.py:188} INFO - 316
[2024-01-09T11:01:08.335-0300] {logging_mixin.py:188} INFO - 317
[2024-01-09T11:01:08.985-0300] {logging_mixin.py:188} INFO - 318
[2024-01-09T11:01:09.634-0300] {logging_mixin.py:188} INFO - 319
[2024-01-09T11:01:10.295-0300] {logging_mixin.py:188} INFO - 320
[2024-01-09T11:01:11.100-0300] {logging_mixin.py:188} INFO - 321
[2024-01-09T11:01:11.746-0300] {logging_mixin.py:188} INFO - 322
[2024-01-09T11:01:12.407-0300] {logging_mixin.py:188} INFO - 323
[2024-01-09T11:01:12.710-0300] {logging_mixin.py:188} INFO - 324
[2024-01-09T11:01:13.351-0300] {logging_mixin.py:188} INFO - 325
[2024-01-09T11:01:14.001-0300] {logging_mixin.py:188} INFO - 326
[2024-01-09T11:01:14.674-0300] {logging_mixin.py:188} INFO - 327
[2024-01-09T11:01:15.315-0300] {logging_mixin.py:188} INFO - 328
[2024-01-09T11:01:15.969-0300] {logging_mixin.py:188} INFO - 329
[2024-01-09T11:01:16.654-0300] {logging_mixin.py:188} INFO - 330
[2024-01-09T11:01:17.313-0300] {logging_mixin.py:188} INFO - 331
[2024-01-09T11:01:17.973-0300] {logging_mixin.py:188} INFO - 332
[2024-01-09T11:01:18.635-0300] {logging_mixin.py:188} INFO - 333
[2024-01-09T11:01:19.309-0300] {logging_mixin.py:188} INFO - 334
[2024-01-09T11:01:19.994-0300] {logging_mixin.py:188} INFO - 335
[2024-01-09T11:01:20.656-0300] {logging_mixin.py:188} INFO - 336
[2024-01-09T11:01:21.318-0300] {logging_mixin.py:188} INFO - 337
[2024-01-09T11:01:21.476-0300] {logging_mixin.py:188} INFO - 338
[2024-01-09T11:01:22.144-0300] {logging_mixin.py:188} INFO - 339
[2024-01-09T11:01:22.792-0300] {logging_mixin.py:188} INFO - 340
[2024-01-09T11:01:23.642-0300] {logging_mixin.py:188} INFO - 341
[2024-01-09T11:01:24.291-0300] {logging_mixin.py:188} INFO - 342
[2024-01-09T11:01:24.947-0300] {logging_mixin.py:188} INFO - 343
[2024-01-09T11:01:25.614-0300] {logging_mixin.py:188} INFO - 344
[2024-01-09T11:01:25.939-0300] {logging_mixin.py:188} INFO - 345
[2024-01-09T11:01:26.609-0300] {logging_mixin.py:188} INFO - 346
[2024-01-09T11:01:27.297-0300] {logging_mixin.py:188} INFO - 347
[2024-01-09T11:01:27.943-0300] {logging_mixin.py:188} INFO - 348
[2024-01-09T11:01:28.643-0300] {logging_mixin.py:188} INFO - 349
[2024-01-09T11:01:28.937-0300] {logging_mixin.py:188} INFO - 350
[2024-01-09T11:01:29.590-0300] {logging_mixin.py:188} INFO - 351
[2024-01-09T11:01:30.243-0300] {logging_mixin.py:188} INFO - 352
[2024-01-09T11:01:30.903-0300] {logging_mixin.py:188} INFO - 353
[2024-01-09T11:01:31.563-0300] {logging_mixin.py:188} INFO - 354
[2024-01-09T11:01:32.219-0300] {logging_mixin.py:188} INFO - 355
[2024-01-09T11:01:32.893-0300] {logging_mixin.py:188} INFO - 356
[2024-01-09T11:01:33.756-0300] {logging_mixin.py:188} INFO - 357
[2024-01-09T11:01:34.403-0300] {logging_mixin.py:188} INFO - 358
[2024-01-09T11:01:35.053-0300] {logging_mixin.py:188} INFO - 359
[2024-01-09T11:01:35.709-0300] {logging_mixin.py:188} INFO - 360
[2024-01-09T11:01:36.540-0300] {logging_mixin.py:188} INFO - 361
[2024-01-09T11:01:37.182-0300] {logging_mixin.py:188} INFO - 362
[2024-01-09T11:01:37.834-0300] {logging_mixin.py:188} INFO - 363
[2024-01-09T11:01:38.484-0300] {logging_mixin.py:188} INFO - 364
[2024-01-09T11:01:39.148-0300] {logging_mixin.py:188} INFO - 365
[2024-01-09T11:01:39.801-0300] {logging_mixin.py:188} INFO - 366
[2024-01-09T11:01:40.455-0300] {logging_mixin.py:188} INFO - 367
[2024-01-09T11:01:41.115-0300] {logging_mixin.py:188} INFO - 368
[2024-01-09T11:01:41.762-0300] {logging_mixin.py:188} INFO - 369
[2024-01-09T11:01:42.410-0300] {logging_mixin.py:188} INFO - 370
[2024-01-09T11:01:43.080-0300] {logging_mixin.py:188} INFO - 371
[2024-01-09T11:01:43.386-0300] {logging_mixin.py:188} INFO - 372
[2024-01-09T11:01:44.043-0300] {logging_mixin.py:188} INFO - 373
[2024-01-09T11:01:44.715-0300] {logging_mixin.py:188} INFO - 374
[2024-01-09T11:01:45.368-0300] {logging_mixin.py:188} INFO - 375
[2024-01-09T11:01:46.018-0300] {logging_mixin.py:188} INFO - 376
[2024-01-09T11:01:46.671-0300] {logging_mixin.py:188} INFO - 377
[2024-01-09T11:01:46.964-0300] {logging_mixin.py:188} INFO - 378
[2024-01-09T11:01:47.624-0300] {logging_mixin.py:188} INFO - 379
[2024-01-09T11:01:48.288-0300] {logging_mixin.py:188} INFO - 380
[2024-01-09T11:01:50.165-0300] {logging_mixin.py:188} INFO - 381
[2024-01-09T11:01:50.460-0300] {logging_mixin.py:188} INFO - 382
[2024-01-09T11:01:51.155-0300] {logging_mixin.py:188} INFO - 383
[2024-01-09T11:01:51.830-0300] {logging_mixin.py:188} INFO - 384
[2024-01-09T11:01:52.532-0300] {logging_mixin.py:188} INFO - 385
[2024-01-09T11:01:53.194-0300] {logging_mixin.py:188} INFO - 386
[2024-01-09T11:01:53.480-0300] {logging_mixin.py:188} INFO - 387
[2024-01-09T11:01:54.139-0300] {logging_mixin.py:188} INFO - 388
[2024-01-09T11:01:54.842-0300] {logging_mixin.py:188} INFO - 389
[2024-01-09T11:01:55.604-0300] {logging_mixin.py:188} INFO - 390
[2024-01-09T11:01:56.297-0300] {logging_mixin.py:188} INFO - 391
[2024-01-09T11:01:57.014-0300] {logging_mixin.py:188} INFO - 392
[2024-01-09T11:01:57.366-0300] {logging_mixin.py:188} INFO - 393
[2024-01-09T11:01:58.023-0300] {logging_mixin.py:188} INFO - 394
[2024-01-09T11:01:58.707-0300] {logging_mixin.py:188} INFO - 395
[2024-01-09T11:01:59.354-0300] {logging_mixin.py:188} INFO - 396
[2024-01-09T11:02:00.026-0300] {logging_mixin.py:188} INFO - 397
[2024-01-09T11:02:00.701-0300] {logging_mixin.py:188} INFO - 398
[2024-01-09T11:02:01.346-0300] {logging_mixin.py:188} INFO - 399
[2024-01-09T11:02:02.119-0300] {logging_mixin.py:188} INFO - 400
[2024-01-09T11:02:03.013-0300] {logging_mixin.py:188} INFO - 401
[2024-01-09T11:02:03.707-0300] {logging_mixin.py:188} INFO - 402
[2024-01-09T11:02:03.991-0300] {logging_mixin.py:188} INFO - 403
[2024-01-09T11:02:04.701-0300] {logging_mixin.py:188} INFO - 404
[2024-01-09T11:02:05.362-0300] {logging_mixin.py:188} INFO - 405
[2024-01-09T11:02:06.016-0300] {logging_mixin.py:188} INFO - 406
[2024-01-09T11:02:06.679-0300] {logging_mixin.py:188} INFO - 407
[2024-01-09T11:02:06.967-0300] {logging_mixin.py:188} INFO - 408
[2024-01-09T11:02:07.713-0300] {logging_mixin.py:188} INFO - 409
[2024-01-09T11:02:08.366-0300] {logging_mixin.py:188} INFO - 410
[2024-01-09T11:02:09.011-0300] {logging_mixin.py:188} INFO - 411
[2024-01-09T11:02:09.728-0300] {logging_mixin.py:188} INFO - 412
[2024-01-09T11:02:10.399-0300] {logging_mixin.py:188} INFO - 413
[2024-01-09T11:02:11.052-0300] {logging_mixin.py:188} INFO - 414
[2024-01-09T11:02:11.701-0300] {logging_mixin.py:188} INFO - 415
[2024-01-09T11:02:12.400-0300] {logging_mixin.py:188} INFO - 416
[2024-01-09T11:02:13.065-0300] {logging_mixin.py:188} INFO - 417
[2024-01-09T11:02:13.755-0300] {logging_mixin.py:188} INFO - 418
[2024-01-09T11:02:14.429-0300] {logging_mixin.py:188} INFO - 419
[2024-01-09T11:02:15.084-0300] {logging_mixin.py:188} INFO - 420
[2024-01-09T11:02:15.888-0300] {logging_mixin.py:188} INFO - 421
[2024-01-09T11:02:16.531-0300] {logging_mixin.py:188} INFO - 422
[2024-01-09T11:02:17.177-0300] {logging_mixin.py:188} INFO - 423
[2024-01-09T11:02:17.827-0300] {logging_mixin.py:188} INFO - 424
[2024-01-09T11:02:18.156-0300] {logging_mixin.py:188} INFO - 425
[2024-01-09T11:02:18.821-0300] {logging_mixin.py:188} INFO - 426
[2024-01-09T11:02:19.468-0300] {logging_mixin.py:188} INFO - 427
[2024-01-09T11:02:20.124-0300] {logging_mixin.py:188} INFO - 428
[2024-01-09T11:02:20.774-0300] {logging_mixin.py:188} INFO - 429
[2024-01-09T11:02:21.419-0300] {logging_mixin.py:188} INFO - 430
[2024-01-09T11:02:22.076-0300] {logging_mixin.py:188} INFO - 431
[2024-01-09T11:02:22.727-0300] {logging_mixin.py:188} INFO - 432
[2024-01-09T11:02:23.387-0300] {logging_mixin.py:188} INFO - 433
[2024-01-09T11:02:24.103-0300] {logging_mixin.py:188} INFO - 434
[2024-01-09T11:02:24.757-0300] {logging_mixin.py:188} INFO - 435
[2024-01-09T11:02:25.407-0300] {logging_mixin.py:188} INFO - 436
[2024-01-09T11:02:26.061-0300] {logging_mixin.py:188} INFO - 437
[2024-01-09T11:02:26.738-0300] {logging_mixin.py:188} INFO - 438
[2024-01-09T11:02:27.029-0300] {logging_mixin.py:188} INFO - 439
[2024-01-09T11:02:27.686-0300] {logging_mixin.py:188} INFO - 440
[2024-01-09T11:02:28.505-0300] {logging_mixin.py:188} INFO - 441
[2024-01-09T11:02:29.172-0300] {logging_mixin.py:188} INFO - 442
[2024-01-09T11:02:29.820-0300] {logging_mixin.py:188} INFO - 443
[2024-01-09T11:02:30.476-0300] {logging_mixin.py:188} INFO - 444
[2024-01-09T11:02:31.143-0300] {logging_mixin.py:188} INFO - 445
[2024-01-09T11:02:31.823-0300] {logging_mixin.py:188} INFO - 446
[2024-01-09T11:02:32.481-0300] {logging_mixin.py:188} INFO - 447
[2024-01-09T11:02:33.147-0300] {logging_mixin.py:188} INFO - 448
[2024-01-09T11:02:33.798-0300] {logging_mixin.py:188} INFO - 449
[2024-01-09T11:02:34.459-0300] {logging_mixin.py:188} INFO - 450
[2024-01-09T11:02:35.120-0300] {logging_mixin.py:188} INFO - 451
[2024-01-09T11:02:35.770-0300] {logging_mixin.py:188} INFO - 452
[2024-01-09T11:02:36.424-0300] {logging_mixin.py:188} INFO - 453
[2024-01-09T11:02:37.089-0300] {logging_mixin.py:188} INFO - 454
[2024-01-09T11:02:37.745-0300] {logging_mixin.py:188} INFO - 455
[2024-01-09T11:02:38.409-0300] {logging_mixin.py:188} INFO - 456
[2024-01-09T11:02:39.102-0300] {logging_mixin.py:188} INFO - 457
[2024-01-09T11:02:39.821-0300] {logging_mixin.py:188} INFO - 458
[2024-01-09T11:02:40.482-0300] {logging_mixin.py:188} INFO - 459
[2024-01-09T11:02:41.134-0300] {logging_mixin.py:188} INFO - 460
[2024-01-09T11:02:41.947-0300] {logging_mixin.py:188} INFO - 461
[2024-01-09T11:02:42.604-0300] {logging_mixin.py:188} INFO - 462
[2024-01-09T11:02:43.251-0300] {logging_mixin.py:188} INFO - 463
[2024-01-09T11:02:43.946-0300] {logging_mixin.py:188} INFO - 464
[2024-01-09T11:02:44.595-0300] {logging_mixin.py:188} INFO - 465
[2024-01-09T11:02:45.245-0300] {logging_mixin.py:188} INFO - 466
[2024-01-09T11:02:45.915-0300] {logging_mixin.py:188} INFO - 467
[2024-01-09T11:02:46.585-0300] {logging_mixin.py:188} INFO - 468
[2024-01-09T11:02:47.238-0300] {logging_mixin.py:188} INFO - 469
[2024-01-09T11:02:47.893-0300] {logging_mixin.py:188} INFO - 470
[2024-01-09T11:02:48.549-0300] {logging_mixin.py:188} INFO - 471
[2024-01-09T11:02:49.202-0300] {logging_mixin.py:188} INFO - 472
[2024-01-09T11:02:49.847-0300] {logging_mixin.py:188} INFO - 473
[2024-01-09T11:02:50.506-0300] {logging_mixin.py:188} INFO - 474
[2024-01-09T11:02:50.794-0300] {logging_mixin.py:188} INFO - 475
[2024-01-09T11:02:51.454-0300] {logging_mixin.py:188} INFO - 476
[2024-01-09T11:02:52.126-0300] {logging_mixin.py:188} INFO - 477
[2024-01-09T11:02:52.793-0300] {logging_mixin.py:188} INFO - 478
[2024-01-09T11:02:53.451-0300] {logging_mixin.py:188} INFO - 479
[2024-01-09T11:02:54.106-0300] {logging_mixin.py:188} INFO - 480
[2024-01-09T11:02:54.592-0300] {logging_mixin.py:188} INFO - 481
[2024-01-09T11:02:55.275-0300] {logging_mixin.py:188} INFO - 482
[2024-01-09T11:02:55.563-0300] {logging_mixin.py:188} INFO - 483
[2024-01-09T11:02:56.215-0300] {logging_mixin.py:188} INFO - 484
[2024-01-09T11:02:56.880-0300] {logging_mixin.py:188} INFO - 485
[2024-01-09T11:02:57.159-0300] {logging_mixin.py:188} INFO - 486
[2024-01-09T11:02:57.338-0300] {logging_mixin.py:188} INFO - 487
[2024-01-09T11:02:57.997-0300] {logging_mixin.py:188} INFO - 488
[2024-01-09T11:02:58.661-0300] {logging_mixin.py:188} INFO - 489
[2024-01-09T11:02:59.323-0300] {logging_mixin.py:188} INFO - 490
[2024-01-09T11:02:59.985-0300] {logging_mixin.py:188} INFO - 491
[2024-01-09T11:03:00.639-0300] {logging_mixin.py:188} INFO - 492
[2024-01-09T11:03:01.297-0300] {logging_mixin.py:188} INFO - 493
[2024-01-09T11:03:01.963-0300] {logging_mixin.py:188} INFO - 494
[2024-01-09T11:03:02.620-0300] {logging_mixin.py:188} INFO - 495
[2024-01-09T11:03:03.270-0300] {logging_mixin.py:188} INFO - 496
[2024-01-09T11:03:03.944-0300] {logging_mixin.py:188} INFO - 497
[2024-01-09T11:03:04.591-0300] {logging_mixin.py:188} INFO - 498
[2024-01-09T11:03:05.253-0300] {logging_mixin.py:188} INFO - 499
[2024-01-09T11:03:05.916-0300] {logging_mixin.py:188} INFO - 500
[2024-01-09T11:03:06.747-0300] {logging_mixin.py:188} INFO - 501
[2024-01-09T11:03:07.402-0300] {logging_mixin.py:188} INFO - 502
[2024-01-09T11:03:08.041-0300] {logging_mixin.py:188} INFO - 503
[2024-01-09T11:03:08.690-0300] {logging_mixin.py:188} INFO - 504
[2024-01-09T11:03:09.334-0300] {logging_mixin.py:188} INFO - 505
[2024-01-09T11:03:09.983-0300] {logging_mixin.py:188} INFO - 506
[2024-01-09T11:03:10.653-0300] {logging_mixin.py:188} INFO - 507
[2024-01-09T11:03:11.310-0300] {logging_mixin.py:188} INFO - 508
[2024-01-09T11:03:11.969-0300] {logging_mixin.py:188} INFO - 509
[2024-01-09T11:03:12.622-0300] {logging_mixin.py:188} INFO - 510
[2024-01-09T11:03:13.288-0300] {logging_mixin.py:188} INFO - 511
[2024-01-09T11:03:13.942-0300] {logging_mixin.py:188} INFO - 512
[2024-01-09T11:03:14.600-0300] {logging_mixin.py:188} INFO - 513
[2024-01-09T11:03:15.257-0300] {logging_mixin.py:188} INFO - 514
[2024-01-09T11:03:15.917-0300] {logging_mixin.py:188} INFO - 515
[2024-01-09T11:03:16.200-0300] {logging_mixin.py:188} INFO - 516
[2024-01-09T11:03:16.850-0300] {logging_mixin.py:188} INFO - 517
[2024-01-09T11:03:17.500-0300] {logging_mixin.py:188} INFO - 518
[2024-01-09T11:03:18.150-0300] {logging_mixin.py:188} INFO - 519
[2024-01-09T11:03:18.798-0300] {logging_mixin.py:188} INFO - 520
[2024-01-09T11:03:19.285-0300] {logging_mixin.py:188} INFO - 521
[2024-01-09T11:03:19.946-0300] {logging_mixin.py:188} INFO - 522
[2024-01-09T11:03:20.614-0300] {logging_mixin.py:188} INFO - 523
[2024-01-09T11:03:21.282-0300] {logging_mixin.py:188} INFO - 524
[2024-01-09T11:03:21.932-0300] {logging_mixin.py:188} INFO - 525
[2024-01-09T11:03:22.580-0300] {logging_mixin.py:188} INFO - 526
[2024-01-09T11:03:23.232-0300] {logging_mixin.py:188} INFO - 527
[2024-01-09T11:03:23.894-0300] {logging_mixin.py:188} INFO - 528
[2024-01-09T11:03:24.559-0300] {logging_mixin.py:188} INFO - 529
[2024-01-09T11:03:25.211-0300] {logging_mixin.py:188} INFO - 530
[2024-01-09T11:03:25.493-0300] {logging_mixin.py:188} INFO - 531
[2024-01-09T11:03:25.783-0300] {logging_mixin.py:188} INFO - 532
[2024-01-09T11:03:26.069-0300] {logging_mixin.py:188} INFO - 533
[2024-01-09T11:03:26.720-0300] {logging_mixin.py:188} INFO - 534
[2024-01-09T11:03:27.367-0300] {logging_mixin.py:188} INFO - 535
[2024-01-09T11:03:28.044-0300] {logging_mixin.py:188} INFO - 536
[2024-01-09T11:03:28.695-0300] {logging_mixin.py:188} INFO - 537
[2024-01-09T11:03:29.372-0300] {logging_mixin.py:188} INFO - 538
[2024-01-09T11:03:30.027-0300] {logging_mixin.py:188} INFO - 539
[2024-01-09T11:03:30.677-0300] {logging_mixin.py:188} INFO - 540
[2024-01-09T11:03:31.475-0300] {logging_mixin.py:188} INFO - 541
[2024-01-09T11:03:32.130-0300] {logging_mixin.py:188} INFO - 542
[2024-01-09T11:03:32.795-0300] {logging_mixin.py:188} INFO - 543
[2024-01-09T11:03:33.457-0300] {logging_mixin.py:188} INFO - 544
[2024-01-09T11:03:34.360-0300] {logging_mixin.py:188} INFO - 545
[2024-01-09T11:03:35.011-0300] {logging_mixin.py:188} INFO - 546
[2024-01-09T11:03:35.664-0300] {logging_mixin.py:188} INFO - 547
[2024-01-09T11:03:36.315-0300] {logging_mixin.py:188} INFO - 548
[2024-01-09T11:03:36.986-0300] {logging_mixin.py:188} INFO - 549
[2024-01-09T11:03:37.666-0300] {logging_mixin.py:188} INFO - 550
[2024-01-09T11:03:38.313-0300] {logging_mixin.py:188} INFO - 551
[2024-01-09T11:03:38.958-0300] {logging_mixin.py:188} INFO - 552
[2024-01-09T11:03:39.612-0300] {logging_mixin.py:188} INFO - 553
[2024-01-09T11:03:40.263-0300] {logging_mixin.py:188} INFO - 554
[2024-01-09T11:03:40.904-0300] {logging_mixin.py:188} INFO - 555
[2024-01-09T11:03:41.189-0300] {logging_mixin.py:188} INFO - 556
[2024-01-09T11:03:41.835-0300] {logging_mixin.py:188} INFO - 557
[2024-01-09T11:03:42.485-0300] {logging_mixin.py:188} INFO - 558
[2024-01-09T11:03:43.135-0300] {logging_mixin.py:188} INFO - 559
[2024-01-09T11:03:43.782-0300] {logging_mixin.py:188} INFO - 560
[2024-01-09T11:03:44.582-0300] {logging_mixin.py:188} INFO - 561
[2024-01-09T11:03:45.245-0300] {logging_mixin.py:188} INFO - 562
[2024-01-09T11:03:45.901-0300] {logging_mixin.py:188} INFO - 563
[2024-01-09T11:03:46.556-0300] {logging_mixin.py:188} INFO - 564
[2024-01-09T11:03:47.259-0300] {logging_mixin.py:188} INFO - 565
[2024-01-09T11:03:47.925-0300] {logging_mixin.py:188} INFO - 566
[2024-01-09T11:03:48.578-0300] {logging_mixin.py:188} INFO - 567
[2024-01-09T11:03:49.237-0300] {logging_mixin.py:188} INFO - 568
[2024-01-09T11:03:49.875-0300] {logging_mixin.py:188} INFO - 569
[2024-01-09T11:03:50.541-0300] {logging_mixin.py:188} INFO - 570
[2024-01-09T11:03:51.263-0300] {logging_mixin.py:188} INFO - 571
[2024-01-09T11:03:51.912-0300] {logging_mixin.py:188} INFO - 572
[2024-01-09T11:03:52.560-0300] {logging_mixin.py:188} INFO - 573
[2024-01-09T11:03:53.206-0300] {logging_mixin.py:188} INFO - 574
[2024-01-09T11:03:53.851-0300] {logging_mixin.py:188} INFO - 575
[2024-01-09T11:03:54.514-0300] {logging_mixin.py:188} INFO - 576
[2024-01-09T11:03:55.258-0300] {logging_mixin.py:188} INFO - 577
[2024-01-09T11:03:55.909-0300] {logging_mixin.py:188} INFO - 578
[2024-01-09T11:03:56.209-0300] {logging_mixin.py:188} INFO - 579
[2024-01-09T11:03:56.862-0300] {logging_mixin.py:188} INFO - 580
[2024-01-09T11:03:57.663-0300] {logging_mixin.py:188} INFO - 581
[2024-01-09T11:03:58.318-0300] {logging_mixin.py:188} INFO - 582
[2024-01-09T11:03:58.976-0300] {logging_mixin.py:188} INFO - 583
[2024-01-09T11:03:59.629-0300] {logging_mixin.py:188} INFO - 584
[2024-01-09T11:04:00.284-0300] {logging_mixin.py:188} INFO - 585
[2024-01-09T11:04:00.936-0300] {logging_mixin.py:188} INFO - 586
[2024-01-09T11:04:01.588-0300] {logging_mixin.py:188} INFO - 587
[2024-01-09T11:04:02.247-0300] {logging_mixin.py:188} INFO - 588
[2024-01-09T11:04:02.912-0300] {logging_mixin.py:188} INFO - 589
[2024-01-09T11:04:03.574-0300] {logging_mixin.py:188} INFO - 590
[2024-01-09T11:04:04.219-0300] {logging_mixin.py:188} INFO - 591
[2024-01-09T11:04:04.869-0300] {logging_mixin.py:188} INFO - 592
[2024-01-09T11:04:05.523-0300] {logging_mixin.py:188} INFO - 593
[2024-01-09T11:04:06.187-0300] {logging_mixin.py:188} INFO - 594
[2024-01-09T11:04:06.845-0300] {logging_mixin.py:188} INFO - 595
[2024-01-09T11:04:07.496-0300] {logging_mixin.py:188} INFO - 596
[2024-01-09T11:04:08.146-0300] {logging_mixin.py:188} INFO - 597
[2024-01-09T11:04:08.802-0300] {logging_mixin.py:188} INFO - 598
[2024-01-09T11:04:09.477-0300] {logging_mixin.py:188} INFO - 599
[2024-01-09T11:04:09.759-0300] {logging_mixin.py:188} INFO - 600
[2024-01-09T11:04:10.206-0300] {logging_mixin.py:188} INFO - 601
[2024-01-09T11:04:10.890-0300] {logging_mixin.py:188} INFO - 602
[2024-01-09T11:04:12.564-0300] {logging_mixin.py:188} INFO - 603
[2024-01-09T11:04:12.843-0300] {logging_mixin.py:188} INFO - 604
[2024-01-09T11:04:13.518-0300] {logging_mixin.py:188} INFO - 605
[2024-01-09T11:04:14.174-0300] {logging_mixin.py:188} INFO - 606
[2024-01-09T11:04:14.838-0300] {logging_mixin.py:188} INFO - 607
[2024-01-09T11:04:15.504-0300] {logging_mixin.py:188} INFO - 608
[2024-01-09T11:04:16.156-0300] {logging_mixin.py:188} INFO - 609
[2024-01-09T11:04:16.812-0300] {logging_mixin.py:188} INFO - 610
[2024-01-09T11:04:17.503-0300] {logging_mixin.py:188} INFO - 611
[2024-01-09T11:04:18.193-0300] {logging_mixin.py:188} INFO - 612
[2024-01-09T11:04:18.840-0300] {logging_mixin.py:188} INFO - 613
[2024-01-09T11:04:19.498-0300] {logging_mixin.py:188} INFO - 614
[2024-01-09T11:04:20.153-0300] {logging_mixin.py:188} INFO - 615
[2024-01-09T11:04:20.478-0300] {logging_mixin.py:188} INFO - 616
[2024-01-09T11:04:21.133-0300] {logging_mixin.py:188} INFO - 617
[2024-01-09T11:04:21.782-0300] {logging_mixin.py:188} INFO - 618
[2024-01-09T11:04:22.459-0300] {logging_mixin.py:188} INFO - 619
[2024-01-09T11:04:23.110-0300] {logging_mixin.py:188} INFO - 620
[2024-01-09T11:04:23.912-0300] {logging_mixin.py:188} INFO - 621
[2024-01-09T11:04:24.579-0300] {logging_mixin.py:188} INFO - 622
[2024-01-09T11:04:25.235-0300] {logging_mixin.py:188} INFO - 623
[2024-01-09T11:04:25.891-0300] {logging_mixin.py:188} INFO - 624
[2024-01-09T11:04:26.554-0300] {logging_mixin.py:188} INFO - 625
[2024-01-09T11:04:27.199-0300] {logging_mixin.py:188} INFO - 626
[2024-01-09T11:04:27.854-0300] {logging_mixin.py:188} INFO - 627
[2024-01-09T11:04:28.507-0300] {logging_mixin.py:188} INFO - 628
[2024-01-09T11:04:29.169-0300] {logging_mixin.py:188} INFO - 629
[2024-01-09T11:04:29.818-0300] {logging_mixin.py:188} INFO - 630
[2024-01-09T11:04:30.472-0300] {logging_mixin.py:188} INFO - 631
[2024-01-09T11:04:31.130-0300] {logging_mixin.py:188} INFO - 632
[2024-01-09T11:04:31.814-0300] {logging_mixin.py:188} INFO - 633
[2024-01-09T11:04:32.498-0300] {logging_mixin.py:188} INFO - 634
[2024-01-09T11:04:33.152-0300] {logging_mixin.py:188} INFO - 635
[2024-01-09T11:04:33.804-0300] {logging_mixin.py:188} INFO - 636
[2024-01-09T11:04:34.460-0300] {logging_mixin.py:188} INFO - 637
[2024-01-09T11:04:34.613-0300] {logging_mixin.py:188} INFO - 638
[2024-01-09T11:04:35.260-0300] {logging_mixin.py:188} INFO - 639
[2024-01-09T11:04:35.908-0300] {logging_mixin.py:188} INFO - 640
[2024-01-09T11:04:36.343-0300] {logging_mixin.py:188} INFO - 641
[2024-01-09T11:04:36.981-0300] {logging_mixin.py:188} INFO - 642
[2024-01-09T11:04:37.633-0300] {logging_mixin.py:188} INFO - 643
[2024-01-09T11:04:38.289-0300] {logging_mixin.py:188} INFO - 644
[2024-01-09T11:04:38.939-0300] {logging_mixin.py:188} INFO - 645
[2024-01-09T11:04:39.226-0300] {logging_mixin.py:188} INFO - 646
[2024-01-09T11:04:39.894-0300] {logging_mixin.py:188} INFO - 647
[2024-01-09T11:04:40.172-0300] {logging_mixin.py:188} INFO - 648
[2024-01-09T11:04:40.821-0300] {logging_mixin.py:188} INFO - 649
[2024-01-09T11:04:41.473-0300] {logging_mixin.py:188} INFO - 650
[2024-01-09T11:04:42.125-0300] {logging_mixin.py:188} INFO - 651
[2024-01-09T11:04:42.827-0300] {logging_mixin.py:188} INFO - 652
[2024-01-09T11:04:43.481-0300] {logging_mixin.py:188} INFO - 653
[2024-01-09T11:04:44.139-0300] {logging_mixin.py:188} INFO - 654
[2024-01-09T11:04:44.776-0300] {logging_mixin.py:188} INFO - 655
[2024-01-09T11:04:45.415-0300] {logging_mixin.py:188} INFO - 656
[2024-01-09T11:04:46.068-0300] {logging_mixin.py:188} INFO - 657
[2024-01-09T11:04:46.714-0300] {logging_mixin.py:188} INFO - 658
[2024-01-09T11:04:47.371-0300] {logging_mixin.py:188} INFO - 659
[2024-01-09T11:04:48.027-0300] {logging_mixin.py:188} INFO - 660
[2024-01-09T11:04:48.845-0300] {logging_mixin.py:188} INFO - 661
[2024-01-09T11:04:49.492-0300] {logging_mixin.py:188} INFO - 662
[2024-01-09T11:04:50.148-0300] {logging_mixin.py:188} INFO - 663
[2024-01-09T11:04:50.810-0300] {logging_mixin.py:188} INFO - 664
[2024-01-09T11:04:51.501-0300] {logging_mixin.py:188} INFO - 665
[2024-01-09T11:04:52.153-0300] {logging_mixin.py:188} INFO - 666
[2024-01-09T11:04:52.810-0300] {logging_mixin.py:188} INFO - 667
[2024-01-09T11:04:53.461-0300] {logging_mixin.py:188} INFO - 668
[2024-01-09T11:04:54.126-0300] {logging_mixin.py:188} INFO - 669
[2024-01-09T11:04:54.795-0300] {logging_mixin.py:188} INFO - 670
[2024-01-09T11:04:55.446-0300] {logging_mixin.py:188} INFO - 671
[2024-01-09T11:04:56.108-0300] {logging_mixin.py:188} INFO - 672
[2024-01-09T11:04:56.759-0300] {logging_mixin.py:188} INFO - 673
[2024-01-09T11:04:57.406-0300] {logging_mixin.py:188} INFO - 674
[2024-01-09T11:04:58.053-0300] {logging_mixin.py:188} INFO - 675
[2024-01-09T11:04:58.730-0300] {logging_mixin.py:188} INFO - 676
[2024-01-09T11:04:59.384-0300] {logging_mixin.py:188} INFO - 677
[2024-01-09T11:05:00.059-0300] {logging_mixin.py:188} INFO - 678
[2024-01-09T11:05:00.717-0300] {logging_mixin.py:188} INFO - 679
[2024-01-09T11:05:01.379-0300] {logging_mixin.py:188} INFO - 680
[2024-01-09T11:05:01.820-0300] {logging_mixin.py:188} INFO - 681
[2024-01-09T11:05:02.493-0300] {logging_mixin.py:188} INFO - 682
[2024-01-09T11:05:03.152-0300] {logging_mixin.py:188} INFO - 683
[2024-01-09T11:05:03.824-0300] {logging_mixin.py:188} INFO - 684
[2024-01-09T11:05:04.480-0300] {logging_mixin.py:188} INFO - 685
[2024-01-09T11:05:05.151-0300] {logging_mixin.py:188} INFO - 686
[2024-01-09T11:05:05.802-0300] {logging_mixin.py:188} INFO - 687
[2024-01-09T11:05:06.485-0300] {logging_mixin.py:188} INFO - 688
[2024-01-09T11:05:07.130-0300] {logging_mixin.py:188} INFO - 689
[2024-01-09T11:05:07.780-0300] {logging_mixin.py:188} INFO - 690
[2024-01-09T11:05:08.433-0300] {logging_mixin.py:188} INFO - 691
[2024-01-09T11:05:09.083-0300] {logging_mixin.py:188} INFO - 692
[2024-01-09T11:05:09.745-0300] {logging_mixin.py:188} INFO - 693
[2024-01-09T11:05:10.402-0300] {logging_mixin.py:188} INFO - 694
[2024-01-09T11:05:11.063-0300] {logging_mixin.py:188} INFO - 695
[2024-01-09T11:05:11.737-0300] {logging_mixin.py:188} INFO - 696
[2024-01-09T11:05:12.417-0300] {logging_mixin.py:188} INFO - 697
[2024-01-09T11:05:13.079-0300] {logging_mixin.py:188} INFO - 698
[2024-01-09T11:05:13.747-0300] {logging_mixin.py:188} INFO - 699
[2024-01-09T11:05:14.412-0300] {logging_mixin.py:188} INFO - 700
[2024-01-09T11:05:15.249-0300] {logging_mixin.py:188} INFO - 701
[2024-01-09T11:05:15.912-0300] {logging_mixin.py:188} INFO - 702
[2024-01-09T11:05:16.568-0300] {logging_mixin.py:188} INFO - 703
[2024-01-09T11:05:17.217-0300] {logging_mixin.py:188} INFO - 704
[2024-01-09T11:05:17.879-0300] {logging_mixin.py:188} INFO - 705
[2024-01-09T11:05:18.578-0300] {logging_mixin.py:188} INFO - 706
[2024-01-09T11:05:19.263-0300] {logging_mixin.py:188} INFO - 707
[2024-01-09T11:05:19.932-0300] {logging_mixin.py:188} INFO - 708
[2024-01-09T11:05:20.597-0300] {logging_mixin.py:188} INFO - 709
[2024-01-09T11:05:21.282-0300] {logging_mixin.py:188} INFO - 710
[2024-01-09T11:05:21.937-0300] {logging_mixin.py:188} INFO - 711
[2024-01-09T11:05:22.594-0300] {logging_mixin.py:188} INFO - 712
[2024-01-09T11:05:23.256-0300] {logging_mixin.py:188} INFO - 713
[2024-01-09T11:05:23.929-0300] {logging_mixin.py:188} INFO - 714
[2024-01-09T11:05:24.227-0300] {logging_mixin.py:188} INFO - 715
[2024-01-09T11:05:24.904-0300] {logging_mixin.py:188} INFO - 716
[2024-01-09T11:05:25.559-0300] {logging_mixin.py:188} INFO - 717
[2024-01-09T11:05:26.222-0300] {logging_mixin.py:188} INFO - 718
[2024-01-09T11:05:26.872-0300] {logging_mixin.py:188} INFO - 719
[2024-01-09T11:05:27.530-0300] {logging_mixin.py:188} INFO - 720
[2024-01-09T11:05:28.365-0300] {logging_mixin.py:188} INFO - 721
[2024-01-09T11:05:29.033-0300] {logging_mixin.py:188} INFO - 722
[2024-01-09T11:05:29.325-0300] {logging_mixin.py:188} INFO - 723
[2024-01-09T11:05:29.993-0300] {logging_mixin.py:188} INFO - 724
[2024-01-09T11:05:30.659-0300] {logging_mixin.py:188} INFO - 725
[2024-01-09T11:05:31.312-0300] {logging_mixin.py:188} INFO - 726
[2024-01-09T11:05:32.024-0300] {logging_mixin.py:188} INFO - 727
[2024-01-09T11:05:32.670-0300] {logging_mixin.py:188} INFO - 728
[2024-01-09T11:05:33.335-0300] {logging_mixin.py:188} INFO - 729
[2024-01-09T11:05:33.995-0300] {logging_mixin.py:188} INFO - 730
[2024-01-09T11:05:34.655-0300] {logging_mixin.py:188} INFO - 731
[2024-01-09T11:05:35.326-0300] {logging_mixin.py:188} INFO - 732
[2024-01-09T11:05:36.022-0300] {logging_mixin.py:188} INFO - 733
[2024-01-09T11:05:36.672-0300] {logging_mixin.py:188} INFO - 734
[2024-01-09T11:05:37.356-0300] {logging_mixin.py:188} INFO - 735
[2024-01-09T11:05:38.003-0300] {logging_mixin.py:188} INFO - 736
[2024-01-09T11:05:38.655-0300] {logging_mixin.py:188} INFO - 737
[2024-01-09T11:05:39.326-0300] {logging_mixin.py:188} INFO - 738
[2024-01-09T11:05:39.975-0300] {logging_mixin.py:188} INFO - 739
[2024-01-09T11:05:40.637-0300] {logging_mixin.py:188} INFO - 740
[2024-01-09T11:05:41.488-0300] {logging_mixin.py:188} INFO - 741
[2024-01-09T11:05:42.135-0300] {logging_mixin.py:188} INFO - 742
[2024-01-09T11:05:42.788-0300] {logging_mixin.py:188} INFO - 743
[2024-01-09T11:05:43.443-0300] {logging_mixin.py:188} INFO - 744
[2024-01-09T11:05:44.095-0300] {logging_mixin.py:188} INFO - 745
[2024-01-09T11:05:44.758-0300] {logging_mixin.py:188} INFO - 746
[2024-01-09T11:05:45.042-0300] {logging_mixin.py:188} INFO - 747
[2024-01-09T11:05:45.704-0300] {logging_mixin.py:188} INFO - 748
[2024-01-09T11:05:46.365-0300] {logging_mixin.py:188} INFO - 749
[2024-01-09T11:05:47.011-0300] {logging_mixin.py:188} INFO - 750
[2024-01-09T11:05:47.662-0300] {logging_mixin.py:188} INFO - 751
[2024-01-09T11:05:48.323-0300] {logging_mixin.py:188} INFO - 752
[2024-01-09T11:05:48.973-0300] {logging_mixin.py:188} INFO - 753
[2024-01-09T11:05:49.638-0300] {logging_mixin.py:188} INFO - 754
[2024-01-09T11:05:50.294-0300] {logging_mixin.py:188} INFO - 755
[2024-01-09T11:05:50.948-0300] {logging_mixin.py:188} INFO - 756
[2024-01-09T11:05:51.639-0300] {logging_mixin.py:188} INFO - 757
[2024-01-09T11:05:52.294-0300] {logging_mixin.py:188} INFO - 758
[2024-01-09T11:05:52.945-0300] {logging_mixin.py:188} INFO - 759
[2024-01-09T11:05:53.662-0300] {logging_mixin.py:188} INFO - 760
[2024-01-09T11:05:54.469-0300] {logging_mixin.py:188} INFO - 761
[2024-01-09T11:05:54.748-0300] {logging_mixin.py:188} INFO - 762
[2024-01-09T11:05:55.418-0300] {logging_mixin.py:188} INFO - 763
[2024-01-09T11:05:56.076-0300] {logging_mixin.py:188} INFO - 764
[2024-01-09T11:05:56.727-0300] {logging_mixin.py:188} INFO - 765
[2024-01-09T11:05:57.376-0300] {logging_mixin.py:188} INFO - 766
[2024-01-09T11:05:58.043-0300] {logging_mixin.py:188} INFO - 767
[2024-01-09T11:05:58.694-0300] {logging_mixin.py:188} INFO - 768
[2024-01-09T11:05:59.354-0300] {logging_mixin.py:188} INFO - 769
[2024-01-09T11:06:00.009-0300] {logging_mixin.py:188} INFO - 770
[2024-01-09T11:06:00.657-0300] {logging_mixin.py:188} INFO - 771
[2024-01-09T11:06:01.318-0300] {logging_mixin.py:188} INFO - 772
[2024-01-09T11:06:01.982-0300] {logging_mixin.py:188} INFO - 773
[2024-01-09T11:06:02.694-0300] {logging_mixin.py:188} INFO - 774
[2024-01-09T11:06:03.339-0300] {logging_mixin.py:188} INFO - 775
[2024-01-09T11:06:03.618-0300] {logging_mixin.py:188} INFO - 776
[2024-01-09T11:06:04.279-0300] {logging_mixin.py:188} INFO - 777
[2024-01-09T11:06:04.563-0300] {logging_mixin.py:188} INFO - 778
[2024-01-09T11:06:05.225-0300] {logging_mixin.py:188} INFO - 779
[2024-01-09T11:06:05.883-0300] {logging_mixin.py:188} INFO - 780
[2024-01-09T11:06:06.710-0300] {logging_mixin.py:188} INFO - 781
[2024-01-09T11:06:07.380-0300] {logging_mixin.py:188} INFO - 782
[2024-01-09T11:06:08.039-0300] {logging_mixin.py:188} INFO - 783
[2024-01-09T11:06:08.708-0300] {logging_mixin.py:188} INFO - 784
[2024-01-09T11:06:09.014-0300] {logging_mixin.py:188} INFO - 785
[2024-01-09T11:06:09.666-0300] {logging_mixin.py:188} INFO - 786
[2024-01-09T11:06:10.359-0300] {logging_mixin.py:188} INFO - 787
[2024-01-09T11:06:11.011-0300] {logging_mixin.py:188} INFO - 788
[2024-01-09T11:06:11.659-0300] {logging_mixin.py:188} INFO - 789
[2024-01-09T11:06:12.307-0300] {logging_mixin.py:188} INFO - 790
[2024-01-09T11:06:12.600-0300] {logging_mixin.py:188} INFO - 791
[2024-01-09T11:06:13.253-0300] {logging_mixin.py:188} INFO - 792
[2024-01-09T11:06:13.899-0300] {logging_mixin.py:188} INFO - 793
[2024-01-09T11:06:14.569-0300] {logging_mixin.py:188} INFO - 794
[2024-01-09T11:06:15.219-0300] {logging_mixin.py:188} INFO - 795
[2024-01-09T11:06:15.876-0300] {logging_mixin.py:188} INFO - 796
[2024-01-09T11:06:16.534-0300] {logging_mixin.py:188} INFO - 797
[2024-01-09T11:06:17.186-0300] {logging_mixin.py:188} INFO - 798
[2024-01-09T11:06:17.832-0300] {logging_mixin.py:188} INFO - 799
[2024-01-09T11:06:18.486-0300] {logging_mixin.py:188} INFO - 800
[2024-01-09T11:06:19.361-0300] {logging_mixin.py:188} INFO - 801
[2024-01-09T11:06:20.017-0300] {logging_mixin.py:188} INFO - 802
[2024-01-09T11:06:20.673-0300] {logging_mixin.py:188} INFO - 803
[2024-01-09T11:06:21.332-0300] {logging_mixin.py:188} INFO - 804
[2024-01-09T11:06:21.991-0300] {logging_mixin.py:188} INFO - 805
[2024-01-09T11:06:22.639-0300] {logging_mixin.py:188} INFO - 806
[2024-01-09T11:06:22.808-0300] {logging_mixin.py:188} INFO - 807
[2024-01-09T11:06:23.458-0300] {logging_mixin.py:188} INFO - 808
[2024-01-09T11:06:24.112-0300] {logging_mixin.py:188} INFO - 809
[2024-01-09T11:06:24.753-0300] {logging_mixin.py:188} INFO - 810
[2024-01-09T11:06:25.418-0300] {logging_mixin.py:188} INFO - 811
[2024-01-09T11:06:26.091-0300] {logging_mixin.py:188} INFO - 812
[2024-01-09T11:06:26.394-0300] {logging_mixin.py:188} INFO - 813
[2024-01-09T11:06:27.046-0300] {logging_mixin.py:188} INFO - 814
[2024-01-09T11:06:27.700-0300] {logging_mixin.py:188} INFO - 815
[2024-01-09T11:06:28.346-0300] {logging_mixin.py:188} INFO - 816
[2024-01-09T11:06:29.016-0300] {logging_mixin.py:188} INFO - 817
[2024-01-09T11:06:29.677-0300] {logging_mixin.py:188} INFO - 818
[2024-01-09T11:06:30.343-0300] {logging_mixin.py:188} INFO - 819
[2024-01-09T11:06:31.031-0300] {logging_mixin.py:188} INFO - 820
[2024-01-09T11:06:31.852-0300] {logging_mixin.py:188} INFO - 821
[2024-01-09T11:06:32.515-0300] {logging_mixin.py:188} INFO - 822
[2024-01-09T11:06:33.183-0300] {logging_mixin.py:188} INFO - 823
[2024-01-09T11:06:33.832-0300] {logging_mixin.py:188} INFO - 824
[2024-01-09T11:06:34.475-0300] {logging_mixin.py:188} INFO - 825
[2024-01-09T11:06:35.127-0300] {logging_mixin.py:188} INFO - 826
[2024-01-09T11:06:35.792-0300] {logging_mixin.py:188} INFO - 827
[2024-01-09T11:06:36.476-0300] {logging_mixin.py:188} INFO - 828
[2024-01-09T11:06:37.130-0300] {logging_mixin.py:188} INFO - 829
[2024-01-09T11:06:37.790-0300] {logging_mixin.py:188} INFO - 830
[2024-01-09T11:06:38.444-0300] {logging_mixin.py:188} INFO - 831
[2024-01-09T11:06:39.109-0300] {logging_mixin.py:188} INFO - 832
[2024-01-09T11:06:39.798-0300] {logging_mixin.py:188} INFO - 833
[2024-01-09T11:06:40.455-0300] {logging_mixin.py:188} INFO - 834
[2024-01-09T11:06:41.132-0300] {logging_mixin.py:188} INFO - 835
[2024-01-09T11:06:41.791-0300] {logging_mixin.py:188} INFO - 836
[2024-01-09T11:06:42.439-0300] {logging_mixin.py:188} INFO - 837
[2024-01-09T11:06:43.085-0300] {logging_mixin.py:188} INFO - 838
[2024-01-09T11:06:43.362-0300] {logging_mixin.py:188} INFO - 839
[2024-01-09T11:06:44.007-0300] {logging_mixin.py:188} INFO - 840
[2024-01-09T11:06:44.812-0300] {logging_mixin.py:188} INFO - 841
[2024-01-09T11:06:45.464-0300] {logging_mixin.py:188} INFO - 842
[2024-01-09T11:06:45.744-0300] {logging_mixin.py:188} INFO - 843
[2024-01-09T11:06:46.420-0300] {logging_mixin.py:188} INFO - 844
[2024-01-09T11:06:47.089-0300] {logging_mixin.py:188} INFO - 845
[2024-01-09T11:06:47.736-0300] {logging_mixin.py:188} INFO - 846
[2024-01-09T11:06:48.384-0300] {logging_mixin.py:188} INFO - 847
[2024-01-09T11:06:48.686-0300] {logging_mixin.py:188} INFO - 848
[2024-01-09T11:06:49.346-0300] {logging_mixin.py:188} INFO - 849
[2024-01-09T11:06:50.008-0300] {logging_mixin.py:188} INFO - 850
[2024-01-09T11:06:50.658-0300] {logging_mixin.py:188} INFO - 851
[2024-01-09T11:06:51.322-0300] {logging_mixin.py:188} INFO - 852
[2024-01-09T11:06:52.006-0300] {logging_mixin.py:188} INFO - 853
[2024-01-09T11:06:52.671-0300] {logging_mixin.py:188} INFO - 854
[2024-01-09T11:06:53.332-0300] {logging_mixin.py:188} INFO - 855
[2024-01-09T11:06:53.984-0300] {logging_mixin.py:188} INFO - 856
[2024-01-09T11:06:54.635-0300] {logging_mixin.py:188} INFO - 857
[2024-01-09T11:06:55.284-0300] {logging_mixin.py:188} INFO - 858
[2024-01-09T11:06:55.939-0300] {logging_mixin.py:188} INFO - 859
[2024-01-09T11:06:56.607-0300] {logging_mixin.py:188} INFO - 860
[2024-01-09T11:06:57.434-0300] {logging_mixin.py:188} INFO - 861
[2024-01-09T11:06:58.095-0300] {logging_mixin.py:188} INFO - 862
[2024-01-09T11:06:58.757-0300] {logging_mixin.py:188} INFO - 863
[2024-01-09T11:06:59.417-0300] {logging_mixin.py:188} INFO - 864
[2024-01-09T11:07:00.080-0300] {logging_mixin.py:188} INFO - 865
[2024-01-09T11:07:00.733-0300] {logging_mixin.py:188} INFO - 866
[2024-01-09T11:07:01.415-0300] {logging_mixin.py:188} INFO - 867
[2024-01-09T11:07:02.061-0300] {logging_mixin.py:188} INFO - 868
[2024-01-09T11:07:02.710-0300] {logging_mixin.py:188} INFO - 869
[2024-01-09T11:07:03.361-0300] {logging_mixin.py:188} INFO - 870
[2024-01-09T11:07:04.014-0300] {logging_mixin.py:188} INFO - 871
[2024-01-09T11:07:04.668-0300] {logging_mixin.py:188} INFO - 872
[2024-01-09T11:07:05.316-0300] {logging_mixin.py:188} INFO - 873
[2024-01-09T11:07:05.981-0300] {logging_mixin.py:188} INFO - 874
[2024-01-09T11:07:06.654-0300] {logging_mixin.py:188} INFO - 875
[2024-01-09T11:07:06.949-0300] {logging_mixin.py:188} INFO - 876
[2024-01-09T11:07:07.603-0300] {logging_mixin.py:188} INFO - 877
[2024-01-09T11:07:08.284-0300] {logging_mixin.py:188} INFO - 878
[2024-01-09T11:07:08.582-0300] {logging_mixin.py:188} INFO - 879
[2024-01-09T11:07:09.231-0300] {logging_mixin.py:188} INFO - 880
[2024-01-09T11:07:10.087-0300] {logging_mixin.py:188} INFO - 881
[2024-01-09T11:07:10.738-0300] {logging_mixin.py:188} INFO - 882
[2024-01-09T11:07:11.027-0300] {logging_mixin.py:188} INFO - 883
[2024-01-09T11:07:11.687-0300] {logging_mixin.py:188} INFO - 884
[2024-01-09T11:07:12.383-0300] {logging_mixin.py:188} INFO - 885
[2024-01-09T11:07:12.692-0300] {logging_mixin.py:188} INFO - 886
[2024-01-09T11:07:12.972-0300] {logging_mixin.py:188} INFO - 887
[2024-01-09T11:07:13.625-0300] {logging_mixin.py:188} INFO - 888
[2024-01-09T11:07:14.275-0300] {logging_mixin.py:188} INFO - 889
[2024-01-09T11:07:16.044-0300] {logging_mixin.py:188} INFO - 890
[2024-01-09T11:07:16.703-0300] {logging_mixin.py:188} INFO - 891
[2024-01-09T11:07:17.352-0300] {logging_mixin.py:188} INFO - 892
[2024-01-09T11:07:17.639-0300] {logging_mixin.py:188} INFO - 893
[2024-01-09T11:07:18.321-0300] {logging_mixin.py:188} INFO - 894
[2024-01-09T11:07:18.984-0300] {logging_mixin.py:188} INFO - 895
[2024-01-09T11:07:19.271-0300] {logging_mixin.py:188} INFO - 896
[2024-01-09T11:07:19.925-0300] {logging_mixin.py:188} INFO - 897
[2024-01-09T11:07:20.589-0300] {logging_mixin.py:188} INFO - 898
[2024-01-09T11:07:20.872-0300] {logging_mixin.py:188} INFO - 899
[2024-01-09T11:07:21.528-0300] {logging_mixin.py:188} INFO - 900
[2024-01-09T11:07:21.991-0300] {logging_mixin.py:188} INFO - 901
[2024-01-09T11:07:22.271-0300] {logging_mixin.py:188} INFO - 902
[2024-01-09T11:07:22.568-0300] {logging_mixin.py:188} INFO - 903
[2024-01-09T11:07:23.225-0300] {logging_mixin.py:188} INFO - 904
[2024-01-09T11:07:23.524-0300] {logging_mixin.py:188} INFO - 905
[2024-01-09T11:07:24.173-0300] {logging_mixin.py:188} INFO - 906
[2024-01-09T11:07:24.862-0300] {logging_mixin.py:188} INFO - 907
[2024-01-09T11:07:25.018-0300] {logging_mixin.py:188} INFO - 908
[2024-01-09T11:07:25.181-0300] {logging_mixin.py:188} INFO - 909
[2024-01-09T11:07:25.857-0300] {logging_mixin.py:188} INFO - 910
[2024-01-09T11:07:26.519-0300] {logging_mixin.py:188} INFO - 911
[2024-01-09T11:07:27.181-0300] {logging_mixin.py:188} INFO - 912
[2024-01-09T11:07:27.829-0300] {logging_mixin.py:188} INFO - 913
[2024-01-09T11:07:28.474-0300] {logging_mixin.py:188} INFO - 914
[2024-01-09T11:07:28.768-0300] {logging_mixin.py:188} INFO - 915
[2024-01-09T11:07:29.413-0300] {logging_mixin.py:188} INFO - 916
[2024-01-09T11:07:29.711-0300] {logging_mixin.py:188} INFO - 917
[2024-01-09T11:07:30.375-0300] {logging_mixin.py:188} INFO - 918
[2024-01-09T11:07:30.655-0300] {logging_mixin.py:188} INFO - 919
[2024-01-09T11:07:30.937-0300] {logging_mixin.py:188} INFO - 920
[2024-01-09T11:07:31.749-0300] {logging_mixin.py:188} INFO - 921
[2024-01-09T11:07:32.419-0300] {logging_mixin.py:188} INFO - 922
[2024-01-09T11:07:33.080-0300] {logging_mixin.py:188} INFO - 923
[2024-01-09T11:07:33.731-0300] {logging_mixin.py:188} INFO - 924
[2024-01-09T11:07:34.387-0300] {logging_mixin.py:188} INFO - 925
[2024-01-09T11:07:35.034-0300] {logging_mixin.py:188} INFO - 926
[2024-01-09T11:07:35.689-0300] {logging_mixin.py:188} INFO - 927
[2024-01-09T11:07:36.350-0300] {logging_mixin.py:188} INFO - 928
[2024-01-09T11:07:37.006-0300] {logging_mixin.py:188} INFO - 929
[2024-01-09T11:07:37.761-0300] {logging_mixin.py:188} INFO - 930
[2024-01-09T11:07:38.089-0300] {logging_mixin.py:188} INFO - 931
[2024-01-09T11:07:38.798-0300] {logging_mixin.py:188} INFO - 932
[2024-01-09T11:07:39.514-0300] {logging_mixin.py:188} INFO - 933
[2024-01-09T11:07:39.845-0300] {logging_mixin.py:188} INFO - 934
[2024-01-09T11:07:40.501-0300] {logging_mixin.py:188} INFO - 935
[2024-01-09T11:07:41.148-0300] {logging_mixin.py:188} INFO - 936
[2024-01-09T11:07:41.806-0300] {logging_mixin.py:188} INFO - 937
[2024-01-09T11:07:42.720-0300] {logging_mixin.py:188} INFO - 938
[2024-01-09T11:07:43.608-0300] {logging_mixin.py:188} INFO - 939
[2024-01-09T11:07:44.257-0300] {logging_mixin.py:188} INFO - 940
[2024-01-09T11:07:46.175-0300] {logging_mixin.py:188} INFO - 941
[2024-01-09T11:07:46.834-0300] {logging_mixin.py:188} INFO - 942
[2024-01-09T11:07:47.481-0300] {logging_mixin.py:188} INFO - 943
[2024-01-09T11:07:48.139-0300] {logging_mixin.py:188} INFO - 944
[2024-01-09T11:07:48.796-0300] {logging_mixin.py:188} INFO - 945
[2024-01-09T11:07:49.440-0300] {logging_mixin.py:188} INFO - 946
[2024-01-09T11:07:50.090-0300] {logging_mixin.py:188} INFO - 947
[2024-01-09T11:07:50.743-0300] {logging_mixin.py:188} INFO - 948
[2024-01-09T11:07:51.411-0300] {logging_mixin.py:188} INFO - 949
[2024-01-09T11:07:52.068-0300] {logging_mixin.py:188} INFO - 950
[2024-01-09T11:07:52.756-0300] {logging_mixin.py:188} INFO - 951
[2024-01-09T11:07:53.413-0300] {logging_mixin.py:188} INFO - 952
[2024-01-09T11:07:54.073-0300] {logging_mixin.py:188} INFO - 953
[2024-01-09T11:07:54.771-0300] {logging_mixin.py:188} INFO - 954
[2024-01-09T11:07:55.417-0300] {logging_mixin.py:188} INFO - 955
[2024-01-09T11:07:56.062-0300] {logging_mixin.py:188} INFO - 956
[2024-01-09T11:07:56.735-0300] {logging_mixin.py:188} INFO - 957
[2024-01-09T11:07:57.398-0300] {logging_mixin.py:188} INFO - 958
[2024-01-09T11:07:58.048-0300] {logging_mixin.py:188} INFO - 959
[2024-01-09T11:07:58.724-0300] {logging_mixin.py:188} INFO - 960
[2024-01-09T11:07:59.514-0300] {logging_mixin.py:188} INFO - 961
[2024-01-09T11:08:00.176-0300] {logging_mixin.py:188} INFO - 962
[2024-01-09T11:08:00.851-0300] {logging_mixin.py:188} INFO - 963
[2024-01-09T11:08:01.508-0300] {logging_mixin.py:188} INFO - 964
[2024-01-09T11:08:02.155-0300] {logging_mixin.py:188} INFO - 965
[2024-01-09T11:08:02.859-0300] {logging_mixin.py:188} INFO - 966
[2024-01-09T11:08:03.514-0300] {logging_mixin.py:188} INFO - 967
[2024-01-09T11:08:04.166-0300] {logging_mixin.py:188} INFO - 968
[2024-01-09T11:08:04.815-0300] {logging_mixin.py:188} INFO - 969
[2024-01-09T11:08:05.476-0300] {logging_mixin.py:188} INFO - 970
[2024-01-09T11:08:06.127-0300] {logging_mixin.py:188} INFO - 971
[2024-01-09T11:08:06.782-0300] {logging_mixin.py:188} INFO - 972
[2024-01-09T11:08:07.439-0300] {logging_mixin.py:188} INFO - 973
[2024-01-09T11:08:08.116-0300] {logging_mixin.py:188} INFO - 974
[2024-01-09T11:08:08.397-0300] {logging_mixin.py:188} INFO - 975
[2024-01-09T11:08:09.049-0300] {logging_mixin.py:188} INFO - 976
[2024-01-09T11:08:09.713-0300] {logging_mixin.py:188} INFO - 977
[2024-01-09T11:08:10.376-0300] {logging_mixin.py:188} INFO - 978
[2024-01-09T11:08:11.028-0300] {logging_mixin.py:188} INFO - 979
[2024-01-09T11:08:11.677-0300] {logging_mixin.py:188} INFO - 980
[2024-01-09T11:08:12.466-0300] {logging_mixin.py:188} INFO - 981
[2024-01-09T11:08:12.745-0300] {logging_mixin.py:188} INFO - 982
[2024-01-09T11:08:13.408-0300] {logging_mixin.py:188} INFO - 983
[2024-01-09T11:08:14.077-0300] {logging_mixin.py:188} INFO - 984
[2024-01-09T11:08:14.725-0300] {logging_mixin.py:188} INFO - 985
[2024-01-09T11:08:15.379-0300] {logging_mixin.py:188} INFO - 986
[2024-01-09T11:08:16.028-0300] {logging_mixin.py:188} INFO - 987
[2024-01-09T11:08:16.675-0300] {logging_mixin.py:188} INFO - 988
[2024-01-09T11:08:17.334-0300] {logging_mixin.py:188} INFO - 989
[2024-01-09T11:08:17.611-0300] {logging_mixin.py:188} INFO - 990
[2024-01-09T11:08:18.256-0300] {logging_mixin.py:188} INFO - 991
[2024-01-09T11:08:18.906-0300] {logging_mixin.py:188} INFO - 992
[2024-01-09T11:08:19.191-0300] {logging_mixin.py:188} INFO - 993
[2024-01-09T11:08:19.852-0300] {logging_mixin.py:188} INFO - 994
[2024-01-09T11:08:20.502-0300] {logging_mixin.py:188} INFO - 995
[2024-01-09T11:08:21.156-0300] {logging_mixin.py:188} INFO - 996
[2024-01-09T11:08:21.439-0300] {logging_mixin.py:188} INFO - 997
[2024-01-09T11:08:22.101-0300] {logging_mixin.py:188} INFO - 998
[2024-01-09T11:08:22.754-0300] {logging_mixin.py:188} INFO - 999
[2024-01-09T11:08:23.042-0300] {logging_mixin.py:188} INFO - 1000
[2024-01-09T11:08:23.854-0300] {logging_mixin.py:188} INFO - 1001
[2024-01-09T11:08:24.004-0300] {logging_mixin.py:188} INFO - 1002
[2024-01-09T11:08:24.658-0300] {logging_mixin.py:188} INFO - 1003
[2024-01-09T11:08:25.319-0300] {logging_mixin.py:188} INFO - 1004
[2024-01-09T11:08:25.972-0300] {logging_mixin.py:188} INFO - 1005
[2024-01-09T11:08:26.622-0300] {logging_mixin.py:188} INFO - 1006
[2024-01-09T11:08:27.277-0300] {logging_mixin.py:188} INFO - 1007
[2024-01-09T11:08:27.565-0300] {logging_mixin.py:188} INFO - 1008
[2024-01-09T11:08:28.213-0300] {logging_mixin.py:188} INFO - 1009
[2024-01-09T11:08:28.856-0300] {logging_mixin.py:188} INFO - 1010
[2024-01-09T11:08:29.510-0300] {logging_mixin.py:188} INFO - 1011
[2024-01-09T11:08:30.155-0300] {logging_mixin.py:188} INFO - 1012
[2024-01-09T11:08:30.834-0300] {logging_mixin.py:188} INFO - 1013
[2024-01-09T11:08:31.128-0300] {logging_mixin.py:188} INFO - 1014
[2024-01-09T11:08:31.408-0300] {logging_mixin.py:188} INFO - 1015
[2024-01-09T11:08:32.052-0300] {logging_mixin.py:188} INFO - 1016
[2024-01-09T11:08:32.705-0300] {logging_mixin.py:188} INFO - 1017
[2024-01-09T11:08:33.357-0300] {logging_mixin.py:188} INFO - 1018
[2024-01-09T11:08:34.004-0300] {logging_mixin.py:188} INFO - 1019
[2024-01-09T11:08:34.660-0300] {logging_mixin.py:188} INFO - 1020
[2024-01-09T11:08:35.478-0300] {logging_mixin.py:188} INFO - 1021
[2024-01-09T11:08:36.129-0300] {logging_mixin.py:188} INFO - 1022
[2024-01-09T11:08:36.783-0300] {logging_mixin.py:188} INFO - 1023
[2024-01-09T11:08:37.432-0300] {logging_mixin.py:188} INFO - 1024
[2024-01-09T11:08:38.082-0300] {logging_mixin.py:188} INFO - 1025
[2024-01-09T11:08:38.732-0300] {logging_mixin.py:188} INFO - 10001
[2024-01-09T11:08:39.394-0300] {logging_mixin.py:188} INFO - 10002
[2024-01-09T11:08:40.060-0300] {logging_mixin.py:188} INFO - 10003
[2024-01-09T11:08:40.706-0300] {logging_mixin.py:188} INFO - 10004
[2024-01-09T11:08:41.350-0300] {logging_mixin.py:188} INFO - 10005
[2024-01-09T11:08:42.042-0300] {logging_mixin.py:188} INFO - 10006
[2024-01-09T11:08:42.210-0300] {logging_mixin.py:188} INFO - 10007
[2024-01-09T11:08:42.363-0300] {logging_mixin.py:188} INFO - 10008
[2024-01-09T11:08:43.022-0300] {logging_mixin.py:188} INFO - 10009
[2024-01-09T11:08:43.676-0300] {logging_mixin.py:188} INFO - 10010
[2024-01-09T11:08:43.977-0300] {logging_mixin.py:188} INFO - 10011
[2024-01-09T11:08:44.632-0300] {logging_mixin.py:188} INFO - 10012
[2024-01-09T11:08:45.289-0300] {logging_mixin.py:188} INFO - 10013
[2024-01-09T11:08:45.944-0300] {logging_mixin.py:188} INFO - 10014
[2024-01-09T11:08:46.597-0300] {logging_mixin.py:188} INFO - 10015
[2024-01-09T11:08:47.432-0300] {logging_mixin.py:188} INFO - 10016
[2024-01-09T11:08:48.092-0300] {logging_mixin.py:188} INFO - 10017
[2024-01-09T11:08:48.765-0300] {logging_mixin.py:188} INFO - 10018
[2024-01-09T11:08:49.420-0300] {logging_mixin.py:188} INFO - 10019
[2024-01-09T11:08:50.084-0300] {logging_mixin.py:188} INFO - 10020
[2024-01-09T11:08:51.080-0300] {logging_mixin.py:188} INFO - 10021
[2024-01-09T11:08:51.735-0300] {logging_mixin.py:188} INFO - 10022
[2024-01-09T11:08:52.404-0300] {logging_mixin.py:188} INFO - 10023
[2024-01-09T11:08:53.079-0300] {logging_mixin.py:188} INFO - 10024
[2024-01-09T11:08:53.727-0300] {logging_mixin.py:188} INFO - 10025
[2024-01-09T11:08:54.379-0300] {logging_mixin.py:188} INFO - 10026
[2024-01-09T11:08:55.058-0300] {logging_mixin.py:188} INFO - 10027
[2024-01-09T11:08:55.720-0300] {logging_mixin.py:188} INFO - 10028
[2024-01-09T11:08:56.387-0300] {logging_mixin.py:188} INFO - 10029
[2024-01-09T11:08:57.039-0300] {logging_mixin.py:188} INFO - 10030
[2024-01-09T11:08:57.700-0300] {logging_mixin.py:188} INFO - 10031
[2024-01-09T11:08:58.397-0300] {logging_mixin.py:188} INFO - 10032
[2024-01-09T11:08:59.070-0300] {logging_mixin.py:188} INFO - 10033
[2024-01-09T11:08:59.723-0300] {logging_mixin.py:188} INFO - 10034
[2024-01-09T11:09:00.377-0300] {logging_mixin.py:188} INFO - 10035
[2024-01-09T11:09:01.191-0300] {logging_mixin.py:188} INFO - 10036
[2024-01-09T11:09:01.871-0300] {logging_mixin.py:188} INFO - 10037
[2024-01-09T11:09:02.513-0300] {logging_mixin.py:188} INFO - 10038
[2024-01-09T11:09:03.171-0300] {logging_mixin.py:188} INFO - 10039
[2024-01-09T11:09:03.822-0300] {logging_mixin.py:188} INFO - 10040
[2024-01-09T11:09:04.494-0300] {logging_mixin.py:188} INFO - 10041
[2024-01-09T11:09:05.166-0300] {logging_mixin.py:188} INFO - 10042
[2024-01-09T11:09:05.841-0300] {logging_mixin.py:188} INFO - 10043
[2024-01-09T11:09:06.497-0300] {logging_mixin.py:188} INFO - 10044
[2024-01-09T11:09:07.147-0300] {logging_mixin.py:188} INFO - 10045
[2024-01-09T11:09:07.811-0300] {logging_mixin.py:188} INFO - 10046
[2024-01-09T11:09:08.471-0300] {logging_mixin.py:188} INFO - 10047
[2024-01-09T11:09:09.134-0300] {logging_mixin.py:188} INFO - 10048
[2024-01-09T11:09:09.857-0300] {logging_mixin.py:188} INFO - 10049
[2024-01-09T11:09:10.513-0300] {logging_mixin.py:188} INFO - 10050
[2024-01-09T11:09:11.162-0300] {logging_mixin.py:188} INFO - 10051
[2024-01-09T11:09:11.838-0300] {logging_mixin.py:188} INFO - 10052
[2024-01-09T11:09:12.493-0300] {logging_mixin.py:188} INFO - 10053
[2024-01-09T11:09:13.186-0300] {logging_mixin.py:188} INFO - 10054
[2024-01-09T11:09:13.851-0300] {logging_mixin.py:188} INFO - 10055
[2024-01-09T11:09:14.664-0300] {logging_mixin.py:188} INFO - 10056
[2024-01-09T11:09:15.323-0300] {logging_mixin.py:188} INFO - 10057
[2024-01-09T11:09:15.980-0300] {logging_mixin.py:188} INFO - 10058
[2024-01-09T11:09:16.646-0300] {logging_mixin.py:188} INFO - 10059
[2024-01-09T11:09:17.296-0300] {logging_mixin.py:188} INFO - 10060
[2024-01-09T11:09:17.577-0300] {logging_mixin.py:188} INFO - 10061
[2024-01-09T11:09:18.275-0300] {logging_mixin.py:188} INFO - 10062
[2024-01-09T11:09:18.933-0300] {logging_mixin.py:188} INFO - 10063
[2024-01-09T11:09:19.599-0300] {logging_mixin.py:188} INFO - 10064
[2024-01-09T11:09:20.249-0300] {logging_mixin.py:188} INFO - 10065
[2024-01-09T11:09:20.926-0300] {logging_mixin.py:188} INFO - 10066
[2024-01-09T11:09:21.592-0300] {logging_mixin.py:188} INFO - 10067
[2024-01-09T11:09:22.263-0300] {logging_mixin.py:188} INFO - 10068
[2024-01-09T11:09:22.905-0300] {logging_mixin.py:188} INFO - 10069
[2024-01-09T11:09:23.565-0300] {logging_mixin.py:188} INFO - 10070
[2024-01-09T11:09:24.225-0300] {logging_mixin.py:188} INFO - 10071
[2024-01-09T11:09:24.920-0300] {logging_mixin.py:188} INFO - 10072
[2024-01-09T11:09:25.558-0300] {logging_mixin.py:188} INFO - 10073
[2024-01-09T11:09:26.255-0300] {logging_mixin.py:188} INFO - 10074
[2024-01-09T11:09:26.898-0300] {logging_mixin.py:188} INFO - 10075
[2024-01-09T11:09:27.712-0300] {logging_mixin.py:188} INFO - 10076
[2024-01-09T11:09:28.360-0300] {logging_mixin.py:188} INFO - 10077
[2024-01-09T11:09:29.022-0300] {logging_mixin.py:188} INFO - 10078
[2024-01-09T11:09:29.672-0300] {logging_mixin.py:188} INFO - 10079
[2024-01-09T11:09:29.951-0300] {logging_mixin.py:188} INFO - 10080
[2024-01-09T11:09:30.598-0300] {logging_mixin.py:188} INFO - 10081
[2024-01-09T11:09:31.259-0300] {logging_mixin.py:188} INFO - 10082
[2024-01-09T11:09:31.956-0300] {logging_mixin.py:188} INFO - 10083
[2024-01-09T11:09:32.617-0300] {logging_mixin.py:188} INFO - 10084
[2024-01-09T11:09:33.267-0300] {logging_mixin.py:188} INFO - 10085
[2024-01-09T11:09:33.940-0300] {logging_mixin.py:188} INFO - 10086
[2024-01-09T11:09:34.598-0300] {logging_mixin.py:188} INFO - 10087
[2024-01-09T11:09:35.256-0300] {logging_mixin.py:188} INFO - 10088
[2024-01-09T11:09:35.918-0300] {logging_mixin.py:188} INFO - 10089
[2024-01-09T11:09:36.604-0300] {logging_mixin.py:188} INFO - 10090
[2024-01-09T11:09:37.268-0300] {logging_mixin.py:188} INFO - 10091
[2024-01-09T11:09:37.921-0300] {logging_mixin.py:188} INFO - 10092
[2024-01-09T11:09:38.580-0300] {logging_mixin.py:188} INFO - 10093
[2024-01-09T11:09:39.226-0300] {logging_mixin.py:188} INFO - 10094
[2024-01-09T11:09:39.883-0300] {logging_mixin.py:188} INFO - 10095
[2024-01-09T11:09:40.702-0300] {logging_mixin.py:188} INFO - 10096
[2024-01-09T11:09:41.368-0300] {logging_mixin.py:188} INFO - 10097
[2024-01-09T11:09:41.655-0300] {logging_mixin.py:188} INFO - 10098
[2024-01-09T11:09:42.312-0300] {logging_mixin.py:188} INFO - 10099
[2024-01-09T11:09:42.607-0300] {logging_mixin.py:188} INFO - 10100
[2024-01-09T11:09:43.303-0300] {logging_mixin.py:188} INFO - 10101
[2024-01-09T11:09:43.957-0300] {logging_mixin.py:188} INFO - 10102
[2024-01-09T11:09:44.615-0300] {logging_mixin.py:188} INFO - 10103
[2024-01-09T11:09:45.266-0300] {logging_mixin.py:188} INFO - 10104
[2024-01-09T11:09:45.926-0300] {logging_mixin.py:188} INFO - 10105
[2024-01-09T11:09:46.212-0300] {logging_mixin.py:188} INFO - 10106
[2024-01-09T11:09:46.858-0300] {logging_mixin.py:188} INFO - 10107
[2024-01-09T11:09:47.508-0300] {logging_mixin.py:188} INFO - 10108
[2024-01-09T11:09:48.157-0300] {logging_mixin.py:188} INFO - 10109
[2024-01-09T11:09:48.446-0300] {logging_mixin.py:188} INFO - 10110
[2024-01-09T11:09:49.115-0300] {logging_mixin.py:188} INFO - 10111
[2024-01-09T11:09:49.770-0300] {logging_mixin.py:188} INFO - 10112
[2024-01-09T11:09:50.481-0300] {logging_mixin.py:188} INFO - 10113
[2024-01-09T11:09:51.129-0300] {logging_mixin.py:188} INFO - 10114
[2024-01-09T11:09:51.778-0300] {logging_mixin.py:188} INFO - 10115
[2024-01-09T11:09:52.601-0300] {logging_mixin.py:188} INFO - 10116
[2024-01-09T11:09:53.282-0300] {logging_mixin.py:188} INFO - 10117
[2024-01-09T11:09:53.926-0300] {logging_mixin.py:188} INFO - 10118
[2024-01-09T11:09:54.589-0300] {logging_mixin.py:188} INFO - 10119
[2024-01-09T11:09:54.876-0300] {logging_mixin.py:188} INFO - 10120
[2024-01-09T11:09:55.533-0300] {logging_mixin.py:188} INFO - 10121
[2024-01-09T11:09:55.842-0300] {logging_mixin.py:188} INFO - 10122
[2024-01-09T11:09:56.492-0300] {logging_mixin.py:188} INFO - 10123
[2024-01-09T11:09:56.779-0300] {logging_mixin.py:188} INFO - 10124
[2024-01-09T11:09:57.429-0300] {logging_mixin.py:188} INFO - 10125
[2024-01-09T11:09:58.089-0300] {logging_mixin.py:188} INFO - 10126
[2024-01-09T11:09:58.745-0300] {logging_mixin.py:188} INFO - 10127
[2024-01-09T11:09:59.421-0300] {logging_mixin.py:188} INFO - 10128
[2024-01-09T11:10:00.099-0300] {logging_mixin.py:188} INFO - 10129
[2024-01-09T11:10:00.753-0300] {logging_mixin.py:188} INFO - 10130
[2024-01-09T11:10:01.043-0300] {logging_mixin.py:188} INFO - 10131
[2024-01-09T11:10:01.702-0300] {logging_mixin.py:188} INFO - 10132
[2024-01-09T11:10:02.350-0300] {logging_mixin.py:188} INFO - 10133
[2024-01-09T11:10:02.640-0300] {logging_mixin.py:188} INFO - 10134
[2024-01-09T11:10:03.296-0300] {logging_mixin.py:188} INFO - 10135
[2024-01-09T11:10:04.132-0300] {logging_mixin.py:188} INFO - 10136
[2024-01-09T11:10:04.775-0300] {logging_mixin.py:188} INFO - 10137
[2024-01-09T11:10:05.422-0300] {logging_mixin.py:188} INFO - 10138
[2024-01-09T11:10:06.076-0300] {logging_mixin.py:188} INFO - 10139
[2024-01-09T11:10:06.361-0300] {logging_mixin.py:188} INFO - 10140
[2024-01-09T11:10:07.043-0300] {logging_mixin.py:188} INFO - 10141
[2024-01-09T11:10:07.338-0300] {logging_mixin.py:188} INFO - 10142
[2024-01-09T11:10:08.050-0300] {logging_mixin.py:188} INFO - 10143
[2024-01-09T11:10:08.731-0300] {logging_mixin.py:188} INFO - 10144
[2024-01-09T11:10:09.380-0300] {logging_mixin.py:188} INFO - 10145
[2024-01-09T11:10:10.058-0300] {logging_mixin.py:188} INFO - 10146
[2024-01-09T11:10:10.711-0300] {logging_mixin.py:188} INFO - 10147
[2024-01-09T11:10:11.366-0300] {logging_mixin.py:188} INFO - 10148
[2024-01-09T11:10:11.653-0300] {logging_mixin.py:188} INFO - 10149
[2024-01-09T11:10:12.302-0300] {logging_mixin.py:188} INFO - 10150
[2024-01-09T11:10:12.601-0300] {logging_mixin.py:188} INFO - 10151
[2024-01-09T11:10:13.269-0300] {logging_mixin.py:188} INFO - 10152
[2024-01-09T11:10:13.933-0300] {logging_mixin.py:188} INFO - 10153
[2024-01-09T11:10:14.597-0300] {logging_mixin.py:188} INFO - 10154
[2024-01-09T11:10:15.258-0300] {logging_mixin.py:188} INFO - 10155
[2024-01-09T11:10:15.687-0300] {logging_mixin.py:188} INFO - 10156
[2024-01-09T11:10:16.348-0300] {logging_mixin.py:188} INFO - 10157
[2024-01-09T11:10:17.003-0300] {logging_mixin.py:188} INFO - 10158
[2024-01-09T11:10:17.657-0300] {logging_mixin.py:188} INFO - 10159
[2024-01-09T11:10:18.317-0300] {logging_mixin.py:188} INFO - 10160
[2024-01-09T11:10:18.979-0300] {logging_mixin.py:188} INFO - 10161
[2024-01-09T11:10:19.650-0300] {logging_mixin.py:188} INFO - 10162
[2024-01-09T11:10:20.311-0300] {logging_mixin.py:188} INFO - 10163
[2024-01-09T11:10:20.970-0300] {logging_mixin.py:188} INFO - 10164
[2024-01-09T11:10:21.629-0300] {logging_mixin.py:188} INFO - 10165
[2024-01-09T11:10:21.941-0300] {logging_mixin.py:188} INFO - 10166
[2024-01-09T11:10:22.591-0300] {logging_mixin.py:188} INFO - 10167
[2024-01-09T11:10:23.247-0300] {logging_mixin.py:188} INFO - 10168
[2024-01-09T11:10:23.572-0300] {logging_mixin.py:188} INFO - 10169
[2024-01-09T11:10:24.243-0300] {logging_mixin.py:188} INFO - 10170
[2024-01-09T11:10:24.896-0300] {logging_mixin.py:188} INFO - 10171
[2024-01-09T11:10:25.564-0300] {logging_mixin.py:188} INFO - 10172
[2024-01-09T11:10:26.354-0300] {logging_mixin.py:188} INFO - 10173
[2024-01-09T11:10:27.540-0300] {logging_mixin.py:188} INFO - 10174
[2024-01-09T11:10:28.226-0300] {logging_mixin.py:188} INFO - 10175
[2024-01-09T11:10:29.031-0300] {logging_mixin.py:188} INFO - 10176
[2024-01-09T11:10:29.693-0300] {logging_mixin.py:188} INFO - 10177
[2024-01-09T11:10:30.345-0300] {logging_mixin.py:188} INFO - 10178
[2024-01-09T11:10:30.996-0300] {logging_mixin.py:188} INFO - 10179
[2024-01-09T11:10:31.647-0300] {logging_mixin.py:188} INFO - 10180
[2024-01-09T11:10:32.295-0300] {logging_mixin.py:188} INFO - 10181
[2024-01-09T11:10:32.956-0300] {logging_mixin.py:188} INFO - 10182
[2024-01-09T11:10:33.599-0300] {logging_mixin.py:188} INFO - 10183
[2024-01-09T11:10:33.889-0300] {logging_mixin.py:188} INFO - 10184
[2024-01-09T11:10:34.544-0300] {logging_mixin.py:188} INFO - 10185
[2024-01-09T11:10:34.827-0300] {logging_mixin.py:188} INFO - 10186
[2024-01-09T11:10:35.488-0300] {logging_mixin.py:188} INFO - 10187
[2024-01-09T11:10:36.154-0300] {logging_mixin.py:188} INFO - 10188
[2024-01-09T11:10:36.820-0300] {logging_mixin.py:188} INFO - 10189
[2024-01-09T11:10:37.477-0300] {logging_mixin.py:188} INFO - 10190
[2024-01-09T11:10:38.138-0300] {logging_mixin.py:188} INFO - 10191
[2024-01-09T11:10:38.787-0300] {logging_mixin.py:188} INFO - 10192
[2024-01-09T11:10:39.441-0300] {logging_mixin.py:188} INFO - 10193
[2024-01-09T11:10:40.113-0300] {logging_mixin.py:188} INFO - 10194
[2024-01-09T11:10:40.396-0300] {logging_mixin.py:188} INFO - 10195
[2024-01-09T11:10:41.246-0300] {logging_mixin.py:188} INFO - 10196
[2024-01-09T11:10:41.906-0300] {logging_mixin.py:188} INFO - 10197
[2024-01-09T11:10:42.192-0300] {logging_mixin.py:188} INFO - 10198
[2024-01-09T11:10:42.840-0300] {logging_mixin.py:188} INFO - 10199
[2024-01-09T11:10:43.522-0300] {logging_mixin.py:188} INFO - 10200
[2024-01-09T11:10:44.209-0300] {logging_mixin.py:188} INFO - 10201
[2024-01-09T11:10:44.868-0300] {logging_mixin.py:188} INFO - 10202
[2024-01-09T11:10:45.545-0300] {logging_mixin.py:188} INFO - 10203
[2024-01-09T11:10:46.260-0300] {logging_mixin.py:188} INFO - 10204
[2024-01-09T11:10:46.936-0300] {logging_mixin.py:188} INFO - 10205
[2024-01-09T11:10:47.595-0300] {logging_mixin.py:188} INFO - 10206
[2024-01-09T11:10:48.248-0300] {logging_mixin.py:188} INFO - 10207
[2024-01-09T11:10:48.532-0300] {logging_mixin.py:188} INFO - 10208
[2024-01-09T11:10:49.206-0300] {logging_mixin.py:188} INFO - 10209
[2024-01-09T11:10:49.496-0300] {logging_mixin.py:188} INFO - 10210
[2024-01-09T11:10:50.154-0300] {logging_mixin.py:188} INFO - 10211
[2024-01-09T11:10:50.799-0300] {logging_mixin.py:188} INFO - 10212
[2024-01-09T11:10:51.097-0300] {logging_mixin.py:188} INFO - 10213
[2024-01-09T11:10:51.750-0300] {logging_mixin.py:188} INFO - 10214
[2024-01-09T11:10:52.398-0300] {logging_mixin.py:188} INFO - 10215
[2024-01-09T11:10:52.858-0300] {logging_mixin.py:188} INFO - 10216
[2024-01-09T11:10:53.521-0300] {logging_mixin.py:188} INFO - 10217
[2024-01-09T11:10:54.170-0300] {logging_mixin.py:188} INFO - 10218
[2024-01-09T11:10:54.451-0300] {logging_mixin.py:188} INFO - 10219
[2024-01-09T11:10:55.130-0300] {logging_mixin.py:188} INFO - 10220
[2024-01-09T11:10:55.779-0300] {logging_mixin.py:188} INFO - 10221
[2024-01-09T11:10:56.058-0300] {logging_mixin.py:188} INFO - 10222
[2024-01-09T11:10:56.356-0300] {logging_mixin.py:188} INFO - 10223
[2024-01-09T11:10:57.001-0300] {logging_mixin.py:188} INFO - 10224
[2024-01-09T11:10:57.671-0300] {logging_mixin.py:188} INFO - 10225
[2024-01-09T11:10:57.960-0300] {logging_mixin.py:188} INFO - 10226
[2024-01-09T11:10:58.608-0300] {logging_mixin.py:188} INFO - 10227
[2024-01-09T11:10:59.250-0300] {logging_mixin.py:188} INFO - 10228
[2024-01-09T11:10:59.906-0300] {logging_mixin.py:188} INFO - 10229
[2024-01-09T11:11:00.554-0300] {logging_mixin.py:188} INFO - 10230
[2024-01-09T11:11:01.204-0300] {logging_mixin.py:188} INFO - 10231
[2024-01-09T11:11:01.852-0300] {logging_mixin.py:188} INFO - 10232
[2024-01-09T11:11:02.532-0300] {logging_mixin.py:188} INFO - 10233
[2024-01-09T11:11:03.192-0300] {logging_mixin.py:188} INFO - 10234
[2024-01-09T11:11:03.881-0300] {logging_mixin.py:188} INFO - 10235
[2024-01-09T11:11:04.693-0300] {logging_mixin.py:188} INFO - 10236
[2024-01-09T11:11:05.393-0300] {logging_mixin.py:188} INFO - 10237
[2024-01-09T11:11:06.051-0300] {logging_mixin.py:188} INFO - 10238
[2024-01-09T11:11:06.699-0300] {logging_mixin.py:188} INFO - 10239
[2024-01-09T11:11:07.357-0300] {logging_mixin.py:188} INFO - 10240
[2024-01-09T11:11:08.020-0300] {logging_mixin.py:188} INFO - 10241
[2024-01-09T11:11:08.697-0300] {logging_mixin.py:188} INFO - 10242
[2024-01-09T11:11:09.359-0300] {logging_mixin.py:188} INFO - 10243
[2024-01-09T11:11:10.022-0300] {logging_mixin.py:188} INFO - 10244
[2024-01-09T11:11:10.676-0300] {logging_mixin.py:188} INFO - 10245
[2024-01-09T11:11:11.335-0300] {logging_mixin.py:188} INFO - 10246
[2024-01-09T11:11:11.986-0300] {logging_mixin.py:188} INFO - 10247
[2024-01-09T11:11:12.645-0300] {logging_mixin.py:188} INFO - 10248
[2024-01-09T11:11:13.296-0300] {logging_mixin.py:188} INFO - 10249
[2024-01-09T11:11:13.953-0300] {logging_mixin.py:188} INFO - 10250
[2024-01-09T11:11:14.612-0300] {logging_mixin.py:188} INFO - 10251
[2024-01-09T11:11:15.264-0300] {logging_mixin.py:188} INFO - 10252
[2024-01-09T11:11:15.916-0300] {logging_mixin.py:188} INFO - 10253
[2024-01-09T11:11:16.585-0300] {logging_mixin.py:188} INFO - 10254
[2024-01-09T11:11:16.869-0300] {logging_mixin.py:188} INFO - 10255
[2024-01-09T11:11:17.674-0300] {logging_mixin.py:188} INFO - 10256
[2024-01-09T11:11:18.327-0300] {logging_mixin.py:188} INFO - 10257
[2024-01-09T11:11:18.991-0300] {logging_mixin.py:188} INFO - 10258
[2024-01-09T11:11:19.662-0300] {logging_mixin.py:188} INFO - 10259
[2024-01-09T11:11:20.321-0300] {logging_mixin.py:188} INFO - 10260
[2024-01-09T11:11:20.618-0300] {logging_mixin.py:188} INFO - 10261
[2024-01-09T11:11:21.289-0300] {logging_mixin.py:188} INFO - 10262
[2024-01-09T11:11:21.956-0300] {logging_mixin.py:188} INFO - 10263
[2024-01-09T11:11:22.265-0300] {logging_mixin.py:188} INFO - 10264
[2024-01-09T11:11:22.913-0300] {logging_mixin.py:188} INFO - 10265
[2024-01-09T11:11:23.565-0300] {logging_mixin.py:188} INFO - 10266
[2024-01-09T11:11:24.216-0300] {logging_mixin.py:188} INFO - 10267
[2024-01-09T11:11:24.872-0300] {logging_mixin.py:188} INFO - 10268
[2024-01-09T11:11:25.551-0300] {logging_mixin.py:188} INFO - 10269
[2024-01-09T11:11:26.218-0300] {logging_mixin.py:188} INFO - 10270
[2024-01-09T11:11:26.863-0300] {logging_mixin.py:188} INFO - 10271
[2024-01-09T11:11:27.148-0300] {logging_mixin.py:188} INFO - 10272
[2024-01-09T11:11:27.799-0300] {logging_mixin.py:188} INFO - 10273
[2024-01-09T11:11:28.445-0300] {logging_mixin.py:188} INFO - 10274
[2024-01-09T11:11:29.105-0300] {logging_mixin.py:188} INFO - 10275
[2024-01-09T11:11:29.936-0300] {logging_mixin.py:188} INFO - 10276
[2024-01-09T11:11:30.222-0300] {logging_mixin.py:188} INFO - 10277
[2024-01-09T11:11:30.222-0300] {logging_mixin.py:188} INFO - Salvando arquivo em:  pokemon_file.json
[2024-01-09T11:11:36.348-0300] {python.py:201} INFO - Done. Returned value was: None
[2024-01-09T11:11:36.352-0300] {taskinstance.py:1138} INFO - Marking task as SUCCESS. dag_id=pokemon_extraction, task_id=extract_pokemons, execution_date=20231211T100000, start_date=20240109T140002, end_date=20240109T141136
[2024-01-09T11:11:36.407-0300] {local_task_job_runner.py:234} INFO - Task exited with return code 0
[2024-01-09T11:11:36.414-0300] {taskinstance.py:3281} INFO - 0 downstream tasks scheduled from follow-on schedule check
