[2024-01-09T10:41:42.113-0300] {taskinstance.py:1957} INFO - Dependencies all met for dep_context=non-requeueable deps ti=<TaskInstance: pokemon_extraction.extract_pokemons scheduled__2023-11-30T10:00:00+00:00 [queued]>
[2024-01-09T10:41:42.116-0300] {taskinstance.py:1957} INFO - Dependencies all met for dep_context=requeueable deps ti=<TaskInstance: pokemon_extraction.extract_pokemons scheduled__2023-11-30T10:00:00+00:00 [queued]>
[2024-01-09T10:41:42.116-0300] {taskinstance.py:2171} INFO - Starting attempt 1 of 1
[2024-01-09T10:41:42.128-0300] {taskinstance.py:2192} INFO - Executing <Task(PythonOperator): extract_pokemons> on 2023-11-30 10:00:00+00:00
[2024-01-09T10:41:42.130-0300] {standard_task_runner.py:60} INFO - Started process 4017 to run task
[2024-01-09T10:41:42.131-0300] {standard_task_runner.py:87} INFO - Running: ['airflow', 'tasks', 'run', 'pokemon_extraction', 'extract_pokemons', 'scheduled__2023-11-30T10:00:00+00:00', '--job-id', '269', '--raw', '--subdir', 'DAGS_FOLDER/pokemon_extraction.py', '--cfg-path', '/tmp/tmp5v8t_5ov']
[2024-01-09T10:41:42.132-0300] {standard_task_runner.py:88} INFO - Job 269: Subtask extract_pokemons
[2024-01-09T10:41:42.154-0300] {task_command.py:423} INFO - Running <TaskInstance: pokemon_extraction.extract_pokemons scheduled__2023-11-30T10:00:00+00:00 [running]> on host LAPTOP-SB6KEOGH.
[2024-01-09T10:41:42.202-0300] {taskinstance.py:2481} INFO - Exporting env vars: AIRFLOW_CTX_DAG_OWNER='Brenda Schapievski' AIRFLOW_CTX_DAG_ID='pokemon_extraction' AIRFLOW_CTX_TASK_ID='extract_pokemons' AIRFLOW_CTX_EXECUTION_DATE='2023-11-30T10:00:00+00:00' AIRFLOW_CTX_TRY_NUMBER='1' AIRFLOW_CTX_DAG_RUN_ID='scheduled__2023-11-30T10:00:00+00:00'
[2024-01-09T10:41:42.507-0300] {taskinstance.py:2699} ERROR - Task failed with exception
Traceback (most recent call last):
  File "/home/brendaschap/.local/lib/python3.10/site-packages/airflow/models/taskinstance.py", line 433, in _execute_task
    result = execute_callable(context=context, **execute_callable_kwargs)
  File "/home/brendaschap/.local/lib/python3.10/site-packages/airflow/operators/python.py", line 199, in execute
    return_value = self.execute_callable()
  File "/home/brendaschap/.local/lib/python3.10/site-packages/airflow/operators/python.py", line 216, in execute_callable
    return self.python_callable(*self.op_args, **self.op_kwargs)
  File "/home/brendaschap/airflow/dags/pokemon.py", line 22, in extract_pokemon
    pokemon_list.append(infos)
NameError: name 'infos' is not defined
[2024-01-09T10:41:42.510-0300] {taskinstance.py:1138} INFO - Marking task as FAILED. dag_id=pokemon_extraction, task_id=extract_pokemons, execution_date=20231130T100000, start_date=20240109T134142, end_date=20240109T134142
[2024-01-09T10:41:42.520-0300] {standard_task_runner.py:107} ERROR - Failed to execute job 269 for task extract_pokemons (name 'infos' is not defined; 4017)
[2024-01-09T10:41:42.544-0300] {local_task_job_runner.py:234} INFO - Task exited with return code 1
[2024-01-09T10:41:42.555-0300] {taskinstance.py:3281} INFO - 0 downstream tasks scheduled from follow-on schedule check
