[2024-01-09T14:33:39.902-0300] {taskinstance.py:1957} INFO - Dependencies all met for dep_context=non-requeueable deps ti=<TaskInstance: pokemon_extraction.extract_pokemons scheduled__2023-12-15T10:00:00+00:00 [queued]>
[2024-01-09T14:33:39.905-0300] {taskinstance.py:1957} INFO - Dependencies all met for dep_context=requeueable deps ti=<TaskInstance: pokemon_extraction.extract_pokemons scheduled__2023-12-15T10:00:00+00:00 [queued]>
[2024-01-09T14:33:39.906-0300] {taskinstance.py:2171} INFO - Starting attempt 1 of 1
[2024-01-09T14:33:39.918-0300] {taskinstance.py:2192} INFO - Executing <Task(PythonOperator): extract_pokemons> on 2023-12-15 10:00:00+00:00
[2024-01-09T14:33:39.919-0300] {standard_task_runner.py:60} INFO - Started process 710 to run task
[2024-01-09T14:33:39.921-0300] {standard_task_runner.py:87} INFO - Running: ['airflow', 'tasks', 'run', 'pokemon_extraction', 'extract_pokemons', 'scheduled__2023-12-15T10:00:00+00:00', '--job-id', '291', '--raw', '--subdir', 'DAGS_FOLDER/pokemon_extraction.py', '--cfg-path', '/tmp/tmpfqai11hw']
[2024-01-09T14:33:39.922-0300] {standard_task_runner.py:88} INFO - Job 291: Subtask extract_pokemons
[2024-01-09T14:33:39.942-0300] {task_command.py:423} INFO - Running <TaskInstance: pokemon_extraction.extract_pokemons scheduled__2023-12-15T10:00:00+00:00 [running]> on host LAPTOP-SB6KEOGH.
[2024-01-09T14:33:39.991-0300] {taskinstance.py:2481} INFO - Exporting env vars: AIRFLOW_CTX_DAG_OWNER='Brenda Schapievski' AIRFLOW_CTX_DAG_ID='pokemon_extraction' AIRFLOW_CTX_TASK_ID='extract_pokemons' AIRFLOW_CTX_EXECUTION_DATE='2023-12-15T10:00:00+00:00' AIRFLOW_CTX_TRY_NUMBER='1' AIRFLOW_CTX_DAG_RUN_ID='scheduled__2023-12-15T10:00:00+00:00'
[2024-01-09T14:33:40.298-0300] {logging_mixin.py:188} INFO - 1
[2024-01-09T14:33:40.458-0300] {logging_mixin.py:188} INFO - 2
[2024-01-09T14:33:40.610-0300] {logging_mixin.py:188} INFO - 3
[2024-01-09T14:33:40.804-0300] {logging_mixin.py:188} INFO - 4
[2024-01-09T14:33:41.001-0300] {logging_mixin.py:188} INFO - 5
[2024-01-09T14:33:41.178-0300] {logging_mixin.py:188} INFO - 6
[2024-01-09T14:33:41.341-0300] {logging_mixin.py:188} INFO - 7
[2024-01-09T14:33:41.507-0300] {logging_mixin.py:188} INFO - 8
[2024-01-09T14:33:41.699-0300] {logging_mixin.py:188} INFO - 9
[2024-01-09T14:33:41.851-0300] {logging_mixin.py:188} INFO - 10
[2024-01-09T14:33:42.016-0300] {logging_mixin.py:188} INFO - 11
[2024-01-09T14:33:42.179-0300] {logging_mixin.py:188} INFO - 12
[2024-01-09T14:33:42.331-0300] {logging_mixin.py:188} INFO - 13
[2024-01-09T14:33:42.485-0300] {logging_mixin.py:188} INFO - 14
[2024-01-09T14:33:42.645-0300] {logging_mixin.py:188} INFO - 15
[2024-01-09T14:33:42.795-0300] {logging_mixin.py:188} INFO - 16
[2024-01-09T14:33:42.947-0300] {logging_mixin.py:188} INFO - 17
[2024-01-09T14:33:43.178-0300] {logging_mixin.py:188} INFO - 18
[2024-01-09T14:33:43.332-0300] {logging_mixin.py:188} INFO - 19
[2024-01-09T14:33:43.493-0300] {logging_mixin.py:188} INFO - 20
[2024-01-09T14:33:43.796-0300] {logging_mixin.py:188} INFO - 21
[2024-01-09T14:33:43.944-0300] {logging_mixin.py:188} INFO - 22
[2024-01-09T14:33:44.097-0300] {logging_mixin.py:188} INFO - 23
[2024-01-09T14:33:44.254-0300] {logging_mixin.py:188} INFO - 24
[2024-01-09T14:33:44.411-0300] {logging_mixin.py:188} INFO - 25
[2024-01-09T14:33:44.565-0300] {logging_mixin.py:188} INFO - 26
[2024-01-09T14:33:44.712-0300] {logging_mixin.py:188} INFO - 27
[2024-01-09T14:33:44.866-0300] {logging_mixin.py:188} INFO - 28
[2024-01-09T14:33:45.101-0300] {logging_mixin.py:188} INFO - 29
[2024-01-09T14:33:45.255-0300] {logging_mixin.py:188} INFO - 30
[2024-01-09T14:33:45.408-0300] {logging_mixin.py:188} INFO - 31
[2024-01-09T14:33:45.558-0300] {logging_mixin.py:188} INFO - 32
[2024-01-09T14:33:45.706-0300] {logging_mixin.py:188} INFO - 33
[2024-01-09T14:33:45.866-0300] {logging_mixin.py:188} INFO - 34
[2024-01-09T14:33:46.052-0300] {logging_mixin.py:188} INFO - 35
[2024-01-09T14:33:46.217-0300] {logging_mixin.py:188} INFO - 36
[2024-01-09T14:33:46.382-0300] {logging_mixin.py:188} INFO - 37
[2024-01-09T14:33:46.546-0300] {logging_mixin.py:188} INFO - 38
[2024-01-09T14:33:46.700-0300] {logging_mixin.py:188} INFO - 39
[2024-01-09T14:33:46.874-0300] {logging_mixin.py:188} INFO - 40
[2024-01-09T14:33:47.205-0300] {logging_mixin.py:188} INFO - 41
[2024-01-09T14:33:47.356-0300] {logging_mixin.py:188} INFO - 42
[2024-01-09T14:33:47.505-0300] {logging_mixin.py:188} INFO - 43
[2024-01-09T14:33:47.657-0300] {logging_mixin.py:188} INFO - 44
[2024-01-09T14:33:47.818-0300] {logging_mixin.py:188} INFO - 45
[2024-01-09T14:33:47.968-0300] {logging_mixin.py:188} INFO - 46
[2024-01-09T14:33:48.118-0300] {logging_mixin.py:188} INFO - 47
[2024-01-09T14:33:48.275-0300] {logging_mixin.py:188} INFO - 48
[2024-01-09T14:33:48.440-0300] {logging_mixin.py:188} INFO - 49
[2024-01-09T14:33:48.592-0300] {logging_mixin.py:188} INFO - 50
[2024-01-09T14:33:48.754-0300] {logging_mixin.py:188} INFO - 51
[2024-01-09T14:33:48.906-0300] {logging_mixin.py:188} INFO - 52
[2024-01-09T14:33:49.078-0300] {logging_mixin.py:188} INFO - 53
[2024-01-09T14:33:49.237-0300] {logging_mixin.py:188} INFO - 54
[2024-01-09T14:33:49.398-0300] {logging_mixin.py:188} INFO - 55
[2024-01-09T14:33:49.568-0300] {logging_mixin.py:188} INFO - 56
[2024-01-09T14:33:49.738-0300] {logging_mixin.py:188} INFO - 57
[2024-01-09T14:33:49.898-0300] {logging_mixin.py:188} INFO - 58
[2024-01-09T14:33:50.054-0300] {logging_mixin.py:188} INFO - 59
[2024-01-09T14:33:50.210-0300] {logging_mixin.py:188} INFO - 60
[2024-01-09T14:33:50.553-0300] {logging_mixin.py:188} INFO - 61
[2024-01-09T14:33:50.704-0300] {logging_mixin.py:188} INFO - 62
[2024-01-09T14:33:50.854-0300] {logging_mixin.py:188} INFO - 63
[2024-01-09T14:33:51.017-0300] {logging_mixin.py:188} INFO - 64
[2024-01-09T14:33:51.169-0300] {logging_mixin.py:188} INFO - 65
[2024-01-09T14:33:51.319-0300] {logging_mixin.py:188} INFO - 66
[2024-01-09T14:33:51.472-0300] {logging_mixin.py:188} INFO - 67
[2024-01-09T14:33:51.620-0300] {logging_mixin.py:188} INFO - 68
[2024-01-09T14:33:51.778-0300] {logging_mixin.py:188} INFO - 69
[2024-01-09T14:33:51.931-0300] {logging_mixin.py:188} INFO - 70
[2024-01-09T14:33:52.086-0300] {logging_mixin.py:188} INFO - 71
[2024-01-09T14:33:52.245-0300] {logging_mixin.py:188} INFO - 72
[2024-01-09T14:33:52.401-0300] {logging_mixin.py:188} INFO - 73
[2024-01-09T14:33:52.559-0300] {logging_mixin.py:188} INFO - 74
[2024-01-09T14:33:52.710-0300] {logging_mixin.py:188} INFO - 75
[2024-01-09T14:33:52.872-0300] {logging_mixin.py:188} INFO - 76
[2024-01-09T14:33:53.025-0300] {logging_mixin.py:188} INFO - 77
[2024-01-09T14:33:53.187-0300] {logging_mixin.py:188} INFO - 78
[2024-01-09T14:33:53.342-0300] {logging_mixin.py:188} INFO - 79
[2024-01-09T14:33:53.499-0300] {logging_mixin.py:188} INFO - 80
[2024-01-09T14:33:53.893-0300] {logging_mixin.py:188} INFO - 81
[2024-01-09T14:33:54.073-0300] {logging_mixin.py:188} INFO - 82
[2024-01-09T14:33:54.223-0300] {logging_mixin.py:188} INFO - 83
[2024-01-09T14:33:54.372-0300] {logging_mixin.py:188} INFO - 84
[2024-01-09T14:33:54.535-0300] {logging_mixin.py:188} INFO - 85
[2024-01-09T14:33:54.698-0300] {logging_mixin.py:188} INFO - 86
[2024-01-09T14:33:54.848-0300] {logging_mixin.py:188} INFO - 87
[2024-01-09T14:33:55.004-0300] {logging_mixin.py:188} INFO - 88
[2024-01-09T14:33:55.156-0300] {logging_mixin.py:188} INFO - 89
[2024-01-09T14:33:55.329-0300] {logging_mixin.py:188} INFO - 90
[2024-01-09T14:33:55.482-0300] {logging_mixin.py:188} INFO - 91
[2024-01-09T14:33:55.637-0300] {logging_mixin.py:188} INFO - 92
[2024-01-09T14:33:55.827-0300] {logging_mixin.py:188} INFO - 93
[2024-01-09T14:33:56.021-0300] {logging_mixin.py:188} INFO - 94
[2024-01-09T14:33:56.180-0300] {logging_mixin.py:188} INFO - 95
[2024-01-09T14:33:56.336-0300] {logging_mixin.py:188} INFO - 96
[2024-01-09T14:33:56.493-0300] {logging_mixin.py:188} INFO - 97
[2024-01-09T14:33:56.640-0300] {logging_mixin.py:188} INFO - 98
[2024-01-09T14:33:56.793-0300] {logging_mixin.py:188} INFO - 99
[2024-01-09T14:33:56.952-0300] {logging_mixin.py:188} INFO - 100
[2024-01-09T14:33:57.293-0300] {logging_mixin.py:188} INFO - 101
[2024-01-09T14:33:57.464-0300] {logging_mixin.py:188} INFO - 102
[2024-01-09T14:33:57.735-0300] {logging_mixin.py:188} INFO - 103
[2024-01-09T14:33:57.890-0300] {logging_mixin.py:188} INFO - 104
[2024-01-09T14:33:58.042-0300] {logging_mixin.py:188} INFO - 105
[2024-01-09T14:33:58.204-0300] {logging_mixin.py:188} INFO - 106
[2024-01-09T14:33:58.358-0300] {logging_mixin.py:188} INFO - 107
[2024-01-09T14:33:58.508-0300] {logging_mixin.py:188} INFO - 108
[2024-01-09T14:33:58.666-0300] {logging_mixin.py:188} INFO - 109
[2024-01-09T14:33:58.818-0300] {logging_mixin.py:188} INFO - 110
[2024-01-09T14:33:58.973-0300] {logging_mixin.py:188} INFO - 111
[2024-01-09T14:33:59.148-0300] {logging_mixin.py:188} INFO - 112
[2024-01-09T14:33:59.309-0300] {logging_mixin.py:188} INFO - 113
[2024-01-09T14:33:59.463-0300] {logging_mixin.py:188} INFO - 114
[2024-01-09T14:33:59.613-0300] {logging_mixin.py:188} INFO - 115
[2024-01-09T14:33:59.762-0300] {logging_mixin.py:188} INFO - 116
[2024-01-09T14:33:59.919-0300] {logging_mixin.py:188} INFO - 117
[2024-01-09T14:34:00.072-0300] {logging_mixin.py:188} INFO - 118
[2024-01-09T14:34:00.228-0300] {logging_mixin.py:188} INFO - 119
[2024-01-09T14:34:00.383-0300] {logging_mixin.py:188} INFO - 120
[2024-01-09T14:34:00.682-0300] {logging_mixin.py:188} INFO - 121
[2024-01-09T14:34:00.833-0300] {logging_mixin.py:188} INFO - 122
[2024-01-09T14:34:00.988-0300] {logging_mixin.py:188} INFO - 123
[2024-01-09T14:34:01.149-0300] {logging_mixin.py:188} INFO - 124
[2024-01-09T14:34:01.300-0300] {logging_mixin.py:188} INFO - 125
[2024-01-09T14:34:01.458-0300] {logging_mixin.py:188} INFO - 126
[2024-01-09T14:34:01.612-0300] {logging_mixin.py:188} INFO - 127
[2024-01-09T14:34:01.770-0300] {logging_mixin.py:188} INFO - 128
[2024-01-09T14:34:01.918-0300] {logging_mixin.py:188} INFO - 129
[2024-01-09T14:34:02.080-0300] {logging_mixin.py:188} INFO - 130
[2024-01-09T14:34:02.235-0300] {logging_mixin.py:188} INFO - 131
[2024-01-09T14:34:02.409-0300] {logging_mixin.py:188} INFO - 132
[2024-01-09T14:34:02.565-0300] {logging_mixin.py:188} INFO - 133
[2024-01-09T14:34:02.744-0300] {logging_mixin.py:188} INFO - 134
[2024-01-09T14:34:02.897-0300] {logging_mixin.py:188} INFO - 135
[2024-01-09T14:34:03.062-0300] {logging_mixin.py:188} INFO - 136
[2024-01-09T14:34:03.215-0300] {logging_mixin.py:188} INFO - 137
[2024-01-09T14:34:03.370-0300] {logging_mixin.py:188} INFO - 138
[2024-01-09T14:34:03.522-0300] {logging_mixin.py:188} INFO - 139
[2024-01-09T14:34:03.675-0300] {logging_mixin.py:188} INFO - 140
[2024-01-09T14:34:03.993-0300] {logging_mixin.py:188} INFO - 141
[2024-01-09T14:34:04.145-0300] {logging_mixin.py:188} INFO - 142
[2024-01-09T14:34:04.301-0300] {logging_mixin.py:188} INFO - 143
[2024-01-09T14:34:04.968-0300] {logging_mixin.py:188} INFO - 144
[2024-01-09T14:34:05.626-0300] {logging_mixin.py:188} INFO - 145
[2024-01-09T14:34:06.287-0300] {logging_mixin.py:188} INFO - 146
[2024-01-09T14:34:06.452-0300] {logging_mixin.py:188} INFO - 147
[2024-01-09T14:34:06.756-0300] {logging_mixin.py:188} INFO - 148
[2024-01-09T14:34:07.405-0300] {logging_mixin.py:188} INFO - 149
[2024-01-09T14:34:08.124-0300] {logging_mixin.py:188} INFO - 150
[2024-01-09T14:34:08.792-0300] {logging_mixin.py:188} INFO - 151
[2024-01-09T14:34:08.952-0300] {logging_mixin.py:188} INFO - 152
[2024-01-09T14:34:09.111-0300] {logging_mixin.py:188} INFO - 153
[2024-01-09T14:34:09.268-0300] {logging_mixin.py:188} INFO - 154
[2024-01-09T14:34:09.423-0300] {logging_mixin.py:188} INFO - 155
[2024-01-09T14:34:09.580-0300] {logging_mixin.py:188} INFO - 156
[2024-01-09T14:34:09.745-0300] {logging_mixin.py:188} INFO - 157
[2024-01-09T14:34:09.902-0300] {logging_mixin.py:188} INFO - 158
[2024-01-09T14:34:10.054-0300] {logging_mixin.py:188} INFO - 159
[2024-01-09T14:34:10.209-0300] {logging_mixin.py:188} INFO - 160
[2024-01-09T14:34:10.520-0300] {logging_mixin.py:188} INFO - 161
[2024-01-09T14:34:10.673-0300] {logging_mixin.py:188} INFO - 162
[2024-01-09T14:34:10.867-0300] {logging_mixin.py:188} INFO - 163
[2024-01-09T14:34:11.042-0300] {logging_mixin.py:188} INFO - 164
[2024-01-09T14:34:11.239-0300] {logging_mixin.py:188} INFO - 165
[2024-01-09T14:34:11.386-0300] {logging_mixin.py:188} INFO - 166
[2024-01-09T14:34:11.539-0300] {logging_mixin.py:188} INFO - 167
[2024-01-09T14:34:11.736-0300] {logging_mixin.py:188} INFO - 168
[2024-01-09T14:34:11.939-0300] {logging_mixin.py:188} INFO - 169
[2024-01-09T14:34:12.173-0300] {logging_mixin.py:188} INFO - 170
[2024-01-09T14:34:12.379-0300] {logging_mixin.py:188} INFO - 171
[2024-01-09T14:34:12.585-0300] {logging_mixin.py:188} INFO - 172
[2024-01-09T14:34:12.782-0300] {logging_mixin.py:188} INFO - 173
[2024-01-09T14:34:12.934-0300] {logging_mixin.py:188} INFO - 174
[2024-01-09T14:34:13.095-0300] {logging_mixin.py:188} INFO - 175
[2024-01-09T14:34:13.251-0300] {logging_mixin.py:188} INFO - 176
[2024-01-09T14:34:13.444-0300] {logging_mixin.py:188} INFO - 177
[2024-01-09T14:34:13.645-0300] {logging_mixin.py:188} INFO - 178
[2024-01-09T14:34:13.795-0300] {logging_mixin.py:188} INFO - 179
[2024-01-09T14:34:13.944-0300] {logging_mixin.py:188} INFO - 180
[2024-01-09T14:34:14.285-0300] {logging_mixin.py:188} INFO - 181
[2024-01-09T14:34:14.537-0300] {logging_mixin.py:188} INFO - 182
[2024-01-09T14:34:14.752-0300] {logging_mixin.py:188} INFO - 183
[2024-01-09T14:34:15.010-0300] {logging_mixin.py:188} INFO - 184
[2024-01-09T14:34:15.208-0300] {logging_mixin.py:188} INFO - 185
[2024-01-09T14:34:15.913-0300] {logging_mixin.py:188} INFO - 186
[2024-01-09T14:34:16.119-0300] {logging_mixin.py:188} INFO - 187
[2024-01-09T14:34:16.279-0300] {logging_mixin.py:188} INFO - 188
[2024-01-09T14:34:16.438-0300] {logging_mixin.py:188} INFO - 189
[2024-01-09T14:34:16.637-0300] {logging_mixin.py:188} INFO - 190
[2024-01-09T14:34:16.799-0300] {logging_mixin.py:188} INFO - 191
[2024-01-09T14:34:17.000-0300] {logging_mixin.py:188} INFO - 192
[2024-01-09T14:34:17.260-0300] {logging_mixin.py:188} INFO - 193
[2024-01-09T14:34:17.517-0300] {logging_mixin.py:188} INFO - 194
[2024-01-09T14:34:17.713-0300] {logging_mixin.py:188} INFO - 195
[2024-01-09T14:34:17.880-0300] {logging_mixin.py:188} INFO - 196
[2024-01-09T14:34:18.547-0300] {logging_mixin.py:188} INFO - 197
[2024-01-09T14:34:18.742-0300] {logging_mixin.py:188} INFO - 198
[2024-01-09T14:34:18.932-0300] {logging_mixin.py:188} INFO - 199
[2024-01-09T14:34:19.099-0300] {logging_mixin.py:188} INFO - 200
[2024-01-09T14:34:19.486-0300] {logging_mixin.py:188} INFO - 201
[2024-01-09T14:34:19.637-0300] {logging_mixin.py:188} INFO - 202
[2024-01-09T14:34:19.794-0300] {logging_mixin.py:188} INFO - 203
[2024-01-09T14:34:20.028-0300] {logging_mixin.py:188} INFO - 204
[2024-01-09T14:34:20.176-0300] {logging_mixin.py:188} INFO - 205
[2024-01-09T14:34:20.328-0300] {logging_mixin.py:188} INFO - 206
[2024-01-09T14:34:20.480-0300] {logging_mixin.py:188} INFO - 207
[2024-01-09T14:34:20.638-0300] {logging_mixin.py:188} INFO - 208
[2024-01-09T14:34:20.812-0300] {logging_mixin.py:188} INFO - 209
[2024-01-09T14:34:20.973-0300] {logging_mixin.py:188} INFO - 210
[2024-01-09T14:34:21.143-0300] {logging_mixin.py:188} INFO - 211
[2024-01-09T14:34:21.301-0300] {logging_mixin.py:188} INFO - 212
[2024-01-09T14:34:21.449-0300] {logging_mixin.py:188} INFO - 213
[2024-01-09T14:34:21.603-0300] {logging_mixin.py:188} INFO - 214
[2024-01-09T14:34:21.764-0300] {logging_mixin.py:188} INFO - 215
[2024-01-09T14:34:21.918-0300] {logging_mixin.py:188} INFO - 216
[2024-01-09T14:34:22.073-0300] {logging_mixin.py:188} INFO - 217
[2024-01-09T14:34:22.224-0300] {logging_mixin.py:188} INFO - 218
[2024-01-09T14:34:22.385-0300] {logging_mixin.py:188} INFO - 219
[2024-01-09T14:34:22.533-0300] {logging_mixin.py:188} INFO - 220
[2024-01-09T14:34:22.896-0300] {logging_mixin.py:188} INFO - 221
[2024-01-09T14:34:23.109-0300] {logging_mixin.py:188} INFO - 222
[2024-01-09T14:34:23.262-0300] {logging_mixin.py:188} INFO - 223
[2024-01-09T14:34:23.424-0300] {logging_mixin.py:188} INFO - 224
[2024-01-09T14:34:23.575-0300] {logging_mixin.py:188} INFO - 225
[2024-01-09T14:34:23.789-0300] {logging_mixin.py:188} INFO - 226
[2024-01-09T14:34:24.077-0300] {logging_mixin.py:188} INFO - 227
[2024-01-09T14:34:24.225-0300] {logging_mixin.py:188} INFO - 228
[2024-01-09T14:34:24.375-0300] {logging_mixin.py:188} INFO - 229
[2024-01-09T14:34:24.531-0300] {logging_mixin.py:188} INFO - 230
[2024-01-09T14:34:24.694-0300] {logging_mixin.py:188} INFO - 231
[2024-01-09T14:34:24.848-0300] {logging_mixin.py:188} INFO - 232
[2024-01-09T14:34:25.003-0300] {logging_mixin.py:188} INFO - 233
[2024-01-09T14:34:25.152-0300] {logging_mixin.py:188} INFO - 234
[2024-01-09T14:34:25.307-0300] {logging_mixin.py:188} INFO - 235
[2024-01-09T14:34:25.477-0300] {logging_mixin.py:188} INFO - 236
[2024-01-09T14:34:25.640-0300] {logging_mixin.py:188} INFO - 237
[2024-01-09T14:34:25.804-0300] {logging_mixin.py:188} INFO - 238
[2024-01-09T14:34:25.961-0300] {logging_mixin.py:188} INFO - 239
[2024-01-09T14:34:26.113-0300] {logging_mixin.py:188} INFO - 240
[2024-01-09T14:34:26.432-0300] {logging_mixin.py:188} INFO - 241
[2024-01-09T14:34:26.590-0300] {logging_mixin.py:188} INFO - 242
[2024-01-09T14:34:26.748-0300] {logging_mixin.py:188} INFO - 243
[2024-01-09T14:34:26.904-0300] {logging_mixin.py:188} INFO - 244
[2024-01-09T14:34:27.058-0300] {logging_mixin.py:188} INFO - 245
[2024-01-09T14:34:27.211-0300] {logging_mixin.py:188} INFO - 246
[2024-01-09T14:34:27.385-0300] {logging_mixin.py:188} INFO - 247
[2024-01-09T14:34:27.538-0300] {logging_mixin.py:188} INFO - 248
[2024-01-09T14:34:27.736-0300] {logging_mixin.py:188} INFO - 249
[2024-01-09T14:34:27.911-0300] {logging_mixin.py:188} INFO - 250
[2024-01-09T14:34:28.067-0300] {logging_mixin.py:188} INFO - 251
[2024-01-09T14:34:28.226-0300] {logging_mixin.py:188} INFO - 252
[2024-01-09T14:34:28.373-0300] {logging_mixin.py:188} INFO - 253
[2024-01-09T14:34:28.526-0300] {logging_mixin.py:188} INFO - 254
[2024-01-09T14:34:28.676-0300] {logging_mixin.py:188} INFO - 255
[2024-01-09T14:34:28.846-0300] {logging_mixin.py:188} INFO - 256
[2024-01-09T14:34:29.001-0300] {logging_mixin.py:188} INFO - 257
[2024-01-09T14:34:29.155-0300] {logging_mixin.py:188} INFO - 258
[2024-01-09T14:34:29.315-0300] {logging_mixin.py:188} INFO - 259
[2024-01-09T14:34:29.481-0300] {logging_mixin.py:188} INFO - 260
[2024-01-09T14:34:29.779-0300] {logging_mixin.py:188} INFO - 261
[2024-01-09T14:34:29.937-0300] {logging_mixin.py:188} INFO - 262
[2024-01-09T14:34:30.086-0300] {logging_mixin.py:188} INFO - 263
[2024-01-09T14:34:30.259-0300] {logging_mixin.py:188} INFO - 264
[2024-01-09T14:34:30.409-0300] {logging_mixin.py:188} INFO - 265
[2024-01-09T14:34:30.557-0300] {logging_mixin.py:188} INFO - 266
[2024-01-09T14:34:30.739-0300] {logging_mixin.py:188} INFO - 267
[2024-01-09T14:34:30.902-0300] {logging_mixin.py:188} INFO - 268
[2024-01-09T14:34:31.058-0300] {logging_mixin.py:188} INFO - 269
[2024-01-09T14:34:31.212-0300] {logging_mixin.py:188} INFO - 270
[2024-01-09T14:34:31.363-0300] {logging_mixin.py:188} INFO - 271
[2024-01-09T14:34:31.515-0300] {logging_mixin.py:188} INFO - 272
[2024-01-09T14:34:31.665-0300] {logging_mixin.py:188} INFO - 273
[2024-01-09T14:34:31.820-0300] {logging_mixin.py:188} INFO - 274
[2024-01-09T14:34:31.975-0300] {logging_mixin.py:188} INFO - 275
[2024-01-09T14:34:32.145-0300] {logging_mixin.py:188} INFO - 276
[2024-01-09T14:34:33.719-0300] {logging_mixin.py:188} INFO - 277
[2024-01-09T14:34:33.877-0300] {logging_mixin.py:188} INFO - 278
[2024-01-09T14:34:34.026-0300] {logging_mixin.py:188} INFO - 279
[2024-01-09T14:34:34.190-0300] {logging_mixin.py:188} INFO - 280
[2024-01-09T14:34:34.507-0300] {logging_mixin.py:188} INFO - 281
[2024-01-09T14:34:34.658-0300] {logging_mixin.py:188} INFO - 282
[2024-01-09T14:34:34.820-0300] {logging_mixin.py:188} INFO - 283
[2024-01-09T14:34:34.975-0300] {logging_mixin.py:188} INFO - 284
[2024-01-09T14:34:35.142-0300] {logging_mixin.py:188} INFO - 285
[2024-01-09T14:34:35.291-0300] {logging_mixin.py:188} INFO - 286
[2024-01-09T14:34:35.438-0300] {logging_mixin.py:188} INFO - 287
[2024-01-09T14:34:35.596-0300] {logging_mixin.py:188} INFO - 288
[2024-01-09T14:34:35.751-0300] {logging_mixin.py:188} INFO - 289
[2024-01-09T14:34:35.912-0300] {logging_mixin.py:188} INFO - 290
[2024-01-09T14:34:36.115-0300] {logging_mixin.py:188} INFO - 291
[2024-01-09T14:34:36.270-0300] {logging_mixin.py:188} INFO - 292
[2024-01-09T14:34:36.419-0300] {logging_mixin.py:188} INFO - 293
[2024-01-09T14:34:36.574-0300] {logging_mixin.py:188} INFO - 294
[2024-01-09T14:34:36.725-0300] {logging_mixin.py:188} INFO - 295
[2024-01-09T14:34:36.873-0300] {logging_mixin.py:188} INFO - 296
[2024-01-09T14:34:37.024-0300] {logging_mixin.py:188} INFO - 297
[2024-01-09T14:34:37.178-0300] {logging_mixin.py:188} INFO - 298
[2024-01-09T14:34:37.330-0300] {logging_mixin.py:188} INFO - 299
[2024-01-09T14:34:37.487-0300] {logging_mixin.py:188} INFO - 300
[2024-01-09T14:34:37.786-0300] {logging_mixin.py:188} INFO - 301
[2024-01-09T14:34:37.952-0300] {logging_mixin.py:188} INFO - 302
[2024-01-09T14:34:38.110-0300] {logging_mixin.py:188} INFO - 303
[2024-01-09T14:34:38.262-0300] {logging_mixin.py:188} INFO - 304
[2024-01-09T14:34:38.420-0300] {logging_mixin.py:188} INFO - 305
[2024-01-09T14:34:38.571-0300] {logging_mixin.py:188} INFO - 306
[2024-01-09T14:34:38.737-0300] {logging_mixin.py:188} INFO - 307
[2024-01-09T14:34:38.956-0300] {logging_mixin.py:188} INFO - 308
[2024-01-09T14:34:39.114-0300] {logging_mixin.py:188} INFO - 309
[2024-01-09T14:34:39.276-0300] {logging_mixin.py:188} INFO - 310
[2024-01-09T14:34:39.427-0300] {logging_mixin.py:188} INFO - 311
[2024-01-09T14:34:39.584-0300] {logging_mixin.py:188} INFO - 312
[2024-01-09T14:34:39.744-0300] {logging_mixin.py:188} INFO - 313
[2024-01-09T14:34:39.896-0300] {logging_mixin.py:188} INFO - 314
[2024-01-09T14:34:40.044-0300] {logging_mixin.py:188} INFO - 315
[2024-01-09T14:34:40.196-0300] {logging_mixin.py:188} INFO - 316
[2024-01-09T14:34:40.349-0300] {logging_mixin.py:188} INFO - 317
[2024-01-09T14:34:40.502-0300] {logging_mixin.py:188} INFO - 318
[2024-01-09T14:34:40.651-0300] {logging_mixin.py:188} INFO - 319
[2024-01-09T14:34:40.812-0300] {logging_mixin.py:188} INFO - 320
[2024-01-09T14:34:41.117-0300] {logging_mixin.py:188} INFO - 321
[2024-01-09T14:34:41.269-0300] {logging_mixin.py:188} INFO - 322
[2024-01-09T14:34:41.421-0300] {logging_mixin.py:188} INFO - 323
[2024-01-09T14:34:41.573-0300] {logging_mixin.py:188} INFO - 324
[2024-01-09T14:34:41.730-0300] {logging_mixin.py:188} INFO - 325
[2024-01-09T14:34:41.882-0300] {logging_mixin.py:188} INFO - 326
[2024-01-09T14:34:42.037-0300] {logging_mixin.py:188} INFO - 327
[2024-01-09T14:34:42.188-0300] {logging_mixin.py:188} INFO - 328
[2024-01-09T14:34:42.365-0300] {logging_mixin.py:188} INFO - 329
[2024-01-09T14:34:42.517-0300] {logging_mixin.py:188} INFO - 330
[2024-01-09T14:34:42.668-0300] {logging_mixin.py:188} INFO - 331
[2024-01-09T14:34:42.835-0300] {logging_mixin.py:188} INFO - 332
[2024-01-09T14:34:42.996-0300] {logging_mixin.py:188} INFO - 333
[2024-01-09T14:34:43.159-0300] {logging_mixin.py:188} INFO - 334
[2024-01-09T14:34:43.312-0300] {logging_mixin.py:188} INFO - 335
[2024-01-09T14:34:43.471-0300] {logging_mixin.py:188} INFO - 336
[2024-01-09T14:34:43.626-0300] {logging_mixin.py:188} INFO - 337
[2024-01-09T14:34:43.789-0300] {logging_mixin.py:188} INFO - 338
[2024-01-09T14:34:43.942-0300] {logging_mixin.py:188} INFO - 339
[2024-01-09T14:34:44.097-0300] {logging_mixin.py:188} INFO - 340
[2024-01-09T14:34:44.408-0300] {logging_mixin.py:188} INFO - 341
[2024-01-09T14:34:44.562-0300] {logging_mixin.py:188} INFO - 342
[2024-01-09T14:34:44.711-0300] {logging_mixin.py:188} INFO - 343
[2024-01-09T14:34:44.864-0300] {logging_mixin.py:188} INFO - 344
[2024-01-09T14:34:45.012-0300] {logging_mixin.py:188} INFO - 345
[2024-01-09T14:34:45.165-0300] {logging_mixin.py:188} INFO - 346
[2024-01-09T14:34:45.317-0300] {logging_mixin.py:188} INFO - 347
[2024-01-09T14:34:45.469-0300] {logging_mixin.py:188} INFO - 348
[2024-01-09T14:34:45.634-0300] {logging_mixin.py:188} INFO - 349
[2024-01-09T14:34:45.780-0300] {logging_mixin.py:188} INFO - 350
[2024-01-09T14:34:45.931-0300] {logging_mixin.py:188} INFO - 351
[2024-01-09T14:34:46.102-0300] {logging_mixin.py:188} INFO - 352
[2024-01-09T14:34:46.252-0300] {logging_mixin.py:188} INFO - 353
[2024-01-09T14:34:46.410-0300] {logging_mixin.py:188} INFO - 354
[2024-01-09T14:34:46.562-0300] {logging_mixin.py:188} INFO - 355
[2024-01-09T14:34:46.713-0300] {logging_mixin.py:188} INFO - 356
[2024-01-09T14:34:46.865-0300] {logging_mixin.py:188} INFO - 357
[2024-01-09T14:34:47.022-0300] {logging_mixin.py:188} INFO - 358
[2024-01-09T14:34:47.176-0300] {logging_mixin.py:188} INFO - 359
[2024-01-09T14:34:47.326-0300] {logging_mixin.py:188} INFO - 360
[2024-01-09T14:34:47.628-0300] {logging_mixin.py:188} INFO - 361
[2024-01-09T14:34:47.794-0300] {logging_mixin.py:188} INFO - 362
[2024-01-09T14:34:47.961-0300] {logging_mixin.py:188} INFO - 363
[2024-01-09T14:34:48.128-0300] {logging_mixin.py:188} INFO - 364
[2024-01-09T14:34:48.290-0300] {logging_mixin.py:188} INFO - 365
[2024-01-09T14:34:48.448-0300] {logging_mixin.py:188} INFO - 366
[2024-01-09T14:34:48.619-0300] {logging_mixin.py:188} INFO - 367
[2024-01-09T14:34:48.778-0300] {logging_mixin.py:188} INFO - 368
[2024-01-09T14:34:48.953-0300] {logging_mixin.py:188} INFO - 369
[2024-01-09T14:34:49.149-0300] {logging_mixin.py:188} INFO - 370
[2024-01-09T14:34:49.303-0300] {logging_mixin.py:188} INFO - 371
[2024-01-09T14:34:49.456-0300] {logging_mixin.py:188} INFO - 372
[2024-01-09T14:34:49.620-0300] {logging_mixin.py:188} INFO - 373
[2024-01-09T14:34:49.777-0300] {logging_mixin.py:188} INFO - 374
[2024-01-09T14:34:49.928-0300] {logging_mixin.py:188} INFO - 375
[2024-01-09T14:34:50.085-0300] {logging_mixin.py:188} INFO - 376
[2024-01-09T14:34:50.233-0300] {logging_mixin.py:188} INFO - 377
[2024-01-09T14:34:50.394-0300] {logging_mixin.py:188} INFO - 378
[2024-01-09T14:34:50.554-0300] {logging_mixin.py:188} INFO - 379
[2024-01-09T14:34:50.709-0300] {logging_mixin.py:188} INFO - 380
[2024-01-09T14:34:51.031-0300] {logging_mixin.py:188} INFO - 381
[2024-01-09T14:34:51.191-0300] {logging_mixin.py:188} INFO - 382
[2024-01-09T14:34:51.369-0300] {logging_mixin.py:188} INFO - 383
[2024-01-09T14:34:51.530-0300] {logging_mixin.py:188} INFO - 384
[2024-01-09T14:34:51.681-0300] {logging_mixin.py:188} INFO - 385
[2024-01-09T14:34:51.834-0300] {logging_mixin.py:188} INFO - 386
[2024-01-09T14:34:51.992-0300] {logging_mixin.py:188} INFO - 387
[2024-01-09T14:34:52.147-0300] {logging_mixin.py:188} INFO - 388
[2024-01-09T14:34:52.304-0300] {logging_mixin.py:188} INFO - 389
[2024-01-09T14:34:52.463-0300] {logging_mixin.py:188} INFO - 390
[2024-01-09T14:34:52.621-0300] {logging_mixin.py:188} INFO - 391
[2024-01-09T14:34:52.779-0300] {logging_mixin.py:188} INFO - 392
[2024-01-09T14:34:52.929-0300] {logging_mixin.py:188} INFO - 393
[2024-01-09T14:34:53.080-0300] {logging_mixin.py:188} INFO - 394
[2024-01-09T14:34:53.246-0300] {logging_mixin.py:188} INFO - 395
[2024-01-09T14:34:53.398-0300] {logging_mixin.py:188} INFO - 396
[2024-01-09T14:34:53.552-0300] {logging_mixin.py:188} INFO - 397
[2024-01-09T14:34:53.708-0300] {logging_mixin.py:188} INFO - 398
[2024-01-09T14:34:53.853-0300] {logging_mixin.py:188} INFO - 399
[2024-01-09T14:34:54.013-0300] {logging_mixin.py:188} INFO - 400
[2024-01-09T14:34:54.319-0300] {logging_mixin.py:188} INFO - 401
[2024-01-09T14:34:54.467-0300] {logging_mixin.py:188} INFO - 402
[2024-01-09T14:34:54.637-0300] {logging_mixin.py:188} INFO - 403
[2024-01-09T14:34:54.860-0300] {logging_mixin.py:188} INFO - 404
[2024-01-09T14:34:55.016-0300] {logging_mixin.py:188} INFO - 405
[2024-01-09T14:34:55.175-0300] {logging_mixin.py:188} INFO - 406
[2024-01-09T14:34:55.328-0300] {logging_mixin.py:188} INFO - 407
[2024-01-09T14:34:55.479-0300] {logging_mixin.py:188} INFO - 408
[2024-01-09T14:34:55.635-0300] {logging_mixin.py:188} INFO - 409
[2024-01-09T14:34:55.796-0300] {logging_mixin.py:188} INFO - 410
[2024-01-09T14:34:55.952-0300] {logging_mixin.py:188} INFO - 411
[2024-01-09T14:34:56.127-0300] {logging_mixin.py:188} INFO - 412
[2024-01-09T14:34:56.278-0300] {logging_mixin.py:188} INFO - 413
[2024-01-09T14:34:56.430-0300] {logging_mixin.py:188} INFO - 414
[2024-01-09T14:34:56.586-0300] {logging_mixin.py:188} INFO - 415
[2024-01-09T14:34:56.735-0300] {logging_mixin.py:188} INFO - 416
[2024-01-09T14:34:56.896-0300] {logging_mixin.py:188} INFO - 417
[2024-01-09T14:34:57.051-0300] {logging_mixin.py:188} INFO - 418
[2024-01-09T14:34:57.212-0300] {logging_mixin.py:188} INFO - 419
[2024-01-09T14:34:57.366-0300] {logging_mixin.py:188} INFO - 420
[2024-01-09T14:34:57.670-0300] {logging_mixin.py:188} INFO - 421
[2024-01-09T14:34:57.815-0300] {logging_mixin.py:188} INFO - 422
[2024-01-09T14:34:57.964-0300] {logging_mixin.py:188} INFO - 423
[2024-01-09T14:34:58.122-0300] {logging_mixin.py:188} INFO - 424
[2024-01-09T14:34:58.273-0300] {logging_mixin.py:188} INFO - 425
[2024-01-09T14:34:58.427-0300] {logging_mixin.py:188} INFO - 426
[2024-01-09T14:34:58.577-0300] {logging_mixin.py:188} INFO - 427
[2024-01-09T14:34:58.757-0300] {logging_mixin.py:188} INFO - 428
[2024-01-09T14:34:58.912-0300] {logging_mixin.py:188} INFO - 429
[2024-01-09T14:34:59.067-0300] {logging_mixin.py:188} INFO - 430
[2024-01-09T14:34:59.233-0300] {logging_mixin.py:188} INFO - 431
[2024-01-09T14:34:59.398-0300] {logging_mixin.py:188} INFO - 432
[2024-01-09T14:34:59.553-0300] {logging_mixin.py:188} INFO - 433
[2024-01-09T14:34:59.706-0300] {logging_mixin.py:188} INFO - 434
[2024-01-09T14:34:59.857-0300] {logging_mixin.py:188} INFO - 435
[2024-01-09T14:35:00.002-0300] {logging_mixin.py:188} INFO - 436
[2024-01-09T14:35:00.152-0300] {logging_mixin.py:188} INFO - 437
[2024-01-09T14:35:00.301-0300] {logging_mixin.py:188} INFO - 438
[2024-01-09T14:35:00.467-0300] {logging_mixin.py:188} INFO - 439
[2024-01-09T14:35:00.618-0300] {logging_mixin.py:188} INFO - 440
[2024-01-09T14:35:00.925-0300] {logging_mixin.py:188} INFO - 441
[2024-01-09T14:35:01.078-0300] {logging_mixin.py:188} INFO - 442
[2024-01-09T14:35:01.232-0300] {logging_mixin.py:188} INFO - 443
[2024-01-09T14:35:01.387-0300] {logging_mixin.py:188} INFO - 444
[2024-01-09T14:35:01.555-0300] {logging_mixin.py:188} INFO - 445
[2024-01-09T14:35:01.754-0300] {logging_mixin.py:188} INFO - 446
[2024-01-09T14:35:01.912-0300] {logging_mixin.py:188} INFO - 447
[2024-01-09T14:35:02.060-0300] {logging_mixin.py:188} INFO - 448
[2024-01-09T14:35:02.215-0300] {logging_mixin.py:188} INFO - 449
[2024-01-09T14:35:02.385-0300] {logging_mixin.py:188} INFO - 450
[2024-01-09T14:35:02.542-0300] {logging_mixin.py:188} INFO - 451
[2024-01-09T14:35:02.698-0300] {logging_mixin.py:188} INFO - 452
[2024-01-09T14:35:02.855-0300] {logging_mixin.py:188} INFO - 453
[2024-01-09T14:35:03.008-0300] {logging_mixin.py:188} INFO - 454
[2024-01-09T14:35:03.163-0300] {logging_mixin.py:188} INFO - 455
[2024-01-09T14:35:03.316-0300] {logging_mixin.py:188} INFO - 456
[2024-01-09T14:35:03.467-0300] {logging_mixin.py:188} INFO - 457
[2024-01-09T14:35:03.624-0300] {logging_mixin.py:188} INFO - 458
[2024-01-09T14:35:03.795-0300] {logging_mixin.py:188} INFO - 459
[2024-01-09T14:35:03.970-0300] {logging_mixin.py:188} INFO - 460
[2024-01-09T14:35:04.270-0300] {logging_mixin.py:188} INFO - 461
[2024-01-09T14:35:04.422-0300] {logging_mixin.py:188} INFO - 462
[2024-01-09T14:35:04.590-0300] {logging_mixin.py:188} INFO - 463
[2024-01-09T14:35:04.781-0300] {logging_mixin.py:188} INFO - 464
[2024-01-09T14:35:04.935-0300] {logging_mixin.py:188} INFO - 465
[2024-01-09T14:35:05.089-0300] {logging_mixin.py:188} INFO - 466
[2024-01-09T14:35:05.242-0300] {logging_mixin.py:188} INFO - 467
[2024-01-09T14:35:05.389-0300] {logging_mixin.py:188} INFO - 468
[2024-01-09T14:35:05.541-0300] {logging_mixin.py:188} INFO - 469
[2024-01-09T14:35:05.697-0300] {logging_mixin.py:188} INFO - 470
[2024-01-09T14:35:05.846-0300] {logging_mixin.py:188} INFO - 471
[2024-01-09T14:35:06.002-0300] {logging_mixin.py:188} INFO - 472
[2024-01-09T14:35:06.161-0300] {logging_mixin.py:188} INFO - 473
[2024-01-09T14:35:06.314-0300] {logging_mixin.py:188} INFO - 474
[2024-01-09T14:35:06.465-0300] {logging_mixin.py:188} INFO - 475
[2024-01-09T14:35:06.619-0300] {logging_mixin.py:188} INFO - 476
[2024-01-09T14:35:06.779-0300] {logging_mixin.py:188} INFO - 477
[2024-01-09T14:35:06.972-0300] {logging_mixin.py:188} INFO - 478
[2024-01-09T14:35:07.130-0300] {logging_mixin.py:188} INFO - 479
[2024-01-09T14:35:07.283-0300] {logging_mixin.py:188} INFO - 480
[2024-01-09T14:35:07.625-0300] {logging_mixin.py:188} INFO - 481
[2024-01-09T14:35:07.780-0300] {logging_mixin.py:188} INFO - 482
[2024-01-09T14:35:07.932-0300] {logging_mixin.py:188} INFO - 483
[2024-01-09T14:35:08.116-0300] {logging_mixin.py:188} INFO - 484
[2024-01-09T14:35:08.268-0300] {logging_mixin.py:188} INFO - 485
[2024-01-09T14:35:08.421-0300] {logging_mixin.py:188} INFO - 486
[2024-01-09T14:35:08.588-0300] {logging_mixin.py:188} INFO - 487
[2024-01-09T14:35:08.736-0300] {logging_mixin.py:188} INFO - 488
[2024-01-09T14:35:08.897-0300] {logging_mixin.py:188} INFO - 489
[2024-01-09T14:35:09.052-0300] {logging_mixin.py:188} INFO - 490
[2024-01-09T14:35:09.202-0300] {logging_mixin.py:188} INFO - 491
[2024-01-09T14:35:09.368-0300] {logging_mixin.py:188} INFO - 492
[2024-01-09T14:35:09.526-0300] {logging_mixin.py:188} INFO - 493
[2024-01-09T14:35:09.684-0300] {logging_mixin.py:188} INFO - 494
[2024-01-09T14:35:09.836-0300] {logging_mixin.py:188} INFO - 495
[2024-01-09T14:35:10.005-0300] {logging_mixin.py:188} INFO - 496
[2024-01-09T14:35:10.187-0300] {logging_mixin.py:188} INFO - 497
[2024-01-09T14:35:10.337-0300] {logging_mixin.py:188} INFO - 498
[2024-01-09T14:35:10.491-0300] {logging_mixin.py:188} INFO - 499
[2024-01-09T14:35:10.645-0300] {logging_mixin.py:188} INFO - 500
[2024-01-09T14:35:10.962-0300] {logging_mixin.py:188} INFO - 501
[2024-01-09T14:35:11.113-0300] {logging_mixin.py:188} INFO - 502
[2024-01-09T14:35:11.266-0300] {logging_mixin.py:188} INFO - 503
[2024-01-09T14:35:11.416-0300] {logging_mixin.py:188} INFO - 504
[2024-01-09T14:35:11.567-0300] {logging_mixin.py:188} INFO - 505
[2024-01-09T14:35:11.719-0300] {logging_mixin.py:188} INFO - 506
[2024-01-09T14:35:11.872-0300] {logging_mixin.py:188} INFO - 507
[2024-01-09T14:35:12.027-0300] {logging_mixin.py:188} INFO - 508
[2024-01-09T14:35:12.182-0300] {logging_mixin.py:188} INFO - 509
[2024-01-09T14:35:12.334-0300] {logging_mixin.py:188} INFO - 510
[2024-01-09T14:35:12.497-0300] {logging_mixin.py:188} INFO - 511
[2024-01-09T14:35:12.642-0300] {logging_mixin.py:188} INFO - 512
[2024-01-09T14:35:12.829-0300] {logging_mixin.py:188} INFO - 513
[2024-01-09T14:35:12.977-0300] {logging_mixin.py:188} INFO - 514
[2024-01-09T14:35:13.135-0300] {logging_mixin.py:188} INFO - 515
[2024-01-09T14:35:13.283-0300] {logging_mixin.py:188} INFO - 516
[2024-01-09T14:35:13.457-0300] {logging_mixin.py:188} INFO - 517
[2024-01-09T14:35:13.607-0300] {logging_mixin.py:188} INFO - 518
[2024-01-09T14:35:13.761-0300] {logging_mixin.py:188} INFO - 519
[2024-01-09T14:35:13.908-0300] {logging_mixin.py:188} INFO - 520
[2024-01-09T14:35:14.208-0300] {logging_mixin.py:188} INFO - 521
[2024-01-09T14:35:14.355-0300] {logging_mixin.py:188} INFO - 522
[2024-01-09T14:35:14.519-0300] {logging_mixin.py:188} INFO - 523
[2024-01-09T14:35:14.703-0300] {logging_mixin.py:188} INFO - 524
[2024-01-09T14:35:14.853-0300] {logging_mixin.py:188} INFO - 525
[2024-01-09T14:35:15.004-0300] {logging_mixin.py:188} INFO - 526
[2024-01-09T14:35:15.161-0300] {logging_mixin.py:188} INFO - 527
[2024-01-09T14:35:15.316-0300] {logging_mixin.py:188} INFO - 528
[2024-01-09T14:35:15.475-0300] {logging_mixin.py:188} INFO - 529
[2024-01-09T14:35:15.639-0300] {logging_mixin.py:188} INFO - 530
[2024-01-09T14:35:15.795-0300] {logging_mixin.py:188} INFO - 531
[2024-01-09T14:35:15.946-0300] {logging_mixin.py:188} INFO - 532
[2024-01-09T14:35:16.102-0300] {logging_mixin.py:188} INFO - 533
[2024-01-09T14:35:16.254-0300] {logging_mixin.py:188} INFO - 534
[2024-01-09T14:35:16.402-0300] {logging_mixin.py:188} INFO - 535
[2024-01-09T14:35:16.554-0300] {logging_mixin.py:188} INFO - 536
[2024-01-09T14:35:16.708-0300] {logging_mixin.py:188} INFO - 537
[2024-01-09T14:35:16.859-0300] {logging_mixin.py:188} INFO - 538
[2024-01-09T14:35:17.017-0300] {logging_mixin.py:188} INFO - 539
[2024-01-09T14:35:17.166-0300] {logging_mixin.py:188} INFO - 540
[2024-01-09T14:35:17.497-0300] {logging_mixin.py:188} INFO - 541
[2024-01-09T14:35:17.645-0300] {logging_mixin.py:188} INFO - 542
[2024-01-09T14:35:17.795-0300] {logging_mixin.py:188} INFO - 543
[2024-01-09T14:35:17.952-0300] {logging_mixin.py:188} INFO - 544
[2024-01-09T14:35:18.192-0300] {logging_mixin.py:188} INFO - 545
[2024-01-09T14:35:18.348-0300] {logging_mixin.py:188} INFO - 546
[2024-01-09T14:35:18.497-0300] {logging_mixin.py:188} INFO - 547
[2024-01-09T14:35:18.645-0300] {logging_mixin.py:188} INFO - 548
[2024-01-09T14:35:18.802-0300] {logging_mixin.py:188} INFO - 549
[2024-01-09T14:35:18.980-0300] {logging_mixin.py:188} INFO - 550
[2024-01-09T14:35:19.136-0300] {logging_mixin.py:188} INFO - 551
[2024-01-09T14:35:19.336-0300] {logging_mixin.py:188} INFO - 552
[2024-01-09T14:35:19.494-0300] {logging_mixin.py:188} INFO - 553
[2024-01-09T14:35:19.639-0300] {logging_mixin.py:188} INFO - 554
[2024-01-09T14:35:19.792-0300] {logging_mixin.py:188} INFO - 555
[2024-01-09T14:35:19.962-0300] {logging_mixin.py:188} INFO - 556
[2024-01-09T14:35:20.176-0300] {logging_mixin.py:188} INFO - 557
[2024-01-09T14:35:20.329-0300] {logging_mixin.py:188} INFO - 558
[2024-01-09T14:35:20.487-0300] {logging_mixin.py:188} INFO - 559
[2024-01-09T14:35:20.639-0300] {logging_mixin.py:188} INFO - 560
[2024-01-09T14:35:20.995-0300] {logging_mixin.py:188} INFO - 561
[2024-01-09T14:35:21.148-0300] {logging_mixin.py:188} INFO - 562
[2024-01-09T14:35:21.296-0300] {logging_mixin.py:188} INFO - 563
[2024-01-09T14:35:21.448-0300] {logging_mixin.py:188} INFO - 564
[2024-01-09T14:35:21.602-0300] {logging_mixin.py:188} INFO - 565
[2024-01-09T14:35:21.755-0300] {logging_mixin.py:188} INFO - 566
[2024-01-09T14:35:22.036-0300] {logging_mixin.py:188} INFO - 567
[2024-01-09T14:35:22.187-0300] {logging_mixin.py:188} INFO - 568
[2024-01-09T14:35:22.330-0300] {logging_mixin.py:188} INFO - 569
[2024-01-09T14:35:22.474-0300] {logging_mixin.py:188} INFO - 570
[2024-01-09T14:35:22.634-0300] {logging_mixin.py:188} INFO - 571
[2024-01-09T14:35:22.796-0300] {logging_mixin.py:188} INFO - 572
[2024-01-09T14:35:22.957-0300] {logging_mixin.py:188} INFO - 573
[2024-01-09T14:35:23.118-0300] {logging_mixin.py:188} INFO - 574
[2024-01-09T14:35:23.286-0300] {logging_mixin.py:188} INFO - 575
[2024-01-09T14:35:23.439-0300] {logging_mixin.py:188} INFO - 576
[2024-01-09T14:35:23.599-0300] {logging_mixin.py:188} INFO - 577
[2024-01-09T14:35:23.752-0300] {logging_mixin.py:188} INFO - 578
[2024-01-09T14:35:23.938-0300] {logging_mixin.py:188} INFO - 579
[2024-01-09T14:35:24.112-0300] {logging_mixin.py:188} INFO - 580
[2024-01-09T14:35:24.468-0300] {logging_mixin.py:188} INFO - 581
[2024-01-09T14:35:24.629-0300] {logging_mixin.py:188} INFO - 582
[2024-01-09T14:35:24.784-0300] {logging_mixin.py:188} INFO - 583
[2024-01-09T14:35:24.937-0300] {logging_mixin.py:188} INFO - 584
[2024-01-09T14:35:25.085-0300] {logging_mixin.py:188} INFO - 585
[2024-01-09T14:35:25.238-0300] {logging_mixin.py:188} INFO - 586
[2024-01-09T14:35:25.402-0300] {logging_mixin.py:188} INFO - 587
[2024-01-09T14:35:25.582-0300] {logging_mixin.py:188} INFO - 588
[2024-01-09T14:35:25.735-0300] {logging_mixin.py:188} INFO - 589
[2024-01-09T14:35:25.885-0300] {logging_mixin.py:188} INFO - 590
[2024-01-09T14:35:26.052-0300] {logging_mixin.py:188} INFO - 591
[2024-01-09T14:35:26.201-0300] {logging_mixin.py:188} INFO - 592
[2024-01-09T14:35:26.353-0300] {logging_mixin.py:188} INFO - 593
[2024-01-09T14:35:26.518-0300] {logging_mixin.py:188} INFO - 594
[2024-01-09T14:35:26.671-0300] {logging_mixin.py:188} INFO - 595
[2024-01-09T14:35:26.868-0300] {logging_mixin.py:188} INFO - 596
[2024-01-09T14:35:27.019-0300] {logging_mixin.py:188} INFO - 597
[2024-01-09T14:35:27.200-0300] {logging_mixin.py:188} INFO - 598
[2024-01-09T14:35:27.349-0300] {logging_mixin.py:188} INFO - 599
[2024-01-09T14:35:27.540-0300] {logging_mixin.py:188} INFO - 600
[2024-01-09T14:35:27.859-0300] {logging_mixin.py:188} INFO - 601
[2024-01-09T14:35:28.029-0300] {logging_mixin.py:188} INFO - 602
[2024-01-09T14:35:28.199-0300] {logging_mixin.py:188} INFO - 603
[2024-01-09T14:35:28.370-0300] {logging_mixin.py:188} INFO - 604
[2024-01-09T14:35:28.535-0300] {logging_mixin.py:188} INFO - 605
[2024-01-09T14:35:28.691-0300] {logging_mixin.py:188} INFO - 606
[2024-01-09T14:35:28.844-0300] {logging_mixin.py:188} INFO - 607
[2024-01-09T14:35:28.999-0300] {logging_mixin.py:188} INFO - 608
[2024-01-09T14:35:29.161-0300] {logging_mixin.py:188} INFO - 609
[2024-01-09T14:35:29.398-0300] {logging_mixin.py:188} INFO - 610
[2024-01-09T14:35:29.553-0300] {logging_mixin.py:188} INFO - 611
[2024-01-09T14:35:29.703-0300] {logging_mixin.py:188} INFO - 612
[2024-01-09T14:35:29.864-0300] {logging_mixin.py:188} INFO - 613
[2024-01-09T14:35:30.022-0300] {logging_mixin.py:188} INFO - 614
[2024-01-09T14:35:30.185-0300] {logging_mixin.py:188} INFO - 615
[2024-01-09T14:35:30.348-0300] {logging_mixin.py:188} INFO - 616
[2024-01-09T14:35:30.552-0300] {logging_mixin.py:188} INFO - 617
[2024-01-09T14:35:30.702-0300] {logging_mixin.py:188} INFO - 618
[2024-01-09T14:35:30.852-0300] {logging_mixin.py:188} INFO - 619
[2024-01-09T14:35:31.003-0300] {logging_mixin.py:188} INFO - 620
[2024-01-09T14:35:31.310-0300] {logging_mixin.py:188} INFO - 621
[2024-01-09T14:35:31.468-0300] {logging_mixin.py:188} INFO - 622
[2024-01-09T14:35:31.637-0300] {logging_mixin.py:188} INFO - 623
[2024-01-09T14:35:31.787-0300] {logging_mixin.py:188} INFO - 624
[2024-01-09T14:35:31.948-0300] {logging_mixin.py:188} INFO - 625
[2024-01-09T14:35:32.098-0300] {logging_mixin.py:188} INFO - 626
[2024-01-09T14:35:32.303-0300] {logging_mixin.py:188} INFO - 627
[2024-01-09T14:35:32.501-0300] {logging_mixin.py:188} INFO - 628
[2024-01-09T14:35:32.655-0300] {logging_mixin.py:188} INFO - 629
[2024-01-09T14:35:32.808-0300] {logging_mixin.py:188} INFO - 630
[2024-01-09T14:35:32.959-0300] {logging_mixin.py:188} INFO - 631
[2024-01-09T14:35:33.122-0300] {logging_mixin.py:188} INFO - 632
[2024-01-09T14:35:33.336-0300] {logging_mixin.py:188} INFO - 633
[2024-01-09T14:35:33.487-0300] {logging_mixin.py:188} INFO - 634
[2024-01-09T14:35:33.637-0300] {logging_mixin.py:188} INFO - 635
[2024-01-09T14:35:33.795-0300] {logging_mixin.py:188} INFO - 636
[2024-01-09T14:35:33.949-0300] {logging_mixin.py:188} INFO - 637
[2024-01-09T14:35:34.103-0300] {logging_mixin.py:188} INFO - 638
[2024-01-09T14:35:34.270-0300] {logging_mixin.py:188} INFO - 639
[2024-01-09T14:35:34.419-0300] {logging_mixin.py:188} INFO - 640
[2024-01-09T14:35:34.726-0300] {logging_mixin.py:188} INFO - 641
[2024-01-09T14:35:34.878-0300] {logging_mixin.py:188} INFO - 642
[2024-01-09T14:35:35.044-0300] {logging_mixin.py:188} INFO - 643
[2024-01-09T14:35:35.189-0300] {logging_mixin.py:188} INFO - 644
[2024-01-09T14:35:35.347-0300] {logging_mixin.py:188} INFO - 645
[2024-01-09T14:35:35.501-0300] {logging_mixin.py:188} INFO - 646
[2024-01-09T14:35:35.653-0300] {logging_mixin.py:188} INFO - 647
[2024-01-09T14:35:35.815-0300] {logging_mixin.py:188} INFO - 648
[2024-01-09T14:35:35.967-0300] {logging_mixin.py:188} INFO - 649
[2024-01-09T14:35:36.115-0300] {logging_mixin.py:188} INFO - 650
[2024-01-09T14:35:36.268-0300] {logging_mixin.py:188} INFO - 651
[2024-01-09T14:35:36.421-0300] {logging_mixin.py:188} INFO - 652
[2024-01-09T14:35:36.575-0300] {logging_mixin.py:188} INFO - 653
[2024-01-09T14:35:36.721-0300] {logging_mixin.py:188} INFO - 654
[2024-01-09T14:35:36.882-0300] {logging_mixin.py:188} INFO - 655
[2024-01-09T14:35:37.031-0300] {logging_mixin.py:188} INFO - 656
[2024-01-09T14:35:37.183-0300] {logging_mixin.py:188} INFO - 657
[2024-01-09T14:35:37.328-0300] {logging_mixin.py:188} INFO - 658
[2024-01-09T14:35:37.481-0300] {logging_mixin.py:188} INFO - 659
[2024-01-09T14:35:37.638-0300] {logging_mixin.py:188} INFO - 660
[2024-01-09T14:35:37.946-0300] {logging_mixin.py:188} INFO - 661
[2024-01-09T14:35:38.097-0300] {logging_mixin.py:188} INFO - 662
[2024-01-09T14:35:38.262-0300] {logging_mixin.py:188} INFO - 663
[2024-01-09T14:35:38.418-0300] {logging_mixin.py:188} INFO - 664
[2024-01-09T14:35:38.568-0300] {logging_mixin.py:188} INFO - 665
[2024-01-09T14:35:38.720-0300] {logging_mixin.py:188} INFO - 666
[2024-01-09T14:35:38.917-0300] {logging_mixin.py:188} INFO - 667
[2024-01-09T14:35:39.090-0300] {logging_mixin.py:188} INFO - 668
[2024-01-09T14:35:39.247-0300] {logging_mixin.py:188} INFO - 669
[2024-01-09T14:35:39.393-0300] {logging_mixin.py:188} INFO - 670
[2024-01-09T14:35:40.603-0300] {logging_mixin.py:188} INFO - 671
[2024-01-09T14:35:40.753-0300] {logging_mixin.py:188} INFO - 672
[2024-01-09T14:35:40.904-0300] {logging_mixin.py:188} INFO - 673
[2024-01-09T14:35:41.058-0300] {logging_mixin.py:188} INFO - 674
[2024-01-09T14:35:41.213-0300] {logging_mixin.py:188} INFO - 675
[2024-01-09T14:35:41.364-0300] {logging_mixin.py:188} INFO - 676
[2024-01-09T14:35:41.514-0300] {logging_mixin.py:188} INFO - 677
[2024-01-09T14:35:41.726-0300] {logging_mixin.py:188} INFO - 678
[2024-01-09T14:35:41.885-0300] {logging_mixin.py:188} INFO - 679
[2024-01-09T14:35:42.041-0300] {logging_mixin.py:188} INFO - 680
[2024-01-09T14:35:42.359-0300] {logging_mixin.py:188} INFO - 681
[2024-01-09T14:35:42.514-0300] {logging_mixin.py:188} INFO - 682
[2024-01-09T14:35:42.665-0300] {logging_mixin.py:188} INFO - 683
[2024-01-09T14:35:42.817-0300] {logging_mixin.py:188} INFO - 684
[2024-01-09T14:35:42.970-0300] {logging_mixin.py:188} INFO - 685
[2024-01-09T14:35:43.120-0300] {logging_mixin.py:188} INFO - 686
[2024-01-09T14:35:43.310-0300] {logging_mixin.py:188} INFO - 687
[2024-01-09T14:35:43.472-0300] {logging_mixin.py:188} INFO - 688
[2024-01-09T14:35:43.647-0300] {logging_mixin.py:188} INFO - 689
[2024-01-09T14:35:43.809-0300] {logging_mixin.py:188} INFO - 690
[2024-01-09T14:35:43.963-0300] {logging_mixin.py:188} INFO - 691
[2024-01-09T14:35:44.155-0300] {logging_mixin.py:188} INFO - 692
[2024-01-09T14:35:44.309-0300] {logging_mixin.py:188} INFO - 693
[2024-01-09T14:35:44.472-0300] {logging_mixin.py:188} INFO - 694
[2024-01-09T14:35:44.622-0300] {logging_mixin.py:188} INFO - 695
[2024-01-09T14:35:44.828-0300] {logging_mixin.py:188} INFO - 696
[2024-01-09T14:35:44.978-0300] {logging_mixin.py:188} INFO - 697
[2024-01-09T14:35:45.127-0300] {logging_mixin.py:188} INFO - 698
[2024-01-09T14:35:45.280-0300] {logging_mixin.py:188} INFO - 699
[2024-01-09T14:35:45.432-0300] {logging_mixin.py:188} INFO - 700
[2024-01-09T14:35:45.736-0300] {logging_mixin.py:188} INFO - 701
[2024-01-09T14:35:45.894-0300] {logging_mixin.py:188} INFO - 702
[2024-01-09T14:35:46.049-0300] {logging_mixin.py:188} INFO - 703
[2024-01-09T14:35:46.194-0300] {logging_mixin.py:188} INFO - 704
[2024-01-09T14:35:46.352-0300] {logging_mixin.py:188} INFO - 705
[2024-01-09T14:35:46.529-0300] {logging_mixin.py:188} INFO - 706
[2024-01-09T14:35:46.678-0300] {logging_mixin.py:188} INFO - 707
[2024-01-09T14:35:46.845-0300] {logging_mixin.py:188} INFO - 708
[2024-01-09T14:35:46.998-0300] {logging_mixin.py:188} INFO - 709
[2024-01-09T14:35:47.173-0300] {logging_mixin.py:188} INFO - 710
[2024-01-09T14:35:47.319-0300] {logging_mixin.py:188} INFO - 711
[2024-01-09T14:35:47.507-0300] {logging_mixin.py:188} INFO - 712
[2024-01-09T14:35:47.683-0300] {logging_mixin.py:188} INFO - 713
[2024-01-09T14:35:47.831-0300] {logging_mixin.py:188} INFO - 714
[2024-01-09T14:35:47.991-0300] {logging_mixin.py:188} INFO - 715
[2024-01-09T14:35:48.146-0300] {logging_mixin.py:188} INFO - 716
[2024-01-09T14:35:48.293-0300] {logging_mixin.py:188} INFO - 717
[2024-01-09T14:35:48.466-0300] {logging_mixin.py:188} INFO - 718
[2024-01-09T14:35:48.747-0300] {logging_mixin.py:188} INFO - 719
[2024-01-09T14:35:48.902-0300] {logging_mixin.py:188} INFO - 720
[2024-01-09T14:35:49.200-0300] {logging_mixin.py:188} INFO - 721
[2024-01-09T14:35:49.353-0300] {logging_mixin.py:188} INFO - 722
[2024-01-09T14:35:49.509-0300] {logging_mixin.py:188} INFO - 723
[2024-01-09T14:35:49.658-0300] {logging_mixin.py:188} INFO - 724
[2024-01-09T14:35:49.832-0300] {logging_mixin.py:188} INFO - 725
[2024-01-09T14:35:49.994-0300] {logging_mixin.py:188} INFO - 726
[2024-01-09T14:35:50.142-0300] {logging_mixin.py:188} INFO - 727
[2024-01-09T14:35:50.288-0300] {logging_mixin.py:188} INFO - 728
[2024-01-09T14:35:50.444-0300] {logging_mixin.py:188} INFO - 729
[2024-01-09T14:35:50.603-0300] {logging_mixin.py:188} INFO - 730
[2024-01-09T14:35:50.749-0300] {logging_mixin.py:188} INFO - 731
[2024-01-09T14:35:50.898-0300] {logging_mixin.py:188} INFO - 732
[2024-01-09T14:35:51.053-0300] {logging_mixin.py:188} INFO - 733
[2024-01-09T14:35:51.204-0300] {logging_mixin.py:188} INFO - 734
[2024-01-09T14:35:51.352-0300] {logging_mixin.py:188} INFO - 735
[2024-01-09T14:35:51.503-0300] {logging_mixin.py:188} INFO - 736
[2024-01-09T14:35:51.656-0300] {logging_mixin.py:188} INFO - 737
[2024-01-09T14:35:51.812-0300] {logging_mixin.py:188} INFO - 738
[2024-01-09T14:35:51.963-0300] {logging_mixin.py:188} INFO - 739
[2024-01-09T14:35:52.126-0300] {logging_mixin.py:188} INFO - 740
[2024-01-09T14:35:52.424-0300] {logging_mixin.py:188} INFO - 741
[2024-01-09T14:35:52.601-0300] {logging_mixin.py:188} INFO - 742
[2024-01-09T14:35:52.769-0300] {logging_mixin.py:188} INFO - 743
[2024-01-09T14:35:52.945-0300] {logging_mixin.py:188} INFO - 744
[2024-01-09T14:35:53.089-0300] {logging_mixin.py:188} INFO - 745
[2024-01-09T14:35:53.248-0300] {logging_mixin.py:188} INFO - 746
[2024-01-09T14:35:53.399-0300] {logging_mixin.py:188} INFO - 747
[2024-01-09T14:35:53.551-0300] {logging_mixin.py:188} INFO - 748
[2024-01-09T14:35:53.704-0300] {logging_mixin.py:188} INFO - 749
[2024-01-09T14:35:53.869-0300] {logging_mixin.py:188} INFO - 750
[2024-01-09T14:35:54.022-0300] {logging_mixin.py:188} INFO - 751
[2024-01-09T14:35:54.175-0300] {logging_mixin.py:188} INFO - 752
[2024-01-09T14:35:54.340-0300] {logging_mixin.py:188} INFO - 753
[2024-01-09T14:35:54.496-0300] {logging_mixin.py:188} INFO - 754
[2024-01-09T14:35:54.644-0300] {logging_mixin.py:188} INFO - 755
[2024-01-09T14:35:54.842-0300] {logging_mixin.py:188} INFO - 756
[2024-01-09T14:35:54.990-0300] {logging_mixin.py:188} INFO - 757
[2024-01-09T14:35:55.148-0300] {logging_mixin.py:188} INFO - 758
[2024-01-09T14:35:55.320-0300] {logging_mixin.py:188} INFO - 759
[2024-01-09T14:35:55.470-0300] {logging_mixin.py:188} INFO - 760
[2024-01-09T14:35:55.769-0300] {logging_mixin.py:188} INFO - 761
[2024-01-09T14:35:55.923-0300] {logging_mixin.py:188} INFO - 762
[2024-01-09T14:35:56.073-0300] {logging_mixin.py:188} INFO - 763
[2024-01-09T14:35:56.222-0300] {logging_mixin.py:188} INFO - 764
[2024-01-09T14:35:56.369-0300] {logging_mixin.py:188} INFO - 765
[2024-01-09T14:35:56.523-0300] {logging_mixin.py:188} INFO - 766
[2024-01-09T14:35:56.677-0300] {logging_mixin.py:188} INFO - 767
[2024-01-09T14:35:56.827-0300] {logging_mixin.py:188} INFO - 768
[2024-01-09T14:35:56.984-0300] {logging_mixin.py:188} INFO - 769
[2024-01-09T14:35:57.138-0300] {logging_mixin.py:188} INFO - 770
[2024-01-09T14:35:57.298-0300] {logging_mixin.py:188} INFO - 771
[2024-01-09T14:35:57.450-0300] {logging_mixin.py:188} INFO - 772
[2024-01-09T14:35:57.598-0300] {logging_mixin.py:188} INFO - 773
[2024-01-09T14:35:57.752-0300] {logging_mixin.py:188} INFO - 774
[2024-01-09T14:35:57.909-0300] {logging_mixin.py:188} INFO - 775
[2024-01-09T14:35:58.059-0300] {logging_mixin.py:188} INFO - 776
[2024-01-09T14:35:58.212-0300] {logging_mixin.py:188} INFO - 777
[2024-01-09T14:35:58.366-0300] {logging_mixin.py:188} INFO - 778
[2024-01-09T14:35:58.517-0300] {logging_mixin.py:188} INFO - 779
[2024-01-09T14:35:58.672-0300] {logging_mixin.py:188} INFO - 780
[2024-01-09T14:35:58.978-0300] {logging_mixin.py:188} INFO - 781
[2024-01-09T14:35:59.131-0300] {logging_mixin.py:188} INFO - 782
[2024-01-09T14:35:59.319-0300] {logging_mixin.py:188} INFO - 783
[2024-01-09T14:35:59.466-0300] {logging_mixin.py:188} INFO - 784
[2024-01-09T14:35:59.615-0300] {logging_mixin.py:188} INFO - 785
[2024-01-09T14:35:59.766-0300] {logging_mixin.py:188} INFO - 786
[2024-01-09T14:35:59.922-0300] {logging_mixin.py:188} INFO - 787
[2024-01-09T14:36:00.069-0300] {logging_mixin.py:188} INFO - 788
[2024-01-09T14:36:00.218-0300] {logging_mixin.py:188} INFO - 789
[2024-01-09T14:36:00.367-0300] {logging_mixin.py:188} INFO - 790
[2024-01-09T14:36:00.533-0300] {logging_mixin.py:188} INFO - 791
[2024-01-09T14:36:00.681-0300] {logging_mixin.py:188} INFO - 792
[2024-01-09T14:36:00.837-0300] {logging_mixin.py:188} INFO - 793
[2024-01-09T14:36:00.993-0300] {logging_mixin.py:188} INFO - 794
[2024-01-09T14:36:01.144-0300] {logging_mixin.py:188} INFO - 795
[2024-01-09T14:36:01.294-0300] {logging_mixin.py:188} INFO - 796
[2024-01-09T14:36:01.446-0300] {logging_mixin.py:188} INFO - 797
[2024-01-09T14:36:01.616-0300] {logging_mixin.py:188} INFO - 798
[2024-01-09T14:36:01.769-0300] {logging_mixin.py:188} INFO - 799
[2024-01-09T14:36:01.925-0300] {logging_mixin.py:188} INFO - 800
[2024-01-09T14:36:02.230-0300] {logging_mixin.py:188} INFO - 801
[2024-01-09T14:36:02.380-0300] {logging_mixin.py:188} INFO - 802
[2024-01-09T14:36:02.545-0300] {logging_mixin.py:188} INFO - 803
[2024-01-09T14:36:02.711-0300] {logging_mixin.py:188} INFO - 804
[2024-01-09T14:36:02.870-0300] {logging_mixin.py:188} INFO - 805
[2024-01-09T14:36:03.033-0300] {logging_mixin.py:188} INFO - 806
[2024-01-09T14:36:03.183-0300] {logging_mixin.py:188} INFO - 807
[2024-01-09T14:36:03.331-0300] {logging_mixin.py:188} INFO - 808
[2024-01-09T14:36:03.485-0300] {logging_mixin.py:188} INFO - 809
[2024-01-09T14:36:03.631-0300] {logging_mixin.py:188} INFO - 810
[2024-01-09T14:36:03.783-0300] {logging_mixin.py:188} INFO - 811
[2024-01-09T14:36:03.954-0300] {logging_mixin.py:188} INFO - 812
[2024-01-09T14:36:04.111-0300] {logging_mixin.py:188} INFO - 813
[2024-01-09T14:36:04.270-0300] {logging_mixin.py:188} INFO - 814
[2024-01-09T14:36:05.211-0300] {logging_mixin.py:188} INFO - 815
[2024-01-09T14:36:05.374-0300] {logging_mixin.py:188} INFO - 816
[2024-01-09T14:36:05.529-0300] {logging_mixin.py:188} INFO - 817
[2024-01-09T14:36:05.677-0300] {logging_mixin.py:188} INFO - 818
[2024-01-09T14:36:05.832-0300] {logging_mixin.py:188} INFO - 819
[2024-01-09T14:36:05.980-0300] {logging_mixin.py:188} INFO - 820
[2024-01-09T14:36:06.277-0300] {logging_mixin.py:188} INFO - 821
[2024-01-09T14:36:06.431-0300] {logging_mixin.py:188} INFO - 822
[2024-01-09T14:36:06.576-0300] {logging_mixin.py:188} INFO - 823
[2024-01-09T14:36:06.739-0300] {logging_mixin.py:188} INFO - 824
[2024-01-09T14:36:06.894-0300] {logging_mixin.py:188} INFO - 825
[2024-01-09T14:36:07.040-0300] {logging_mixin.py:188} INFO - 826
[2024-01-09T14:36:07.187-0300] {logging_mixin.py:188} INFO - 827
[2024-01-09T14:36:07.343-0300] {logging_mixin.py:188} INFO - 828
[2024-01-09T14:36:07.499-0300] {logging_mixin.py:188} INFO - 829
[2024-01-09T14:36:07.645-0300] {logging_mixin.py:188} INFO - 830
[2024-01-09T14:36:07.812-0300] {logging_mixin.py:188} INFO - 831
[2024-01-09T14:36:07.962-0300] {logging_mixin.py:188} INFO - 832
[2024-01-09T14:36:08.132-0300] {logging_mixin.py:188} INFO - 833
[2024-01-09T14:36:08.281-0300] {logging_mixin.py:188} INFO - 834
[2024-01-09T14:36:08.428-0300] {logging_mixin.py:188} INFO - 835
[2024-01-09T14:36:08.585-0300] {logging_mixin.py:188} INFO - 836
[2024-01-09T14:36:08.734-0300] {logging_mixin.py:188} INFO - 837
[2024-01-09T14:36:08.882-0300] {logging_mixin.py:188} INFO - 838
[2024-01-09T14:36:09.038-0300] {logging_mixin.py:188} INFO - 839
[2024-01-09T14:36:09.190-0300] {logging_mixin.py:188} INFO - 840
[2024-01-09T14:36:09.510-0300] {logging_mixin.py:188} INFO - 841
[2024-01-09T14:36:09.663-0300] {logging_mixin.py:188} INFO - 842
[2024-01-09T14:36:09.828-0300] {logging_mixin.py:188} INFO - 843
[2024-01-09T14:36:09.975-0300] {logging_mixin.py:188} INFO - 844
[2024-01-09T14:36:10.119-0300] {logging_mixin.py:188} INFO - 845
[2024-01-09T14:36:10.269-0300] {logging_mixin.py:188} INFO - 846
[2024-01-09T14:36:10.419-0300] {logging_mixin.py:188} INFO - 847
[2024-01-09T14:36:10.592-0300] {logging_mixin.py:188} INFO - 848
[2024-01-09T14:36:10.741-0300] {logging_mixin.py:188} INFO - 849
[2024-01-09T14:36:10.888-0300] {logging_mixin.py:188} INFO - 850
[2024-01-09T14:36:11.043-0300] {logging_mixin.py:188} INFO - 851
[2024-01-09T14:36:11.204-0300] {logging_mixin.py:188} INFO - 852
[2024-01-09T14:36:11.356-0300] {logging_mixin.py:188} INFO - 853
[2024-01-09T14:36:11.514-0300] {logging_mixin.py:188} INFO - 854
[2024-01-09T14:36:11.676-0300] {logging_mixin.py:188} INFO - 855
[2024-01-09T14:36:11.829-0300] {logging_mixin.py:188} INFO - 856
[2024-01-09T14:36:12.001-0300] {logging_mixin.py:188} INFO - 857
[2024-01-09T14:36:12.154-0300] {logging_mixin.py:188} INFO - 858
[2024-01-09T14:36:12.305-0300] {logging_mixin.py:188} INFO - 859
[2024-01-09T14:36:12.469-0300] {logging_mixin.py:188} INFO - 860
[2024-01-09T14:36:12.780-0300] {logging_mixin.py:188} INFO - 861
[2024-01-09T14:36:12.928-0300] {logging_mixin.py:188} INFO - 862
[2024-01-09T14:36:13.081-0300] {logging_mixin.py:188} INFO - 863
[2024-01-09T14:36:13.229-0300] {logging_mixin.py:188} INFO - 864
[2024-01-09T14:36:13.386-0300] {logging_mixin.py:188} INFO - 865
[2024-01-09T14:36:13.532-0300] {logging_mixin.py:188} INFO - 866
[2024-01-09T14:36:13.684-0300] {logging_mixin.py:188} INFO - 867
[2024-01-09T14:36:13.835-0300] {logging_mixin.py:188} INFO - 868
[2024-01-09T14:36:13.989-0300] {logging_mixin.py:188} INFO - 869
[2024-01-09T14:36:14.144-0300] {logging_mixin.py:188} INFO - 870
[2024-01-09T14:36:14.302-0300] {logging_mixin.py:188} INFO - 871
[2024-01-09T14:36:14.455-0300] {logging_mixin.py:188} INFO - 872
[2024-01-09T14:36:14.606-0300] {logging_mixin.py:188} INFO - 873
[2024-01-09T14:36:14.756-0300] {logging_mixin.py:188} INFO - 874
[2024-01-09T14:36:14.911-0300] {logging_mixin.py:188} INFO - 875
[2024-01-09T14:36:15.068-0300] {logging_mixin.py:188} INFO - 876
[2024-01-09T14:36:15.219-0300] {logging_mixin.py:188} INFO - 877
[2024-01-09T14:36:15.371-0300] {logging_mixin.py:188} INFO - 878
[2024-01-09T14:36:15.515-0300] {logging_mixin.py:188} INFO - 879
[2024-01-09T14:36:15.673-0300] {logging_mixin.py:188} INFO - 880
[2024-01-09T14:36:15.971-0300] {logging_mixin.py:188} INFO - 881
[2024-01-09T14:36:16.119-0300] {logging_mixin.py:188} INFO - 882
[2024-01-09T14:36:16.273-0300] {logging_mixin.py:188} INFO - 883
[2024-01-09T14:36:16.427-0300] {logging_mixin.py:188} INFO - 884
[2024-01-09T14:36:16.580-0300] {logging_mixin.py:188} INFO - 885
[2024-01-09T14:36:16.725-0300] {logging_mixin.py:188} INFO - 886
[2024-01-09T14:36:16.873-0300] {logging_mixin.py:188} INFO - 887
[2024-01-09T14:36:17.052-0300] {logging_mixin.py:188} INFO - 888
[2024-01-09T14:36:17.222-0300] {logging_mixin.py:188} INFO - 889
[2024-01-09T14:36:17.386-0300] {logging_mixin.py:188} INFO - 890
[2024-01-09T14:36:17.529-0300] {logging_mixin.py:188} INFO - 891
[2024-01-09T14:36:17.681-0300] {logging_mixin.py:188} INFO - 892
[2024-01-09T14:36:17.829-0300] {logging_mixin.py:188} INFO - 893
[2024-01-09T14:36:17.985-0300] {logging_mixin.py:188} INFO - 894
[2024-01-09T14:36:18.134-0300] {logging_mixin.py:188} INFO - 895
[2024-01-09T14:36:18.297-0300] {logging_mixin.py:188} INFO - 896
[2024-01-09T14:36:18.443-0300] {logging_mixin.py:188} INFO - 897
[2024-01-09T14:36:18.598-0300] {logging_mixin.py:188} INFO - 898
[2024-01-09T14:36:18.744-0300] {logging_mixin.py:188} INFO - 899
[2024-01-09T14:36:18.905-0300] {logging_mixin.py:188} INFO - 900
[2024-01-09T14:36:19.212-0300] {logging_mixin.py:188} INFO - 901
[2024-01-09T14:36:19.363-0300] {logging_mixin.py:188} INFO - 902
[2024-01-09T14:36:19.512-0300] {logging_mixin.py:188} INFO - 903
[2024-01-09T14:36:19.669-0300] {logging_mixin.py:188} INFO - 904
[2024-01-09T14:36:19.817-0300] {logging_mixin.py:188} INFO - 905
[2024-01-09T14:36:19.970-0300] {logging_mixin.py:188} INFO - 906
[2024-01-09T14:36:20.122-0300] {logging_mixin.py:188} INFO - 907
[2024-01-09T14:36:20.304-0300] {logging_mixin.py:188} INFO - 908
[2024-01-09T14:36:20.452-0300] {logging_mixin.py:188} INFO - 909
[2024-01-09T14:36:20.607-0300] {logging_mixin.py:188} INFO - 910
[2024-01-09T14:36:20.759-0300] {logging_mixin.py:188} INFO - 911
[2024-01-09T14:36:20.906-0300] {logging_mixin.py:188} INFO - 912
[2024-01-09T14:36:21.071-0300] {logging_mixin.py:188} INFO - 913
[2024-01-09T14:36:21.221-0300] {logging_mixin.py:188} INFO - 914
[2024-01-09T14:36:21.368-0300] {logging_mixin.py:188} INFO - 915
[2024-01-09T14:36:21.531-0300] {logging_mixin.py:188} INFO - 916
[2024-01-09T14:36:21.698-0300] {logging_mixin.py:188} INFO - 917
[2024-01-09T14:36:21.849-0300] {logging_mixin.py:188} INFO - 918
[2024-01-09T14:36:22.004-0300] {logging_mixin.py:188} INFO - 919
[2024-01-09T14:36:22.157-0300] {logging_mixin.py:188} INFO - 920
[2024-01-09T14:36:22.464-0300] {logging_mixin.py:188} INFO - 921
[2024-01-09T14:36:22.763-0300] {logging_mixin.py:188} INFO - 922
[2024-01-09T14:36:22.910-0300] {logging_mixin.py:188} INFO - 923
[2024-01-09T14:36:23.058-0300] {logging_mixin.py:188} INFO - 924
[2024-01-09T14:36:23.215-0300] {logging_mixin.py:188} INFO - 925
[2024-01-09T14:36:23.367-0300] {logging_mixin.py:188} INFO - 926
[2024-01-09T14:36:23.539-0300] {logging_mixin.py:188} INFO - 927
[2024-01-09T14:36:23.795-0300] {logging_mixin.py:188} INFO - 928
[2024-01-09T14:36:23.982-0300] {logging_mixin.py:188} INFO - 929
[2024-01-09T14:36:24.138-0300] {logging_mixin.py:188} INFO - 930
[2024-01-09T14:36:24.285-0300] {logging_mixin.py:188} INFO - 931
[2024-01-09T14:36:24.486-0300] {logging_mixin.py:188} INFO - 932
[2024-01-09T14:36:24.639-0300] {logging_mixin.py:188} INFO - 933
[2024-01-09T14:36:24.792-0300] {logging_mixin.py:188} INFO - 934
[2024-01-09T14:36:24.939-0300] {logging_mixin.py:188} INFO - 935
[2024-01-09T14:36:25.097-0300] {logging_mixin.py:188} INFO - 936
[2024-01-09T14:36:25.243-0300] {logging_mixin.py:188} INFO - 937
[2024-01-09T14:36:25.448-0300] {logging_mixin.py:188} INFO - 938
[2024-01-09T14:36:25.611-0300] {logging_mixin.py:188} INFO - 939
[2024-01-09T14:36:25.779-0300] {logging_mixin.py:188} INFO - 940
[2024-01-09T14:36:26.086-0300] {logging_mixin.py:188} INFO - 941
[2024-01-09T14:36:26.238-0300] {logging_mixin.py:188} INFO - 942
[2024-01-09T14:36:26.392-0300] {logging_mixin.py:188} INFO - 943
[2024-01-09T14:36:26.542-0300] {logging_mixin.py:188} INFO - 944
[2024-01-09T14:36:26.732-0300] {logging_mixin.py:188} INFO - 945
[2024-01-09T14:36:26.888-0300] {logging_mixin.py:188} INFO - 946
[2024-01-09T14:36:27.042-0300] {logging_mixin.py:188} INFO - 947
[2024-01-09T14:36:27.200-0300] {logging_mixin.py:188} INFO - 948
[2024-01-09T14:36:27.355-0300] {logging_mixin.py:188} INFO - 949
[2024-01-09T14:36:27.512-0300] {logging_mixin.py:188} INFO - 950
[2024-01-09T14:36:27.661-0300] {logging_mixin.py:188} INFO - 951
[2024-01-09T14:36:27.829-0300] {logging_mixin.py:188} INFO - 952
[2024-01-09T14:36:27.975-0300] {logging_mixin.py:188} INFO - 953
[2024-01-09T14:36:28.144-0300] {logging_mixin.py:188} INFO - 954
[2024-01-09T14:36:28.433-0300] {logging_mixin.py:188} INFO - 955
[2024-01-09T14:36:28.585-0300] {logging_mixin.py:188} INFO - 956
[2024-01-09T14:36:28.736-0300] {logging_mixin.py:188} INFO - 957
[2024-01-09T14:36:28.888-0300] {logging_mixin.py:188} INFO - 958
[2024-01-09T14:36:29.058-0300] {logging_mixin.py:188} INFO - 959
[2024-01-09T14:36:29.210-0300] {logging_mixin.py:188} INFO - 960
[2024-01-09T14:36:29.529-0300] {logging_mixin.py:188} INFO - 961
[2024-01-09T14:36:29.679-0300] {logging_mixin.py:188} INFO - 962
[2024-01-09T14:36:29.832-0300] {logging_mixin.py:188} INFO - 963
[2024-01-09T14:36:29.980-0300] {logging_mixin.py:188} INFO - 964
[2024-01-09T14:36:30.133-0300] {logging_mixin.py:188} INFO - 965
[2024-01-09T14:36:30.284-0300] {logging_mixin.py:188} INFO - 966
[2024-01-09T14:36:30.437-0300] {logging_mixin.py:188} INFO - 967
[2024-01-09T14:36:30.591-0300] {logging_mixin.py:188} INFO - 968
[2024-01-09T14:36:30.745-0300] {logging_mixin.py:188} INFO - 969
[2024-01-09T14:36:30.894-0300] {logging_mixin.py:188} INFO - 970
[2024-01-09T14:36:31.067-0300] {logging_mixin.py:188} INFO - 971
[2024-01-09T14:36:31.236-0300] {logging_mixin.py:188} INFO - 972
[2024-01-09T14:36:31.390-0300] {logging_mixin.py:188} INFO - 973
[2024-01-09T14:36:31.564-0300] {logging_mixin.py:188} INFO - 974
[2024-01-09T14:36:31.713-0300] {logging_mixin.py:188} INFO - 975
[2024-01-09T14:36:31.884-0300] {logging_mixin.py:188} INFO - 976
[2024-01-09T14:36:32.039-0300] {logging_mixin.py:188} INFO - 977
[2024-01-09T14:36:32.248-0300] {logging_mixin.py:188} INFO - 978
[2024-01-09T14:36:32.407-0300] {logging_mixin.py:188} INFO - 979
[2024-01-09T14:36:32.617-0300] {logging_mixin.py:188} INFO - 980
[2024-01-09T14:36:32.940-0300] {logging_mixin.py:188} INFO - 981
[2024-01-09T14:36:33.086-0300] {logging_mixin.py:188} INFO - 982
[2024-01-09T14:36:33.238-0300] {logging_mixin.py:188} INFO - 983
[2024-01-09T14:36:33.386-0300] {logging_mixin.py:188} INFO - 984
[2024-01-09T14:36:33.562-0300] {logging_mixin.py:188} INFO - 985
[2024-01-09T14:36:33.715-0300] {logging_mixin.py:188} INFO - 986
[2024-01-09T14:36:33.878-0300] {logging_mixin.py:188} INFO - 987
[2024-01-09T14:36:34.033-0300] {logging_mixin.py:188} INFO - 988
[2024-01-09T14:36:34.188-0300] {logging_mixin.py:188} INFO - 989
[2024-01-09T14:36:34.336-0300] {logging_mixin.py:188} INFO - 990
[2024-01-09T14:36:34.488-0300] {logging_mixin.py:188} INFO - 991
[2024-01-09T14:36:34.641-0300] {logging_mixin.py:188} INFO - 992
[2024-01-09T14:36:34.788-0300] {logging_mixin.py:188} INFO - 993
[2024-01-09T14:36:34.945-0300] {logging_mixin.py:188} INFO - 994
[2024-01-09T14:36:35.094-0300] {logging_mixin.py:188} INFO - 995
[2024-01-09T14:36:35.249-0300] {logging_mixin.py:188} INFO - 996
[2024-01-09T14:36:35.402-0300] {logging_mixin.py:188} INFO - 997
[2024-01-09T14:36:35.553-0300] {logging_mixin.py:188} INFO - 998
[2024-01-09T14:36:35.706-0300] {logging_mixin.py:188} INFO - 999
[2024-01-09T14:36:35.856-0300] {logging_mixin.py:188} INFO - 1000
[2024-01-09T14:36:36.160-0300] {logging_mixin.py:188} INFO - 1001
[2024-01-09T14:36:36.317-0300] {logging_mixin.py:188} INFO - 1002
[2024-01-09T14:36:36.471-0300] {logging_mixin.py:188} INFO - 1003
[2024-01-09T14:36:36.629-0300] {logging_mixin.py:188} INFO - 1004
[2024-01-09T14:36:36.779-0300] {logging_mixin.py:188} INFO - 1005
[2024-01-09T14:36:36.945-0300] {logging_mixin.py:188} INFO - 1006
[2024-01-09T14:36:37.123-0300] {logging_mixin.py:188} INFO - 1007
[2024-01-09T14:36:37.305-0300] {logging_mixin.py:188} INFO - 1008
[2024-01-09T14:36:37.464-0300] {logging_mixin.py:188} INFO - 1009
[2024-01-09T14:36:37.664-0300] {logging_mixin.py:188} INFO - 1010
[2024-01-09T14:36:37.858-0300] {logging_mixin.py:188} INFO - 1011
[2024-01-09T14:36:38.011-0300] {logging_mixin.py:188} INFO - 1012
[2024-01-09T14:36:38.169-0300] {logging_mixin.py:188} INFO - 1013
[2024-01-09T14:36:38.322-0300] {logging_mixin.py:188} INFO - 1014
[2024-01-09T14:36:38.482-0300] {logging_mixin.py:188} INFO - 1015
[2024-01-09T14:36:38.628-0300] {logging_mixin.py:188} INFO - 1016
[2024-01-09T14:36:38.777-0300] {logging_mixin.py:188} INFO - 1017
[2024-01-09T14:36:38.925-0300] {logging_mixin.py:188} INFO - 1018
[2024-01-09T14:36:39.128-0300] {logging_mixin.py:188} INFO - 1019
[2024-01-09T14:36:39.279-0300] {logging_mixin.py:188} INFO - 1020
[2024-01-09T14:36:39.590-0300] {logging_mixin.py:188} INFO - 1021
[2024-01-09T14:36:39.756-0300] {logging_mixin.py:188} INFO - 1022
[2024-01-09T14:36:39.913-0300] {logging_mixin.py:188} INFO - 1023
[2024-01-09T14:36:40.067-0300] {logging_mixin.py:188} INFO - 1024
[2024-01-09T14:36:40.215-0300] {logging_mixin.py:188} INFO - 1025
[2024-01-09T14:36:40.368-0300] {logging_mixin.py:188} INFO - 10001
[2024-01-09T14:36:40.525-0300] {logging_mixin.py:188} INFO - 10002
[2024-01-09T14:36:40.674-0300] {logging_mixin.py:188} INFO - 10003
[2024-01-09T14:36:40.824-0300] {logging_mixin.py:188} INFO - 10004
[2024-01-09T14:36:40.974-0300] {logging_mixin.py:188} INFO - 10005
[2024-01-09T14:36:41.129-0300] {logging_mixin.py:188} INFO - 10006
[2024-01-09T14:36:41.278-0300] {logging_mixin.py:188} INFO - 10007
[2024-01-09T14:36:41.435-0300] {logging_mixin.py:188} INFO - 10008
[2024-01-09T14:36:41.585-0300] {logging_mixin.py:188} INFO - 10009
[2024-01-09T14:36:41.751-0300] {logging_mixin.py:188} INFO - 10010
[2024-01-09T14:36:41.905-0300] {logging_mixin.py:188} INFO - 10011
[2024-01-09T14:36:42.057-0300] {logging_mixin.py:188} INFO - 10012
[2024-01-09T14:36:42.206-0300] {logging_mixin.py:188} INFO - 10013
[2024-01-09T14:36:42.358-0300] {logging_mixin.py:188} INFO - 10014
[2024-01-09T14:36:42.507-0300] {logging_mixin.py:188} INFO - 10015
[2024-01-09T14:36:42.817-0300] {logging_mixin.py:188} INFO - 10016
[2024-01-09T14:36:42.970-0300] {logging_mixin.py:188} INFO - 10017
[2024-01-09T14:36:43.122-0300] {logging_mixin.py:188} INFO - 10018
[2024-01-09T14:36:43.278-0300] {logging_mixin.py:188} INFO - 10019
[2024-01-09T14:36:43.444-0300] {logging_mixin.py:188} INFO - 10020
[2024-01-09T14:36:43.594-0300] {logging_mixin.py:188} INFO - 10021
[2024-01-09T14:36:43.743-0300] {logging_mixin.py:188} INFO - 10022
[2024-01-09T14:36:43.895-0300] {logging_mixin.py:188} INFO - 10023
[2024-01-09T14:36:44.046-0300] {logging_mixin.py:188} INFO - 10024
[2024-01-09T14:36:44.201-0300] {logging_mixin.py:188} INFO - 10025
[2024-01-09T14:36:44.350-0300] {logging_mixin.py:188} INFO - 10026
[2024-01-09T14:36:44.498-0300] {logging_mixin.py:188} INFO - 10027
[2024-01-09T14:36:44.651-0300] {logging_mixin.py:188} INFO - 10028
[2024-01-09T14:36:44.831-0300] {logging_mixin.py:188} INFO - 10029
[2024-01-09T14:36:44.980-0300] {logging_mixin.py:188} INFO - 10030
[2024-01-09T14:36:45.127-0300] {logging_mixin.py:188} INFO - 10031
[2024-01-09T14:36:45.276-0300] {logging_mixin.py:188} INFO - 10032
[2024-01-09T14:36:45.426-0300] {logging_mixin.py:188} INFO - 10033
[2024-01-09T14:36:45.579-0300] {logging_mixin.py:188} INFO - 10034
[2024-01-09T14:36:45.736-0300] {logging_mixin.py:188} INFO - 10035
[2024-01-09T14:36:46.044-0300] {logging_mixin.py:188} INFO - 10036
[2024-01-09T14:36:46.192-0300] {logging_mixin.py:188} INFO - 10037
[2024-01-09T14:36:46.361-0300] {logging_mixin.py:188} INFO - 10038
[2024-01-09T14:36:46.510-0300] {logging_mixin.py:188} INFO - 10039
[2024-01-09T14:36:46.704-0300] {logging_mixin.py:188} INFO - 10040
[2024-01-09T14:36:46.854-0300] {logging_mixin.py:188} INFO - 10041
[2024-01-09T14:36:47.027-0300] {logging_mixin.py:188} INFO - 10042
[2024-01-09T14:36:47.175-0300] {logging_mixin.py:188} INFO - 10043
[2024-01-09T14:36:47.336-0300] {logging_mixin.py:188} INFO - 10044
[2024-01-09T14:36:47.492-0300] {logging_mixin.py:188} INFO - 10045
[2024-01-09T14:36:47.641-0300] {logging_mixin.py:188} INFO - 10046
[2024-01-09T14:36:47.793-0300] {logging_mixin.py:188} INFO - 10047
[2024-01-09T14:36:47.942-0300] {logging_mixin.py:188} INFO - 10048
[2024-01-09T14:36:48.092-0300] {logging_mixin.py:188} INFO - 10049
[2024-01-09T14:36:48.251-0300] {logging_mixin.py:188} INFO - 10050
[2024-01-09T14:36:48.403-0300] {logging_mixin.py:188} INFO - 10051
[2024-01-09T14:36:48.556-0300] {logging_mixin.py:188} INFO - 10052
[2024-01-09T14:36:48.714-0300] {logging_mixin.py:188} INFO - 10053
[2024-01-09T14:36:48.863-0300] {logging_mixin.py:188} INFO - 10054
[2024-01-09T14:36:49.014-0300] {logging_mixin.py:188} INFO - 10055
[2024-01-09T14:36:49.320-0300] {logging_mixin.py:188} INFO - 10056
[2024-01-09T14:36:49.474-0300] {logging_mixin.py:188} INFO - 10057
[2024-01-09T14:36:49.636-0300] {logging_mixin.py:188} INFO - 10058
[2024-01-09T14:36:49.792-0300] {logging_mixin.py:188} INFO - 10059
[2024-01-09T14:36:49.943-0300] {logging_mixin.py:188} INFO - 10060
[2024-01-09T14:36:50.092-0300] {logging_mixin.py:188} INFO - 10061
[2024-01-09T14:36:50.244-0300] {logging_mixin.py:188} INFO - 10062
[2024-01-09T14:36:50.408-0300] {logging_mixin.py:188} INFO - 10063
[2024-01-09T14:36:50.553-0300] {logging_mixin.py:188} INFO - 10064
[2024-01-09T14:36:50.701-0300] {logging_mixin.py:188} INFO - 10065
[2024-01-09T14:36:50.868-0300] {logging_mixin.py:188} INFO - 10066
[2024-01-09T14:36:51.017-0300] {logging_mixin.py:188} INFO - 10067
[2024-01-09T14:36:51.183-0300] {logging_mixin.py:188} INFO - 10068
[2024-01-09T14:36:51.380-0300] {logging_mixin.py:188} INFO - 10069
[2024-01-09T14:36:51.533-0300] {logging_mixin.py:188} INFO - 10070
[2024-01-09T14:36:51.681-0300] {logging_mixin.py:188} INFO - 10071
[2024-01-09T14:36:51.845-0300] {logging_mixin.py:188} INFO - 10072
[2024-01-09T14:36:51.995-0300] {logging_mixin.py:188} INFO - 10073
[2024-01-09T14:36:52.140-0300] {logging_mixin.py:188} INFO - 10074
[2024-01-09T14:36:52.300-0300] {logging_mixin.py:188} INFO - 10075
[2024-01-09T14:36:52.608-0300] {logging_mixin.py:188} INFO - 10076
[2024-01-09T14:36:52.762-0300] {logging_mixin.py:188} INFO - 10077
[2024-01-09T14:36:52.910-0300] {logging_mixin.py:188} INFO - 10078
[2024-01-09T14:36:53.063-0300] {logging_mixin.py:188} INFO - 10079
[2024-01-09T14:36:53.212-0300] {logging_mixin.py:188} INFO - 10080
[2024-01-09T14:36:53.364-0300] {logging_mixin.py:188} INFO - 10081
[2024-01-09T14:36:53.533-0300] {logging_mixin.py:188} INFO - 10082
[2024-01-09T14:36:53.679-0300] {logging_mixin.py:188} INFO - 10083
[2024-01-09T14:36:53.853-0300] {logging_mixin.py:188} INFO - 10084
[2024-01-09T14:36:54.002-0300] {logging_mixin.py:188} INFO - 10085
[2024-01-09T14:36:54.164-0300] {logging_mixin.py:188} INFO - 10086
[2024-01-09T14:36:54.314-0300] {logging_mixin.py:188} INFO - 10087
[2024-01-09T14:36:54.462-0300] {logging_mixin.py:188} INFO - 10088
[2024-01-09T14:36:54.718-0300] {logging_mixin.py:188} INFO - 10089
[2024-01-09T14:36:54.865-0300] {logging_mixin.py:188} INFO - 10090
[2024-01-09T14:36:55.014-0300] {logging_mixin.py:188} INFO - 10091
[2024-01-09T14:36:55.194-0300] {logging_mixin.py:188} INFO - 10092
[2024-01-09T14:36:55.346-0300] {logging_mixin.py:188} INFO - 10093
[2024-01-09T14:36:55.505-0300] {logging_mixin.py:188} INFO - 10094
[2024-01-09T14:36:55.658-0300] {logging_mixin.py:188} INFO - 10095
[2024-01-09T14:36:55.979-0300] {logging_mixin.py:188} INFO - 10096
[2024-01-09T14:36:56.130-0300] {logging_mixin.py:188} INFO - 10097
[2024-01-09T14:36:56.290-0300] {logging_mixin.py:188} INFO - 10098
[2024-01-09T14:36:56.443-0300] {logging_mixin.py:188} INFO - 10099
[2024-01-09T14:36:56.606-0300] {logging_mixin.py:188} INFO - 10100
[2024-01-09T14:36:56.755-0300] {logging_mixin.py:188} INFO - 10101
[2024-01-09T14:36:56.902-0300] {logging_mixin.py:188} INFO - 10102
[2024-01-09T14:36:57.054-0300] {logging_mixin.py:188} INFO - 10103
[2024-01-09T14:36:57.252-0300] {logging_mixin.py:188} INFO - 10104
[2024-01-09T14:36:57.408-0300] {logging_mixin.py:188} INFO - 10105
[2024-01-09T14:36:57.559-0300] {logging_mixin.py:188} INFO - 10106
[2024-01-09T14:36:57.721-0300] {logging_mixin.py:188} INFO - 10107
[2024-01-09T14:36:57.874-0300] {logging_mixin.py:188} INFO - 10108
[2024-01-09T14:36:58.028-0300] {logging_mixin.py:188} INFO - 10109
[2024-01-09T14:36:58.177-0300] {logging_mixin.py:188} INFO - 10110
[2024-01-09T14:36:58.334-0300] {logging_mixin.py:188} INFO - 10111
[2024-01-09T14:36:58.491-0300] {logging_mixin.py:188} INFO - 10112
[2024-01-09T14:36:58.645-0300] {logging_mixin.py:188} INFO - 10113
[2024-01-09T14:36:58.796-0300] {logging_mixin.py:188} INFO - 10114
[2024-01-09T14:36:58.948-0300] {logging_mixin.py:188} INFO - 10115
[2024-01-09T14:36:59.242-0300] {logging_mixin.py:188} INFO - 10116
[2024-01-09T14:36:59.398-0300] {logging_mixin.py:188} INFO - 10117
[2024-01-09T14:36:59.545-0300] {logging_mixin.py:188} INFO - 10118
[2024-01-09T14:36:59.693-0300] {logging_mixin.py:188} INFO - 10119
[2024-01-09T14:36:59.843-0300] {logging_mixin.py:188} INFO - 10120
[2024-01-09T14:36:59.993-0300] {logging_mixin.py:188} INFO - 10121
[2024-01-09T14:37:00.145-0300] {logging_mixin.py:188} INFO - 10122
[2024-01-09T14:37:00.292-0300] {logging_mixin.py:188} INFO - 10123
[2024-01-09T14:37:00.445-0300] {logging_mixin.py:188} INFO - 10124
[2024-01-09T14:37:00.592-0300] {logging_mixin.py:188} INFO - 10125
[2024-01-09T14:37:00.767-0300] {logging_mixin.py:188} INFO - 10126
[2024-01-09T14:37:00.953-0300] {logging_mixin.py:188} INFO - 10127
[2024-01-09T14:37:01.105-0300] {logging_mixin.py:188} INFO - 10128
[2024-01-09T14:37:01.256-0300] {logging_mixin.py:188} INFO - 10129
[2024-01-09T14:37:01.419-0300] {logging_mixin.py:188} INFO - 10130
[2024-01-09T14:37:01.569-0300] {logging_mixin.py:188} INFO - 10131
[2024-01-09T14:37:01.721-0300] {logging_mixin.py:188} INFO - 10132
[2024-01-09T14:37:01.933-0300] {logging_mixin.py:188} INFO - 10133
[2024-01-09T14:37:02.085-0300] {logging_mixin.py:188} INFO - 10134
[2024-01-09T14:37:02.234-0300] {logging_mixin.py:188} INFO - 10135
[2024-01-09T14:37:02.540-0300] {logging_mixin.py:188} INFO - 10136
[2024-01-09T14:37:02.694-0300] {logging_mixin.py:188} INFO - 10137
[2024-01-09T14:37:02.846-0300] {logging_mixin.py:188} INFO - 10138
[2024-01-09T14:37:03.007-0300] {logging_mixin.py:188} INFO - 10139
[2024-01-09T14:37:03.155-0300] {logging_mixin.py:188} INFO - 10140
[2024-01-09T14:37:03.309-0300] {logging_mixin.py:188} INFO - 10141
[2024-01-09T14:37:03.460-0300] {logging_mixin.py:188} INFO - 10142
[2024-01-09T14:37:03.612-0300] {logging_mixin.py:188} INFO - 10143
[2024-01-09T14:37:03.771-0300] {logging_mixin.py:188} INFO - 10144
[2024-01-09T14:37:03.920-0300] {logging_mixin.py:188} INFO - 10145
[2024-01-09T14:37:04.078-0300] {logging_mixin.py:188} INFO - 10146
[2024-01-09T14:37:04.230-0300] {logging_mixin.py:188} INFO - 10147
[2024-01-09T14:37:04.386-0300] {logging_mixin.py:188} INFO - 10148
[2024-01-09T14:37:04.542-0300] {logging_mixin.py:188} INFO - 10149
[2024-01-09T14:37:04.691-0300] {logging_mixin.py:188} INFO - 10150
[2024-01-09T14:37:04.889-0300] {logging_mixin.py:188} INFO - 10151
[2024-01-09T14:37:05.051-0300] {logging_mixin.py:188} INFO - 10152
[2024-01-09T14:37:05.198-0300] {logging_mixin.py:188} INFO - 10153
[2024-01-09T14:37:05.364-0300] {logging_mixin.py:188} INFO - 10154
[2024-01-09T14:37:05.515-0300] {logging_mixin.py:188} INFO - 10155
[2024-01-09T14:37:05.817-0300] {logging_mixin.py:188} INFO - 10156
[2024-01-09T14:37:05.971-0300] {logging_mixin.py:188} INFO - 10157
[2024-01-09T14:37:06.127-0300] {logging_mixin.py:188} INFO - 10158
[2024-01-09T14:37:06.278-0300] {logging_mixin.py:188} INFO - 10159
[2024-01-09T14:37:06.448-0300] {logging_mixin.py:188} INFO - 10160
[2024-01-09T14:37:06.604-0300] {logging_mixin.py:188} INFO - 10161
[2024-01-09T14:37:06.758-0300] {logging_mixin.py:188} INFO - 10162
[2024-01-09T14:37:06.908-0300] {logging_mixin.py:188} INFO - 10163
[2024-01-09T14:37:07.059-0300] {logging_mixin.py:188} INFO - 10164
[2024-01-09T14:37:07.224-0300] {logging_mixin.py:188} INFO - 10165
[2024-01-09T14:37:07.389-0300] {logging_mixin.py:188} INFO - 10166
[2024-01-09T14:37:07.551-0300] {logging_mixin.py:188} INFO - 10167
[2024-01-09T14:37:07.698-0300] {logging_mixin.py:188} INFO - 10168
[2024-01-09T14:37:07.844-0300] {logging_mixin.py:188} INFO - 10169
[2024-01-09T14:37:07.997-0300] {logging_mixin.py:188} INFO - 10170
[2024-01-09T14:37:08.150-0300] {logging_mixin.py:188} INFO - 10171
[2024-01-09T14:37:08.314-0300] {logging_mixin.py:188} INFO - 10172
[2024-01-09T14:37:08.471-0300] {logging_mixin.py:188} INFO - 10173
[2024-01-09T14:37:08.619-0300] {logging_mixin.py:188} INFO - 10174
[2024-01-09T14:37:08.774-0300] {logging_mixin.py:188} INFO - 10175
[2024-01-09T14:37:09.082-0300] {logging_mixin.py:188} INFO - 10176
[2024-01-09T14:37:09.232-0300] {logging_mixin.py:188} INFO - 10177
[2024-01-09T14:37:09.389-0300] {logging_mixin.py:188} INFO - 10178
[2024-01-09T14:37:09.540-0300] {logging_mixin.py:188} INFO - 10179
[2024-01-09T14:37:09.701-0300] {logging_mixin.py:188} INFO - 10180
[2024-01-09T14:37:09.851-0300] {logging_mixin.py:188} INFO - 10181
[2024-01-09T14:37:10.008-0300] {logging_mixin.py:188} INFO - 10182
[2024-01-09T14:37:10.158-0300] {logging_mixin.py:188} INFO - 10183
[2024-01-09T14:37:10.318-0300] {logging_mixin.py:188} INFO - 10184
[2024-01-09T14:37:10.489-0300] {logging_mixin.py:188} INFO - 10185
[2024-01-09T14:37:10.639-0300] {logging_mixin.py:188} INFO - 10186
[2024-01-09T14:37:10.799-0300] {logging_mixin.py:188} INFO - 10187
[2024-01-09T14:37:10.947-0300] {logging_mixin.py:188} INFO - 10188
[2024-01-09T14:37:11.114-0300] {logging_mixin.py:188} INFO - 10189
[2024-01-09T14:37:11.304-0300] {logging_mixin.py:188} INFO - 10190
[2024-01-09T14:37:11.453-0300] {logging_mixin.py:188} INFO - 10191
[2024-01-09T14:37:11.604-0300] {logging_mixin.py:188} INFO - 10192
[2024-01-09T14:37:11.763-0300] {logging_mixin.py:188} INFO - 10193
[2024-01-09T14:37:11.917-0300] {logging_mixin.py:188} INFO - 10194
[2024-01-09T14:37:12.067-0300] {logging_mixin.py:188} INFO - 10195
[2024-01-09T14:37:12.369-0300] {logging_mixin.py:188} INFO - 10196
[2024-01-09T14:37:12.546-0300] {logging_mixin.py:188} INFO - 10197
[2024-01-09T14:37:12.700-0300] {logging_mixin.py:188} INFO - 10198
[2024-01-09T14:37:12.849-0300] {logging_mixin.py:188} INFO - 10199
[2024-01-09T14:37:13.000-0300] {logging_mixin.py:188} INFO - 10200
[2024-01-09T14:37:13.226-0300] {logging_mixin.py:188} INFO - 10201
[2024-01-09T14:37:13.372-0300] {logging_mixin.py:188} INFO - 10202
[2024-01-09T14:37:13.524-0300] {logging_mixin.py:188} INFO - 10203
[2024-01-09T14:37:13.673-0300] {logging_mixin.py:188} INFO - 10204
[2024-01-09T14:37:13.831-0300] {logging_mixin.py:188} INFO - 10205
[2024-01-09T14:37:13.989-0300] {logging_mixin.py:188} INFO - 10206
[2024-01-09T14:37:14.138-0300] {logging_mixin.py:188} INFO - 10207
[2024-01-09T14:37:14.303-0300] {logging_mixin.py:188} INFO - 10208
[2024-01-09T14:37:14.455-0300] {logging_mixin.py:188} INFO - 10209
[2024-01-09T14:37:14.611-0300] {logging_mixin.py:188} INFO - 10210
[2024-01-09T14:37:14.763-0300] {logging_mixin.py:188} INFO - 10211
[2024-01-09T14:37:14.911-0300] {logging_mixin.py:188} INFO - 10212
[2024-01-09T14:37:15.062-0300] {logging_mixin.py:188} INFO - 10213
[2024-01-09T14:37:15.217-0300] {logging_mixin.py:188} INFO - 10214
[2024-01-09T14:37:15.369-0300] {logging_mixin.py:188} INFO - 10215
[2024-01-09T14:37:15.679-0300] {logging_mixin.py:188} INFO - 10216
[2024-01-09T14:37:15.871-0300] {logging_mixin.py:188} INFO - 10217
[2024-01-09T14:37:16.022-0300] {logging_mixin.py:188} INFO - 10218
[2024-01-09T14:37:16.169-0300] {logging_mixin.py:188} INFO - 10219
[2024-01-09T14:37:16.320-0300] {logging_mixin.py:188} INFO - 10220
[2024-01-09T14:37:16.468-0300] {logging_mixin.py:188} INFO - 10221
[2024-01-09T14:37:16.621-0300] {logging_mixin.py:188} INFO - 10222
[2024-01-09T14:37:16.774-0300] {logging_mixin.py:188} INFO - 10223
[2024-01-09T14:37:16.920-0300] {logging_mixin.py:188} INFO - 10224
[2024-01-09T14:37:17.084-0300] {logging_mixin.py:188} INFO - 10225
[2024-01-09T14:37:17.229-0300] {logging_mixin.py:188} INFO - 10226
[2024-01-09T14:37:17.385-0300] {logging_mixin.py:188} INFO - 10227
[2024-01-09T14:37:17.542-0300] {logging_mixin.py:188} INFO - 10228
[2024-01-09T14:37:17.692-0300] {logging_mixin.py:188} INFO - 10229
[2024-01-09T14:37:17.863-0300] {logging_mixin.py:188} INFO - 10230
[2024-01-09T14:37:18.084-0300] {logging_mixin.py:188} INFO - 10231
[2024-01-09T14:37:18.245-0300] {logging_mixin.py:188} INFO - 10232
[2024-01-09T14:37:18.391-0300] {logging_mixin.py:188} INFO - 10233
[2024-01-09T14:37:18.544-0300] {logging_mixin.py:188} INFO - 10234
[2024-01-09T14:37:18.699-0300] {logging_mixin.py:188} INFO - 10235
[2024-01-09T14:37:19.020-0300] {logging_mixin.py:188} INFO - 10236
[2024-01-09T14:37:19.167-0300] {logging_mixin.py:188} INFO - 10237
[2024-01-09T14:37:19.322-0300] {logging_mixin.py:188} INFO - 10238
[2024-01-09T14:37:19.472-0300] {logging_mixin.py:188} INFO - 10239
[2024-01-09T14:37:19.628-0300] {logging_mixin.py:188} INFO - 10240
[2024-01-09T14:37:19.788-0300] {logging_mixin.py:188} INFO - 10241
[2024-01-09T14:37:19.940-0300] {logging_mixin.py:188} INFO - 10242
[2024-01-09T14:37:20.091-0300] {logging_mixin.py:188} INFO - 10243
[2024-01-09T14:37:20.244-0300] {logging_mixin.py:188} INFO - 10244
[2024-01-09T14:37:20.396-0300] {logging_mixin.py:188} INFO - 10245
[2024-01-09T14:37:20.543-0300] {logging_mixin.py:188} INFO - 10246
[2024-01-09T14:37:20.696-0300] {logging_mixin.py:188} INFO - 10247
[2024-01-09T14:37:20.847-0300] {logging_mixin.py:188} INFO - 10248
[2024-01-09T14:37:21.010-0300] {logging_mixin.py:188} INFO - 10249
[2024-01-09T14:37:21.166-0300] {logging_mixin.py:188} INFO - 10250
[2024-01-09T14:37:21.317-0300] {logging_mixin.py:188} INFO - 10251
[2024-01-09T14:37:21.466-0300] {logging_mixin.py:188} INFO - 10252
[2024-01-09T14:37:21.616-0300] {logging_mixin.py:188} INFO - 10253
[2024-01-09T14:37:21.769-0300] {logging_mixin.py:188} INFO - 10254
[2024-01-09T14:37:21.952-0300] {logging_mixin.py:188} INFO - 10255
[2024-01-09T14:37:22.272-0300] {logging_mixin.py:188} INFO - 10256
[2024-01-09T14:37:22.425-0300] {logging_mixin.py:188} INFO - 10257
[2024-01-09T14:37:22.588-0300] {logging_mixin.py:188} INFO - 10258
[2024-01-09T14:37:22.742-0300] {logging_mixin.py:188} INFO - 10259
[2024-01-09T14:37:22.888-0300] {logging_mixin.py:188} INFO - 10260
[2024-01-09T14:37:23.047-0300] {logging_mixin.py:188} INFO - 10261
[2024-01-09T14:37:23.218-0300] {logging_mixin.py:188} INFO - 10262
[2024-01-09T14:37:23.370-0300] {logging_mixin.py:188} INFO - 10263
[2024-01-09T14:37:23.549-0300] {logging_mixin.py:188} INFO - 10264
[2024-01-09T14:37:23.695-0300] {logging_mixin.py:188} INFO - 10265
[2024-01-09T14:37:23.853-0300] {logging_mixin.py:188} INFO - 10266
[2024-01-09T14:37:24.021-0300] {logging_mixin.py:188} INFO - 10267
[2024-01-09T14:37:24.198-0300] {logging_mixin.py:188} INFO - 10268
[2024-01-09T14:37:24.355-0300] {logging_mixin.py:188} INFO - 10269
[2024-01-09T14:37:24.527-0300] {logging_mixin.py:188} INFO - 10270
[2024-01-09T14:37:24.697-0300] {logging_mixin.py:188} INFO - 10271
[2024-01-09T14:37:24.878-0300] {logging_mixin.py:188} INFO - 10272
[2024-01-09T14:37:25.036-0300] {logging_mixin.py:188} INFO - 10273
[2024-01-09T14:37:25.191-0300] {logging_mixin.py:188} INFO - 10274
[2024-01-09T14:37:25.339-0300] {logging_mixin.py:188} INFO - 10275
[2024-01-09T14:37:25.651-0300] {logging_mixin.py:188} INFO - 10276
[2024-01-09T14:37:25.811-0300] {logging_mixin.py:188} INFO - 10277
[2024-01-09T14:37:25.812-0300] {logging_mixin.py:188} INFO - Salvando arquivo em:  pokemon_file.json
[2024-01-09T14:37:25.819-0300] {python.py:201} INFO - Done. Returned value was: None
[2024-01-09T14:37:25.822-0300] {taskinstance.py:1138} INFO - Marking task as SUCCESS. dag_id=pokemon_extraction, task_id=extract_pokemons, execution_date=20231215T100000, start_date=20240109T173339, end_date=20240109T173725
[2024-01-09T14:37:25.844-0300] {local_task_job_runner.py:234} INFO - Task exited with return code 0
[2024-01-09T14:37:25.851-0300] {taskinstance.py:3281} INFO - 0 downstream tasks scheduled from follow-on schedule check
