[2024-01-06T15:44:59.817-0300] {processor.py:161} INFO - Started process (PID=752) to work on /home/brendaschap/.local/lib/python3.10/site-packages/airflow/example_dags/subdags/subdag.py
[2024-01-06T15:44:59.817-0300] {processor.py:830} INFO - Processing file /home/brendaschap/.local/lib/python3.10/site-packages/airflow/example_dags/subdags/subdag.py for tasks to queue
[2024-01-06T15:44:59.817-0300] {logging_mixin.py:188} INFO - [2024-01-06T15:44:59.817-0300] {dagbag.py:538} INFO - Filling up the DagBag from /home/brendaschap/.local/lib/python3.10/site-packages/airflow/example_dags/subdags/subdag.py
[2024-01-06T15:44:59.819-0300] {processor.py:842} WARNING - No viable dags retrieved from /home/brendaschap/.local/lib/python3.10/site-packages/airflow/example_dags/subdags/subdag.py
[2024-01-06T15:44:59.824-0300] {processor.py:183} INFO - Processing /home/brendaschap/.local/lib/python3.10/site-packages/airflow/example_dags/subdags/subdag.py took 0.009 seconds
[2024-01-06T15:45:46.723-0300] {processor.py:161} INFO - Started process (PID=884) to work on /home/brendaschap/.local/lib/python3.10/site-packages/airflow/example_dags/subdags/subdag.py
[2024-01-06T15:45:46.726-0300] {processor.py:830} INFO - Processing file /home/brendaschap/.local/lib/python3.10/site-packages/airflow/example_dags/subdags/subdag.py for tasks to queue
[2024-01-06T15:45:46.727-0300] {logging_mixin.py:188} INFO - [2024-01-06T15:45:46.727-0300] {dagbag.py:538} INFO - Filling up the DagBag from /home/brendaschap/.local/lib/python3.10/site-packages/airflow/example_dags/subdags/subdag.py
[2024-01-06T15:45:46.728-0300] {processor.py:842} WARNING - No viable dags retrieved from /home/brendaschap/.local/lib/python3.10/site-packages/airflow/example_dags/subdags/subdag.py
[2024-01-06T15:45:46.733-0300] {processor.py:183} INFO - Processing /home/brendaschap/.local/lib/python3.10/site-packages/airflow/example_dags/subdags/subdag.py took 0.012 seconds
[2024-01-06T15:46:37.650-0300] {processor.py:161} INFO - Started process (PID=941) to work on /home/brendaschap/.local/lib/python3.10/site-packages/airflow/example_dags/subdags/subdag.py
[2024-01-06T15:46:37.651-0300] {processor.py:830} INFO - Processing file /home/brendaschap/.local/lib/python3.10/site-packages/airflow/example_dags/subdags/subdag.py for tasks to queue
[2024-01-06T15:46:37.651-0300] {logging_mixin.py:188} INFO - [2024-01-06T15:46:37.651-0300] {dagbag.py:538} INFO - Filling up the DagBag from /home/brendaschap/.local/lib/python3.10/site-packages/airflow/example_dags/subdags/subdag.py
[2024-01-06T15:46:37.652-0300] {processor.py:842} WARNING - No viable dags retrieved from /home/brendaschap/.local/lib/python3.10/site-packages/airflow/example_dags/subdags/subdag.py
[2024-01-06T15:46:37.658-0300] {processor.py:183} INFO - Processing /home/brendaschap/.local/lib/python3.10/site-packages/airflow/example_dags/subdags/subdag.py took 0.010 seconds
[2024-01-06T15:47:29.427-0300] {processor.py:161} INFO - Started process (PID=1001) to work on /home/brendaschap/.local/lib/python3.10/site-packages/airflow/example_dags/subdags/subdag.py
[2024-01-06T15:47:29.430-0300] {processor.py:830} INFO - Processing file /home/brendaschap/.local/lib/python3.10/site-packages/airflow/example_dags/subdags/subdag.py for tasks to queue
[2024-01-06T15:47:29.430-0300] {logging_mixin.py:188} INFO - [2024-01-06T15:47:29.430-0300] {dagbag.py:538} INFO - Filling up the DagBag from /home/brendaschap/.local/lib/python3.10/site-packages/airflow/example_dags/subdags/subdag.py
[2024-01-06T15:47:29.432-0300] {processor.py:842} WARNING - No viable dags retrieved from /home/brendaschap/.local/lib/python3.10/site-packages/airflow/example_dags/subdags/subdag.py
[2024-01-06T15:47:29.437-0300] {processor.py:183} INFO - Processing /home/brendaschap/.local/lib/python3.10/site-packages/airflow/example_dags/subdags/subdag.py took 0.012 seconds
[2024-01-06T15:48:22.446-0300] {processor.py:161} INFO - Started process (PID=1060) to work on /home/brendaschap/.local/lib/python3.10/site-packages/airflow/example_dags/subdags/subdag.py
[2024-01-06T15:48:22.449-0300] {processor.py:830} INFO - Processing file /home/brendaschap/.local/lib/python3.10/site-packages/airflow/example_dags/subdags/subdag.py for tasks to queue
[2024-01-06T15:48:22.450-0300] {logging_mixin.py:188} INFO - [2024-01-06T15:48:22.450-0300] {dagbag.py:538} INFO - Filling up the DagBag from /home/brendaschap/.local/lib/python3.10/site-packages/airflow/example_dags/subdags/subdag.py
[2024-01-06T15:48:22.451-0300] {processor.py:842} WARNING - No viable dags retrieved from /home/brendaschap/.local/lib/python3.10/site-packages/airflow/example_dags/subdags/subdag.py
[2024-01-06T15:48:22.456-0300] {processor.py:183} INFO - Processing /home/brendaschap/.local/lib/python3.10/site-packages/airflow/example_dags/subdags/subdag.py took 0.012 seconds
