[2024-01-06T15:45:01.369-0300] {processor.py:161} INFO - Started process (PID=754) to work on /home/brendaschap/.local/lib/python3.10/site-packages/airflow/example_dags/plugins/listener_plugin.py
[2024-01-06T15:45:01.370-0300] {processor.py:830} INFO - Processing file /home/brendaschap/.local/lib/python3.10/site-packages/airflow/example_dags/plugins/listener_plugin.py for tasks to queue
[2024-01-06T15:45:01.370-0300] {logging_mixin.py:188} INFO - [2024-01-06T15:45:01.370-0300] {dagbag.py:538} INFO - Filling up the DagBag from /home/brendaschap/.local/lib/python3.10/site-packages/airflow/example_dags/plugins/listener_plugin.py
[2024-01-06T15:45:01.371-0300] {processor.py:842} WARNING - No viable dags retrieved from /home/brendaschap/.local/lib/python3.10/site-packages/airflow/example_dags/plugins/listener_plugin.py
[2024-01-06T15:45:01.378-0300] {processor.py:183} INFO - Processing /home/brendaschap/.local/lib/python3.10/site-packages/airflow/example_dags/plugins/listener_plugin.py took 0.010 seconds
[2024-01-06T15:45:48.992-0300] {processor.py:161} INFO - Started process (PID=886) to work on /home/brendaschap/.local/lib/python3.10/site-packages/airflow/example_dags/plugins/listener_plugin.py
[2024-01-06T15:45:48.993-0300] {processor.py:830} INFO - Processing file /home/brendaschap/.local/lib/python3.10/site-packages/airflow/example_dags/plugins/listener_plugin.py for tasks to queue
[2024-01-06T15:45:48.994-0300] {logging_mixin.py:188} INFO - [2024-01-06T15:45:48.994-0300] {dagbag.py:538} INFO - Filling up the DagBag from /home/brendaschap/.local/lib/python3.10/site-packages/airflow/example_dags/plugins/listener_plugin.py
[2024-01-06T15:45:48.995-0300] {processor.py:842} WARNING - No viable dags retrieved from /home/brendaschap/.local/lib/python3.10/site-packages/airflow/example_dags/plugins/listener_plugin.py
[2024-01-06T15:45:49.000-0300] {processor.py:183} INFO - Processing /home/brendaschap/.local/lib/python3.10/site-packages/airflow/example_dags/plugins/listener_plugin.py took 0.010 seconds
[2024-01-06T15:46:39.297-0300] {processor.py:161} INFO - Started process (PID=943) to work on /home/brendaschap/.local/lib/python3.10/site-packages/airflow/example_dags/plugins/listener_plugin.py
[2024-01-06T15:46:39.301-0300] {processor.py:830} INFO - Processing file /home/brendaschap/.local/lib/python3.10/site-packages/airflow/example_dags/plugins/listener_plugin.py for tasks to queue
[2024-01-06T15:46:39.302-0300] {logging_mixin.py:188} INFO - [2024-01-06T15:46:39.302-0300] {dagbag.py:538} INFO - Filling up the DagBag from /home/brendaschap/.local/lib/python3.10/site-packages/airflow/example_dags/plugins/listener_plugin.py
[2024-01-06T15:46:39.304-0300] {processor.py:842} WARNING - No viable dags retrieved from /home/brendaschap/.local/lib/python3.10/site-packages/airflow/example_dags/plugins/listener_plugin.py
[2024-01-06T15:46:39.308-0300] {processor.py:183} INFO - Processing /home/brendaschap/.local/lib/python3.10/site-packages/airflow/example_dags/plugins/listener_plugin.py took 0.013 seconds
[2024-01-06T15:47:30.433-0300] {processor.py:161} INFO - Started process (PID=1003) to work on /home/brendaschap/.local/lib/python3.10/site-packages/airflow/example_dags/plugins/listener_plugin.py
[2024-01-06T15:47:30.434-0300] {processor.py:830} INFO - Processing file /home/brendaschap/.local/lib/python3.10/site-packages/airflow/example_dags/plugins/listener_plugin.py for tasks to queue
[2024-01-06T15:47:30.435-0300] {logging_mixin.py:188} INFO - [2024-01-06T15:47:30.434-0300] {dagbag.py:538} INFO - Filling up the DagBag from /home/brendaschap/.local/lib/python3.10/site-packages/airflow/example_dags/plugins/listener_plugin.py
[2024-01-06T15:47:30.437-0300] {processor.py:842} WARNING - No viable dags retrieved from /home/brendaschap/.local/lib/python3.10/site-packages/airflow/example_dags/plugins/listener_plugin.py
[2024-01-06T15:47:30.444-0300] {processor.py:183} INFO - Processing /home/brendaschap/.local/lib/python3.10/site-packages/airflow/example_dags/plugins/listener_plugin.py took 0.012 seconds
[2024-01-06T15:48:24.703-0300] {processor.py:161} INFO - Started process (PID=1062) to work on /home/brendaschap/.local/lib/python3.10/site-packages/airflow/example_dags/plugins/listener_plugin.py
[2024-01-06T15:48:24.707-0300] {processor.py:830} INFO - Processing file /home/brendaschap/.local/lib/python3.10/site-packages/airflow/example_dags/plugins/listener_plugin.py for tasks to queue
[2024-01-06T15:48:24.707-0300] {logging_mixin.py:188} INFO - [2024-01-06T15:48:24.707-0300] {dagbag.py:538} INFO - Filling up the DagBag from /home/brendaschap/.local/lib/python3.10/site-packages/airflow/example_dags/plugins/listener_plugin.py
[2024-01-06T15:48:24.709-0300] {processor.py:842} WARNING - No viable dags retrieved from /home/brendaschap/.local/lib/python3.10/site-packages/airflow/example_dags/plugins/listener_plugin.py
[2024-01-06T15:48:24.714-0300] {processor.py:183} INFO - Processing /home/brendaschap/.local/lib/python3.10/site-packages/airflow/example_dags/plugins/listener_plugin.py took 0.012 seconds
