[2024-01-06T15:45:02.499-0300] {processor.py:161} INFO - Started process (PID=755) to work on /home/brendaschap/.local/lib/python3.10/site-packages/airflow/example_dags/plugins/workday.py
[2024-01-06T15:45:02.499-0300] {processor.py:830} INFO - Processing file /home/brendaschap/.local/lib/python3.10/site-packages/airflow/example_dags/plugins/workday.py for tasks to queue
[2024-01-06T15:45:02.500-0300] {logging_mixin.py:188} INFO - [2024-01-06T15:45:02.499-0300] {dagbag.py:538} INFO - Filling up the DagBag from /home/brendaschap/.local/lib/python3.10/site-packages/airflow/example_dags/plugins/workday.py
[2024-01-06T15:45:02.501-0300] {logging_mixin.py:188} INFO - [2024-01-06T15:45:02.501-0300] {workday.py:40} WARNING - Could not import pandas. Holidays will not be considered.
[2024-01-06T15:45:02.501-0300] {processor.py:842} WARNING - No viable dags retrieved from /home/brendaschap/.local/lib/python3.10/site-packages/airflow/example_dags/plugins/workday.py
[2024-01-06T15:45:02.506-0300] {processor.py:183} INFO - Processing /home/brendaschap/.local/lib/python3.10/site-packages/airflow/example_dags/plugins/workday.py took 0.009 seconds
[2024-01-06T15:45:50.120-0300] {processor.py:161} INFO - Started process (PID=887) to work on /home/brendaschap/.local/lib/python3.10/site-packages/airflow/example_dags/plugins/workday.py
[2024-01-06T15:45:50.123-0300] {processor.py:830} INFO - Processing file /home/brendaschap/.local/lib/python3.10/site-packages/airflow/example_dags/plugins/workday.py for tasks to queue
[2024-01-06T15:45:50.124-0300] {logging_mixin.py:188} INFO - [2024-01-06T15:45:50.123-0300] {dagbag.py:538} INFO - Filling up the DagBag from /home/brendaschap/.local/lib/python3.10/site-packages/airflow/example_dags/plugins/workday.py
[2024-01-06T15:45:50.125-0300] {logging_mixin.py:188} INFO - [2024-01-06T15:45:50.125-0300] {workday.py:40} WARNING - Could not import pandas. Holidays will not be considered.
[2024-01-06T15:45:50.125-0300] {processor.py:842} WARNING - No viable dags retrieved from /home/brendaschap/.local/lib/python3.10/site-packages/airflow/example_dags/plugins/workday.py
[2024-01-06T15:45:50.130-0300] {processor.py:183} INFO - Processing /home/brendaschap/.local/lib/python3.10/site-packages/airflow/example_dags/plugins/workday.py took 0.012 seconds
[2024-01-06T15:46:40.425-0300] {processor.py:161} INFO - Started process (PID=944) to work on /home/brendaschap/.local/lib/python3.10/site-packages/airflow/example_dags/plugins/workday.py
[2024-01-06T15:46:40.426-0300] {processor.py:830} INFO - Processing file /home/brendaschap/.local/lib/python3.10/site-packages/airflow/example_dags/plugins/workday.py for tasks to queue
[2024-01-06T15:46:40.427-0300] {logging_mixin.py:188} INFO - [2024-01-06T15:46:40.427-0300] {dagbag.py:538} INFO - Filling up the DagBag from /home/brendaschap/.local/lib/python3.10/site-packages/airflow/example_dags/plugins/workday.py
[2024-01-06T15:46:40.429-0300] {logging_mixin.py:188} INFO - [2024-01-06T15:46:40.428-0300] {workday.py:40} WARNING - Could not import pandas. Holidays will not be considered.
[2024-01-06T15:46:40.429-0300] {processor.py:842} WARNING - No viable dags retrieved from /home/brendaschap/.local/lib/python3.10/site-packages/airflow/example_dags/plugins/workday.py
[2024-01-06T15:46:40.434-0300] {processor.py:183} INFO - Processing /home/brendaschap/.local/lib/python3.10/site-packages/airflow/example_dags/plugins/workday.py took 0.011 seconds
[2024-01-06T15:47:31.565-0300] {processor.py:161} INFO - Started process (PID=1004) to work on /home/brendaschap/.local/lib/python3.10/site-packages/airflow/example_dags/plugins/workday.py
[2024-01-06T15:47:31.568-0300] {processor.py:830} INFO - Processing file /home/brendaschap/.local/lib/python3.10/site-packages/airflow/example_dags/plugins/workday.py for tasks to queue
[2024-01-06T15:47:31.569-0300] {logging_mixin.py:188} INFO - [2024-01-06T15:47:31.569-0300] {dagbag.py:538} INFO - Filling up the DagBag from /home/brendaschap/.local/lib/python3.10/site-packages/airflow/example_dags/plugins/workday.py
[2024-01-06T15:47:31.571-0300] {logging_mixin.py:188} INFO - [2024-01-06T15:47:31.571-0300] {workday.py:40} WARNING - Could not import pandas. Holidays will not be considered.
[2024-01-06T15:47:31.571-0300] {processor.py:842} WARNING - No viable dags retrieved from /home/brendaschap/.local/lib/python3.10/site-packages/airflow/example_dags/plugins/workday.py
[2024-01-06T15:47:31.576-0300] {processor.py:183} INFO - Processing /home/brendaschap/.local/lib/python3.10/site-packages/airflow/example_dags/plugins/workday.py took 0.013 seconds
[2024-01-06T15:48:25.833-0300] {processor.py:161} INFO - Started process (PID=1063) to work on /home/brendaschap/.local/lib/python3.10/site-packages/airflow/example_dags/plugins/workday.py
[2024-01-06T15:48:25.834-0300] {processor.py:830} INFO - Processing file /home/brendaschap/.local/lib/python3.10/site-packages/airflow/example_dags/plugins/workday.py for tasks to queue
[2024-01-06T15:48:25.835-0300] {logging_mixin.py:188} INFO - [2024-01-06T15:48:25.834-0300] {dagbag.py:538} INFO - Filling up the DagBag from /home/brendaschap/.local/lib/python3.10/site-packages/airflow/example_dags/plugins/workday.py
[2024-01-06T15:48:25.836-0300] {logging_mixin.py:188} INFO - [2024-01-06T15:48:25.836-0300] {workday.py:40} WARNING - Could not import pandas. Holidays will not be considered.
[2024-01-06T15:48:25.836-0300] {processor.py:842} WARNING - No viable dags retrieved from /home/brendaschap/.local/lib/python3.10/site-packages/airflow/example_dags/plugins/workday.py
[2024-01-06T15:48:25.842-0300] {processor.py:183} INFO - Processing /home/brendaschap/.local/lib/python3.10/site-packages/airflow/example_dags/plugins/workday.py took 0.010 seconds
