[2024-01-09T11:11:41.291-0300] {taskinstance.py:1957} INFO - Dependencies all met for dep_context=non-requeueable deps ti=<TaskInstance: pokemon_extraction.extract_pokemons manual__2024-01-09T13:48:11.390184+00:00 [queued]>
[2024-01-09T11:11:41.295-0300] {taskinstance.py:1957} INFO - Dependencies all met for dep_context=requeueable deps ti=<TaskInstance: pokemon_extraction.extract_pokemons manual__2024-01-09T13:48:11.390184+00:00 [queued]>
[2024-01-09T11:11:41.295-0300] {taskinstance.py:2171} INFO - Starting attempt 1 of 1
[2024-01-09T11:11:41.311-0300] {taskinstance.py:2192} INFO - Executing <Task(PythonOperator): extract_pokemons> on 2024-01-09 13:48:11.390184+00:00
[2024-01-09T11:11:41.313-0300] {standard_task_runner.py:60} INFO - Started process 789 to run task
[2024-01-09T11:11:41.315-0300] {standard_task_runner.py:87} INFO - Running: ['airflow', 'tasks', 'run', 'pokemon_extraction', 'extract_pokemons', 'manual__2024-01-09T13:48:11.390184+00:00', '--job-id', '285', '--raw', '--subdir', 'DAGS_FOLDER/pokemon_extraction.py', '--cfg-path', '/tmp/tmp_8jn_fqv']
[2024-01-09T11:11:41.315-0300] {standard_task_runner.py:88} INFO - Job 285: Subtask extract_pokemons
[2024-01-09T11:11:41.337-0300] {task_command.py:423} INFO - Running <TaskInstance: pokemon_extraction.extract_pokemons manual__2024-01-09T13:48:11.390184+00:00 [running]> on host LAPTOP-SB6KEOGH.
[2024-01-09T11:11:41.386-0300] {taskinstance.py:2481} INFO - Exporting env vars: AIRFLOW_CTX_DAG_OWNER='Brenda Schapievski' AIRFLOW_CTX_DAG_ID='pokemon_extraction' AIRFLOW_CTX_TASK_ID='extract_pokemons' AIRFLOW_CTX_EXECUTION_DATE='2024-01-09T13:48:11.390184+00:00' AIRFLOW_CTX_TRY_NUMBER='1' AIRFLOW_CTX_DAG_RUN_ID='manual__2024-01-09T13:48:11.390184+00:00'
[2024-01-09T11:11:41.720-0300] {logging_mixin.py:188} INFO - 1
[2024-01-09T11:11:41.870-0300] {logging_mixin.py:188} INFO - 2
[2024-01-09T11:11:42.026-0300] {logging_mixin.py:188} INFO - 3
[2024-01-09T11:11:42.184-0300] {logging_mixin.py:188} INFO - 4
[2024-01-09T11:11:42.338-0300] {logging_mixin.py:188} INFO - 5
[2024-01-09T11:11:42.505-0300] {logging_mixin.py:188} INFO - 6
[2024-01-09T11:11:42.661-0300] {logging_mixin.py:188} INFO - 7
[2024-01-09T11:11:42.827-0300] {logging_mixin.py:188} INFO - 8
[2024-01-09T11:11:42.973-0300] {logging_mixin.py:188} INFO - 9
[2024-01-09T11:11:43.124-0300] {logging_mixin.py:188} INFO - 10
[2024-01-09T11:11:43.359-0300] {logging_mixin.py:188} INFO - 11
[2024-01-09T11:11:43.502-0300] {logging_mixin.py:188} INFO - 12
[2024-01-09T11:11:43.647-0300] {logging_mixin.py:188} INFO - 13
[2024-01-09T11:11:43.793-0300] {logging_mixin.py:188} INFO - 14
[2024-01-09T11:11:43.955-0300] {logging_mixin.py:188} INFO - 15
[2024-01-09T11:11:44.242-0300] {logging_mixin.py:188} INFO - 16
[2024-01-09T11:11:44.392-0300] {logging_mixin.py:188} INFO - 17
[2024-01-09T11:11:44.539-0300] {logging_mixin.py:188} INFO - 18
[2024-01-09T11:11:44.708-0300] {logging_mixin.py:188} INFO - 19
[2024-01-09T11:11:44.921-0300] {logging_mixin.py:188} INFO - 20
[2024-01-09T11:11:45.259-0300] {logging_mixin.py:188} INFO - 21
[2024-01-09T11:11:45.432-0300] {logging_mixin.py:188} INFO - 22
[2024-01-09T11:11:45.595-0300] {logging_mixin.py:188} INFO - 23
[2024-01-09T11:11:45.801-0300] {logging_mixin.py:188} INFO - 24
[2024-01-09T11:11:45.972-0300] {logging_mixin.py:188} INFO - 25
[2024-01-09T11:11:46.128-0300] {logging_mixin.py:188} INFO - 26
[2024-01-09T11:11:46.302-0300] {logging_mixin.py:188} INFO - 27
[2024-01-09T11:11:46.533-0300] {logging_mixin.py:188} INFO - 28
[2024-01-09T11:11:46.700-0300] {logging_mixin.py:188} INFO - 29
[2024-01-09T11:11:46.906-0300] {logging_mixin.py:188} INFO - 30
[2024-01-09T11:11:47.093-0300] {logging_mixin.py:188} INFO - 31
[2024-01-09T11:11:47.277-0300] {logging_mixin.py:188} INFO - 32
[2024-01-09T11:11:47.465-0300] {logging_mixin.py:188} INFO - 33
[2024-01-09T11:11:47.763-0300] {logging_mixin.py:188} INFO - 34
[2024-01-09T11:11:49.316-0300] {logging_mixin.py:188} INFO - 35
[2024-01-09T11:11:49.490-0300] {logging_mixin.py:188} INFO - 36
[2024-01-09T11:11:49.652-0300] {logging_mixin.py:188} INFO - 37
[2024-01-09T11:11:49.904-0300] {logging_mixin.py:188} INFO - 38
[2024-01-09T11:11:50.146-0300] {logging_mixin.py:188} INFO - 39
[2024-01-09T11:11:50.338-0300] {logging_mixin.py:188} INFO - 40
[2024-01-09T11:11:50.771-0300] {logging_mixin.py:188} INFO - 41
[2024-01-09T11:11:50.970-0300] {logging_mixin.py:188} INFO - 42
[2024-01-09T11:11:51.145-0300] {logging_mixin.py:188} INFO - 43
[2024-01-09T11:11:51.353-0300] {logging_mixin.py:188} INFO - 44
[2024-01-09T11:11:51.516-0300] {logging_mixin.py:188} INFO - 45
[2024-01-09T11:11:51.724-0300] {logging_mixin.py:188} INFO - 46
[2024-01-09T11:11:51.952-0300] {logging_mixin.py:188} INFO - 47
[2024-01-09T11:11:52.159-0300] {logging_mixin.py:188} INFO - 48
[2024-01-09T11:11:52.542-0300] {logging_mixin.py:188} INFO - 49
[2024-01-09T11:11:53.100-0300] {logging_mixin.py:188} INFO - 50
[2024-01-09T11:11:53.367-0300] {logging_mixin.py:188} INFO - 51
[2024-01-09T11:11:53.568-0300] {logging_mixin.py:188} INFO - 52
[2024-01-09T11:11:53.738-0300] {logging_mixin.py:188} INFO - 53
[2024-01-09T11:11:53.912-0300] {logging_mixin.py:188} INFO - 54
[2024-01-09T11:11:54.248-0300] {logging_mixin.py:188} INFO - 55
[2024-01-09T11:11:55.844-0300] {logging_mixin.py:188} INFO - 56
[2024-01-09T11:11:56.246-0300] {logging_mixin.py:188} INFO - 57
[2024-01-09T11:11:56.580-0300] {logging_mixin.py:188} INFO - 58
[2024-01-09T11:11:56.910-0300] {logging_mixin.py:188} INFO - 59
[2024-01-09T11:11:57.239-0300] {logging_mixin.py:188} INFO - 60
[2024-01-09T11:11:57.763-0300] {logging_mixin.py:188} INFO - 61
[2024-01-09T11:11:58.188-0300] {logging_mixin.py:188} INFO - 62
[2024-01-09T11:11:58.515-0300] {logging_mixin.py:188} INFO - 63
[2024-01-09T11:11:59.020-0300] {logging_mixin.py:188} INFO - 64
[2024-01-09T11:11:59.308-0300] {logging_mixin.py:188} INFO - 65
[2024-01-09T11:12:01.155-0300] {logging_mixin.py:188} INFO - 66
[2024-01-09T11:12:01.487-0300] {logging_mixin.py:188} INFO - 67
[2024-01-09T11:12:03.195-0300] {logging_mixin.py:188} INFO - 68
[2024-01-09T11:12:03.357-0300] {logging_mixin.py:188} INFO - 69
[2024-01-09T11:12:03.560-0300] {logging_mixin.py:188} INFO - 70
[2024-01-09T11:12:03.715-0300] {logging_mixin.py:188} INFO - 71
[2024-01-09T11:12:03.967-0300] {logging_mixin.py:188} INFO - 72
[2024-01-09T11:12:04.283-0300] {logging_mixin.py:188} INFO - 73
[2024-01-09T11:12:04.610-0300] {logging_mixin.py:188} INFO - 74
[2024-01-09T11:12:06.604-0300] {logging_mixin.py:188} INFO - 75
[2024-01-09T11:12:06.977-0300] {logging_mixin.py:188} INFO - 76
[2024-01-09T11:12:08.660-0300] {logging_mixin.py:188} INFO - 77
[2024-01-09T11:12:08.958-0300] {logging_mixin.py:188} INFO - 78
[2024-01-09T11:12:10.534-0300] {logging_mixin.py:188} INFO - 79
[2024-01-09T11:12:10.740-0300] {logging_mixin.py:188} INFO - 80
[2024-01-09T11:12:11.145-0300] {logging_mixin.py:188} INFO - 81
[2024-01-09T11:12:11.329-0300] {logging_mixin.py:188} INFO - 82
[2024-01-09T11:12:11.502-0300] {logging_mixin.py:188} INFO - 83
[2024-01-09T11:12:11.879-0300] {logging_mixin.py:188} INFO - 84
[2024-01-09T11:12:12.079-0300] {logging_mixin.py:188} INFO - 85
[2024-01-09T11:12:12.412-0300] {logging_mixin.py:188} INFO - 86
[2024-01-09T11:12:12.585-0300] {logging_mixin.py:188} INFO - 87
[2024-01-09T11:12:12.947-0300] {logging_mixin.py:188} INFO - 88
[2024-01-09T11:12:13.177-0300] {logging_mixin.py:188} INFO - 89
[2024-01-09T11:12:13.345-0300] {logging_mixin.py:188} INFO - 90
[2024-01-09T11:12:13.551-0300] {logging_mixin.py:188} INFO - 91
[2024-01-09T11:12:13.836-0300] {logging_mixin.py:188} INFO - 92
[2024-01-09T11:12:14.089-0300] {logging_mixin.py:188} INFO - 93
[2024-01-09T11:12:14.273-0300] {logging_mixin.py:188} INFO - 94
[2024-01-09T11:12:14.461-0300] {logging_mixin.py:188} INFO - 95
[2024-01-09T11:12:14.694-0300] {logging_mixin.py:188} INFO - 96
[2024-01-09T11:12:14.925-0300] {logging_mixin.py:188} INFO - 97
[2024-01-09T11:12:15.138-0300] {logging_mixin.py:188} INFO - 98
[2024-01-09T11:12:15.294-0300] {logging_mixin.py:188} INFO - 99
[2024-01-09T11:12:15.490-0300] {logging_mixin.py:188} INFO - 100
[2024-01-09T11:12:15.859-0300] {logging_mixin.py:188} INFO - 101
[2024-01-09T11:12:16.033-0300] {logging_mixin.py:188} INFO - 102
[2024-01-09T11:12:16.187-0300] {logging_mixin.py:188} INFO - 103
[2024-01-09T11:12:16.461-0300] {logging_mixin.py:188} INFO - 104
[2024-01-09T11:12:16.653-0300] {logging_mixin.py:188} INFO - 105
[2024-01-09T11:12:16.894-0300] {logging_mixin.py:188} INFO - 106
[2024-01-09T11:12:17.067-0300] {logging_mixin.py:188} INFO - 107
[2024-01-09T11:12:17.256-0300] {logging_mixin.py:188} INFO - 108
[2024-01-09T11:12:17.480-0300] {logging_mixin.py:188} INFO - 109
[2024-01-09T11:12:17.699-0300] {logging_mixin.py:188} INFO - 110
[2024-01-09T11:12:17.919-0300] {logging_mixin.py:188} INFO - 111
[2024-01-09T11:12:18.100-0300] {logging_mixin.py:188} INFO - 112
[2024-01-09T11:12:18.354-0300] {logging_mixin.py:188} INFO - 113
[2024-01-09T11:12:18.530-0300] {logging_mixin.py:188} INFO - 114
[2024-01-09T11:12:18.733-0300] {logging_mixin.py:188} INFO - 115
[2024-01-09T11:12:18.999-0300] {logging_mixin.py:188} INFO - 116
[2024-01-09T11:12:19.161-0300] {logging_mixin.py:188} INFO - 117
[2024-01-09T11:12:19.328-0300] {logging_mixin.py:188} INFO - 118
[2024-01-09T11:12:19.536-0300] {logging_mixin.py:188} INFO - 119
[2024-01-09T11:12:19.687-0300] {logging_mixin.py:188} INFO - 120
[2024-01-09T11:12:20.056-0300] {logging_mixin.py:188} INFO - 121
[2024-01-09T11:12:20.223-0300] {logging_mixin.py:188} INFO - 122
[2024-01-09T11:12:20.432-0300] {logging_mixin.py:188} INFO - 123
[2024-01-09T11:12:20.624-0300] {logging_mixin.py:188} INFO - 124
[2024-01-09T11:12:20.808-0300] {logging_mixin.py:188} INFO - 125
[2024-01-09T11:12:20.988-0300] {logging_mixin.py:188} INFO - 126
[2024-01-09T11:12:21.212-0300] {logging_mixin.py:188} INFO - 127
[2024-01-09T11:12:21.381-0300] {logging_mixin.py:188} INFO - 128
[2024-01-09T11:12:21.568-0300] {logging_mixin.py:188} INFO - 129
[2024-01-09T11:12:21.750-0300] {logging_mixin.py:188} INFO - 130
[2024-01-09T11:12:21.910-0300] {logging_mixin.py:188} INFO - 131
[2024-01-09T11:12:22.071-0300] {logging_mixin.py:188} INFO - 132
[2024-01-09T11:12:22.237-0300] {logging_mixin.py:188} INFO - 133
[2024-01-09T11:12:22.451-0300] {logging_mixin.py:188} INFO - 134
[2024-01-09T11:12:22.619-0300] {logging_mixin.py:188} INFO - 135
[2024-01-09T11:12:22.785-0300] {logging_mixin.py:188} INFO - 136
[2024-01-09T11:12:22.937-0300] {logging_mixin.py:188} INFO - 137
[2024-01-09T11:12:23.124-0300] {logging_mixin.py:188} INFO - 138
[2024-01-09T11:12:23.309-0300] {logging_mixin.py:188} INFO - 139
[2024-01-09T11:12:23.498-0300] {logging_mixin.py:188} INFO - 140
[2024-01-09T11:12:23.806-0300] {logging_mixin.py:188} INFO - 141
[2024-01-09T11:12:24.103-0300] {logging_mixin.py:188} INFO - 142
[2024-01-09T11:12:24.318-0300] {logging_mixin.py:188} INFO - 143
[2024-01-09T11:12:24.569-0300] {logging_mixin.py:188} INFO - 144
[2024-01-09T11:12:24.760-0300] {logging_mixin.py:188} INFO - 145
[2024-01-09T11:12:25.077-0300] {logging_mixin.py:188} INFO - 146
[2024-01-09T11:12:25.522-0300] {logging_mixin.py:188} INFO - 147
[2024-01-09T11:12:25.801-0300] {logging_mixin.py:188} INFO - 148
[2024-01-09T11:12:26.023-0300] {logging_mixin.py:188} INFO - 149
[2024-01-09T11:12:26.283-0300] {logging_mixin.py:188} INFO - 150
[2024-01-09T11:12:26.538-0300] {logging_mixin.py:188} INFO - 151
[2024-01-09T11:12:26.904-0300] {logging_mixin.py:188} INFO - 152
[2024-01-09T11:12:27.051-0300] {logging_mixin.py:188} INFO - 153
[2024-01-09T11:12:27.195-0300] {logging_mixin.py:188} INFO - 154
[2024-01-09T11:12:27.345-0300] {logging_mixin.py:188} INFO - 155
[2024-01-09T11:12:27.501-0300] {logging_mixin.py:188} INFO - 156
[2024-01-09T11:12:27.651-0300] {logging_mixin.py:188} INFO - 157
[2024-01-09T11:12:27.801-0300] {logging_mixin.py:188} INFO - 158
[2024-01-09T11:12:27.950-0300] {logging_mixin.py:188} INFO - 159
[2024-01-09T11:12:28.099-0300] {logging_mixin.py:188} INFO - 160
[2024-01-09T11:12:28.434-0300] {logging_mixin.py:188} INFO - 161
[2024-01-09T11:12:28.584-0300] {logging_mixin.py:188} INFO - 162
[2024-01-09T11:12:28.731-0300] {logging_mixin.py:188} INFO - 163
[2024-01-09T11:12:29.007-0300] {logging_mixin.py:188} INFO - 164
[2024-01-09T11:12:29.152-0300] {logging_mixin.py:188} INFO - 165
[2024-01-09T11:12:29.303-0300] {logging_mixin.py:188} INFO - 166
[2024-01-09T11:12:29.448-0300] {logging_mixin.py:188} INFO - 167
[2024-01-09T11:12:29.596-0300] {logging_mixin.py:188} INFO - 168
[2024-01-09T11:12:29.753-0300] {logging_mixin.py:188} INFO - 169
[2024-01-09T11:12:29.905-0300] {logging_mixin.py:188} INFO - 170
[2024-01-09T11:12:30.053-0300] {logging_mixin.py:188} INFO - 171
[2024-01-09T11:12:30.211-0300] {logging_mixin.py:188} INFO - 172
[2024-01-09T11:12:30.365-0300] {logging_mixin.py:188} INFO - 173
[2024-01-09T11:12:30.526-0300] {logging_mixin.py:188} INFO - 174
[2024-01-09T11:12:30.697-0300] {logging_mixin.py:188} INFO - 175
[2024-01-09T11:12:30.848-0300] {logging_mixin.py:188} INFO - 176
[2024-01-09T11:12:30.998-0300] {logging_mixin.py:188} INFO - 177
[2024-01-09T11:12:31.177-0300] {logging_mixin.py:188} INFO - 178
[2024-01-09T11:12:31.337-0300] {logging_mixin.py:188} INFO - 179
[2024-01-09T11:12:31.489-0300] {logging_mixin.py:188} INFO - 180
[2024-01-09T11:12:31.792-0300] {logging_mixin.py:188} INFO - 181
[2024-01-09T11:12:31.953-0300] {logging_mixin.py:188} INFO - 182
[2024-01-09T11:12:32.109-0300] {logging_mixin.py:188} INFO - 183
[2024-01-09T11:12:32.265-0300] {logging_mixin.py:188} INFO - 184
[2024-01-09T11:12:32.416-0300] {logging_mixin.py:188} INFO - 185
[2024-01-09T11:12:32.584-0300] {logging_mixin.py:188} INFO - 186
[2024-01-09T11:12:32.737-0300] {logging_mixin.py:188} INFO - 187
[2024-01-09T11:12:32.910-0300] {logging_mixin.py:188} INFO - 188
[2024-01-09T11:12:33.063-0300] {logging_mixin.py:188} INFO - 189
[2024-01-09T11:12:33.211-0300] {logging_mixin.py:188} INFO - 190
[2024-01-09T11:12:33.370-0300] {logging_mixin.py:188} INFO - 191
[2024-01-09T11:12:34.539-0300] {logging_mixin.py:188} INFO - 192
[2024-01-09T11:12:34.686-0300] {logging_mixin.py:188} INFO - 193
[2024-01-09T11:12:34.840-0300] {logging_mixin.py:188} INFO - 194
[2024-01-09T11:12:34.999-0300] {logging_mixin.py:188} INFO - 195
[2024-01-09T11:12:35.147-0300] {logging_mixin.py:188} INFO - 196
[2024-01-09T11:12:35.296-0300] {logging_mixin.py:188} INFO - 197
[2024-01-09T11:12:35.450-0300] {logging_mixin.py:188} INFO - 198
[2024-01-09T11:12:35.601-0300] {logging_mixin.py:188} INFO - 199
[2024-01-09T11:12:35.757-0300] {logging_mixin.py:188} INFO - 200
[2024-01-09T11:12:36.060-0300] {logging_mixin.py:188} INFO - 201
[2024-01-09T11:12:36.211-0300] {logging_mixin.py:188} INFO - 202
[2024-01-09T11:12:36.363-0300] {logging_mixin.py:188} INFO - 203
[2024-01-09T11:12:36.516-0300] {logging_mixin.py:188} INFO - 204
[2024-01-09T11:12:36.672-0300] {logging_mixin.py:188} INFO - 205
[2024-01-09T11:12:36.821-0300] {logging_mixin.py:188} INFO - 206
[2024-01-09T11:12:36.976-0300] {logging_mixin.py:188} INFO - 207
[2024-01-09T11:12:37.126-0300] {logging_mixin.py:188} INFO - 208
[2024-01-09T11:12:37.283-0300] {logging_mixin.py:188} INFO - 209
[2024-01-09T11:12:37.434-0300] {logging_mixin.py:188} INFO - 210
[2024-01-09T11:12:37.595-0300] {logging_mixin.py:188} INFO - 211
[2024-01-09T11:12:37.742-0300] {logging_mixin.py:188} INFO - 212
[2024-01-09T11:12:37.897-0300] {logging_mixin.py:188} INFO - 213
[2024-01-09T11:12:38.044-0300] {logging_mixin.py:188} INFO - 214
[2024-01-09T11:12:38.190-0300] {logging_mixin.py:188} INFO - 215
[2024-01-09T11:12:38.346-0300] {logging_mixin.py:188} INFO - 216
[2024-01-09T11:12:38.504-0300] {logging_mixin.py:188} INFO - 217
[2024-01-09T11:12:38.663-0300] {logging_mixin.py:188} INFO - 218
[2024-01-09T11:12:38.818-0300] {logging_mixin.py:188} INFO - 219
[2024-01-09T11:12:38.970-0300] {logging_mixin.py:188} INFO - 220
[2024-01-09T11:12:39.288-0300] {logging_mixin.py:188} INFO - 221
[2024-01-09T11:12:39.445-0300] {logging_mixin.py:188} INFO - 222
[2024-01-09T11:12:39.618-0300] {logging_mixin.py:188} INFO - 223
[2024-01-09T11:12:39.768-0300] {logging_mixin.py:188} INFO - 224
[2024-01-09T11:12:39.928-0300] {logging_mixin.py:188} INFO - 225
[2024-01-09T11:12:40.079-0300] {logging_mixin.py:188} INFO - 226
[2024-01-09T11:12:40.244-0300] {logging_mixin.py:188} INFO - 227
[2024-01-09T11:12:40.409-0300] {logging_mixin.py:188} INFO - 228
[2024-01-09T11:12:40.567-0300] {logging_mixin.py:188} INFO - 229
[2024-01-09T11:12:40.717-0300] {logging_mixin.py:188} INFO - 230
[2024-01-09T11:12:40.871-0300] {logging_mixin.py:188} INFO - 231
[2024-01-09T11:12:41.020-0300] {logging_mixin.py:188} INFO - 232
[2024-01-09T11:12:41.167-0300] {logging_mixin.py:188} INFO - 233
[2024-01-09T11:12:41.341-0300] {logging_mixin.py:188} INFO - 234
[2024-01-09T11:12:41.495-0300] {logging_mixin.py:188} INFO - 235
[2024-01-09T11:12:41.652-0300] {logging_mixin.py:188} INFO - 236
[2024-01-09T11:12:41.812-0300] {logging_mixin.py:188} INFO - 237
[2024-01-09T11:12:41.968-0300] {logging_mixin.py:188} INFO - 238
[2024-01-09T11:12:42.120-0300] {logging_mixin.py:188} INFO - 239
[2024-01-09T11:12:42.283-0300] {logging_mixin.py:188} INFO - 240
[2024-01-09T11:12:42.615-0300] {logging_mixin.py:188} INFO - 241
[2024-01-09T11:12:42.768-0300] {logging_mixin.py:188} INFO - 242
[2024-01-09T11:12:42.943-0300] {logging_mixin.py:188} INFO - 243
[2024-01-09T11:12:43.101-0300] {logging_mixin.py:188} INFO - 244
[2024-01-09T11:12:43.256-0300] {logging_mixin.py:188} INFO - 245
[2024-01-09T11:12:43.410-0300] {logging_mixin.py:188} INFO - 246
[2024-01-09T11:12:43.728-0300] {logging_mixin.py:188} INFO - 247
[2024-01-09T11:12:43.888-0300] {logging_mixin.py:188} INFO - 248
[2024-01-09T11:12:44.043-0300] {logging_mixin.py:188} INFO - 249
[2024-01-09T11:12:44.195-0300] {logging_mixin.py:188} INFO - 250
[2024-01-09T11:12:44.382-0300] {logging_mixin.py:188} INFO - 251
[2024-01-09T11:12:44.535-0300] {logging_mixin.py:188} INFO - 252
[2024-01-09T11:12:44.706-0300] {logging_mixin.py:188} INFO - 253
[2024-01-09T11:12:44.868-0300] {logging_mixin.py:188} INFO - 254
[2024-01-09T11:12:45.019-0300] {logging_mixin.py:188} INFO - 255
[2024-01-09T11:12:45.178-0300] {logging_mixin.py:188} INFO - 256
[2024-01-09T11:12:45.329-0300] {logging_mixin.py:188} INFO - 257
[2024-01-09T11:12:45.482-0300] {logging_mixin.py:188} INFO - 258
[2024-01-09T11:12:45.632-0300] {logging_mixin.py:188} INFO - 259
[2024-01-09T11:12:45.786-0300] {logging_mixin.py:188} INFO - 260
[2024-01-09T11:12:46.137-0300] {logging_mixin.py:188} INFO - 261
[2024-01-09T11:12:46.300-0300] {logging_mixin.py:188} INFO - 262
[2024-01-09T11:12:46.448-0300] {logging_mixin.py:188} INFO - 263
[2024-01-09T11:12:46.596-0300] {logging_mixin.py:188} INFO - 264
[2024-01-09T11:12:46.752-0300] {logging_mixin.py:188} INFO - 265
[2024-01-09T11:12:46.900-0300] {logging_mixin.py:188} INFO - 266
[2024-01-09T11:12:47.060-0300] {logging_mixin.py:188} INFO - 267
[2024-01-09T11:12:47.208-0300] {logging_mixin.py:188} INFO - 268
[2024-01-09T11:12:47.373-0300] {logging_mixin.py:188} INFO - 269
[2024-01-09T11:12:47.533-0300] {logging_mixin.py:188} INFO - 270
[2024-01-09T11:12:47.683-0300] {logging_mixin.py:188} INFO - 271
[2024-01-09T11:12:47.830-0300] {logging_mixin.py:188} INFO - 272
[2024-01-09T11:12:47.979-0300] {logging_mixin.py:188} INFO - 273
[2024-01-09T11:12:48.134-0300] {logging_mixin.py:188} INFO - 274
[2024-01-09T11:12:48.283-0300] {logging_mixin.py:188} INFO - 275
[2024-01-09T11:12:48.437-0300] {logging_mixin.py:188} INFO - 276
[2024-01-09T11:12:48.598-0300] {logging_mixin.py:188} INFO - 277
[2024-01-09T11:12:48.751-0300] {logging_mixin.py:188} INFO - 278
[2024-01-09T11:12:48.901-0300] {logging_mixin.py:188} INFO - 279
[2024-01-09T11:12:49.049-0300] {logging_mixin.py:188} INFO - 280
[2024-01-09T11:12:49.360-0300] {logging_mixin.py:188} INFO - 281
[2024-01-09T11:12:49.511-0300] {logging_mixin.py:188} INFO - 282
[2024-01-09T11:12:49.660-0300] {logging_mixin.py:188} INFO - 283
[2024-01-09T11:12:49.824-0300] {logging_mixin.py:188} INFO - 284
[2024-01-09T11:12:49.980-0300] {logging_mixin.py:188} INFO - 285
[2024-01-09T11:12:50.131-0300] {logging_mixin.py:188} INFO - 286
[2024-01-09T11:12:50.287-0300] {logging_mixin.py:188} INFO - 287
[2024-01-09T11:12:50.445-0300] {logging_mixin.py:188} INFO - 288
[2024-01-09T11:12:50.613-0300] {logging_mixin.py:188} INFO - 289
[2024-01-09T11:12:50.762-0300] {logging_mixin.py:188} INFO - 290
[2024-01-09T11:12:50.915-0300] {logging_mixin.py:188} INFO - 291
[2024-01-09T11:12:51.068-0300] {logging_mixin.py:188} INFO - 292
[2024-01-09T11:12:51.222-0300] {logging_mixin.py:188} INFO - 293
[2024-01-09T11:12:51.372-0300] {logging_mixin.py:188} INFO - 294
[2024-01-09T11:12:51.533-0300] {logging_mixin.py:188} INFO - 295
[2024-01-09T11:12:51.695-0300] {logging_mixin.py:188} INFO - 296
[2024-01-09T11:12:51.847-0300] {logging_mixin.py:188} INFO - 297
[2024-01-09T11:12:52.011-0300] {logging_mixin.py:188} INFO - 298
[2024-01-09T11:12:52.173-0300] {logging_mixin.py:188} INFO - 299
[2024-01-09T11:12:52.321-0300] {logging_mixin.py:188} INFO - 300
[2024-01-09T11:12:52.630-0300] {logging_mixin.py:188} INFO - 301
[2024-01-09T11:12:52.788-0300] {logging_mixin.py:188} INFO - 302
[2024-01-09T11:12:52.936-0300] {logging_mixin.py:188} INFO - 303
[2024-01-09T11:12:53.090-0300] {logging_mixin.py:188} INFO - 304
[2024-01-09T11:12:53.238-0300] {logging_mixin.py:188} INFO - 305
[2024-01-09T11:12:53.389-0300] {logging_mixin.py:188} INFO - 306
[2024-01-09T11:12:53.551-0300] {logging_mixin.py:188} INFO - 307
[2024-01-09T11:12:53.702-0300] {logging_mixin.py:188} INFO - 308
[2024-01-09T11:12:53.854-0300] {logging_mixin.py:188} INFO - 309
[2024-01-09T11:12:54.016-0300] {logging_mixin.py:188} INFO - 310
[2024-01-09T11:12:54.162-0300] {logging_mixin.py:188} INFO - 311
[2024-01-09T11:12:54.315-0300] {logging_mixin.py:188} INFO - 312
[2024-01-09T11:12:54.467-0300] {logging_mixin.py:188} INFO - 313
[2024-01-09T11:12:54.613-0300] {logging_mixin.py:188} INFO - 314
[2024-01-09T11:12:54.775-0300] {logging_mixin.py:188} INFO - 315
[2024-01-09T11:12:54.924-0300] {logging_mixin.py:188} INFO - 316
[2024-01-09T11:12:55.101-0300] {logging_mixin.py:188} INFO - 317
[2024-01-09T11:12:55.253-0300] {logging_mixin.py:188} INFO - 318
[2024-01-09T11:12:55.409-0300] {logging_mixin.py:188} INFO - 319
[2024-01-09T11:12:55.569-0300] {logging_mixin.py:188} INFO - 320
[2024-01-09T11:12:55.866-0300] {logging_mixin.py:188} INFO - 321
[2024-01-09T11:12:56.018-0300] {logging_mixin.py:188} INFO - 322
[2024-01-09T11:12:56.174-0300] {logging_mixin.py:188} INFO - 323
[2024-01-09T11:12:56.324-0300] {logging_mixin.py:188} INFO - 324
[2024-01-09T11:12:56.473-0300] {logging_mixin.py:188} INFO - 325
[2024-01-09T11:12:57.654-0300] {logging_mixin.py:188} INFO - 326
[2024-01-09T11:12:57.810-0300] {logging_mixin.py:188} INFO - 327
[2024-01-09T11:12:57.963-0300] {logging_mixin.py:188} INFO - 328
[2024-01-09T11:12:58.120-0300] {logging_mixin.py:188} INFO - 329
[2024-01-09T11:12:58.271-0300] {logging_mixin.py:188} INFO - 330
[2024-01-09T11:12:58.432-0300] {logging_mixin.py:188} INFO - 331
[2024-01-09T11:12:58.595-0300] {logging_mixin.py:188} INFO - 332
[2024-01-09T11:12:58.762-0300] {logging_mixin.py:188} INFO - 333
[2024-01-09T11:12:58.912-0300] {logging_mixin.py:188} INFO - 334
[2024-01-09T11:12:59.066-0300] {logging_mixin.py:188} INFO - 335
[2024-01-09T11:12:59.213-0300] {logging_mixin.py:188} INFO - 336
[2024-01-09T11:12:59.363-0300] {logging_mixin.py:188} INFO - 337
[2024-01-09T11:12:59.517-0300] {logging_mixin.py:188} INFO - 338
[2024-01-09T11:12:59.675-0300] {logging_mixin.py:188} INFO - 339
[2024-01-09T11:12:59.830-0300] {logging_mixin.py:188} INFO - 340
[2024-01-09T11:13:00.136-0300] {logging_mixin.py:188} INFO - 341
[2024-01-09T11:13:00.296-0300] {logging_mixin.py:188} INFO - 342
[2024-01-09T11:13:00.445-0300] {logging_mixin.py:188} INFO - 343
[2024-01-09T11:13:00.593-0300] {logging_mixin.py:188} INFO - 344
[2024-01-09T11:13:00.747-0300] {logging_mixin.py:188} INFO - 345
[2024-01-09T11:13:00.912-0300] {logging_mixin.py:188} INFO - 346
[2024-01-09T11:13:01.063-0300] {logging_mixin.py:188} INFO - 347
[2024-01-09T11:13:01.218-0300] {logging_mixin.py:188} INFO - 348
[2024-01-09T11:13:01.442-0300] {logging_mixin.py:188} INFO - 349
[2024-01-09T11:13:01.598-0300] {logging_mixin.py:188} INFO - 350
[2024-01-09T11:13:01.745-0300] {logging_mixin.py:188} INFO - 351
[2024-01-09T11:13:01.904-0300] {logging_mixin.py:188} INFO - 352
[2024-01-09T11:13:02.051-0300] {logging_mixin.py:188} INFO - 353
[2024-01-09T11:13:02.200-0300] {logging_mixin.py:188} INFO - 354
[2024-01-09T11:13:02.350-0300] {logging_mixin.py:188} INFO - 355
[2024-01-09T11:13:02.503-0300] {logging_mixin.py:188} INFO - 356
[2024-01-09T11:13:02.864-0300] {logging_mixin.py:188} INFO - 357
[2024-01-09T11:13:03.013-0300] {logging_mixin.py:188} INFO - 358
[2024-01-09T11:13:03.194-0300] {logging_mixin.py:188} INFO - 359
[2024-01-09T11:13:03.345-0300] {logging_mixin.py:188} INFO - 360
[2024-01-09T11:13:03.681-0300] {logging_mixin.py:188} INFO - 361
[2024-01-09T11:13:03.830-0300] {logging_mixin.py:188} INFO - 362
[2024-01-09T11:13:03.990-0300] {logging_mixin.py:188} INFO - 363
[2024-01-09T11:13:04.140-0300] {logging_mixin.py:188} INFO - 364
[2024-01-09T11:13:04.295-0300] {logging_mixin.py:188} INFO - 365
[2024-01-09T11:13:04.441-0300] {logging_mixin.py:188} INFO - 366
[2024-01-09T11:13:04.591-0300] {logging_mixin.py:188} INFO - 367
[2024-01-09T11:13:04.740-0300] {logging_mixin.py:188} INFO - 368
[2024-01-09T11:13:04.890-0300] {logging_mixin.py:188} INFO - 369
[2024-01-09T11:13:05.042-0300] {logging_mixin.py:188} INFO - 370
[2024-01-09T11:13:05.199-0300] {logging_mixin.py:188} INFO - 371
[2024-01-09T11:13:05.358-0300] {logging_mixin.py:188} INFO - 372
[2024-01-09T11:13:05.536-0300] {logging_mixin.py:188} INFO - 373
[2024-01-09T11:13:05.691-0300] {logging_mixin.py:188} INFO - 374
[2024-01-09T11:13:05.848-0300] {logging_mixin.py:188} INFO - 375
[2024-01-09T11:13:06.001-0300] {logging_mixin.py:188} INFO - 376
[2024-01-09T11:13:06.155-0300] {logging_mixin.py:188} INFO - 377
[2024-01-09T11:13:06.305-0300] {logging_mixin.py:188} INFO - 378
[2024-01-09T11:13:06.454-0300] {logging_mixin.py:188} INFO - 379
[2024-01-09T11:13:06.612-0300] {logging_mixin.py:188} INFO - 380
[2024-01-09T11:13:06.911-0300] {logging_mixin.py:188} INFO - 381
[2024-01-09T11:13:07.061-0300] {logging_mixin.py:188} INFO - 382
[2024-01-09T11:13:07.231-0300] {logging_mixin.py:188} INFO - 383
[2024-01-09T11:13:07.413-0300] {logging_mixin.py:188} INFO - 384
[2024-01-09T11:13:07.567-0300] {logging_mixin.py:188} INFO - 385
[2024-01-09T11:13:07.719-0300] {logging_mixin.py:188} INFO - 386
[2024-01-09T11:13:07.875-0300] {logging_mixin.py:188} INFO - 387
[2024-01-09T11:13:08.024-0300] {logging_mixin.py:188} INFO - 388
[2024-01-09T11:13:08.177-0300] {logging_mixin.py:188} INFO - 389
[2024-01-09T11:13:08.329-0300] {logging_mixin.py:188} INFO - 390
[2024-01-09T11:13:08.478-0300] {logging_mixin.py:188} INFO - 391
[2024-01-09T11:13:08.631-0300] {logging_mixin.py:188} INFO - 392
[2024-01-09T11:13:08.780-0300] {logging_mixin.py:188} INFO - 393
[2024-01-09T11:13:08.934-0300] {logging_mixin.py:188} INFO - 394
[2024-01-09T11:13:09.085-0300] {logging_mixin.py:188} INFO - 395
[2024-01-09T11:13:09.233-0300] {logging_mixin.py:188} INFO - 396
[2024-01-09T11:13:09.384-0300] {logging_mixin.py:188} INFO - 397
[2024-01-09T11:13:09.535-0300] {logging_mixin.py:188} INFO - 398
[2024-01-09T11:13:09.683-0300] {logging_mixin.py:188} INFO - 399
[2024-01-09T11:13:09.829-0300] {logging_mixin.py:188} INFO - 400
[2024-01-09T11:13:10.136-0300] {logging_mixin.py:188} INFO - 401
[2024-01-09T11:13:10.289-0300] {logging_mixin.py:188} INFO - 402
[2024-01-09T11:13:10.442-0300] {logging_mixin.py:188} INFO - 403
[2024-01-09T11:13:10.604-0300] {logging_mixin.py:188} INFO - 404
[2024-01-09T11:13:10.762-0300] {logging_mixin.py:188} INFO - 405
[2024-01-09T11:13:10.915-0300] {logging_mixin.py:188} INFO - 406
[2024-01-09T11:13:11.063-0300] {logging_mixin.py:188} INFO - 407
[2024-01-09T11:13:11.212-0300] {logging_mixin.py:188} INFO - 408
[2024-01-09T11:13:11.362-0300] {logging_mixin.py:188} INFO - 409
[2024-01-09T11:13:11.523-0300] {logging_mixin.py:188} INFO - 410
[2024-01-09T11:13:11.675-0300] {logging_mixin.py:188} INFO - 411
[2024-01-09T11:13:11.824-0300] {logging_mixin.py:188} INFO - 412
[2024-01-09T11:13:11.977-0300] {logging_mixin.py:188} INFO - 413
[2024-01-09T11:13:12.128-0300] {logging_mixin.py:188} INFO - 414
[2024-01-09T11:13:12.277-0300] {logging_mixin.py:188} INFO - 415
[2024-01-09T11:13:12.428-0300] {logging_mixin.py:188} INFO - 416
[2024-01-09T11:13:12.581-0300] {logging_mixin.py:188} INFO - 417
[2024-01-09T11:13:12.734-0300] {logging_mixin.py:188} INFO - 418
[2024-01-09T11:13:12.884-0300] {logging_mixin.py:188} INFO - 419
[2024-01-09T11:13:13.039-0300] {logging_mixin.py:188} INFO - 420
[2024-01-09T11:13:13.337-0300] {logging_mixin.py:188} INFO - 421
[2024-01-09T11:13:13.485-0300] {logging_mixin.py:188} INFO - 422
[2024-01-09T11:13:13.635-0300] {logging_mixin.py:188} INFO - 423
[2024-01-09T11:13:13.798-0300] {logging_mixin.py:188} INFO - 424
[2024-01-09T11:13:13.951-0300] {logging_mixin.py:188} INFO - 425
[2024-01-09T11:13:14.100-0300] {logging_mixin.py:188} INFO - 426
[2024-01-09T11:13:14.249-0300] {logging_mixin.py:188} INFO - 427
[2024-01-09T11:13:14.410-0300] {logging_mixin.py:188} INFO - 428
[2024-01-09T11:13:14.566-0300] {logging_mixin.py:188} INFO - 429
[2024-01-09T11:13:14.734-0300] {logging_mixin.py:188} INFO - 430
[2024-01-09T11:13:14.883-0300] {logging_mixin.py:188} INFO - 431
[2024-01-09T11:13:15.040-0300] {logging_mixin.py:188} INFO - 432
[2024-01-09T11:13:15.193-0300] {logging_mixin.py:188} INFO - 433
[2024-01-09T11:13:15.343-0300] {logging_mixin.py:188} INFO - 434
[2024-01-09T11:13:15.494-0300] {logging_mixin.py:188} INFO - 435
[2024-01-09T11:13:15.649-0300] {logging_mixin.py:188} INFO - 436
[2024-01-09T11:13:15.806-0300] {logging_mixin.py:188} INFO - 437
[2024-01-09T11:13:15.960-0300] {logging_mixin.py:188} INFO - 438
[2024-01-09T11:13:16.110-0300] {logging_mixin.py:188} INFO - 439
[2024-01-09T11:13:16.264-0300] {logging_mixin.py:188} INFO - 440
[2024-01-09T11:13:16.583-0300] {logging_mixin.py:188} INFO - 441
[2024-01-09T11:13:16.731-0300] {logging_mixin.py:188} INFO - 442
[2024-01-09T11:13:16.886-0300] {logging_mixin.py:188} INFO - 443
[2024-01-09T11:13:17.036-0300] {logging_mixin.py:188} INFO - 444
[2024-01-09T11:13:17.232-0300] {logging_mixin.py:188} INFO - 445
[2024-01-09T11:13:17.380-0300] {logging_mixin.py:188} INFO - 446
[2024-01-09T11:13:17.532-0300] {logging_mixin.py:188} INFO - 447
[2024-01-09T11:13:17.684-0300] {logging_mixin.py:188} INFO - 448
[2024-01-09T11:13:17.835-0300] {logging_mixin.py:188} INFO - 449
[2024-01-09T11:13:17.988-0300] {logging_mixin.py:188} INFO - 450
[2024-01-09T11:13:18.141-0300] {logging_mixin.py:188} INFO - 451
[2024-01-09T11:13:18.294-0300] {logging_mixin.py:188} INFO - 452
[2024-01-09T11:13:18.443-0300] {logging_mixin.py:188} INFO - 453
[2024-01-09T11:13:18.624-0300] {logging_mixin.py:188} INFO - 454
[2024-01-09T11:13:18.779-0300] {logging_mixin.py:188} INFO - 455
[2024-01-09T11:13:18.936-0300] {logging_mixin.py:188} INFO - 456
[2024-01-09T11:13:19.084-0300] {logging_mixin.py:188} INFO - 457
[2024-01-09T11:13:20.305-0300] {logging_mixin.py:188} INFO - 458
[2024-01-09T11:13:20.459-0300] {logging_mixin.py:188} INFO - 459
[2024-01-09T11:13:20.608-0300] {logging_mixin.py:188} INFO - 460
[2024-01-09T11:13:20.909-0300] {logging_mixin.py:188} INFO - 461
[2024-01-09T11:13:21.058-0300] {logging_mixin.py:188} INFO - 462
[2024-01-09T11:13:21.213-0300] {logging_mixin.py:188} INFO - 463
[2024-01-09T11:13:21.365-0300] {logging_mixin.py:188} INFO - 464
[2024-01-09T11:13:21.519-0300] {logging_mixin.py:188} INFO - 465
[2024-01-09T11:13:21.677-0300] {logging_mixin.py:188} INFO - 466
[2024-01-09T11:13:21.830-0300] {logging_mixin.py:188} INFO - 467
[2024-01-09T11:13:21.980-0300] {logging_mixin.py:188} INFO - 468
[2024-01-09T11:13:22.136-0300] {logging_mixin.py:188} INFO - 469
[2024-01-09T11:13:22.288-0300] {logging_mixin.py:188} INFO - 470
[2024-01-09T11:13:22.442-0300] {logging_mixin.py:188} INFO - 471
[2024-01-09T11:13:22.600-0300] {logging_mixin.py:188} INFO - 472
[2024-01-09T11:13:22.748-0300] {logging_mixin.py:188} INFO - 473
[2024-01-09T11:13:22.904-0300] {logging_mixin.py:188} INFO - 474
[2024-01-09T11:13:23.056-0300] {logging_mixin.py:188} INFO - 475
[2024-01-09T11:13:23.214-0300] {logging_mixin.py:188} INFO - 476
[2024-01-09T11:13:23.363-0300] {logging_mixin.py:188} INFO - 477
[2024-01-09T11:13:23.531-0300] {logging_mixin.py:188} INFO - 478
[2024-01-09T11:13:23.686-0300] {logging_mixin.py:188} INFO - 479
[2024-01-09T11:13:23.835-0300] {logging_mixin.py:188} INFO - 480
[2024-01-09T11:13:24.139-0300] {logging_mixin.py:188} INFO - 481
[2024-01-09T11:13:24.291-0300] {logging_mixin.py:188} INFO - 482
[2024-01-09T11:13:24.438-0300] {logging_mixin.py:188} INFO - 483
[2024-01-09T11:13:24.587-0300] {logging_mixin.py:188} INFO - 484
[2024-01-09T11:13:24.738-0300] {logging_mixin.py:188} INFO - 485
[2024-01-09T11:13:24.892-0300] {logging_mixin.py:188} INFO - 486
[2024-01-09T11:13:25.045-0300] {logging_mixin.py:188} INFO - 487
[2024-01-09T11:13:25.194-0300] {logging_mixin.py:188} INFO - 488
[2024-01-09T11:13:25.349-0300] {logging_mixin.py:188} INFO - 489
[2024-01-09T11:13:25.514-0300] {logging_mixin.py:188} INFO - 490
[2024-01-09T11:13:25.667-0300] {logging_mixin.py:188} INFO - 491
[2024-01-09T11:13:25.815-0300] {logging_mixin.py:188} INFO - 492
[2024-01-09T11:13:25.967-0300] {logging_mixin.py:188} INFO - 493
[2024-01-09T11:13:26.118-0300] {logging_mixin.py:188} INFO - 494
[2024-01-09T11:13:26.281-0300] {logging_mixin.py:188} INFO - 495
[2024-01-09T11:13:26.434-0300] {logging_mixin.py:188} INFO - 496
[2024-01-09T11:13:26.585-0300] {logging_mixin.py:188} INFO - 497
[2024-01-09T11:13:26.741-0300] {logging_mixin.py:188} INFO - 498
[2024-01-09T11:13:26.893-0300] {logging_mixin.py:188} INFO - 499
[2024-01-09T11:13:27.045-0300] {logging_mixin.py:188} INFO - 500
[2024-01-09T11:13:27.356-0300] {logging_mixin.py:188} INFO - 501
[2024-01-09T11:13:27.518-0300] {logging_mixin.py:188} INFO - 502
[2024-01-09T11:13:27.666-0300] {logging_mixin.py:188} INFO - 503
[2024-01-09T11:13:27.812-0300] {logging_mixin.py:188} INFO - 504
[2024-01-09T11:13:27.959-0300] {logging_mixin.py:188} INFO - 505
[2024-01-09T11:13:28.107-0300] {logging_mixin.py:188} INFO - 506
[2024-01-09T11:13:28.258-0300] {logging_mixin.py:188} INFO - 507
[2024-01-09T11:13:28.426-0300] {logging_mixin.py:188} INFO - 508
[2024-01-09T11:13:28.578-0300] {logging_mixin.py:188} INFO - 509
[2024-01-09T11:13:28.742-0300] {logging_mixin.py:188} INFO - 510
[2024-01-09T11:13:28.892-0300] {logging_mixin.py:188} INFO - 511
[2024-01-09T11:13:29.044-0300] {logging_mixin.py:188} INFO - 512
[2024-01-09T11:13:29.203-0300] {logging_mixin.py:188} INFO - 513
[2024-01-09T11:13:29.350-0300] {logging_mixin.py:188} INFO - 514
[2024-01-09T11:13:29.510-0300] {logging_mixin.py:188} INFO - 515
[2024-01-09T11:13:29.663-0300] {logging_mixin.py:188} INFO - 516
[2024-01-09T11:13:29.813-0300] {logging_mixin.py:188} INFO - 517
[2024-01-09T11:13:29.974-0300] {logging_mixin.py:188} INFO - 518
[2024-01-09T11:13:30.121-0300] {logging_mixin.py:188} INFO - 519
[2024-01-09T11:13:30.280-0300] {logging_mixin.py:188} INFO - 520
[2024-01-09T11:13:30.600-0300] {logging_mixin.py:188} INFO - 521
[2024-01-09T11:13:30.754-0300] {logging_mixin.py:188} INFO - 522
[2024-01-09T11:13:30.902-0300] {logging_mixin.py:188} INFO - 523
[2024-01-09T11:13:31.051-0300] {logging_mixin.py:188} INFO - 524
[2024-01-09T11:13:31.204-0300] {logging_mixin.py:188} INFO - 525
[2024-01-09T11:13:31.353-0300] {logging_mixin.py:188} INFO - 526
[2024-01-09T11:13:31.508-0300] {logging_mixin.py:188} INFO - 527
[2024-01-09T11:13:31.657-0300] {logging_mixin.py:188} INFO - 528
[2024-01-09T11:13:31.830-0300] {logging_mixin.py:188} INFO - 529
[2024-01-09T11:13:31.994-0300] {logging_mixin.py:188} INFO - 530
[2024-01-09T11:13:32.182-0300] {logging_mixin.py:188} INFO - 531
[2024-01-09T11:13:32.335-0300] {logging_mixin.py:188} INFO - 532
[2024-01-09T11:13:32.493-0300] {logging_mixin.py:188} INFO - 533
[2024-01-09T11:13:32.643-0300] {logging_mixin.py:188} INFO - 534
[2024-01-09T11:13:32.791-0300] {logging_mixin.py:188} INFO - 535
[2024-01-09T11:13:32.939-0300] {logging_mixin.py:188} INFO - 536
[2024-01-09T11:13:33.087-0300] {logging_mixin.py:188} INFO - 537
[2024-01-09T11:13:33.237-0300] {logging_mixin.py:188} INFO - 538
[2024-01-09T11:13:33.388-0300] {logging_mixin.py:188} INFO - 539
[2024-01-09T11:13:33.544-0300] {logging_mixin.py:188} INFO - 540
[2024-01-09T11:13:33.852-0300] {logging_mixin.py:188} INFO - 541
[2024-01-09T11:13:34.003-0300] {logging_mixin.py:188} INFO - 542
[2024-01-09T11:13:34.158-0300] {logging_mixin.py:188} INFO - 543
[2024-01-09T11:13:34.307-0300] {logging_mixin.py:188} INFO - 544
[2024-01-09T11:13:34.707-0300] {logging_mixin.py:188} INFO - 545
[2024-01-09T11:13:34.875-0300] {logging_mixin.py:188} INFO - 546
[2024-01-09T11:13:35.021-0300] {logging_mixin.py:188} INFO - 547
[2024-01-09T11:13:35.174-0300] {logging_mixin.py:188} INFO - 548
[2024-01-09T11:13:35.329-0300] {logging_mixin.py:188} INFO - 549
[2024-01-09T11:13:35.475-0300] {logging_mixin.py:188} INFO - 550
[2024-01-09T11:13:35.641-0300] {logging_mixin.py:188} INFO - 551
[2024-01-09T11:13:35.813-0300] {logging_mixin.py:188} INFO - 552
[2024-01-09T11:13:35.971-0300] {logging_mixin.py:188} INFO - 553
[2024-01-09T11:13:36.114-0300] {logging_mixin.py:188} INFO - 554
[2024-01-09T11:13:36.261-0300] {logging_mixin.py:188} INFO - 555
[2024-01-09T11:13:36.411-0300] {logging_mixin.py:188} INFO - 556
[2024-01-09T11:13:36.559-0300] {logging_mixin.py:188} INFO - 557
[2024-01-09T11:13:36.709-0300] {logging_mixin.py:188} INFO - 558
[2024-01-09T11:13:36.876-0300] {logging_mixin.py:188} INFO - 559
[2024-01-09T11:13:37.043-0300] {logging_mixin.py:188} INFO - 560
[2024-01-09T11:13:37.375-0300] {logging_mixin.py:188} INFO - 561
[2024-01-09T11:13:37.527-0300] {logging_mixin.py:188} INFO - 562
[2024-01-09T11:13:37.679-0300] {logging_mixin.py:188} INFO - 563
[2024-01-09T11:13:37.829-0300] {logging_mixin.py:188} INFO - 564
[2024-01-09T11:13:37.989-0300] {logging_mixin.py:188} INFO - 565
[2024-01-09T11:13:38.137-0300] {logging_mixin.py:188} INFO - 566
[2024-01-09T11:13:38.293-0300] {logging_mixin.py:188} INFO - 567
[2024-01-09T11:13:38.441-0300] {logging_mixin.py:188} INFO - 568
[2024-01-09T11:13:38.592-0300] {logging_mixin.py:188} INFO - 569
[2024-01-09T11:13:38.750-0300] {logging_mixin.py:188} INFO - 570
[2024-01-09T11:13:38.899-0300] {logging_mixin.py:188} INFO - 571
[2024-01-09T11:13:40.057-0300] {logging_mixin.py:188} INFO - 572
[2024-01-09T11:13:40.205-0300] {logging_mixin.py:188} INFO - 573
[2024-01-09T11:13:40.384-0300] {logging_mixin.py:188} INFO - 574
[2024-01-09T11:13:40.557-0300] {logging_mixin.py:188} INFO - 575
[2024-01-09T11:13:40.725-0300] {logging_mixin.py:188} INFO - 576
[2024-01-09T11:13:40.878-0300] {logging_mixin.py:188} INFO - 577
[2024-01-09T11:13:41.024-0300] {logging_mixin.py:188} INFO - 578
[2024-01-09T11:13:41.173-0300] {logging_mixin.py:188} INFO - 579
[2024-01-09T11:13:41.328-0300] {logging_mixin.py:188} INFO - 580
[2024-01-09T11:13:41.618-0300] {logging_mixin.py:188} INFO - 581
[2024-01-09T11:13:41.775-0300] {logging_mixin.py:188} INFO - 582
[2024-01-09T11:13:41.920-0300] {logging_mixin.py:188} INFO - 583
[2024-01-09T11:13:42.082-0300] {logging_mixin.py:188} INFO - 584
[2024-01-09T11:13:42.261-0300] {logging_mixin.py:188} INFO - 585
[2024-01-09T11:13:42.409-0300] {logging_mixin.py:188} INFO - 586
[2024-01-09T11:13:42.560-0300] {logging_mixin.py:188} INFO - 587
[2024-01-09T11:13:42.716-0300] {logging_mixin.py:188} INFO - 588
[2024-01-09T11:13:42.867-0300] {logging_mixin.py:188} INFO - 589
[2024-01-09T11:13:43.023-0300] {logging_mixin.py:188} INFO - 590
[2024-01-09T11:13:43.180-0300] {logging_mixin.py:188} INFO - 591
[2024-01-09T11:13:43.331-0300] {logging_mixin.py:188} INFO - 592
[2024-01-09T11:13:43.491-0300] {logging_mixin.py:188} INFO - 593
[2024-01-09T11:13:43.638-0300] {logging_mixin.py:188} INFO - 594
[2024-01-09T11:13:43.791-0300] {logging_mixin.py:188} INFO - 595
[2024-01-09T11:13:43.938-0300] {logging_mixin.py:188} INFO - 596
[2024-01-09T11:13:44.091-0300] {logging_mixin.py:188} INFO - 597
[2024-01-09T11:13:44.240-0300] {logging_mixin.py:188} INFO - 598
[2024-01-09T11:13:44.397-0300] {logging_mixin.py:188} INFO - 599
[2024-01-09T11:13:44.551-0300] {logging_mixin.py:188} INFO - 600
[2024-01-09T11:13:44.863-0300] {logging_mixin.py:188} INFO - 601
[2024-01-09T11:13:45.016-0300] {logging_mixin.py:188} INFO - 602
[2024-01-09T11:13:45.169-0300] {logging_mixin.py:188} INFO - 603
[2024-01-09T11:13:45.324-0300] {logging_mixin.py:188} INFO - 604
[2024-01-09T11:13:45.482-0300] {logging_mixin.py:188} INFO - 605
[2024-01-09T11:13:45.634-0300] {logging_mixin.py:188} INFO - 606
[2024-01-09T11:13:45.782-0300] {logging_mixin.py:188} INFO - 607
[2024-01-09T11:13:45.939-0300] {logging_mixin.py:188} INFO - 608
[2024-01-09T11:13:46.097-0300] {logging_mixin.py:188} INFO - 609
[2024-01-09T11:13:46.245-0300] {logging_mixin.py:188} INFO - 610
[2024-01-09T11:13:46.403-0300] {logging_mixin.py:188} INFO - 611
[2024-01-09T11:13:46.554-0300] {logging_mixin.py:188} INFO - 612
[2024-01-09T11:13:46.710-0300] {logging_mixin.py:188} INFO - 613
[2024-01-09T11:13:46.864-0300] {logging_mixin.py:188} INFO - 614
[2024-01-09T11:13:47.012-0300] {logging_mixin.py:188} INFO - 615
[2024-01-09T11:13:47.169-0300] {logging_mixin.py:188} INFO - 616
[2024-01-09T11:13:47.317-0300] {logging_mixin.py:188} INFO - 617
[2024-01-09T11:13:47.475-0300] {logging_mixin.py:188} INFO - 618
[2024-01-09T11:13:47.627-0300] {logging_mixin.py:188} INFO - 619
[2024-01-09T11:13:47.777-0300] {logging_mixin.py:188} INFO - 620
[2024-01-09T11:13:48.083-0300] {logging_mixin.py:188} INFO - 621
[2024-01-09T11:13:48.236-0300] {logging_mixin.py:188} INFO - 622
[2024-01-09T11:13:48.391-0300] {logging_mixin.py:188} INFO - 623
[2024-01-09T11:13:48.569-0300] {logging_mixin.py:188} INFO - 624
[2024-01-09T11:13:48.749-0300] {logging_mixin.py:188} INFO - 625
[2024-01-09T11:13:48.921-0300] {logging_mixin.py:188} INFO - 626
[2024-01-09T11:13:49.077-0300] {logging_mixin.py:188} INFO - 627
[2024-01-09T11:13:49.243-0300] {logging_mixin.py:188} INFO - 628
[2024-01-09T11:13:49.392-0300] {logging_mixin.py:188} INFO - 629
[2024-01-09T11:13:49.559-0300] {logging_mixin.py:188} INFO - 630
[2024-01-09T11:13:49.714-0300] {logging_mixin.py:188} INFO - 631
[2024-01-09T11:13:49.870-0300] {logging_mixin.py:188} INFO - 632
[2024-01-09T11:13:50.022-0300] {logging_mixin.py:188} INFO - 633
[2024-01-09T11:13:50.175-0300] {logging_mixin.py:188} INFO - 634
[2024-01-09T11:13:50.330-0300] {logging_mixin.py:188} INFO - 635
[2024-01-09T11:13:50.483-0300] {logging_mixin.py:188} INFO - 636
[2024-01-09T11:13:50.643-0300] {logging_mixin.py:188} INFO - 637
[2024-01-09T11:13:50.791-0300] {logging_mixin.py:188} INFO - 638
[2024-01-09T11:13:50.944-0300] {logging_mixin.py:188} INFO - 639
[2024-01-09T11:13:51.101-0300] {logging_mixin.py:188} INFO - 640
[2024-01-09T11:13:51.413-0300] {logging_mixin.py:188} INFO - 641
[2024-01-09T11:13:51.577-0300] {logging_mixin.py:188} INFO - 642
[2024-01-09T11:13:51.720-0300] {logging_mixin.py:188} INFO - 643
[2024-01-09T11:13:51.873-0300] {logging_mixin.py:188} INFO - 644
[2024-01-09T11:13:52.024-0300] {logging_mixin.py:188} INFO - 645
[2024-01-09T11:13:52.179-0300] {logging_mixin.py:188} INFO - 646
[2024-01-09T11:13:52.327-0300] {logging_mixin.py:188} INFO - 647
[2024-01-09T11:13:52.480-0300] {logging_mixin.py:188} INFO - 648
[2024-01-09T11:13:52.631-0300] {logging_mixin.py:188} INFO - 649
[2024-01-09T11:13:52.797-0300] {logging_mixin.py:188} INFO - 650
[2024-01-09T11:13:52.986-0300] {logging_mixin.py:188} INFO - 651
[2024-01-09T11:13:53.143-0300] {logging_mixin.py:188} INFO - 652
[2024-01-09T11:13:53.293-0300] {logging_mixin.py:188} INFO - 653
[2024-01-09T11:13:53.465-0300] {logging_mixin.py:188} INFO - 654
[2024-01-09T11:13:53.621-0300] {logging_mixin.py:188} INFO - 655
[2024-01-09T11:13:53.776-0300] {logging_mixin.py:188} INFO - 656
[2024-01-09T11:13:53.937-0300] {logging_mixin.py:188} INFO - 657
[2024-01-09T11:13:54.084-0300] {logging_mixin.py:188} INFO - 658
[2024-01-09T11:13:54.238-0300] {logging_mixin.py:188} INFO - 659
[2024-01-09T11:13:54.390-0300] {logging_mixin.py:188} INFO - 660
[2024-01-09T11:13:54.694-0300] {logging_mixin.py:188} INFO - 661
[2024-01-09T11:13:54.843-0300] {logging_mixin.py:188} INFO - 662
[2024-01-09T11:13:54.995-0300] {logging_mixin.py:188} INFO - 663
[2024-01-09T11:13:55.158-0300] {logging_mixin.py:188} INFO - 664
[2024-01-09T11:13:55.304-0300] {logging_mixin.py:188} INFO - 665
[2024-01-09T11:13:55.462-0300] {logging_mixin.py:188} INFO - 666
[2024-01-09T11:13:55.622-0300] {logging_mixin.py:188} INFO - 667
[2024-01-09T11:13:55.770-0300] {logging_mixin.py:188} INFO - 668
[2024-01-09T11:13:55.921-0300] {logging_mixin.py:188} INFO - 669
[2024-01-09T11:13:56.073-0300] {logging_mixin.py:188} INFO - 670
[2024-01-09T11:13:56.219-0300] {logging_mixin.py:188} INFO - 671
[2024-01-09T11:13:56.363-0300] {logging_mixin.py:188} INFO - 672
[2024-01-09T11:13:56.525-0300] {logging_mixin.py:188} INFO - 673
[2024-01-09T11:13:56.686-0300] {logging_mixin.py:188} INFO - 674
[2024-01-09T11:13:56.832-0300] {logging_mixin.py:188} INFO - 675
[2024-01-09T11:13:56.985-0300] {logging_mixin.py:188} INFO - 676
[2024-01-09T11:13:57.145-0300] {logging_mixin.py:188} INFO - 677
[2024-01-09T11:13:57.304-0300] {logging_mixin.py:188} INFO - 678
[2024-01-09T11:13:57.454-0300] {logging_mixin.py:188} INFO - 679
[2024-01-09T11:13:57.616-0300] {logging_mixin.py:188} INFO - 680
[2024-01-09T11:13:57.924-0300] {logging_mixin.py:188} INFO - 681
[2024-01-09T11:13:58.070-0300] {logging_mixin.py:188} INFO - 682
[2024-01-09T11:13:58.227-0300] {logging_mixin.py:188} INFO - 683
[2024-01-09T11:13:58.380-0300] {logging_mixin.py:188} INFO - 684
[2024-01-09T11:13:58.533-0300] {logging_mixin.py:188} INFO - 685
[2024-01-09T11:13:58.678-0300] {logging_mixin.py:188} INFO - 686
[2024-01-09T11:13:58.828-0300] {logging_mixin.py:188} INFO - 687
[2024-01-09T11:13:58.979-0300] {logging_mixin.py:188} INFO - 688
[2024-01-09T11:13:59.130-0300] {logging_mixin.py:188} INFO - 689
[2024-01-09T11:13:59.285-0300] {logging_mixin.py:188} INFO - 690
[2024-01-09T11:13:59.433-0300] {logging_mixin.py:188} INFO - 691
[2024-01-09T11:13:59.608-0300] {logging_mixin.py:188} INFO - 692
[2024-01-09T11:13:59.761-0300] {logging_mixin.py:188} INFO - 693
[2024-01-09T11:13:59.908-0300] {logging_mixin.py:188} INFO - 694
[2024-01-09T11:14:00.057-0300] {logging_mixin.py:188} INFO - 695
[2024-01-09T11:14:00.255-0300] {logging_mixin.py:188} INFO - 696
[2024-01-09T11:14:00.412-0300] {logging_mixin.py:188} INFO - 697
[2024-01-09T11:14:00.561-0300] {logging_mixin.py:188} INFO - 698
[2024-01-09T11:14:00.739-0300] {logging_mixin.py:188} INFO - 699
[2024-01-09T11:14:00.894-0300] {logging_mixin.py:188} INFO - 700
[2024-01-09T11:14:01.192-0300] {logging_mixin.py:188} INFO - 701
[2024-01-09T11:14:01.344-0300] {logging_mixin.py:188} INFO - 702
[2024-01-09T11:14:01.509-0300] {logging_mixin.py:188} INFO - 703
[2024-01-09T11:14:01.660-0300] {logging_mixin.py:188} INFO - 704
[2024-01-09T11:14:01.816-0300] {logging_mixin.py:188} INFO - 705
[2024-01-09T11:14:01.968-0300] {logging_mixin.py:188} INFO - 706
[2024-01-09T11:14:02.120-0300] {logging_mixin.py:188} INFO - 707
[2024-01-09T11:14:02.275-0300] {logging_mixin.py:188} INFO - 708
[2024-01-09T11:14:02.428-0300] {logging_mixin.py:188} INFO - 709
[2024-01-09T11:14:02.576-0300] {logging_mixin.py:188} INFO - 710
[2024-01-09T11:14:02.768-0300] {logging_mixin.py:188} INFO - 711
[2024-01-09T11:14:02.918-0300] {logging_mixin.py:188} INFO - 712
[2024-01-09T11:14:03.075-0300] {logging_mixin.py:188} INFO - 713
[2024-01-09T11:14:03.225-0300] {logging_mixin.py:188} INFO - 714
[2024-01-09T11:14:03.391-0300] {logging_mixin.py:188} INFO - 715
[2024-01-09T11:14:03.568-0300] {logging_mixin.py:188} INFO - 716
[2024-01-09T11:14:03.721-0300] {logging_mixin.py:188} INFO - 717
[2024-01-09T11:14:03.869-0300] {logging_mixin.py:188} INFO - 718
[2024-01-09T11:14:04.017-0300] {logging_mixin.py:188} INFO - 719
[2024-01-09T11:14:04.171-0300] {logging_mixin.py:188} INFO - 720
[2024-01-09T11:14:04.485-0300] {logging_mixin.py:188} INFO - 721
[2024-01-09T11:14:04.634-0300] {logging_mixin.py:188} INFO - 722
[2024-01-09T11:14:04.795-0300] {logging_mixin.py:188} INFO - 723
[2024-01-09T11:14:04.951-0300] {logging_mixin.py:188} INFO - 724
[2024-01-09T11:14:05.103-0300] {logging_mixin.py:188} INFO - 725
[2024-01-09T11:14:05.251-0300] {logging_mixin.py:188} INFO - 726
[2024-01-09T11:14:05.419-0300] {logging_mixin.py:188} INFO - 727
[2024-01-09T11:14:05.587-0300] {logging_mixin.py:188} INFO - 728
[2024-01-09T11:14:05.757-0300] {logging_mixin.py:188} INFO - 729
[2024-01-09T11:14:05.917-0300] {logging_mixin.py:188} INFO - 730
[2024-01-09T11:14:06.078-0300] {logging_mixin.py:188} INFO - 731
[2024-01-09T11:14:06.253-0300] {logging_mixin.py:188} INFO - 732
[2024-01-09T11:14:06.405-0300] {logging_mixin.py:188} INFO - 733
[2024-01-09T11:14:06.560-0300] {logging_mixin.py:188} INFO - 734
[2024-01-09T11:14:06.716-0300] {logging_mixin.py:188} INFO - 735
[2024-01-09T11:14:06.864-0300] {logging_mixin.py:188} INFO - 736
[2024-01-09T11:14:07.014-0300] {logging_mixin.py:188} INFO - 737
[2024-01-09T11:14:07.176-0300] {logging_mixin.py:188} INFO - 738
[2024-01-09T11:14:07.334-0300] {logging_mixin.py:188} INFO - 739
[2024-01-09T11:14:07.483-0300] {logging_mixin.py:188} INFO - 740
[2024-01-09T11:14:07.788-0300] {logging_mixin.py:188} INFO - 741
[2024-01-09T11:14:07.935-0300] {logging_mixin.py:188} INFO - 742
[2024-01-09T11:14:09.103-0300] {logging_mixin.py:188} INFO - 743
[2024-01-09T11:14:09.247-0300] {logging_mixin.py:188} INFO - 744
[2024-01-09T11:14:09.403-0300] {logging_mixin.py:188} INFO - 745
[2024-01-09T11:14:09.561-0300] {logging_mixin.py:188} INFO - 746
[2024-01-09T11:14:09.717-0300] {logging_mixin.py:188} INFO - 747
[2024-01-09T11:14:09.897-0300] {logging_mixin.py:188} INFO - 748
[2024-01-09T11:14:10.072-0300] {logging_mixin.py:188} INFO - 749
[2024-01-09T11:14:10.224-0300] {logging_mixin.py:188} INFO - 750
[2024-01-09T11:14:10.383-0300] {logging_mixin.py:188} INFO - 751
[2024-01-09T11:14:10.531-0300] {logging_mixin.py:188} INFO - 752
[2024-01-09T11:14:10.680-0300] {logging_mixin.py:188} INFO - 753
[2024-01-09T11:14:10.831-0300] {logging_mixin.py:188} INFO - 754
[2024-01-09T11:14:10.981-0300] {logging_mixin.py:188} INFO - 755
[2024-01-09T11:14:11.133-0300] {logging_mixin.py:188} INFO - 756
[2024-01-09T11:14:11.281-0300] {logging_mixin.py:188} INFO - 757
[2024-01-09T11:14:11.435-0300] {logging_mixin.py:188} INFO - 758
[2024-01-09T11:14:11.579-0300] {logging_mixin.py:188} INFO - 759
[2024-01-09T11:14:11.721-0300] {logging_mixin.py:188} INFO - 760
[2024-01-09T11:14:12.024-0300] {logging_mixin.py:188} INFO - 761
[2024-01-09T11:14:12.178-0300] {logging_mixin.py:188} INFO - 762
[2024-01-09T11:14:12.330-0300] {logging_mixin.py:188} INFO - 763
[2024-01-09T11:14:12.481-0300] {logging_mixin.py:188} INFO - 764
[2024-01-09T11:14:12.634-0300] {logging_mixin.py:188} INFO - 765
[2024-01-09T11:14:12.789-0300] {logging_mixin.py:188} INFO - 766
[2024-01-09T11:14:12.975-0300] {logging_mixin.py:188} INFO - 767
[2024-01-09T11:14:13.124-0300] {logging_mixin.py:188} INFO - 768
[2024-01-09T11:14:13.281-0300] {logging_mixin.py:188} INFO - 769
[2024-01-09T11:14:13.437-0300] {logging_mixin.py:188} INFO - 770
[2024-01-09T11:14:13.588-0300] {logging_mixin.py:188} INFO - 771
[2024-01-09T11:14:13.739-0300] {logging_mixin.py:188} INFO - 772
[2024-01-09T11:14:13.890-0300] {logging_mixin.py:188} INFO - 773
[2024-01-09T11:14:14.038-0300] {logging_mixin.py:188} INFO - 774
[2024-01-09T11:14:14.187-0300] {logging_mixin.py:188} INFO - 775
[2024-01-09T11:14:14.342-0300] {logging_mixin.py:188} INFO - 776
[2024-01-09T11:14:14.498-0300] {logging_mixin.py:188} INFO - 777
[2024-01-09T11:14:14.717-0300] {logging_mixin.py:188} INFO - 778
[2024-01-09T11:14:14.878-0300] {logging_mixin.py:188} INFO - 779
[2024-01-09T11:14:15.043-0300] {logging_mixin.py:188} INFO - 780
[2024-01-09T11:14:15.410-0300] {logging_mixin.py:188} INFO - 781
[2024-01-09T11:14:15.564-0300] {logging_mixin.py:188} INFO - 782
[2024-01-09T11:14:15.713-0300] {logging_mixin.py:188} INFO - 783
[2024-01-09T11:14:15.865-0300] {logging_mixin.py:188} INFO - 784
[2024-01-09T11:14:16.013-0300] {logging_mixin.py:188} INFO - 785
[2024-01-09T11:14:16.162-0300] {logging_mixin.py:188} INFO - 786
[2024-01-09T11:14:16.317-0300] {logging_mixin.py:188} INFO - 787
[2024-01-09T11:14:16.466-0300] {logging_mixin.py:188} INFO - 788
[2024-01-09T11:14:16.628-0300] {logging_mixin.py:188} INFO - 789
[2024-01-09T11:14:16.778-0300] {logging_mixin.py:188} INFO - 790
[2024-01-09T11:14:16.928-0300] {logging_mixin.py:188} INFO - 791
[2024-01-09T11:14:17.074-0300] {logging_mixin.py:188} INFO - 792
[2024-01-09T11:14:17.231-0300] {logging_mixin.py:188} INFO - 793
[2024-01-09T11:14:17.390-0300] {logging_mixin.py:188} INFO - 794
[2024-01-09T11:14:17.546-0300] {logging_mixin.py:188} INFO - 795
[2024-01-09T11:14:17.699-0300] {logging_mixin.py:188} INFO - 796
[2024-01-09T11:14:17.854-0300] {logging_mixin.py:188} INFO - 797
[2024-01-09T11:14:18.003-0300] {logging_mixin.py:188} INFO - 798
[2024-01-09T11:14:18.160-0300] {logging_mixin.py:188} INFO - 799
[2024-01-09T11:14:18.313-0300] {logging_mixin.py:188} INFO - 800
[2024-01-09T11:14:18.671-0300] {logging_mixin.py:188} INFO - 801
[2024-01-09T11:14:18.817-0300] {logging_mixin.py:188} INFO - 802
[2024-01-09T11:14:18.966-0300] {logging_mixin.py:188} INFO - 803
[2024-01-09T11:14:19.129-0300] {logging_mixin.py:188} INFO - 804
[2024-01-09T11:14:19.278-0300] {logging_mixin.py:188} INFO - 805
[2024-01-09T11:14:19.429-0300] {logging_mixin.py:188} INFO - 806
[2024-01-09T11:14:19.576-0300] {logging_mixin.py:188} INFO - 807
[2024-01-09T11:14:19.733-0300] {logging_mixin.py:188} INFO - 808
[2024-01-09T11:14:19.888-0300] {logging_mixin.py:188} INFO - 809
[2024-01-09T11:14:20.048-0300] {logging_mixin.py:188} INFO - 810
[2024-01-09T11:14:20.196-0300] {logging_mixin.py:188} INFO - 811
[2024-01-09T11:14:20.350-0300] {logging_mixin.py:188} INFO - 812
[2024-01-09T11:14:20.503-0300] {logging_mixin.py:188} INFO - 813
[2024-01-09T11:14:20.664-0300] {logging_mixin.py:188} INFO - 814
[2024-01-09T11:14:20.820-0300] {logging_mixin.py:188} INFO - 815
[2024-01-09T11:14:20.968-0300] {logging_mixin.py:188} INFO - 816
[2024-01-09T11:14:21.120-0300] {logging_mixin.py:188} INFO - 817
[2024-01-09T11:14:21.270-0300] {logging_mixin.py:188} INFO - 818
[2024-01-09T11:14:21.418-0300] {logging_mixin.py:188} INFO - 819
[2024-01-09T11:14:21.572-0300] {logging_mixin.py:188} INFO - 820
[2024-01-09T11:14:21.876-0300] {logging_mixin.py:188} INFO - 821
[2024-01-09T11:14:22.023-0300] {logging_mixin.py:188} INFO - 822
[2024-01-09T11:14:22.175-0300] {logging_mixin.py:188} INFO - 823
[2024-01-09T11:14:22.333-0300] {logging_mixin.py:188} INFO - 824
[2024-01-09T11:14:22.482-0300] {logging_mixin.py:188} INFO - 825
[2024-01-09T11:14:22.634-0300] {logging_mixin.py:188} INFO - 826
[2024-01-09T11:14:22.790-0300] {logging_mixin.py:188} INFO - 827
[2024-01-09T11:14:22.948-0300] {logging_mixin.py:188} INFO - 828
[2024-01-09T11:14:23.096-0300] {logging_mixin.py:188} INFO - 829
[2024-01-09T11:14:23.248-0300] {logging_mixin.py:188} INFO - 830
[2024-01-09T11:14:23.396-0300] {logging_mixin.py:188} INFO - 831
[2024-01-09T11:14:23.549-0300] {logging_mixin.py:188} INFO - 832
[2024-01-09T11:14:23.695-0300] {logging_mixin.py:188} INFO - 833
[2024-01-09T11:14:23.842-0300] {logging_mixin.py:188} INFO - 834
[2024-01-09T11:14:23.994-0300] {logging_mixin.py:188} INFO - 835
[2024-01-09T11:14:24.148-0300] {logging_mixin.py:188} INFO - 836
[2024-01-09T11:14:24.304-0300] {logging_mixin.py:188} INFO - 837
[2024-01-09T11:14:24.471-0300] {logging_mixin.py:188} INFO - 838
[2024-01-09T11:14:24.624-0300] {logging_mixin.py:188} INFO - 839
[2024-01-09T11:14:24.788-0300] {logging_mixin.py:188} INFO - 840
[2024-01-09T11:14:25.090-0300] {logging_mixin.py:188} INFO - 841
[2024-01-09T11:14:25.282-0300] {logging_mixin.py:188} INFO - 842
[2024-01-09T11:14:25.431-0300] {logging_mixin.py:188} INFO - 843
[2024-01-09T11:14:25.582-0300] {logging_mixin.py:188} INFO - 844
[2024-01-09T11:14:25.741-0300] {logging_mixin.py:188} INFO - 845
[2024-01-09T11:14:25.896-0300] {logging_mixin.py:188} INFO - 846
[2024-01-09T11:14:26.042-0300] {logging_mixin.py:188} INFO - 847
[2024-01-09T11:14:26.193-0300] {logging_mixin.py:188} INFO - 848
[2024-01-09T11:14:26.339-0300] {logging_mixin.py:188} INFO - 849
[2024-01-09T11:14:26.499-0300] {logging_mixin.py:188} INFO - 850
[2024-01-09T11:14:26.645-0300] {logging_mixin.py:188} INFO - 851
[2024-01-09T11:14:26.796-0300] {logging_mixin.py:188} INFO - 852
[2024-01-09T11:14:26.946-0300] {logging_mixin.py:188} INFO - 853
[2024-01-09T11:14:27.102-0300] {logging_mixin.py:188} INFO - 854
[2024-01-09T11:14:27.252-0300] {logging_mixin.py:188} INFO - 855
[2024-01-09T11:14:27.412-0300] {logging_mixin.py:188} INFO - 856
[2024-01-09T11:14:27.567-0300] {logging_mixin.py:188} INFO - 857
[2024-01-09T11:14:27.719-0300] {logging_mixin.py:188} INFO - 858
[2024-01-09T11:14:27.869-0300] {logging_mixin.py:188} INFO - 859
[2024-01-09T11:14:28.027-0300] {logging_mixin.py:188} INFO - 860
[2024-01-09T11:14:28.335-0300] {logging_mixin.py:188} INFO - 861
[2024-01-09T11:14:28.490-0300] {logging_mixin.py:188} INFO - 862
[2024-01-09T11:14:28.649-0300] {logging_mixin.py:188} INFO - 863
[2024-01-09T11:14:28.796-0300] {logging_mixin.py:188} INFO - 864
[2024-01-09T11:14:28.950-0300] {logging_mixin.py:188} INFO - 865
[2024-01-09T11:14:29.100-0300] {logging_mixin.py:188} INFO - 866
[2024-01-09T11:14:29.267-0300] {logging_mixin.py:188} INFO - 867
[2024-01-09T11:14:29.446-0300] {logging_mixin.py:188} INFO - 868
[2024-01-09T11:14:29.604-0300] {logging_mixin.py:188} INFO - 869
[2024-01-09T11:14:29.756-0300] {logging_mixin.py:188} INFO - 870
[2024-01-09T11:14:29.923-0300] {logging_mixin.py:188} INFO - 871
[2024-01-09T11:14:30.070-0300] {logging_mixin.py:188} INFO - 872
[2024-01-09T11:14:30.221-0300] {logging_mixin.py:188} INFO - 873
[2024-01-09T11:14:30.389-0300] {logging_mixin.py:188} INFO - 874
[2024-01-09T11:14:30.538-0300] {logging_mixin.py:188} INFO - 875
[2024-01-09T11:14:30.688-0300] {logging_mixin.py:188} INFO - 876
[2024-01-09T11:14:30.840-0300] {logging_mixin.py:188} INFO - 877
[2024-01-09T11:14:30.990-0300] {logging_mixin.py:188} INFO - 878
[2024-01-09T11:14:31.141-0300] {logging_mixin.py:188} INFO - 879
[2024-01-09T11:14:31.292-0300] {logging_mixin.py:188} INFO - 880
[2024-01-09T11:14:31.587-0300] {logging_mixin.py:188} INFO - 881
[2024-01-09T11:14:31.753-0300] {logging_mixin.py:188} INFO - 882
[2024-01-09T11:14:31.898-0300] {logging_mixin.py:188} INFO - 883
[2024-01-09T11:14:32.048-0300] {logging_mixin.py:188} INFO - 884
[2024-01-09T11:14:32.193-0300] {logging_mixin.py:188} INFO - 885
[2024-01-09T11:14:32.341-0300] {logging_mixin.py:188} INFO - 886
[2024-01-09T11:14:32.491-0300] {logging_mixin.py:188} INFO - 887
[2024-01-09T11:14:32.641-0300] {logging_mixin.py:188} INFO - 888
[2024-01-09T11:14:32.791-0300] {logging_mixin.py:188} INFO - 889
[2024-01-09T11:14:32.937-0300] {logging_mixin.py:188} INFO - 890
[2024-01-09T11:14:33.088-0300] {logging_mixin.py:188} INFO - 891
[2024-01-09T11:14:33.235-0300] {logging_mixin.py:188} INFO - 892
[2024-01-09T11:14:33.393-0300] {logging_mixin.py:188} INFO - 893
[2024-01-09T11:14:33.549-0300] {logging_mixin.py:188} INFO - 894
[2024-01-09T11:14:33.698-0300] {logging_mixin.py:188} INFO - 895
[2024-01-09T11:14:33.849-0300] {logging_mixin.py:188} INFO - 896
[2024-01-09T11:14:34.004-0300] {logging_mixin.py:188} INFO - 897
[2024-01-09T11:14:34.156-0300] {logging_mixin.py:188} INFO - 898
[2024-01-09T11:14:34.312-0300] {logging_mixin.py:188} INFO - 899
[2024-01-09T11:14:34.471-0300] {logging_mixin.py:188} INFO - 900
[2024-01-09T11:14:34.778-0300] {logging_mixin.py:188} INFO - 901
[2024-01-09T11:14:34.933-0300] {logging_mixin.py:188} INFO - 902
[2024-01-09T11:14:35.087-0300] {logging_mixin.py:188} INFO - 903
[2024-01-09T11:14:35.235-0300] {logging_mixin.py:188} INFO - 904
[2024-01-09T11:14:35.392-0300] {logging_mixin.py:188} INFO - 905
[2024-01-09T11:14:35.544-0300] {logging_mixin.py:188} INFO - 906
[2024-01-09T11:14:35.703-0300] {logging_mixin.py:188} INFO - 907
[2024-01-09T11:14:35.854-0300] {logging_mixin.py:188} INFO - 908
[2024-01-09T11:14:36.016-0300] {logging_mixin.py:188} INFO - 909
[2024-01-09T11:14:36.194-0300] {logging_mixin.py:188} INFO - 910
[2024-01-09T11:14:36.391-0300] {logging_mixin.py:188} INFO - 911
[2024-01-09T11:14:36.566-0300] {logging_mixin.py:188} INFO - 912
[2024-01-09T11:14:36.716-0300] {logging_mixin.py:188} INFO - 913
[2024-01-09T11:14:36.867-0300] {logging_mixin.py:188} INFO - 914
[2024-01-09T11:14:37.018-0300] {logging_mixin.py:188} INFO - 915
[2024-01-09T11:14:37.169-0300] {logging_mixin.py:188} INFO - 916
[2024-01-09T11:14:37.319-0300] {logging_mixin.py:188} INFO - 917
[2024-01-09T11:14:37.468-0300] {logging_mixin.py:188} INFO - 918
[2024-01-09T11:14:37.620-0300] {logging_mixin.py:188} INFO - 919
[2024-01-09T11:14:37.766-0300] {logging_mixin.py:188} INFO - 920
[2024-01-09T11:14:38.065-0300] {logging_mixin.py:188} INFO - 921
[2024-01-09T11:14:38.214-0300] {logging_mixin.py:188} INFO - 922
[2024-01-09T11:14:38.363-0300] {logging_mixin.py:188} INFO - 923
[2024-01-09T11:14:38.514-0300] {logging_mixin.py:188} INFO - 924
[2024-01-09T11:14:38.661-0300] {logging_mixin.py:188} INFO - 925
[2024-01-09T11:14:38.812-0300] {logging_mixin.py:188} INFO - 926
[2024-01-09T11:14:38.960-0300] {logging_mixin.py:188} INFO - 927
[2024-01-09T11:14:39.147-0300] {logging_mixin.py:188} INFO - 928
[2024-01-09T11:14:39.297-0300] {logging_mixin.py:188} INFO - 929
[2024-01-09T11:14:39.447-0300] {logging_mixin.py:188} INFO - 930
[2024-01-09T11:14:39.610-0300] {logging_mixin.py:188} INFO - 931
[2024-01-09T11:14:39.763-0300] {logging_mixin.py:188} INFO - 932
[2024-01-09T11:14:39.910-0300] {logging_mixin.py:188} INFO - 933
[2024-01-09T11:14:40.061-0300] {logging_mixin.py:188} INFO - 934
[2024-01-09T11:14:40.242-0300] {logging_mixin.py:188} INFO - 935
[2024-01-09T11:14:40.395-0300] {logging_mixin.py:188} INFO - 936
[2024-01-09T11:14:40.572-0300] {logging_mixin.py:188} INFO - 937
[2024-01-09T11:14:40.732-0300] {logging_mixin.py:188} INFO - 938
[2024-01-09T11:14:40.879-0300] {logging_mixin.py:188} INFO - 939
[2024-01-09T11:14:41.037-0300] {logging_mixin.py:188} INFO - 940
[2024-01-09T11:14:41.334-0300] {logging_mixin.py:188} INFO - 941
[2024-01-09T11:14:41.480-0300] {logging_mixin.py:188} INFO - 942
[2024-01-09T11:14:41.631-0300] {logging_mixin.py:188} INFO - 943
[2024-01-09T11:14:41.791-0300] {logging_mixin.py:188} INFO - 944
[2024-01-09T11:14:41.947-0300] {logging_mixin.py:188} INFO - 945
[2024-01-09T11:14:42.095-0300] {logging_mixin.py:188} INFO - 946
[2024-01-09T11:14:42.253-0300] {logging_mixin.py:188} INFO - 947
[2024-01-09T11:14:42.451-0300] {logging_mixin.py:188} INFO - 948
[2024-01-09T11:14:42.603-0300] {logging_mixin.py:188} INFO - 949
[2024-01-09T11:14:42.752-0300] {logging_mixin.py:188} INFO - 950
[2024-01-09T11:14:42.947-0300] {logging_mixin.py:188} INFO - 951
[2024-01-09T11:14:43.133-0300] {logging_mixin.py:188} INFO - 952
[2024-01-09T11:14:43.283-0300] {logging_mixin.py:188} INFO - 953
[2024-01-09T11:14:43.436-0300] {logging_mixin.py:188} INFO - 954
[2024-01-09T11:14:43.584-0300] {logging_mixin.py:188} INFO - 955
[2024-01-09T11:14:43.734-0300] {logging_mixin.py:188} INFO - 956
[2024-01-09T11:14:43.891-0300] {logging_mixin.py:188} INFO - 957
[2024-01-09T11:14:44.041-0300] {logging_mixin.py:188} INFO - 958
[2024-01-09T11:14:44.192-0300] {logging_mixin.py:188} INFO - 959
[2024-01-09T11:14:44.351-0300] {logging_mixin.py:188} INFO - 960
[2024-01-09T11:14:44.668-0300] {logging_mixin.py:188} INFO - 961
[2024-01-09T11:14:44.825-0300] {logging_mixin.py:188} INFO - 962
[2024-01-09T11:14:44.972-0300] {logging_mixin.py:188} INFO - 963
[2024-01-09T11:14:45.223-0300] {logging_mixin.py:188} INFO - 964
[2024-01-09T11:14:45.371-0300] {logging_mixin.py:188} INFO - 965
[2024-01-09T11:14:45.530-0300] {logging_mixin.py:188} INFO - 966
[2024-01-09T11:14:45.674-0300] {logging_mixin.py:188} INFO - 967
[2024-01-09T11:14:45.823-0300] {logging_mixin.py:188} INFO - 968
[2024-01-09T11:14:46.010-0300] {logging_mixin.py:188} INFO - 969
[2024-01-09T11:14:46.155-0300] {logging_mixin.py:188} INFO - 970
[2024-01-09T11:14:46.301-0300] {logging_mixin.py:188} INFO - 971
[2024-01-09T11:14:46.452-0300] {logging_mixin.py:188} INFO - 972
[2024-01-09T11:14:46.609-0300] {logging_mixin.py:188} INFO - 973
[2024-01-09T11:14:46.766-0300] {logging_mixin.py:188} INFO - 974
[2024-01-09T11:14:46.922-0300] {logging_mixin.py:188} INFO - 975
[2024-01-09T11:14:47.085-0300] {logging_mixin.py:188} INFO - 976
[2024-01-09T11:14:47.241-0300] {logging_mixin.py:188} INFO - 977
[2024-01-09T11:14:47.407-0300] {logging_mixin.py:188} INFO - 978
[2024-01-09T11:14:47.557-0300] {logging_mixin.py:188} INFO - 979
[2024-01-09T11:14:47.712-0300] {logging_mixin.py:188} INFO - 980
[2024-01-09T11:14:48.011-0300] {logging_mixin.py:188} INFO - 981
[2024-01-09T11:14:48.159-0300] {logging_mixin.py:188} INFO - 982
[2024-01-09T11:14:48.312-0300] {logging_mixin.py:188} INFO - 983
[2024-01-09T11:14:48.457-0300] {logging_mixin.py:188} INFO - 984
[2024-01-09T11:14:48.609-0300] {logging_mixin.py:188} INFO - 985
[2024-01-09T11:14:48.768-0300] {logging_mixin.py:188} INFO - 986
[2024-01-09T11:14:48.919-0300] {logging_mixin.py:188} INFO - 987
[2024-01-09T11:14:49.071-0300] {logging_mixin.py:188} INFO - 988
[2024-01-09T11:14:49.225-0300] {logging_mixin.py:188} INFO - 989
[2024-01-09T11:14:49.379-0300] {logging_mixin.py:188} INFO - 990
[2024-01-09T11:14:49.532-0300] {logging_mixin.py:188} INFO - 991
[2024-01-09T11:14:49.692-0300] {logging_mixin.py:188} INFO - 992
[2024-01-09T11:14:49.841-0300] {logging_mixin.py:188} INFO - 993
[2024-01-09T11:14:49.995-0300] {logging_mixin.py:188} INFO - 994
[2024-01-09T11:14:50.143-0300] {logging_mixin.py:188} INFO - 995
[2024-01-09T11:14:50.289-0300] {logging_mixin.py:188} INFO - 996
[2024-01-09T11:14:50.445-0300] {logging_mixin.py:188} INFO - 997
[2024-01-09T11:14:50.599-0300] {logging_mixin.py:188} INFO - 998
[2024-01-09T11:14:50.758-0300] {logging_mixin.py:188} INFO - 999
[2024-01-09T11:14:50.910-0300] {logging_mixin.py:188} INFO - 1000
[2024-01-09T11:14:51.207-0300] {logging_mixin.py:188} INFO - 1001
[2024-01-09T11:14:51.367-0300] {logging_mixin.py:188} INFO - 1002
[2024-01-09T11:14:51.514-0300] {logging_mixin.py:188} INFO - 1003
[2024-01-09T11:14:51.676-0300] {logging_mixin.py:188} INFO - 1004
[2024-01-09T11:14:51.828-0300] {logging_mixin.py:188} INFO - 1005
[2024-01-09T11:14:51.981-0300] {logging_mixin.py:188} INFO - 1006
[2024-01-09T11:14:52.125-0300] {logging_mixin.py:188} INFO - 1007
[2024-01-09T11:14:52.270-0300] {logging_mixin.py:188} INFO - 1008
[2024-01-09T11:14:52.418-0300] {logging_mixin.py:188} INFO - 1009
[2024-01-09T11:14:52.574-0300] {logging_mixin.py:188} INFO - 1010
[2024-01-09T11:14:52.722-0300] {logging_mixin.py:188} INFO - 1011
[2024-01-09T11:14:52.869-0300] {logging_mixin.py:188} INFO - 1012
[2024-01-09T11:14:53.018-0300] {logging_mixin.py:188} INFO - 1013
[2024-01-09T11:14:53.176-0300] {logging_mixin.py:188} INFO - 1014
[2024-01-09T11:14:53.331-0300] {logging_mixin.py:188} INFO - 1015
[2024-01-09T11:14:53.478-0300] {logging_mixin.py:188} INFO - 1016
[2024-01-09T11:14:53.635-0300] {logging_mixin.py:188} INFO - 1017
[2024-01-09T11:14:53.785-0300] {logging_mixin.py:188} INFO - 1018
[2024-01-09T11:14:53.935-0300] {logging_mixin.py:188} INFO - 1019
[2024-01-09T11:14:54.089-0300] {logging_mixin.py:188} INFO - 1020
[2024-01-09T11:14:54.387-0300] {logging_mixin.py:188} INFO - 1021
[2024-01-09T11:14:54.542-0300] {logging_mixin.py:188} INFO - 1022
[2024-01-09T11:14:54.689-0300] {logging_mixin.py:188} INFO - 1023
[2024-01-09T11:14:54.841-0300] {logging_mixin.py:188} INFO - 1024
[2024-01-09T11:14:54.996-0300] {logging_mixin.py:188} INFO - 1025
[2024-01-09T11:14:55.149-0300] {logging_mixin.py:188} INFO - 10001
[2024-01-09T11:14:55.303-0300] {logging_mixin.py:188} INFO - 10002
[2024-01-09T11:14:55.464-0300] {logging_mixin.py:188} INFO - 10003
[2024-01-09T11:14:55.677-0300] {logging_mixin.py:188} INFO - 10004
[2024-01-09T11:14:55.831-0300] {logging_mixin.py:188} INFO - 10005
[2024-01-09T11:14:55.982-0300] {logging_mixin.py:188} INFO - 10006
[2024-01-09T11:14:56.135-0300] {logging_mixin.py:188} INFO - 10007
[2024-01-09T11:14:56.294-0300] {logging_mixin.py:188} INFO - 10008
[2024-01-09T11:14:56.455-0300] {logging_mixin.py:188} INFO - 10009
[2024-01-09T11:14:56.612-0300] {logging_mixin.py:188} INFO - 10010
[2024-01-09T11:14:56.773-0300] {logging_mixin.py:188} INFO - 10011
[2024-01-09T11:14:56.926-0300] {logging_mixin.py:188} INFO - 10012
[2024-01-09T11:14:57.110-0300] {logging_mixin.py:188} INFO - 10013
[2024-01-09T11:14:57.276-0300] {logging_mixin.py:188} INFO - 10014
[2024-01-09T11:14:57.421-0300] {logging_mixin.py:188} INFO - 10015
[2024-01-09T11:14:57.734-0300] {logging_mixin.py:188} INFO - 10016
[2024-01-09T11:14:57.884-0300] {logging_mixin.py:188} INFO - 10017
[2024-01-09T11:14:58.031-0300] {logging_mixin.py:188} INFO - 10018
[2024-01-09T11:14:58.182-0300] {logging_mixin.py:188} INFO - 10019
[2024-01-09T11:14:58.641-0300] {logging_mixin.py:188} INFO - 10020
[2024-01-09T11:14:58.788-0300] {logging_mixin.py:188} INFO - 10021
[2024-01-09T11:14:58.938-0300] {logging_mixin.py:188} INFO - 10022
[2024-01-09T11:14:59.089-0300] {logging_mixin.py:188} INFO - 10023
[2024-01-09T11:14:59.237-0300] {logging_mixin.py:188} INFO - 10024
[2024-01-09T11:14:59.401-0300] {logging_mixin.py:188} INFO - 10025
[2024-01-09T11:14:59.560-0300] {logging_mixin.py:188} INFO - 10026
[2024-01-09T11:14:59.725-0300] {logging_mixin.py:188} INFO - 10027
[2024-01-09T11:14:59.889-0300] {logging_mixin.py:188} INFO - 10028
[2024-01-09T11:15:00.042-0300] {logging_mixin.py:188} INFO - 10029
[2024-01-09T11:15:00.187-0300] {logging_mixin.py:188} INFO - 10030
[2024-01-09T11:15:00.346-0300] {logging_mixin.py:188} INFO - 10031
[2024-01-09T11:15:00.495-0300] {logging_mixin.py:188} INFO - 10032
[2024-01-09T11:15:00.647-0300] {logging_mixin.py:188} INFO - 10033
[2024-01-09T11:15:00.796-0300] {logging_mixin.py:188} INFO - 10034
[2024-01-09T11:15:00.946-0300] {logging_mixin.py:188} INFO - 10035
[2024-01-09T11:15:01.252-0300] {logging_mixin.py:188} INFO - 10036
[2024-01-09T11:15:01.419-0300] {logging_mixin.py:188} INFO - 10037
[2024-01-09T11:15:01.575-0300] {logging_mixin.py:188} INFO - 10038
[2024-01-09T11:15:01.725-0300] {logging_mixin.py:188} INFO - 10039
[2024-01-09T11:15:01.875-0300] {logging_mixin.py:188} INFO - 10040
[2024-01-09T11:15:02.027-0300] {logging_mixin.py:188} INFO - 10041
[2024-01-09T11:15:02.174-0300] {logging_mixin.py:188} INFO - 10042
[2024-01-09T11:15:02.331-0300] {logging_mixin.py:188} INFO - 10043
[2024-01-09T11:15:02.480-0300] {logging_mixin.py:188} INFO - 10044
[2024-01-09T11:15:02.637-0300] {logging_mixin.py:188} INFO - 10045
[2024-01-09T11:15:02.786-0300] {logging_mixin.py:188} INFO - 10046
[2024-01-09T11:15:02.944-0300] {logging_mixin.py:188} INFO - 10047
[2024-01-09T11:15:03.108-0300] {logging_mixin.py:188} INFO - 10048
[2024-01-09T11:15:03.255-0300] {logging_mixin.py:188} INFO - 10049
[2024-01-09T11:15:03.405-0300] {logging_mixin.py:188} INFO - 10050
[2024-01-09T11:15:03.564-0300] {logging_mixin.py:188} INFO - 10051
[2024-01-09T11:15:03.710-0300] {logging_mixin.py:188} INFO - 10052
[2024-01-09T11:15:03.867-0300] {logging_mixin.py:188} INFO - 10053
[2024-01-09T11:15:04.018-0300] {logging_mixin.py:188} INFO - 10054
[2024-01-09T11:15:04.171-0300] {logging_mixin.py:188} INFO - 10055
[2024-01-09T11:15:04.474-0300] {logging_mixin.py:188} INFO - 10056
[2024-01-09T11:15:04.621-0300] {logging_mixin.py:188} INFO - 10057
[2024-01-09T11:15:04.782-0300] {logging_mixin.py:188} INFO - 10058
[2024-01-09T11:15:04.929-0300] {logging_mixin.py:188} INFO - 10059
[2024-01-09T11:15:05.103-0300] {logging_mixin.py:188} INFO - 10060
[2024-01-09T11:15:05.245-0300] {logging_mixin.py:188} INFO - 10061
[2024-01-09T11:15:05.410-0300] {logging_mixin.py:188} INFO - 10062
[2024-01-09T11:15:05.559-0300] {logging_mixin.py:188} INFO - 10063
[2024-01-09T11:15:05.720-0300] {logging_mixin.py:188} INFO - 10064
[2024-01-09T11:15:05.866-0300] {logging_mixin.py:188} INFO - 10065
[2024-01-09T11:15:06.015-0300] {logging_mixin.py:188} INFO - 10066
[2024-01-09T11:15:06.186-0300] {logging_mixin.py:188} INFO - 10067
[2024-01-09T11:15:06.391-0300] {logging_mixin.py:188} INFO - 10068
[2024-01-09T11:15:06.542-0300] {logging_mixin.py:188} INFO - 10069
[2024-01-09T11:15:06.698-0300] {logging_mixin.py:188} INFO - 10070
[2024-01-09T11:15:06.849-0300] {logging_mixin.py:188} INFO - 10071
[2024-01-09T11:15:07.020-0300] {logging_mixin.py:188} INFO - 10072
[2024-01-09T11:15:07.179-0300] {logging_mixin.py:188} INFO - 10073
[2024-01-09T11:15:07.328-0300] {logging_mixin.py:188} INFO - 10074
[2024-01-09T11:15:07.485-0300] {logging_mixin.py:188} INFO - 10075
[2024-01-09T11:15:07.779-0300] {logging_mixin.py:188} INFO - 10076
[2024-01-09T11:15:08.114-0300] {logging_mixin.py:188} INFO - 10077
[2024-01-09T11:15:08.266-0300] {logging_mixin.py:188} INFO - 10078
[2024-01-09T11:15:08.415-0300] {logging_mixin.py:188} INFO - 10079
[2024-01-09T11:15:08.571-0300] {logging_mixin.py:188} INFO - 10080
[2024-01-09T11:15:08.728-0300] {logging_mixin.py:188} INFO - 10081
[2024-01-09T11:15:08.886-0300] {logging_mixin.py:188} INFO - 10082
[2024-01-09T11:15:09.044-0300] {logging_mixin.py:188} INFO - 10083
[2024-01-09T11:15:09.205-0300] {logging_mixin.py:188} INFO - 10084
[2024-01-09T11:15:09.356-0300] {logging_mixin.py:188} INFO - 10085
[2024-01-09T11:15:09.541-0300] {logging_mixin.py:188} INFO - 10086
[2024-01-09T11:15:09.697-0300] {logging_mixin.py:188} INFO - 10087
[2024-01-09T11:15:09.845-0300] {logging_mixin.py:188} INFO - 10088
[2024-01-09T11:15:09.997-0300] {logging_mixin.py:188} INFO - 10089
[2024-01-09T11:15:10.153-0300] {logging_mixin.py:188} INFO - 10090
[2024-01-09T11:15:10.311-0300] {logging_mixin.py:188} INFO - 10091
[2024-01-09T11:15:10.463-0300] {logging_mixin.py:188} INFO - 10092
[2024-01-09T11:15:10.618-0300] {logging_mixin.py:188} INFO - 10093
[2024-01-09T11:15:10.765-0300] {logging_mixin.py:188} INFO - 10094
[2024-01-09T11:15:10.922-0300] {logging_mixin.py:188} INFO - 10095
[2024-01-09T11:15:11.220-0300] {logging_mixin.py:188} INFO - 10096
[2024-01-09T11:15:11.383-0300] {logging_mixin.py:188} INFO - 10097
[2024-01-09T11:15:11.539-0300] {logging_mixin.py:188} INFO - 10098
[2024-01-09T11:15:11.690-0300] {logging_mixin.py:188} INFO - 10099
[2024-01-09T11:15:11.847-0300] {logging_mixin.py:188} INFO - 10100
[2024-01-09T11:15:11.995-0300] {logging_mixin.py:188} INFO - 10101
[2024-01-09T11:15:12.143-0300] {logging_mixin.py:188} INFO - 10102
[2024-01-09T11:15:12.317-0300] {logging_mixin.py:188} INFO - 10103
[2024-01-09T11:15:12.477-0300] {logging_mixin.py:188} INFO - 10104
[2024-01-09T11:15:12.635-0300] {logging_mixin.py:188} INFO - 10105
[2024-01-09T11:15:12.785-0300] {logging_mixin.py:188} INFO - 10106
[2024-01-09T11:15:12.980-0300] {logging_mixin.py:188} INFO - 10107
[2024-01-09T11:15:13.145-0300] {logging_mixin.py:188} INFO - 10108
[2024-01-09T11:15:13.294-0300] {logging_mixin.py:188} INFO - 10109
[2024-01-09T11:15:13.447-0300] {logging_mixin.py:188} INFO - 10110
[2024-01-09T11:15:13.608-0300] {logging_mixin.py:188} INFO - 10111
[2024-01-09T11:15:13.772-0300] {logging_mixin.py:188} INFO - 10112
[2024-01-09T11:15:13.937-0300] {logging_mixin.py:188} INFO - 10113
[2024-01-09T11:15:14.084-0300] {logging_mixin.py:188} INFO - 10114
[2024-01-09T11:15:14.243-0300] {logging_mixin.py:188} INFO - 10115
[2024-01-09T11:15:14.553-0300] {logging_mixin.py:188} INFO - 10116
[2024-01-09T11:15:14.701-0300] {logging_mixin.py:188} INFO - 10117
[2024-01-09T11:15:14.859-0300] {logging_mixin.py:188} INFO - 10118
[2024-01-09T11:15:15.008-0300] {logging_mixin.py:188} INFO - 10119
[2024-01-09T11:15:15.161-0300] {logging_mixin.py:188} INFO - 10120
[2024-01-09T11:15:15.331-0300] {logging_mixin.py:188} INFO - 10121
[2024-01-09T11:15:15.481-0300] {logging_mixin.py:188} INFO - 10122
[2024-01-09T11:15:15.636-0300] {logging_mixin.py:188} INFO - 10123
[2024-01-09T11:15:15.789-0300] {logging_mixin.py:188} INFO - 10124
[2024-01-09T11:15:15.940-0300] {logging_mixin.py:188} INFO - 10125
[2024-01-09T11:15:16.086-0300] {logging_mixin.py:188} INFO - 10126
[2024-01-09T11:15:16.236-0300] {logging_mixin.py:188} INFO - 10127
[2024-01-09T11:15:16.396-0300] {logging_mixin.py:188} INFO - 10128
[2024-01-09T11:15:16.542-0300] {logging_mixin.py:188} INFO - 10129
[2024-01-09T11:15:16.696-0300] {logging_mixin.py:188} INFO - 10130
[2024-01-09T11:15:16.857-0300] {logging_mixin.py:188} INFO - 10131
[2024-01-09T11:15:17.055-0300] {logging_mixin.py:188} INFO - 10132
[2024-01-09T11:15:17.207-0300] {logging_mixin.py:188} INFO - 10133
[2024-01-09T11:15:17.351-0300] {logging_mixin.py:188} INFO - 10134
[2024-01-09T11:15:17.507-0300] {logging_mixin.py:188} INFO - 10135
[2024-01-09T11:15:17.800-0300] {logging_mixin.py:188} INFO - 10136
[2024-01-09T11:15:17.954-0300] {logging_mixin.py:188} INFO - 10137
[2024-01-09T11:15:18.103-0300] {logging_mixin.py:188} INFO - 10138
[2024-01-09T11:15:18.256-0300] {logging_mixin.py:188} INFO - 10139
[2024-01-09T11:15:18.411-0300] {logging_mixin.py:188} INFO - 10140
[2024-01-09T11:15:18.573-0300] {logging_mixin.py:188} INFO - 10141
[2024-01-09T11:15:18.720-0300] {logging_mixin.py:188} INFO - 10142
[2024-01-09T11:15:18.890-0300] {logging_mixin.py:188} INFO - 10143
[2024-01-09T11:15:19.043-0300] {logging_mixin.py:188} INFO - 10144
[2024-01-09T11:15:19.195-0300] {logging_mixin.py:188} INFO - 10145
[2024-01-09T11:15:19.400-0300] {logging_mixin.py:188} INFO - 10146
[2024-01-09T11:15:19.576-0300] {logging_mixin.py:188} INFO - 10147
[2024-01-09T11:15:19.733-0300] {logging_mixin.py:188} INFO - 10148
[2024-01-09T11:15:19.890-0300] {logging_mixin.py:188} INFO - 10149
[2024-01-09T11:15:20.042-0300] {logging_mixin.py:188} INFO - 10150
[2024-01-09T11:15:20.198-0300] {logging_mixin.py:188} INFO - 10151
[2024-01-09T11:15:20.354-0300] {logging_mixin.py:188} INFO - 10152
[2024-01-09T11:15:20.510-0300] {logging_mixin.py:188} INFO - 10153
[2024-01-09T11:15:20.697-0300] {logging_mixin.py:188} INFO - 10154
[2024-01-09T11:15:20.850-0300] {logging_mixin.py:188} INFO - 10155
[2024-01-09T11:15:21.176-0300] {logging_mixin.py:188} INFO - 10156
[2024-01-09T11:15:21.378-0300] {logging_mixin.py:188} INFO - 10157
[2024-01-09T11:15:21.527-0300] {logging_mixin.py:188} INFO - 10158
[2024-01-09T11:15:21.682-0300] {logging_mixin.py:188} INFO - 10159
[2024-01-09T11:15:21.832-0300] {logging_mixin.py:188} INFO - 10160
[2024-01-09T11:15:21.988-0300] {logging_mixin.py:188} INFO - 10161
[2024-01-09T11:15:22.136-0300] {logging_mixin.py:188} INFO - 10162
[2024-01-09T11:15:22.285-0300] {logging_mixin.py:188} INFO - 10163
[2024-01-09T11:15:22.446-0300] {logging_mixin.py:188} INFO - 10164
[2024-01-09T11:15:22.610-0300] {logging_mixin.py:188} INFO - 10165
[2024-01-09T11:15:22.761-0300] {logging_mixin.py:188} INFO - 10166
[2024-01-09T11:15:22.914-0300] {logging_mixin.py:188} INFO - 10167
[2024-01-09T11:15:23.069-0300] {logging_mixin.py:188} INFO - 10168
[2024-01-09T11:15:23.217-0300] {logging_mixin.py:188} INFO - 10169
[2024-01-09T11:15:23.365-0300] {logging_mixin.py:188} INFO - 10170
[2024-01-09T11:15:23.521-0300] {logging_mixin.py:188} INFO - 10171
[2024-01-09T11:15:23.672-0300] {logging_mixin.py:188} INFO - 10172
[2024-01-09T11:15:23.829-0300] {logging_mixin.py:188} INFO - 10173
[2024-01-09T11:15:23.979-0300] {logging_mixin.py:188} INFO - 10174
[2024-01-09T11:15:24.128-0300] {logging_mixin.py:188} INFO - 10175
[2024-01-09T11:15:24.423-0300] {logging_mixin.py:188} INFO - 10176
[2024-01-09T11:15:24.569-0300] {logging_mixin.py:188} INFO - 10177
[2024-01-09T11:15:24.719-0300] {logging_mixin.py:188} INFO - 10178
[2024-01-09T11:15:24.873-0300] {logging_mixin.py:188} INFO - 10179
[2024-01-09T11:15:25.027-0300] {logging_mixin.py:188} INFO - 10180
[2024-01-09T11:15:25.173-0300] {logging_mixin.py:188} INFO - 10181
[2024-01-09T11:15:25.332-0300] {logging_mixin.py:188} INFO - 10182
[2024-01-09T11:15:25.482-0300] {logging_mixin.py:188} INFO - 10183
[2024-01-09T11:15:25.630-0300] {logging_mixin.py:188} INFO - 10184
[2024-01-09T11:15:25.787-0300] {logging_mixin.py:188} INFO - 10185
[2024-01-09T11:15:25.931-0300] {logging_mixin.py:188} INFO - 10186
[2024-01-09T11:15:26.097-0300] {logging_mixin.py:188} INFO - 10187
[2024-01-09T11:15:26.244-0300] {logging_mixin.py:188} INFO - 10188
[2024-01-09T11:15:26.395-0300] {logging_mixin.py:188} INFO - 10189
[2024-01-09T11:15:26.551-0300] {logging_mixin.py:188} INFO - 10190
[2024-01-09T11:15:26.705-0300] {logging_mixin.py:188} INFO - 10191
[2024-01-09T11:15:26.876-0300] {logging_mixin.py:188} INFO - 10192
[2024-01-09T11:15:27.025-0300] {logging_mixin.py:188} INFO - 10193
[2024-01-09T11:15:27.180-0300] {logging_mixin.py:188} INFO - 10194
[2024-01-09T11:15:27.327-0300] {logging_mixin.py:188} INFO - 10195
[2024-01-09T11:15:27.666-0300] {logging_mixin.py:188} INFO - 10196
[2024-01-09T11:15:27.821-0300] {logging_mixin.py:188} INFO - 10197
[2024-01-09T11:15:27.969-0300] {logging_mixin.py:188} INFO - 10198
[2024-01-09T11:15:28.117-0300] {logging_mixin.py:188} INFO - 10199
[2024-01-09T11:15:28.270-0300] {logging_mixin.py:188} INFO - 10200
[2024-01-09T11:15:28.417-0300] {logging_mixin.py:188} INFO - 10201
[2024-01-09T11:15:28.569-0300] {logging_mixin.py:188} INFO - 10202
[2024-01-09T11:15:28.720-0300] {logging_mixin.py:188} INFO - 10203
[2024-01-09T11:15:28.888-0300] {logging_mixin.py:188} INFO - 10204
[2024-01-09T11:15:29.043-0300] {logging_mixin.py:188} INFO - 10205
[2024-01-09T11:15:29.203-0300] {logging_mixin.py:188} INFO - 10206
[2024-01-09T11:15:29.351-0300] {logging_mixin.py:188} INFO - 10207
[2024-01-09T11:15:29.507-0300] {logging_mixin.py:188} INFO - 10208
[2024-01-09T11:15:29.665-0300] {logging_mixin.py:188} INFO - 10209
[2024-01-09T11:15:29.812-0300] {logging_mixin.py:188} INFO - 10210
[2024-01-09T11:15:29.987-0300] {logging_mixin.py:188} INFO - 10211
[2024-01-09T11:15:30.140-0300] {logging_mixin.py:188} INFO - 10212
[2024-01-09T11:15:30.288-0300] {logging_mixin.py:188} INFO - 10213
[2024-01-09T11:15:30.443-0300] {logging_mixin.py:188} INFO - 10214
[2024-01-09T11:15:30.596-0300] {logging_mixin.py:188} INFO - 10215
[2024-01-09T11:15:30.898-0300] {logging_mixin.py:188} INFO - 10216
[2024-01-09T11:15:31.049-0300] {logging_mixin.py:188} INFO - 10217
[2024-01-09T11:15:31.223-0300] {logging_mixin.py:188} INFO - 10218
[2024-01-09T11:15:31.406-0300] {logging_mixin.py:188} INFO - 10219
[2024-01-09T11:15:31.556-0300] {logging_mixin.py:188} INFO - 10220
[2024-01-09T11:15:31.705-0300] {logging_mixin.py:188} INFO - 10221
[2024-01-09T11:15:31.856-0300] {logging_mixin.py:188} INFO - 10222
[2024-01-09T11:15:32.005-0300] {logging_mixin.py:188} INFO - 10223
[2024-01-09T11:15:32.164-0300] {logging_mixin.py:188} INFO - 10224
[2024-01-09T11:15:32.329-0300] {logging_mixin.py:188} INFO - 10225
[2024-01-09T11:15:32.475-0300] {logging_mixin.py:188} INFO - 10226
[2024-01-09T11:15:32.627-0300] {logging_mixin.py:188} INFO - 10227
[2024-01-09T11:15:32.779-0300] {logging_mixin.py:188} INFO - 10228
[2024-01-09T11:15:32.934-0300] {logging_mixin.py:188} INFO - 10229
[2024-01-09T11:15:33.105-0300] {logging_mixin.py:188} INFO - 10230
[2024-01-09T11:15:33.257-0300] {logging_mixin.py:188} INFO - 10231
[2024-01-09T11:15:33.405-0300] {logging_mixin.py:188} INFO - 10232
[2024-01-09T11:15:33.569-0300] {logging_mixin.py:188} INFO - 10233
[2024-01-09T11:15:33.715-0300] {logging_mixin.py:188} INFO - 10234
[2024-01-09T11:15:33.866-0300] {logging_mixin.py:188} INFO - 10235
[2024-01-09T11:15:34.179-0300] {logging_mixin.py:188} INFO - 10236
[2024-01-09T11:15:34.335-0300] {logging_mixin.py:188} INFO - 10237
[2024-01-09T11:15:34.495-0300] {logging_mixin.py:188} INFO - 10238
[2024-01-09T11:15:34.646-0300] {logging_mixin.py:188} INFO - 10239
[2024-01-09T11:15:34.840-0300] {logging_mixin.py:188} INFO - 10240
[2024-01-09T11:15:35.017-0300] {logging_mixin.py:188} INFO - 10241
[2024-01-09T11:15:35.172-0300] {logging_mixin.py:188} INFO - 10242
[2024-01-09T11:15:35.325-0300] {logging_mixin.py:188} INFO - 10243
[2024-01-09T11:15:35.473-0300] {logging_mixin.py:188} INFO - 10244
[2024-01-09T11:15:35.622-0300] {logging_mixin.py:188} INFO - 10245
[2024-01-09T11:15:35.773-0300] {logging_mixin.py:188} INFO - 10246
[2024-01-09T11:15:35.925-0300] {logging_mixin.py:188} INFO - 10247
[2024-01-09T11:15:36.095-0300] {logging_mixin.py:188} INFO - 10248
[2024-01-09T11:15:36.276-0300] {logging_mixin.py:188} INFO - 10249
[2024-01-09T11:15:36.556-0300] {logging_mixin.py:188} INFO - 10250
[2024-01-09T11:15:36.738-0300] {logging_mixin.py:188} INFO - 10251
[2024-01-09T11:15:36.906-0300] {logging_mixin.py:188} INFO - 10252
[2024-01-09T11:15:37.093-0300] {logging_mixin.py:188} INFO - 10253
[2024-01-09T11:15:37.499-0300] {logging_mixin.py:188} INFO - 10254
[2024-01-09T11:15:37.760-0300] {logging_mixin.py:188} INFO - 10255
[2024-01-09T11:15:38.547-0300] {logging_mixin.py:188} INFO - 10256
[2024-01-09T11:15:38.807-0300] {logging_mixin.py:188} INFO - 10257
[2024-01-09T11:15:38.957-0300] {logging_mixin.py:188} INFO - 10258
[2024-01-09T11:15:39.265-0300] {logging_mixin.py:188} INFO - 10259
[2024-01-09T11:15:39.544-0300] {logging_mixin.py:188} INFO - 10260
[2024-01-09T11:15:39.819-0300] {logging_mixin.py:188} INFO - 10261
[2024-01-09T11:15:40.166-0300] {logging_mixin.py:188} INFO - 10262
[2024-01-09T11:15:40.426-0300] {logging_mixin.py:188} INFO - 10263
[2024-01-09T11:15:40.645-0300] {logging_mixin.py:188} INFO - 10264
[2024-01-09T11:15:40.932-0300] {logging_mixin.py:188} INFO - 10265
[2024-01-09T11:15:41.357-0300] {logging_mixin.py:188} INFO - 10266
[2024-01-09T11:15:41.563-0300] {logging_mixin.py:188} INFO - 10267
[2024-01-09T11:15:41.895-0300] {logging_mixin.py:188} INFO - 10268
[2024-01-09T11:15:42.143-0300] {logging_mixin.py:188} INFO - 10269
[2024-01-09T11:15:42.427-0300] {logging_mixin.py:188} INFO - 10270
[2024-01-09T11:15:42.613-0300] {logging_mixin.py:188} INFO - 10271
[2024-01-09T11:15:42.836-0300] {logging_mixin.py:188} INFO - 10272
[2024-01-09T11:15:43.083-0300] {logging_mixin.py:188} INFO - 10273
[2024-01-09T11:15:43.289-0300] {logging_mixin.py:188} INFO - 10274
[2024-01-09T11:15:43.470-0300] {logging_mixin.py:188} INFO - 10275
[2024-01-09T11:15:43.864-0300] {logging_mixin.py:188} INFO - 10276
[2024-01-09T11:15:44.054-0300] {logging_mixin.py:188} INFO - 10277
[2024-01-09T11:15:44.062-0300] {logging_mixin.py:188} INFO - Salvando arquivo em:  pokemon_file.json
[2024-01-09T11:15:50.354-0300] {python.py:201} INFO - Done. Returned value was: None
[2024-01-09T11:15:50.358-0300] {taskinstance.py:1138} INFO - Marking task as SUCCESS. dag_id=pokemon_extraction, task_id=extract_pokemons, execution_date=20240109T134811, start_date=20240109T141141, end_date=20240109T141550
[2024-01-09T11:15:51.003-0300] {local_task_job_runner.py:234} INFO - Task exited with return code 0
[2024-01-09T11:15:51.010-0300] {taskinstance.py:3281} INFO - 0 downstream tasks scheduled from follow-on schedule check
