[2024-01-06T15:44:52.114-0300] {processor.py:161} INFO - Started process (PID=745) to work on /home/brendaschap/.local/lib/python3.10/site-packages/airflow/example_dags/example_params_ui_tutorial.py
[2024-01-06T15:44:52.115-0300] {processor.py:830} INFO - Processing file /home/brendaschap/.local/lib/python3.10/site-packages/airflow/example_dags/example_params_ui_tutorial.py for tasks to queue
[2024-01-06T15:44:52.115-0300] {logging_mixin.py:188} INFO - [2024-01-06T15:44:52.115-0300] {dagbag.py:538} INFO - Filling up the DagBag from /home/brendaschap/.local/lib/python3.10/site-packages/airflow/example_dags/example_params_ui_tutorial.py
[2024-01-06T15:44:52.121-0300] {processor.py:840} INFO - DAG(s) 'example_params_ui_tutorial' retrieved from /home/brendaschap/.local/lib/python3.10/site-packages/airflow/example_dags/example_params_ui_tutorial.py
[2024-01-06T15:44:52.186-0300] {logging_mixin.py:188} INFO - [2024-01-06T15:44:52.186-0300] {dag.py:3033} INFO - Sync 1 DAGs
[2024-01-06T15:44:52.192-0300] {logging_mixin.py:188} INFO - [2024-01-06T15:44:52.192-0300] {dag.py:3820} INFO - Setting next_dagrun for example_params_ui_tutorial to None, run_after=None
[2024-01-06T15:44:52.214-0300] {processor.py:183} INFO - Processing /home/brendaschap/.local/lib/python3.10/site-packages/airflow/example_dags/example_params_ui_tutorial.py took 0.102 seconds
[2024-01-06T15:45:40.952-0300] {processor.py:161} INFO - Started process (PID=877) to work on /home/brendaschap/.local/lib/python3.10/site-packages/airflow/example_dags/example_params_ui_tutorial.py
[2024-01-06T15:45:40.953-0300] {processor.py:830} INFO - Processing file /home/brendaschap/.local/lib/python3.10/site-packages/airflow/example_dags/example_params_ui_tutorial.py for tasks to queue
[2024-01-06T15:45:40.953-0300] {logging_mixin.py:188} INFO - [2024-01-06T15:45:40.953-0300] {dagbag.py:538} INFO - Filling up the DagBag from /home/brendaschap/.local/lib/python3.10/site-packages/airflow/example_dags/example_params_ui_tutorial.py
[2024-01-06T15:45:40.960-0300] {processor.py:840} INFO - DAG(s) 'example_params_ui_tutorial' retrieved from /home/brendaschap/.local/lib/python3.10/site-packages/airflow/example_dags/example_params_ui_tutorial.py
[2024-01-06T15:45:40.984-0300] {logging_mixin.py:188} INFO - [2024-01-06T15:45:40.984-0300] {dag.py:3033} INFO - Sync 1 DAGs
[2024-01-06T15:45:40.990-0300] {logging_mixin.py:188} INFO - [2024-01-06T15:45:40.990-0300] {dag.py:3820} INFO - Setting next_dagrun for example_params_ui_tutorial to None, run_after=None
[2024-01-06T15:45:41.007-0300] {processor.py:183} INFO - Processing /home/brendaschap/.local/lib/python3.10/site-packages/airflow/example_dags/example_params_ui_tutorial.py took 0.057 seconds
[2024-01-06T15:46:29.833-0300] {processor.py:161} INFO - Started process (PID=933) to work on /home/brendaschap/.local/lib/python3.10/site-packages/airflow/example_dags/example_params_ui_tutorial.py
[2024-01-06T15:46:29.852-0300] {processor.py:830} INFO - Processing file /home/brendaschap/.local/lib/python3.10/site-packages/airflow/example_dags/example_params_ui_tutorial.py for tasks to queue
[2024-01-06T15:46:29.853-0300] {logging_mixin.py:188} INFO - [2024-01-06T15:46:29.852-0300] {dagbag.py:538} INFO - Filling up the DagBag from /home/brendaschap/.local/lib/python3.10/site-packages/airflow/example_dags/example_params_ui_tutorial.py
[2024-01-06T15:46:29.860-0300] {processor.py:840} INFO - DAG(s) 'example_params_ui_tutorial' retrieved from /home/brendaschap/.local/lib/python3.10/site-packages/airflow/example_dags/example_params_ui_tutorial.py
[2024-01-06T15:46:29.885-0300] {logging_mixin.py:188} INFO - [2024-01-06T15:46:29.885-0300] {dag.py:3033} INFO - Sync 1 DAGs
[2024-01-06T15:46:29.891-0300] {logging_mixin.py:188} INFO - [2024-01-06T15:46:29.891-0300] {dag.py:3820} INFO - Setting next_dagrun for example_params_ui_tutorial to None, run_after=None
[2024-01-06T15:46:29.906-0300] {processor.py:183} INFO - Processing /home/brendaschap/.local/lib/python3.10/site-packages/airflow/example_dags/example_params_ui_tutorial.py took 0.075 seconds
[2024-01-06T15:47:22.801-0300] {processor.py:161} INFO - Started process (PID=994) to work on /home/brendaschap/.local/lib/python3.10/site-packages/airflow/example_dags/example_params_ui_tutorial.py
[2024-01-06T15:47:22.805-0300] {processor.py:830} INFO - Processing file /home/brendaschap/.local/lib/python3.10/site-packages/airflow/example_dags/example_params_ui_tutorial.py for tasks to queue
[2024-01-06T15:47:22.805-0300] {logging_mixin.py:188} INFO - [2024-01-06T15:47:22.805-0300] {dagbag.py:538} INFO - Filling up the DagBag from /home/brendaschap/.local/lib/python3.10/site-packages/airflow/example_dags/example_params_ui_tutorial.py
[2024-01-06T15:47:22.812-0300] {processor.py:840} INFO - DAG(s) 'example_params_ui_tutorial' retrieved from /home/brendaschap/.local/lib/python3.10/site-packages/airflow/example_dags/example_params_ui_tutorial.py
[2024-01-06T15:47:22.836-0300] {logging_mixin.py:188} INFO - [2024-01-06T15:47:22.836-0300] {dag.py:3033} INFO - Sync 1 DAGs
[2024-01-06T15:47:22.843-0300] {logging_mixin.py:188} INFO - [2024-01-06T15:47:22.842-0300] {dag.py:3820} INFO - Setting next_dagrun for example_params_ui_tutorial to None, run_after=None
[2024-01-06T15:47:22.860-0300] {processor.py:183} INFO - Processing /home/brendaschap/.local/lib/python3.10/site-packages/airflow/example_dags/example_params_ui_tutorial.py took 0.061 seconds
[2024-01-06T15:48:15.753-0300] {processor.py:161} INFO - Started process (PID=1053) to work on /home/brendaschap/.local/lib/python3.10/site-packages/airflow/example_dags/example_params_ui_tutorial.py
[2024-01-06T15:48:15.757-0300] {processor.py:830} INFO - Processing file /home/brendaschap/.local/lib/python3.10/site-packages/airflow/example_dags/example_params_ui_tutorial.py for tasks to queue
[2024-01-06T15:48:15.757-0300] {logging_mixin.py:188} INFO - [2024-01-06T15:48:15.757-0300] {dagbag.py:538} INFO - Filling up the DagBag from /home/brendaschap/.local/lib/python3.10/site-packages/airflow/example_dags/example_params_ui_tutorial.py
[2024-01-06T15:48:15.764-0300] {processor.py:840} INFO - DAG(s) 'example_params_ui_tutorial' retrieved from /home/brendaschap/.local/lib/python3.10/site-packages/airflow/example_dags/example_params_ui_tutorial.py
[2024-01-06T15:48:15.787-0300] {logging_mixin.py:188} INFO - [2024-01-06T15:48:15.787-0300] {dag.py:3033} INFO - Sync 1 DAGs
[2024-01-06T15:48:15.793-0300] {logging_mixin.py:188} INFO - [2024-01-06T15:48:15.793-0300] {dag.py:3820} INFO - Setting next_dagrun for example_params_ui_tutorial to None, run_after=None
[2024-01-06T15:48:15.810-0300] {processor.py:183} INFO - Processing /home/brendaschap/.local/lib/python3.10/site-packages/airflow/example_dags/example_params_ui_tutorial.py took 0.059 seconds
