[2024-01-06T15:44:17.136-0300] {processor.py:161} INFO - Started process (PID=711) to work on /home/brendaschap/.local/lib/python3.10/site-packages/airflow/example_dags/example_local_kubernetes_executor.py
[2024-01-06T15:44:17.137-0300] {processor.py:830} INFO - Processing file /home/brendaschap/.local/lib/python3.10/site-packages/airflow/example_dags/example_local_kubernetes_executor.py for tasks to queue
[2024-01-06T15:44:17.137-0300] {logging_mixin.py:188} INFO - [2024-01-06T15:44:17.137-0300] {dagbag.py:538} INFO - Filling up the DagBag from /home/brendaschap/.local/lib/python3.10/site-packages/airflow/example_dags/example_local_kubernetes_executor.py
[2024-01-06T15:44:17.139-0300] {logging_mixin.py:188} INFO - [2024-01-06T15:44:17.138-0300] {example_local_kubernetes_executor.py:39} WARNING - Could not import DAGs in example_local_kubernetes_executor.py
Traceback (most recent call last):
  File "/home/brendaschap/.local/lib/python3.10/site-packages/airflow/example_dags/example_local_kubernetes_executor.py", line 37, in <module>
    from kubernetes.client import models as k8s
ModuleNotFoundError: No module named 'kubernetes'
[2024-01-06T15:44:17.139-0300] {logging_mixin.py:188} INFO - [2024-01-06T15:44:17.139-0300] {example_local_kubernetes_executor.py:40} WARNING - Install Kubernetes dependencies with: pip install apache-airflow[cncf.kubernetes]
[2024-01-06T15:44:17.139-0300] {processor.py:842} WARNING - No viable dags retrieved from /home/brendaschap/.local/lib/python3.10/site-packages/airflow/example_dags/example_local_kubernetes_executor.py
[2024-01-06T15:44:17.144-0300] {processor.py:183} INFO - Processing /home/brendaschap/.local/lib/python3.10/site-packages/airflow/example_dags/example_local_kubernetes_executor.py took 0.009 seconds
[2024-01-06T15:45:06.499-0300] {processor.py:161} INFO - Started process (PID=759) to work on /home/brendaschap/.local/lib/python3.10/site-packages/airflow/example_dags/example_local_kubernetes_executor.py
[2024-01-06T15:45:06.500-0300] {processor.py:830} INFO - Processing file /home/brendaschap/.local/lib/python3.10/site-packages/airflow/example_dags/example_local_kubernetes_executor.py for tasks to queue
[2024-01-06T15:45:06.500-0300] {logging_mixin.py:188} INFO - [2024-01-06T15:45:06.500-0300] {dagbag.py:538} INFO - Filling up the DagBag from /home/brendaschap/.local/lib/python3.10/site-packages/airflow/example_dags/example_local_kubernetes_executor.py
[2024-01-06T15:45:06.502-0300] {logging_mixin.py:188} INFO - [2024-01-06T15:45:06.502-0300] {example_local_kubernetes_executor.py:39} WARNING - Could not import DAGs in example_local_kubernetes_executor.py
Traceback (most recent call last):
  File "/home/brendaschap/.local/lib/python3.10/site-packages/airflow/example_dags/example_local_kubernetes_executor.py", line 37, in <module>
    from kubernetes.client import models as k8s
ModuleNotFoundError: No module named 'kubernetes'
[2024-01-06T15:45:06.502-0300] {logging_mixin.py:188} INFO - [2024-01-06T15:45:06.502-0300] {example_local_kubernetes_executor.py:40} WARNING - Install Kubernetes dependencies with: pip install apache-airflow[cncf.kubernetes]
[2024-01-06T15:45:06.502-0300] {processor.py:842} WARNING - No viable dags retrieved from /home/brendaschap/.local/lib/python3.10/site-packages/airflow/example_dags/example_local_kubernetes_executor.py
[2024-01-06T15:45:06.507-0300] {processor.py:183} INFO - Processing /home/brendaschap/.local/lib/python3.10/site-packages/airflow/example_dags/example_local_kubernetes_executor.py took 0.010 seconds
[2024-01-06T15:45:51.248-0300] {processor.py:161} INFO - Started process (PID=888) to work on /home/brendaschap/.local/lib/python3.10/site-packages/airflow/example_dags/example_local_kubernetes_executor.py
[2024-01-06T15:45:51.251-0300] {processor.py:830} INFO - Processing file /home/brendaschap/.local/lib/python3.10/site-packages/airflow/example_dags/example_local_kubernetes_executor.py for tasks to queue
[2024-01-06T15:45:51.252-0300] {logging_mixin.py:188} INFO - [2024-01-06T15:45:51.252-0300] {dagbag.py:538} INFO - Filling up the DagBag from /home/brendaschap/.local/lib/python3.10/site-packages/airflow/example_dags/example_local_kubernetes_executor.py
[2024-01-06T15:45:51.254-0300] {logging_mixin.py:188} INFO - [2024-01-06T15:45:51.253-0300] {example_local_kubernetes_executor.py:39} WARNING - Could not import DAGs in example_local_kubernetes_executor.py
Traceback (most recent call last):
  File "/home/brendaschap/.local/lib/python3.10/site-packages/airflow/example_dags/example_local_kubernetes_executor.py", line 37, in <module>
    from kubernetes.client import models as k8s
ModuleNotFoundError: No module named 'kubernetes'
[2024-01-06T15:45:51.254-0300] {logging_mixin.py:188} INFO - [2024-01-06T15:45:51.254-0300] {example_local_kubernetes_executor.py:40} WARNING - Install Kubernetes dependencies with: pip install apache-airflow[cncf.kubernetes]
[2024-01-06T15:45:51.254-0300] {processor.py:842} WARNING - No viable dags retrieved from /home/brendaschap/.local/lib/python3.10/site-packages/airflow/example_dags/example_local_kubernetes_executor.py
[2024-01-06T15:45:51.259-0300] {processor.py:183} INFO - Processing /home/brendaschap/.local/lib/python3.10/site-packages/airflow/example_dags/example_local_kubernetes_executor.py took 0.013 seconds
[2024-01-06T15:46:25.269-0300] {processor.py:161} INFO - Started process (PID=924) to work on /home/brendaschap/.local/lib/python3.10/site-packages/airflow/example_dags/example_local_kubernetes_executor.py
[2024-01-06T15:46:25.270-0300] {processor.py:830} INFO - Processing file /home/brendaschap/.local/lib/python3.10/site-packages/airflow/example_dags/example_local_kubernetes_executor.py for tasks to queue
[2024-01-06T15:46:25.270-0300] {logging_mixin.py:188} INFO - [2024-01-06T15:46:25.270-0300] {dagbag.py:538} INFO - Filling up the DagBag from /home/brendaschap/.local/lib/python3.10/site-packages/airflow/example_dags/example_local_kubernetes_executor.py
[2024-01-06T15:46:25.272-0300] {logging_mixin.py:188} INFO - [2024-01-06T15:46:25.272-0300] {example_local_kubernetes_executor.py:39} WARNING - Could not import DAGs in example_local_kubernetes_executor.py
Traceback (most recent call last):
  File "/home/brendaschap/.local/lib/python3.10/site-packages/airflow/example_dags/example_local_kubernetes_executor.py", line 37, in <module>
    from kubernetes.client import models as k8s
ModuleNotFoundError: No module named 'kubernetes'
[2024-01-06T15:46:25.272-0300] {logging_mixin.py:188} INFO - [2024-01-06T15:46:25.272-0300] {example_local_kubernetes_executor.py:40} WARNING - Install Kubernetes dependencies with: pip install apache-airflow[cncf.kubernetes]
[2024-01-06T15:46:25.273-0300] {processor.py:842} WARNING - No viable dags retrieved from /home/brendaschap/.local/lib/python3.10/site-packages/airflow/example_dags/example_local_kubernetes_executor.py
[2024-01-06T15:46:25.277-0300] {processor.py:183} INFO - Processing /home/brendaschap/.local/lib/python3.10/site-packages/airflow/example_dags/example_local_kubernetes_executor.py took 0.010 seconds
[2024-01-06T15:46:57.810-0300] {processor.py:161} INFO - Started process (PID=962) to work on /home/brendaschap/.local/lib/python3.10/site-packages/airflow/example_dags/example_local_kubernetes_executor.py
[2024-01-06T15:46:57.814-0300] {processor.py:830} INFO - Processing file /home/brendaschap/.local/lib/python3.10/site-packages/airflow/example_dags/example_local_kubernetes_executor.py for tasks to queue
[2024-01-06T15:46:57.815-0300] {logging_mixin.py:188} INFO - [2024-01-06T15:46:57.814-0300] {dagbag.py:538} INFO - Filling up the DagBag from /home/brendaschap/.local/lib/python3.10/site-packages/airflow/example_dags/example_local_kubernetes_executor.py
[2024-01-06T15:46:57.816-0300] {logging_mixin.py:188} INFO - [2024-01-06T15:46:57.816-0300] {example_local_kubernetes_executor.py:39} WARNING - Could not import DAGs in example_local_kubernetes_executor.py
Traceback (most recent call last):
  File "/home/brendaschap/.local/lib/python3.10/site-packages/airflow/example_dags/example_local_kubernetes_executor.py", line 37, in <module>
    from kubernetes.client import models as k8s
ModuleNotFoundError: No module named 'kubernetes'
[2024-01-06T15:46:57.817-0300] {logging_mixin.py:188} INFO - [2024-01-06T15:46:57.816-0300] {example_local_kubernetes_executor.py:40} WARNING - Install Kubernetes dependencies with: pip install apache-airflow[cncf.kubernetes]
[2024-01-06T15:46:57.817-0300] {processor.py:842} WARNING - No viable dags retrieved from /home/brendaschap/.local/lib/python3.10/site-packages/airflow/example_dags/example_local_kubernetes_executor.py
[2024-01-06T15:46:57.821-0300] {processor.py:183} INFO - Processing /home/brendaschap/.local/lib/python3.10/site-packages/airflow/example_dags/example_local_kubernetes_executor.py took 0.013 seconds
[2024-01-06T15:47:33.824-0300] {processor.py:161} INFO - Started process (PID=1008) to work on /home/brendaschap/.local/lib/python3.10/site-packages/airflow/example_dags/example_local_kubernetes_executor.py
[2024-01-06T15:47:33.825-0300] {processor.py:830} INFO - Processing file /home/brendaschap/.local/lib/python3.10/site-packages/airflow/example_dags/example_local_kubernetes_executor.py for tasks to queue
[2024-01-06T15:47:33.825-0300] {logging_mixin.py:188} INFO - [2024-01-06T15:47:33.825-0300] {dagbag.py:538} INFO - Filling up the DagBag from /home/brendaschap/.local/lib/python3.10/site-packages/airflow/example_dags/example_local_kubernetes_executor.py
[2024-01-06T15:47:33.827-0300] {logging_mixin.py:188} INFO - [2024-01-06T15:47:33.827-0300] {example_local_kubernetes_executor.py:39} WARNING - Could not import DAGs in example_local_kubernetes_executor.py
Traceback (most recent call last):
  File "/home/brendaschap/.local/lib/python3.10/site-packages/airflow/example_dags/example_local_kubernetes_executor.py", line 37, in <module>
    from kubernetes.client import models as k8s
ModuleNotFoundError: No module named 'kubernetes'
[2024-01-06T15:47:33.827-0300] {logging_mixin.py:188} INFO - [2024-01-06T15:47:33.827-0300] {example_local_kubernetes_executor.py:40} WARNING - Install Kubernetes dependencies with: pip install apache-airflow[cncf.kubernetes]
[2024-01-06T15:47:33.827-0300] {processor.py:842} WARNING - No viable dags retrieved from /home/brendaschap/.local/lib/python3.10/site-packages/airflow/example_dags/example_local_kubernetes_executor.py
[2024-01-06T15:47:33.832-0300] {processor.py:183} INFO - Processing /home/brendaschap/.local/lib/python3.10/site-packages/airflow/example_dags/example_local_kubernetes_executor.py took 0.010 seconds
[2024-01-06T15:48:08.715-0300] {processor.py:161} INFO - Started process (PID=1047) to work on /home/brendaschap/.local/lib/python3.10/site-packages/airflow/example_dags/example_local_kubernetes_executor.py
[2024-01-06T15:48:08.717-0300] {processor.py:830} INFO - Processing file /home/brendaschap/.local/lib/python3.10/site-packages/airflow/example_dags/example_local_kubernetes_executor.py for tasks to queue
[2024-01-06T15:48:08.717-0300] {logging_mixin.py:188} INFO - [2024-01-06T15:48:08.717-0300] {dagbag.py:538} INFO - Filling up the DagBag from /home/brendaschap/.local/lib/python3.10/site-packages/airflow/example_dags/example_local_kubernetes_executor.py
[2024-01-06T15:48:08.719-0300] {logging_mixin.py:188} INFO - [2024-01-06T15:48:08.719-0300] {example_local_kubernetes_executor.py:39} WARNING - Could not import DAGs in example_local_kubernetes_executor.py
Traceback (most recent call last):
  File "/home/brendaschap/.local/lib/python3.10/site-packages/airflow/example_dags/example_local_kubernetes_executor.py", line 37, in <module>
    from kubernetes.client import models as k8s
ModuleNotFoundError: No module named 'kubernetes'
[2024-01-06T15:48:08.719-0300] {logging_mixin.py:188} INFO - [2024-01-06T15:48:08.719-0300] {example_local_kubernetes_executor.py:40} WARNING - Install Kubernetes dependencies with: pip install apache-airflow[cncf.kubernetes]
[2024-01-06T15:48:08.719-0300] {processor.py:842} WARNING - No viable dags retrieved from /home/brendaschap/.local/lib/python3.10/site-packages/airflow/example_dags/example_local_kubernetes_executor.py
[2024-01-06T15:48:08.725-0300] {processor.py:183} INFO - Processing /home/brendaschap/.local/lib/python3.10/site-packages/airflow/example_dags/example_local_kubernetes_executor.py took 0.011 seconds
