[2024-01-06T15:44:35.261-0300] {processor.py:161} INFO - Started process (PID=728) to work on /home/brendaschap/.local/lib/python3.10/site-packages/airflow/example_dags/example_trigger_target_dag.py
[2024-01-06T15:44:35.261-0300] {processor.py:830} INFO - Processing file /home/brendaschap/.local/lib/python3.10/site-packages/airflow/example_dags/example_trigger_target_dag.py for tasks to queue
[2024-01-06T15:44:35.262-0300] {logging_mixin.py:188} INFO - [2024-01-06T15:44:35.261-0300] {dagbag.py:538} INFO - Filling up the DagBag from /home/brendaschap/.local/lib/python3.10/site-packages/airflow/example_dags/example_trigger_target_dag.py
[2024-01-06T15:44:35.267-0300] {processor.py:840} INFO - DAG(s) 'example_trigger_target_dag' retrieved from /home/brendaschap/.local/lib/python3.10/site-packages/airflow/example_dags/example_trigger_target_dag.py
[2024-01-06T15:44:35.403-0300] {logging_mixin.py:188} INFO - [2024-01-06T15:44:35.403-0300] {dag.py:3033} INFO - Sync 1 DAGs
[2024-01-06T15:44:35.408-0300] {logging_mixin.py:188} INFO - [2024-01-06T15:44:35.408-0300] {dag.py:3820} INFO - Setting next_dagrun for example_trigger_target_dag to None, run_after=None
[2024-01-06T15:44:35.425-0300] {processor.py:183} INFO - Processing /home/brendaschap/.local/lib/python3.10/site-packages/airflow/example_dags/example_trigger_target_dag.py took 0.166 seconds
[2024-01-06T15:45:21.912-0300] {processor.py:161} INFO - Started process (PID=776) to work on /home/brendaschap/.local/lib/python3.10/site-packages/airflow/example_dags/example_trigger_target_dag.py
[2024-01-06T15:45:21.915-0300] {processor.py:830} INFO - Processing file /home/brendaschap/.local/lib/python3.10/site-packages/airflow/example_dags/example_trigger_target_dag.py for tasks to queue
[2024-01-06T15:45:21.916-0300] {logging_mixin.py:188} INFO - [2024-01-06T15:45:21.915-0300] {dagbag.py:538} INFO - Filling up the DagBag from /home/brendaschap/.local/lib/python3.10/site-packages/airflow/example_dags/example_trigger_target_dag.py
[2024-01-06T15:45:21.919-0300] {processor.py:840} INFO - DAG(s) 'example_trigger_target_dag' retrieved from /home/brendaschap/.local/lib/python3.10/site-packages/airflow/example_dags/example_trigger_target_dag.py
[2024-01-06T15:45:21.928-0300] {logging_mixin.py:188} INFO - [2024-01-06T15:45:21.928-0300] {dag.py:3033} INFO - Sync 1 DAGs
[2024-01-06T15:45:21.934-0300] {logging_mixin.py:188} INFO - [2024-01-06T15:45:21.934-0300] {dag.py:3820} INFO - Setting next_dagrun for example_trigger_target_dag to None, run_after=None
[2024-01-06T15:45:21.954-0300] {processor.py:183} INFO - Processing /home/brendaschap/.local/lib/python3.10/site-packages/airflow/example_dags/example_trigger_target_dag.py took 0.044 seconds
[2024-01-06T15:46:10.881-0300] {processor.py:161} INFO - Started process (PID=907) to work on /home/brendaschap/.local/lib/python3.10/site-packages/airflow/example_dags/example_trigger_target_dag.py
[2024-01-06T15:46:10.882-0300] {processor.py:830} INFO - Processing file /home/brendaschap/.local/lib/python3.10/site-packages/airflow/example_dags/example_trigger_target_dag.py for tasks to queue
[2024-01-06T15:46:10.883-0300] {logging_mixin.py:188} INFO - [2024-01-06T15:46:10.883-0300] {dagbag.py:538} INFO - Filling up the DagBag from /home/brendaschap/.local/lib/python3.10/site-packages/airflow/example_dags/example_trigger_target_dag.py
[2024-01-06T15:46:10.886-0300] {processor.py:840} INFO - DAG(s) 'example_trigger_target_dag' retrieved from /home/brendaschap/.local/lib/python3.10/site-packages/airflow/example_dags/example_trigger_target_dag.py
[2024-01-06T15:46:10.894-0300] {logging_mixin.py:188} INFO - [2024-01-06T15:46:10.894-0300] {dag.py:3033} INFO - Sync 1 DAGs
[2024-01-06T15:46:10.899-0300] {logging_mixin.py:188} INFO - [2024-01-06T15:46:10.899-0300] {dag.py:3820} INFO - Setting next_dagrun for example_trigger_target_dag to None, run_after=None
[2024-01-06T15:46:10.929-0300] {processor.py:183} INFO - Processing /home/brendaschap/.local/lib/python3.10/site-packages/airflow/example_dags/example_trigger_target_dag.py took 0.049 seconds
[2024-01-06T15:46:55.548-0300] {processor.py:161} INFO - Started process (PID=960) to work on /home/brendaschap/.local/lib/python3.10/site-packages/airflow/example_dags/example_trigger_target_dag.py
[2024-01-06T15:46:55.549-0300] {processor.py:830} INFO - Processing file /home/brendaschap/.local/lib/python3.10/site-packages/airflow/example_dags/example_trigger_target_dag.py for tasks to queue
[2024-01-06T15:46:55.549-0300] {logging_mixin.py:188} INFO - [2024-01-06T15:46:55.549-0300] {dagbag.py:538} INFO - Filling up the DagBag from /home/brendaschap/.local/lib/python3.10/site-packages/airflow/example_dags/example_trigger_target_dag.py
[2024-01-06T15:46:55.553-0300] {processor.py:840} INFO - DAG(s) 'example_trigger_target_dag' retrieved from /home/brendaschap/.local/lib/python3.10/site-packages/airflow/example_dags/example_trigger_target_dag.py
[2024-01-06T15:46:55.560-0300] {logging_mixin.py:188} INFO - [2024-01-06T15:46:55.560-0300] {dag.py:3033} INFO - Sync 1 DAGs
[2024-01-06T15:46:55.565-0300] {logging_mixin.py:188} INFO - [2024-01-06T15:46:55.565-0300] {dag.py:3820} INFO - Setting next_dagrun for example_trigger_target_dag to None, run_after=None
[2024-01-06T15:46:55.581-0300] {processor.py:183} INFO - Processing /home/brendaschap/.local/lib/python3.10/site-packages/airflow/example_dags/example_trigger_target_dag.py took 0.034 seconds
[2024-01-06T15:47:45.564-0300] {processor.py:161} INFO - Started process (PID=1024) to work on /home/brendaschap/.local/lib/python3.10/site-packages/airflow/example_dags/example_trigger_target_dag.py
[2024-01-06T15:47:45.568-0300] {processor.py:830} INFO - Processing file /home/brendaschap/.local/lib/python3.10/site-packages/airflow/example_dags/example_trigger_target_dag.py for tasks to queue
[2024-01-06T15:47:45.569-0300] {logging_mixin.py:188} INFO - [2024-01-06T15:47:45.568-0300] {dagbag.py:538} INFO - Filling up the DagBag from /home/brendaschap/.local/lib/python3.10/site-packages/airflow/example_dags/example_trigger_target_dag.py
[2024-01-06T15:47:45.572-0300] {processor.py:840} INFO - DAG(s) 'example_trigger_target_dag' retrieved from /home/brendaschap/.local/lib/python3.10/site-packages/airflow/example_dags/example_trigger_target_dag.py
[2024-01-06T15:47:45.579-0300] {logging_mixin.py:188} INFO - [2024-01-06T15:47:45.579-0300] {dag.py:3033} INFO - Sync 1 DAGs
[2024-01-06T15:47:45.585-0300] {logging_mixin.py:188} INFO - [2024-01-06T15:47:45.584-0300] {dag.py:3820} INFO - Setting next_dagrun for example_trigger_target_dag to None, run_after=None
[2024-01-06T15:47:45.602-0300] {processor.py:183} INFO - Processing /home/brendaschap/.local/lib/python3.10/site-packages/airflow/example_dags/example_trigger_target_dag.py took 0.040 seconds
