[2024-01-06T15:44:49.738-0300] {processor.py:161} INFO - Started process (PID=743) to work on /home/brendaschap/.local/lib/python3.10/site-packages/airflow/example_dags/example_datasets.py
[2024-01-06T15:44:49.739-0300] {processor.py:830} INFO - Processing file /home/brendaschap/.local/lib/python3.10/site-packages/airflow/example_dags/example_datasets.py for tasks to queue
[2024-01-06T15:44:49.739-0300] {logging_mixin.py:188} INFO - [2024-01-06T15:44:49.739-0300] {dagbag.py:538} INFO - Filling up the DagBag from /home/brendaschap/.local/lib/python3.10/site-packages/airflow/example_dags/example_datasets.py
[2024-01-06T15:44:49.745-0300] {processor.py:840} INFO - DAG(s) 'dataset_produces_2', 'dataset_consumes_1_never_scheduled', 'dataset_consumes_1_and_2', 'dataset_consumes_unknown_never_scheduled', 'dataset_consumes_1', 'dataset_produces_1' retrieved from /home/brendaschap/.local/lib/python3.10/site-packages/airflow/example_dags/example_datasets.py
[2024-01-06T15:44:49.814-0300] {logging_mixin.py:188} INFO - [2024-01-06T15:44:49.813-0300] {dag.py:3033} INFO - Sync 6 DAGs
[2024-01-06T15:44:49.824-0300] {logging_mixin.py:188} INFO - [2024-01-06T15:44:49.824-0300] {dag.py:3820} INFO - Setting next_dagrun for dataset_consumes_1 to None, run_after=None
[2024-01-06T15:44:49.825-0300] {logging_mixin.py:188} INFO - [2024-01-06T15:44:49.825-0300] {dag.py:3820} INFO - Setting next_dagrun for dataset_consumes_1_and_2 to None, run_after=None
[2024-01-06T15:44:49.826-0300] {logging_mixin.py:188} INFO - [2024-01-06T15:44:49.826-0300] {dag.py:3820} INFO - Setting next_dagrun for dataset_consumes_1_never_scheduled to None, run_after=None
[2024-01-06T15:44:49.826-0300] {logging_mixin.py:188} INFO - [2024-01-06T15:44:49.826-0300] {dag.py:3820} INFO - Setting next_dagrun for dataset_consumes_unknown_never_scheduled to None, run_after=None
[2024-01-06T15:44:49.827-0300] {logging_mixin.py:188} INFO - [2024-01-06T15:44:49.827-0300] {dag.py:3820} INFO - Setting next_dagrun for dataset_produces_1 to 2024-01-05T00:00:00+00:00, run_after=2024-01-06T00:00:00+00:00
[2024-01-06T15:44:49.828-0300] {logging_mixin.py:188} INFO - [2024-01-06T15:44:49.828-0300] {dag.py:3820} INFO - Setting next_dagrun for dataset_produces_2 to None, run_after=None
[2024-01-06T15:44:49.853-0300] {processor.py:183} INFO - Processing /home/brendaschap/.local/lib/python3.10/site-packages/airflow/example_dags/example_datasets.py took 0.116 seconds
[2024-01-06T15:45:35.750-0300] {processor.py:161} INFO - Started process (PID=872) to work on /home/brendaschap/.local/lib/python3.10/site-packages/airflow/example_dags/example_datasets.py
[2024-01-06T15:45:35.754-0300] {processor.py:830} INFO - Processing file /home/brendaschap/.local/lib/python3.10/site-packages/airflow/example_dags/example_datasets.py for tasks to queue
[2024-01-06T15:45:35.755-0300] {logging_mixin.py:188} INFO - [2024-01-06T15:45:35.754-0300] {dagbag.py:538} INFO - Filling up the DagBag from /home/brendaschap/.local/lib/python3.10/site-packages/airflow/example_dags/example_datasets.py
[2024-01-06T15:45:35.760-0300] {processor.py:840} INFO - DAG(s) 'dataset_consumes_1_and_2', 'dataset_consumes_1_never_scheduled', 'dataset_consumes_unknown_never_scheduled', 'dataset_produces_1', 'dataset_produces_2', 'dataset_consumes_1' retrieved from /home/brendaschap/.local/lib/python3.10/site-packages/airflow/example_dags/example_datasets.py
[2024-01-06T15:45:35.773-0300] {logging_mixin.py:188} INFO - [2024-01-06T15:45:35.773-0300] {dag.py:3033} INFO - Sync 6 DAGs
[2024-01-06T15:45:35.784-0300] {logging_mixin.py:188} INFO - [2024-01-06T15:45:35.784-0300] {dag.py:3820} INFO - Setting next_dagrun for dataset_consumes_1 to None, run_after=None
[2024-01-06T15:45:35.786-0300] {logging_mixin.py:188} INFO - [2024-01-06T15:45:35.785-0300] {dag.py:3820} INFO - Setting next_dagrun for dataset_consumes_1_and_2 to None, run_after=None
[2024-01-06T15:45:35.786-0300] {logging_mixin.py:188} INFO - [2024-01-06T15:45:35.786-0300] {dag.py:3820} INFO - Setting next_dagrun for dataset_consumes_1_never_scheduled to None, run_after=None
[2024-01-06T15:45:35.786-0300] {logging_mixin.py:188} INFO - [2024-01-06T15:45:35.786-0300] {dag.py:3820} INFO - Setting next_dagrun for dataset_consumes_unknown_never_scheduled to None, run_after=None
[2024-01-06T15:45:35.788-0300] {logging_mixin.py:188} INFO - [2024-01-06T15:45:35.788-0300] {dag.py:3820} INFO - Setting next_dagrun for dataset_produces_1 to 2024-01-05T00:00:00+00:00, run_after=2024-01-06T00:00:00+00:00
[2024-01-06T15:45:35.788-0300] {logging_mixin.py:188} INFO - [2024-01-06T15:45:35.788-0300] {dag.py:3820} INFO - Setting next_dagrun for dataset_produces_2 to None, run_after=None
[2024-01-06T15:45:35.822-0300] {processor.py:183} INFO - Processing /home/brendaschap/.local/lib/python3.10/site-packages/airflow/example_dags/example_datasets.py took 0.073 seconds
[2024-01-06T15:46:23.780-0300] {processor.py:161} INFO - Started process (PID=922) to work on /home/brendaschap/.local/lib/python3.10/site-packages/airflow/example_dags/example_datasets.py
[2024-01-06T15:46:23.783-0300] {processor.py:830} INFO - Processing file /home/brendaschap/.local/lib/python3.10/site-packages/airflow/example_dags/example_datasets.py for tasks to queue
[2024-01-06T15:46:23.784-0300] {logging_mixin.py:188} INFO - [2024-01-06T15:46:23.784-0300] {dagbag.py:538} INFO - Filling up the DagBag from /home/brendaschap/.local/lib/python3.10/site-packages/airflow/example_dags/example_datasets.py
[2024-01-06T15:46:23.789-0300] {processor.py:840} INFO - DAG(s) 'dataset_consumes_1', 'dataset_produces_2', 'dataset_produces_1', 'dataset_consumes_unknown_never_scheduled', 'dataset_consumes_1_never_scheduled', 'dataset_consumes_1_and_2' retrieved from /home/brendaschap/.local/lib/python3.10/site-packages/airflow/example_dags/example_datasets.py
[2024-01-06T15:46:23.802-0300] {logging_mixin.py:188} INFO - [2024-01-06T15:46:23.802-0300] {dag.py:3033} INFO - Sync 6 DAGs
[2024-01-06T15:46:23.813-0300] {logging_mixin.py:188} INFO - [2024-01-06T15:46:23.813-0300] {dag.py:3820} INFO - Setting next_dagrun for dataset_consumes_1 to None, run_after=None
[2024-01-06T15:46:23.815-0300] {logging_mixin.py:188} INFO - [2024-01-06T15:46:23.815-0300] {dag.py:3820} INFO - Setting next_dagrun for dataset_consumes_1_and_2 to None, run_after=None
[2024-01-06T15:46:23.815-0300] {logging_mixin.py:188} INFO - [2024-01-06T15:46:23.815-0300] {dag.py:3820} INFO - Setting next_dagrun for dataset_consumes_1_never_scheduled to None, run_after=None
[2024-01-06T15:46:23.816-0300] {logging_mixin.py:188} INFO - [2024-01-06T15:46:23.815-0300] {dag.py:3820} INFO - Setting next_dagrun for dataset_consumes_unknown_never_scheduled to None, run_after=None
[2024-01-06T15:46:23.817-0300] {logging_mixin.py:188} INFO - [2024-01-06T15:46:23.817-0300] {dag.py:3820} INFO - Setting next_dagrun for dataset_produces_1 to 2024-01-05T00:00:00+00:00, run_after=2024-01-06T00:00:00+00:00
[2024-01-06T15:46:23.817-0300] {logging_mixin.py:188} INFO - [2024-01-06T15:46:23.817-0300] {dag.py:3820} INFO - Setting next_dagrun for dataset_produces_2 to None, run_after=None
[2024-01-06T15:46:23.838-0300] {processor.py:183} INFO - Processing /home/brendaschap/.local/lib/python3.10/site-packages/airflow/example_dags/example_datasets.py took 0.060 seconds
[2024-01-06T15:47:14.267-0300] {processor.py:161} INFO - Started process (PID=981) to work on /home/brendaschap/.local/lib/python3.10/site-packages/airflow/example_dags/example_datasets.py
[2024-01-06T15:47:14.271-0300] {processor.py:830} INFO - Processing file /home/brendaschap/.local/lib/python3.10/site-packages/airflow/example_dags/example_datasets.py for tasks to queue
[2024-01-06T15:47:14.271-0300] {logging_mixin.py:188} INFO - [2024-01-06T15:47:14.271-0300] {dagbag.py:538} INFO - Filling up the DagBag from /home/brendaschap/.local/lib/python3.10/site-packages/airflow/example_dags/example_datasets.py
[2024-01-06T15:47:14.276-0300] {processor.py:840} INFO - DAG(s) 'dataset_produces_1', 'dataset_consumes_unknown_never_scheduled', 'dataset_consumes_1', 'dataset_consumes_1_and_2', 'dataset_consumes_1_never_scheduled', 'dataset_produces_2' retrieved from /home/brendaschap/.local/lib/python3.10/site-packages/airflow/example_dags/example_datasets.py
[2024-01-06T15:47:14.290-0300] {logging_mixin.py:188} INFO - [2024-01-06T15:47:14.289-0300] {dag.py:3033} INFO - Sync 6 DAGs
[2024-01-06T15:47:14.300-0300] {logging_mixin.py:188} INFO - [2024-01-06T15:47:14.300-0300] {dag.py:3820} INFO - Setting next_dagrun for dataset_consumes_1 to None, run_after=None
[2024-01-06T15:47:14.302-0300] {logging_mixin.py:188} INFO - [2024-01-06T15:47:14.302-0300] {dag.py:3820} INFO - Setting next_dagrun for dataset_consumes_1_and_2 to None, run_after=None
[2024-01-06T15:47:14.302-0300] {logging_mixin.py:188} INFO - [2024-01-06T15:47:14.302-0300] {dag.py:3820} INFO - Setting next_dagrun for dataset_consumes_1_never_scheduled to None, run_after=None
[2024-01-06T15:47:14.302-0300] {logging_mixin.py:188} INFO - [2024-01-06T15:47:14.302-0300] {dag.py:3820} INFO - Setting next_dagrun for dataset_consumes_unknown_never_scheduled to None, run_after=None
[2024-01-06T15:47:14.304-0300] {logging_mixin.py:188} INFO - [2024-01-06T15:47:14.304-0300] {dag.py:3820} INFO - Setting next_dagrun for dataset_produces_1 to 2024-01-05T00:00:00+00:00, run_after=2024-01-06T00:00:00+00:00
[2024-01-06T15:47:14.304-0300] {logging_mixin.py:188} INFO - [2024-01-06T15:47:14.304-0300] {dag.py:3820} INFO - Setting next_dagrun for dataset_produces_2 to None, run_after=None
[2024-01-06T15:47:14.340-0300] {processor.py:183} INFO - Processing /home/brendaschap/.local/lib/python3.10/site-packages/airflow/example_dags/example_datasets.py took 0.074 seconds
[2024-01-06T15:48:06.455-0300] {processor.py:161} INFO - Started process (PID=1045) to work on /home/brendaschap/.local/lib/python3.10/site-packages/airflow/example_dags/example_datasets.py
[2024-01-06T15:48:06.459-0300] {processor.py:830} INFO - Processing file /home/brendaschap/.local/lib/python3.10/site-packages/airflow/example_dags/example_datasets.py for tasks to queue
[2024-01-06T15:48:06.460-0300] {logging_mixin.py:188} INFO - [2024-01-06T15:48:06.459-0300] {dagbag.py:538} INFO - Filling up the DagBag from /home/brendaschap/.local/lib/python3.10/site-packages/airflow/example_dags/example_datasets.py
[2024-01-06T15:48:06.465-0300] {processor.py:840} INFO - DAG(s) 'dataset_produces_2', 'dataset_consumes_1_never_scheduled', 'dataset_consumes_1_and_2', 'dataset_consumes_unknown_never_scheduled', 'dataset_consumes_1', 'dataset_produces_1' retrieved from /home/brendaschap/.local/lib/python3.10/site-packages/airflow/example_dags/example_datasets.py
[2024-01-06T15:48:06.478-0300] {logging_mixin.py:188} INFO - [2024-01-06T15:48:06.478-0300] {dag.py:3033} INFO - Sync 6 DAGs
[2024-01-06T15:48:06.488-0300] {logging_mixin.py:188} INFO - [2024-01-06T15:48:06.488-0300] {dag.py:3820} INFO - Setting next_dagrun for dataset_consumes_1 to None, run_after=None
[2024-01-06T15:48:06.490-0300] {logging_mixin.py:188} INFO - [2024-01-06T15:48:06.490-0300] {dag.py:3820} INFO - Setting next_dagrun for dataset_consumes_1_and_2 to None, run_after=None
[2024-01-06T15:48:06.491-0300] {logging_mixin.py:188} INFO - [2024-01-06T15:48:06.491-0300] {dag.py:3820} INFO - Setting next_dagrun for dataset_consumes_1_never_scheduled to None, run_after=None
[2024-01-06T15:48:06.491-0300] {logging_mixin.py:188} INFO - [2024-01-06T15:48:06.491-0300] {dag.py:3820} INFO - Setting next_dagrun for dataset_consumes_unknown_never_scheduled to None, run_after=None
[2024-01-06T15:48:06.492-0300] {logging_mixin.py:188} INFO - [2024-01-06T15:48:06.492-0300] {dag.py:3820} INFO - Setting next_dagrun for dataset_produces_1 to 2024-01-05T00:00:00+00:00, run_after=2024-01-06T00:00:00+00:00
[2024-01-06T15:48:06.493-0300] {logging_mixin.py:188} INFO - [2024-01-06T15:48:06.493-0300] {dag.py:3820} INFO - Setting next_dagrun for dataset_produces_2 to None, run_after=None
[2024-01-06T15:48:06.513-0300] {processor.py:183} INFO - Processing /home/brendaschap/.local/lib/python3.10/site-packages/airflow/example_dags/example_datasets.py took 0.060 seconds
