[2024-01-06T15:44:39.260-0300] {processor.py:161} INFO - Started process (PID=732) to work on /home/brendaschap/.local/lib/python3.10/site-packages/airflow/example_dags/example_xcom.py
[2024-01-06T15:44:39.260-0300] {processor.py:830} INFO - Processing file /home/brendaschap/.local/lib/python3.10/site-packages/airflow/example_dags/example_xcom.py for tasks to queue
[2024-01-06T15:44:39.261-0300] {logging_mixin.py:188} INFO - [2024-01-06T15:44:39.261-0300] {dagbag.py:538} INFO - Filling up the DagBag from /home/brendaschap/.local/lib/python3.10/site-packages/airflow/example_dags/example_xcom.py
[2024-01-06T15:44:39.265-0300] {processor.py:840} INFO - DAG(s) 'example_xcom' retrieved from /home/brendaschap/.local/lib/python3.10/site-packages/airflow/example_dags/example_xcom.py
[2024-01-06T15:44:39.387-0300] {logging_mixin.py:188} INFO - [2024-01-06T15:44:39.387-0300] {dag.py:3033} INFO - Sync 1 DAGs
[2024-01-06T15:44:39.396-0300] {logging_mixin.py:188} INFO - [2024-01-06T15:44:39.396-0300] {dag.py:3820} INFO - Setting next_dagrun for example_xcom to 2021-01-01T00:00:00+00:00, run_after=2021-01-01T00:00:00+00:00
[2024-01-06T15:44:39.423-0300] {processor.py:183} INFO - Processing /home/brendaschap/.local/lib/python3.10/site-packages/airflow/example_dags/example_xcom.py took 0.165 seconds
[2024-01-06T15:45:25.619-0300] {processor.py:161} INFO - Started process (PID=857) to work on /home/brendaschap/.local/lib/python3.10/site-packages/airflow/example_dags/example_xcom.py
[2024-01-06T15:45:25.623-0300] {processor.py:830} INFO - Processing file /home/brendaschap/.local/lib/python3.10/site-packages/airflow/example_dags/example_xcom.py for tasks to queue
[2024-01-06T15:45:25.624-0300] {logging_mixin.py:188} INFO - [2024-01-06T15:45:25.624-0300] {dagbag.py:538} INFO - Filling up the DagBag from /home/brendaschap/.local/lib/python3.10/site-packages/airflow/example_dags/example_xcom.py
[2024-01-06T15:45:25.628-0300] {processor.py:840} INFO - DAG(s) 'example_xcom' retrieved from /home/brendaschap/.local/lib/python3.10/site-packages/airflow/example_dags/example_xcom.py
[2024-01-06T15:45:25.636-0300] {logging_mixin.py:188} INFO - [2024-01-06T15:45:25.636-0300] {dag.py:3033} INFO - Sync 1 DAGs
[2024-01-06T15:45:25.646-0300] {logging_mixin.py:188} INFO - [2024-01-06T15:45:25.646-0300] {dag.py:3820} INFO - Setting next_dagrun for example_xcom to 2021-01-01T00:00:00+00:00, run_after=2021-01-01T00:00:00+00:00
[2024-01-06T15:45:25.663-0300] {processor.py:183} INFO - Processing /home/brendaschap/.local/lib/python3.10/site-packages/airflow/example_dags/example_xcom.py took 0.045 seconds
[2024-01-06T15:46:13.331-0300] {processor.py:161} INFO - Started process (PID=911) to work on /home/brendaschap/.local/lib/python3.10/site-packages/airflow/example_dags/example_xcom.py
[2024-01-06T15:46:13.334-0300] {processor.py:830} INFO - Processing file /home/brendaschap/.local/lib/python3.10/site-packages/airflow/example_dags/example_xcom.py for tasks to queue
[2024-01-06T15:46:13.335-0300] {logging_mixin.py:188} INFO - [2024-01-06T15:46:13.334-0300] {dagbag.py:538} INFO - Filling up the DagBag from /home/brendaschap/.local/lib/python3.10/site-packages/airflow/example_dags/example_xcom.py
[2024-01-06T15:46:13.338-0300] {processor.py:840} INFO - DAG(s) 'example_xcom' retrieved from /home/brendaschap/.local/lib/python3.10/site-packages/airflow/example_dags/example_xcom.py
[2024-01-06T15:46:13.346-0300] {logging_mixin.py:188} INFO - [2024-01-06T15:46:13.346-0300] {dag.py:3033} INFO - Sync 1 DAGs
[2024-01-06T15:46:13.356-0300] {logging_mixin.py:188} INFO - [2024-01-06T15:46:13.356-0300] {dag.py:3820} INFO - Setting next_dagrun for example_xcom to 2021-01-01T00:00:00+00:00, run_after=2021-01-01T00:00:00+00:00
[2024-01-06T15:46:13.395-0300] {processor.py:183} INFO - Processing /home/brendaschap/.local/lib/python3.10/site-packages/airflow/example_dags/example_xcom.py took 0.066 seconds
[2024-01-06T15:47:03.358-0300] {processor.py:161} INFO - Started process (PID=967) to work on /home/brendaschap/.local/lib/python3.10/site-packages/airflow/example_dags/example_xcom.py
[2024-01-06T15:47:03.362-0300] {processor.py:830} INFO - Processing file /home/brendaschap/.local/lib/python3.10/site-packages/airflow/example_dags/example_xcom.py for tasks to queue
[2024-01-06T15:47:03.362-0300] {logging_mixin.py:188} INFO - [2024-01-06T15:47:03.362-0300] {dagbag.py:538} INFO - Filling up the DagBag from /home/brendaschap/.local/lib/python3.10/site-packages/airflow/example_dags/example_xcom.py
[2024-01-06T15:47:03.367-0300] {processor.py:840} INFO - DAG(s) 'example_xcom' retrieved from /home/brendaschap/.local/lib/python3.10/site-packages/airflow/example_dags/example_xcom.py
[2024-01-06T15:47:03.375-0300] {logging_mixin.py:188} INFO - [2024-01-06T15:47:03.375-0300] {dag.py:3033} INFO - Sync 1 DAGs
[2024-01-06T15:47:03.385-0300] {logging_mixin.py:188} INFO - [2024-01-06T15:47:03.385-0300] {dag.py:3820} INFO - Setting next_dagrun for example_xcom to 2021-01-01T00:00:00+00:00, run_after=2021-01-01T00:00:00+00:00
[2024-01-06T15:47:03.402-0300] {processor.py:183} INFO - Processing /home/brendaschap/.local/lib/python3.10/site-packages/airflow/example_dags/example_xcom.py took 0.046 seconds
[2024-01-06T15:47:55.486-0300] {processor.py:161} INFO - Started process (PID=1034) to work on /home/brendaschap/.local/lib/python3.10/site-packages/airflow/example_dags/example_xcom.py
[2024-01-06T15:47:55.490-0300] {processor.py:830} INFO - Processing file /home/brendaschap/.local/lib/python3.10/site-packages/airflow/example_dags/example_xcom.py for tasks to queue
[2024-01-06T15:47:55.491-0300] {logging_mixin.py:188} INFO - [2024-01-06T15:47:55.491-0300] {dagbag.py:538} INFO - Filling up the DagBag from /home/brendaschap/.local/lib/python3.10/site-packages/airflow/example_dags/example_xcom.py
[2024-01-06T15:47:55.495-0300] {processor.py:840} INFO - DAG(s) 'example_xcom' retrieved from /home/brendaschap/.local/lib/python3.10/site-packages/airflow/example_dags/example_xcom.py
[2024-01-06T15:47:55.503-0300] {logging_mixin.py:188} INFO - [2024-01-06T15:47:55.503-0300] {dag.py:3033} INFO - Sync 1 DAGs
[2024-01-06T15:47:55.512-0300] {logging_mixin.py:188} INFO - [2024-01-06T15:47:55.512-0300] {dag.py:3820} INFO - Setting next_dagrun for example_xcom to 2021-01-01T00:00:00+00:00, run_after=2021-01-01T00:00:00+00:00
[2024-01-06T15:47:55.529-0300] {processor.py:183} INFO - Processing /home/brendaschap/.local/lib/python3.10/site-packages/airflow/example_dags/example_xcom.py took 0.044 seconds
