[2024-01-06T15:44:23.542-0300] {processor.py:161} INFO - Started process (PID=717) to work on /home/brendaschap/.local/lib/python3.10/site-packages/airflow/example_dags/example_setup_teardown.py
[2024-01-06T15:44:23.542-0300] {processor.py:830} INFO - Processing file /home/brendaschap/.local/lib/python3.10/site-packages/airflow/example_dags/example_setup_teardown.py for tasks to queue
[2024-01-06T15:44:23.543-0300] {logging_mixin.py:188} INFO - [2024-01-06T15:44:23.543-0300] {dagbag.py:538} INFO - Filling up the DagBag from /home/brendaschap/.local/lib/python3.10/site-packages/airflow/example_dags/example_setup_teardown.py
[2024-01-06T15:44:23.548-0300] {processor.py:840} INFO - DAG(s) 'example_setup_teardown' retrieved from /home/brendaschap/.local/lib/python3.10/site-packages/airflow/example_dags/example_setup_teardown.py
[2024-01-06T15:44:23.679-0300] {logging_mixin.py:188} INFO - [2024-01-06T15:44:23.678-0300] {dag.py:3033} INFO - Sync 1 DAGs
[2024-01-06T15:44:23.690-0300] {logging_mixin.py:188} INFO - [2024-01-06T15:44:23.690-0300] {dag.py:3820} INFO - Setting next_dagrun for example_setup_teardown to 2024-01-05T00:00:00+00:00, run_after=2024-01-06T00:00:00+00:00
[2024-01-06T15:44:23.706-0300] {processor.py:183} INFO - Processing /home/brendaschap/.local/lib/python3.10/site-packages/airflow/example_dags/example_setup_teardown.py took 0.166 seconds
[2024-01-06T15:45:12.765-0300] {processor.py:161} INFO - Started process (PID=765) to work on /home/brendaschap/.local/lib/python3.10/site-packages/airflow/example_dags/example_setup_teardown.py
[2024-01-06T15:45:12.766-0300] {processor.py:830} INFO - Processing file /home/brendaschap/.local/lib/python3.10/site-packages/airflow/example_dags/example_setup_teardown.py for tasks to queue
[2024-01-06T15:45:12.767-0300] {logging_mixin.py:188} INFO - [2024-01-06T15:45:12.767-0300] {dagbag.py:538} INFO - Filling up the DagBag from /home/brendaschap/.local/lib/python3.10/site-packages/airflow/example_dags/example_setup_teardown.py
[2024-01-06T15:45:12.771-0300] {processor.py:840} INFO - DAG(s) 'example_setup_teardown' retrieved from /home/brendaschap/.local/lib/python3.10/site-packages/airflow/example_dags/example_setup_teardown.py
[2024-01-06T15:45:12.779-0300] {logging_mixin.py:188} INFO - [2024-01-06T15:45:12.779-0300] {dag.py:3033} INFO - Sync 1 DAGs
[2024-01-06T15:45:12.790-0300] {logging_mixin.py:188} INFO - [2024-01-06T15:45:12.790-0300] {dag.py:3820} INFO - Setting next_dagrun for example_setup_teardown to 2024-01-05T00:00:00+00:00, run_after=2024-01-06T00:00:00+00:00
[2024-01-06T15:45:12.805-0300] {processor.py:183} INFO - Processing /home/brendaschap/.local/lib/python3.10/site-packages/airflow/example_dags/example_setup_teardown.py took 0.041 seconds
[2024-01-06T15:45:57.103-0300] {processor.py:161} INFO - Started process (PID=894) to work on /home/brendaschap/.local/lib/python3.10/site-packages/airflow/example_dags/example_setup_teardown.py
[2024-01-06T15:45:57.104-0300] {processor.py:830} INFO - Processing file /home/brendaschap/.local/lib/python3.10/site-packages/airflow/example_dags/example_setup_teardown.py for tasks to queue
[2024-01-06T15:45:57.105-0300] {logging_mixin.py:188} INFO - [2024-01-06T15:45:57.104-0300] {dagbag.py:538} INFO - Filling up the DagBag from /home/brendaschap/.local/lib/python3.10/site-packages/airflow/example_dags/example_setup_teardown.py
[2024-01-06T15:45:57.109-0300] {processor.py:840} INFO - DAG(s) 'example_setup_teardown' retrieved from /home/brendaschap/.local/lib/python3.10/site-packages/airflow/example_dags/example_setup_teardown.py
[2024-01-06T15:45:57.117-0300] {logging_mixin.py:188} INFO - [2024-01-06T15:45:57.116-0300] {dag.py:3033} INFO - Sync 1 DAGs
[2024-01-06T15:45:57.126-0300] {logging_mixin.py:188} INFO - [2024-01-06T15:45:57.126-0300] {dag.py:3820} INFO - Setting next_dagrun for example_setup_teardown to 2024-01-05T00:00:00+00:00, run_after=2024-01-06T00:00:00+00:00
[2024-01-06T15:45:57.143-0300] {processor.py:183} INFO - Processing /home/brendaschap/.local/lib/python3.10/site-packages/airflow/example_dags/example_setup_teardown.py took 0.041 seconds
[2024-01-06T15:46:44.962-0300] {processor.py:161} INFO - Started process (PID=949) to work on /home/brendaschap/.local/lib/python3.10/site-packages/airflow/example_dags/example_setup_teardown.py
[2024-01-06T15:46:44.963-0300] {processor.py:830} INFO - Processing file /home/brendaschap/.local/lib/python3.10/site-packages/airflow/example_dags/example_setup_teardown.py for tasks to queue
[2024-01-06T15:46:44.963-0300] {logging_mixin.py:188} INFO - [2024-01-06T15:46:44.963-0300] {dagbag.py:538} INFO - Filling up the DagBag from /home/brendaschap/.local/lib/python3.10/site-packages/airflow/example_dags/example_setup_teardown.py
[2024-01-06T15:46:44.967-0300] {processor.py:840} INFO - DAG(s) 'example_setup_teardown' retrieved from /home/brendaschap/.local/lib/python3.10/site-packages/airflow/example_dags/example_setup_teardown.py
[2024-01-06T15:46:44.976-0300] {logging_mixin.py:188} INFO - [2024-01-06T15:46:44.975-0300] {dag.py:3033} INFO - Sync 1 DAGs
[2024-01-06T15:46:44.986-0300] {logging_mixin.py:188} INFO - [2024-01-06T15:46:44.986-0300] {dag.py:3820} INFO - Setting next_dagrun for example_setup_teardown to 2024-01-05T00:00:00+00:00, run_after=2024-01-06T00:00:00+00:00
[2024-01-06T15:46:45.001-0300] {processor.py:183} INFO - Processing /home/brendaschap/.local/lib/python3.10/site-packages/airflow/example_dags/example_setup_teardown.py took 0.040 seconds
[2024-01-06T15:47:20.542-0300] {processor.py:161} INFO - Started process (PID=992) to work on /home/brendaschap/.local/lib/python3.10/site-packages/airflow/example_dags/example_setup_teardown.py
[2024-01-06T15:47:20.546-0300] {processor.py:830} INFO - Processing file /home/brendaschap/.local/lib/python3.10/site-packages/airflow/example_dags/example_setup_teardown.py for tasks to queue
[2024-01-06T15:47:20.546-0300] {logging_mixin.py:188} INFO - [2024-01-06T15:47:20.546-0300] {dagbag.py:538} INFO - Filling up the DagBag from /home/brendaschap/.local/lib/python3.10/site-packages/airflow/example_dags/example_setup_teardown.py
[2024-01-06T15:47:20.550-0300] {processor.py:840} INFO - DAG(s) 'example_setup_teardown' retrieved from /home/brendaschap/.local/lib/python3.10/site-packages/airflow/example_dags/example_setup_teardown.py
[2024-01-06T15:47:20.558-0300] {logging_mixin.py:188} INFO - [2024-01-06T15:47:20.558-0300] {dag.py:3033} INFO - Sync 1 DAGs
[2024-01-06T15:47:20.568-0300] {logging_mixin.py:188} INFO - [2024-01-06T15:47:20.568-0300] {dag.py:3820} INFO - Setting next_dagrun for example_setup_teardown to 2024-01-05T00:00:00+00:00, run_after=2024-01-06T00:00:00+00:00
[2024-01-06T15:47:20.600-0300] {processor.py:183} INFO - Processing /home/brendaschap/.local/lib/python3.10/site-packages/airflow/example_dags/example_setup_teardown.py took 0.060 seconds
[2024-01-06T15:48:11.018-0300] {processor.py:161} INFO - Started process (PID=1049) to work on /home/brendaschap/.local/lib/python3.10/site-packages/airflow/example_dags/example_setup_teardown.py
[2024-01-06T15:48:11.022-0300] {processor.py:830} INFO - Processing file /home/brendaschap/.local/lib/python3.10/site-packages/airflow/example_dags/example_setup_teardown.py for tasks to queue
[2024-01-06T15:48:11.022-0300] {logging_mixin.py:188} INFO - [2024-01-06T15:48:11.022-0300] {dagbag.py:538} INFO - Filling up the DagBag from /home/brendaschap/.local/lib/python3.10/site-packages/airflow/example_dags/example_setup_teardown.py
[2024-01-06T15:48:11.026-0300] {processor.py:840} INFO - DAG(s) 'example_setup_teardown' retrieved from /home/brendaschap/.local/lib/python3.10/site-packages/airflow/example_dags/example_setup_teardown.py
[2024-01-06T15:48:11.034-0300] {logging_mixin.py:188} INFO - [2024-01-06T15:48:11.034-0300] {dag.py:3033} INFO - Sync 1 DAGs
[2024-01-06T15:48:11.044-0300] {logging_mixin.py:188} INFO - [2024-01-06T15:48:11.043-0300] {dag.py:3820} INFO - Setting next_dagrun for example_setup_teardown to 2024-01-05T00:00:00+00:00, run_after=2024-01-06T00:00:00+00:00
[2024-01-06T15:48:11.060-0300] {processor.py:183} INFO - Processing /home/brendaschap/.local/lib/python3.10/site-packages/airflow/example_dags/example_setup_teardown.py took 0.044 seconds
