[2024-01-06T15:44:53.345-0300] {processor.py:161} INFO - Started process (PID=746) to work on /home/brendaschap/.local/lib/python3.10/site-packages/airflow/example_dags/example_sensors.py
[2024-01-06T15:44:53.346-0300] {processor.py:830} INFO - Processing file /home/brendaschap/.local/lib/python3.10/site-packages/airflow/example_dags/example_sensors.py for tasks to queue
[2024-01-06T15:44:53.346-0300] {logging_mixin.py:188} INFO - [2024-01-06T15:44:53.346-0300] {dagbag.py:538} INFO - Filling up the DagBag from /home/brendaschap/.local/lib/python3.10/site-packages/airflow/example_dags/example_sensors.py
[2024-01-06T15:44:53.352-0300] {processor.py:840} INFO - DAG(s) 'example_sensors' retrieved from /home/brendaschap/.local/lib/python3.10/site-packages/airflow/example_dags/example_sensors.py
[2024-01-06T15:44:53.403-0300] {logging_mixin.py:188} INFO - [2024-01-06T15:44:53.403-0300] {dag.py:3033} INFO - Sync 1 DAGs
[2024-01-06T15:44:53.410-0300] {logging_mixin.py:188} INFO - [2024-01-06T15:44:53.410-0300] {dag.py:3820} INFO - Setting next_dagrun for example_sensors to None, run_after=None
[2024-01-06T15:44:53.427-0300] {processor.py:183} INFO - Processing /home/brendaschap/.local/lib/python3.10/site-packages/airflow/example_dags/example_sensors.py took 0.083 seconds
[2024-01-06T15:45:41.563-0300] {processor.py:161} INFO - Started process (PID=878) to work on /home/brendaschap/.local/lib/python3.10/site-packages/airflow/example_dags/example_sensors.py
[2024-01-06T15:45:41.567-0300] {processor.py:830} INFO - Processing file /home/brendaschap/.local/lib/python3.10/site-packages/airflow/example_dags/example_sensors.py for tasks to queue
[2024-01-06T15:45:41.567-0300] {logging_mixin.py:188} INFO - [2024-01-06T15:45:41.567-0300] {dagbag.py:538} INFO - Filling up the DagBag from /home/brendaschap/.local/lib/python3.10/site-packages/airflow/example_dags/example_sensors.py
[2024-01-06T15:45:41.573-0300] {processor.py:840} INFO - DAG(s) 'example_sensors' retrieved from /home/brendaschap/.local/lib/python3.10/site-packages/airflow/example_dags/example_sensors.py
[2024-01-06T15:45:41.583-0300] {logging_mixin.py:188} INFO - [2024-01-06T15:45:41.583-0300] {dag.py:3033} INFO - Sync 1 DAGs
[2024-01-06T15:45:41.588-0300] {logging_mixin.py:188} INFO - [2024-01-06T15:45:41.588-0300] {dag.py:3820} INFO - Setting next_dagrun for example_sensors to None, run_after=None
[2024-01-06T15:45:41.605-0300] {processor.py:183} INFO - Processing /home/brendaschap/.local/lib/python3.10/site-packages/airflow/example_dags/example_sensors.py took 0.044 seconds
[2024-01-06T15:46:30.963-0300] {processor.py:161} INFO - Started process (PID=935) to work on /home/brendaschap/.local/lib/python3.10/site-packages/airflow/example_dags/example_sensors.py
[2024-01-06T15:46:30.964-0300] {processor.py:830} INFO - Processing file /home/brendaschap/.local/lib/python3.10/site-packages/airflow/example_dags/example_sensors.py for tasks to queue
[2024-01-06T15:46:30.964-0300] {logging_mixin.py:188} INFO - [2024-01-06T15:46:30.964-0300] {dagbag.py:538} INFO - Filling up the DagBag from /home/brendaschap/.local/lib/python3.10/site-packages/airflow/example_dags/example_sensors.py
[2024-01-06T15:46:30.969-0300] {processor.py:840} INFO - DAG(s) 'example_sensors' retrieved from /home/brendaschap/.local/lib/python3.10/site-packages/airflow/example_dags/example_sensors.py
[2024-01-06T15:46:30.982-0300] {logging_mixin.py:188} INFO - [2024-01-06T15:46:30.982-0300] {dag.py:3033} INFO - Sync 1 DAGs
[2024-01-06T15:46:30.988-0300] {logging_mixin.py:188} INFO - [2024-01-06T15:46:30.988-0300] {dag.py:3820} INFO - Setting next_dagrun for example_sensors to None, run_after=None
[2024-01-06T15:46:31.004-0300] {processor.py:183} INFO - Processing /home/brendaschap/.local/lib/python3.10/site-packages/airflow/example_dags/example_sensors.py took 0.043 seconds
[2024-01-06T15:47:23.931-0300] {processor.py:161} INFO - Started process (PID=995) to work on /home/brendaschap/.local/lib/python3.10/site-packages/airflow/example_dags/example_sensors.py
[2024-01-06T15:47:23.934-0300] {processor.py:830} INFO - Processing file /home/brendaschap/.local/lib/python3.10/site-packages/airflow/example_dags/example_sensors.py for tasks to queue
[2024-01-06T15:47:23.935-0300] {logging_mixin.py:188} INFO - [2024-01-06T15:47:23.935-0300] {dagbag.py:538} INFO - Filling up the DagBag from /home/brendaschap/.local/lib/python3.10/site-packages/airflow/example_dags/example_sensors.py
[2024-01-06T15:47:23.940-0300] {processor.py:840} INFO - DAG(s) 'example_sensors' retrieved from /home/brendaschap/.local/lib/python3.10/site-packages/airflow/example_dags/example_sensors.py
[2024-01-06T15:47:23.949-0300] {logging_mixin.py:188} INFO - [2024-01-06T15:47:23.949-0300] {dag.py:3033} INFO - Sync 1 DAGs
[2024-01-06T15:47:23.955-0300] {logging_mixin.py:188} INFO - [2024-01-06T15:47:23.955-0300] {dag.py:3820} INFO - Setting next_dagrun for example_sensors to None, run_after=None
[2024-01-06T15:47:23.972-0300] {processor.py:183} INFO - Processing /home/brendaschap/.local/lib/python3.10/site-packages/airflow/example_dags/example_sensors.py took 0.043 seconds
[2024-01-06T15:48:16.158-0300] {processor.py:161} INFO - Started process (PID=1054) to work on /home/brendaschap/.local/lib/python3.10/site-packages/airflow/example_dags/example_sensors.py
[2024-01-06T15:48:16.159-0300] {processor.py:830} INFO - Processing file /home/brendaschap/.local/lib/python3.10/site-packages/airflow/example_dags/example_sensors.py for tasks to queue
[2024-01-06T15:48:16.160-0300] {logging_mixin.py:188} INFO - [2024-01-06T15:48:16.159-0300] {dagbag.py:538} INFO - Filling up the DagBag from /home/brendaschap/.local/lib/python3.10/site-packages/airflow/example_dags/example_sensors.py
[2024-01-06T15:48:16.165-0300] {processor.py:840} INFO - DAG(s) 'example_sensors' retrieved from /home/brendaschap/.local/lib/python3.10/site-packages/airflow/example_dags/example_sensors.py
[2024-01-06T15:48:16.175-0300] {logging_mixin.py:188} INFO - [2024-01-06T15:48:16.175-0300] {dag.py:3033} INFO - Sync 1 DAGs
[2024-01-06T15:48:16.181-0300] {logging_mixin.py:188} INFO - [2024-01-06T15:48:16.181-0300] {dag.py:3820} INFO - Setting next_dagrun for example_sensors to None, run_after=None
[2024-01-06T15:48:16.196-0300] {processor.py:183} INFO - Processing /home/brendaschap/.local/lib/python3.10/site-packages/airflow/example_dags/example_sensors.py took 0.041 seconds
