[2024-01-06T15:44:41.728-0300] {processor.py:161} INFO - Started process (PID=734) to work on /home/brendaschap/.local/lib/python3.10/site-packages/airflow/example_dags/example_sensor_decorator.py
[2024-01-06T15:44:41.729-0300] {processor.py:830} INFO - Processing file /home/brendaschap/.local/lib/python3.10/site-packages/airflow/example_dags/example_sensor_decorator.py for tasks to queue
[2024-01-06T15:44:41.729-0300] {logging_mixin.py:188} INFO - [2024-01-06T15:44:41.729-0300] {dagbag.py:538} INFO - Filling up the DagBag from /home/brendaschap/.local/lib/python3.10/site-packages/airflow/example_dags/example_sensor_decorator.py
[2024-01-06T15:44:41.732-0300] {processor.py:840} INFO - DAG(s) 'example_sensor_decorator' retrieved from /home/brendaschap/.local/lib/python3.10/site-packages/airflow/example_dags/example_sensor_decorator.py
[2024-01-06T15:44:41.855-0300] {logging_mixin.py:188} INFO - [2024-01-06T15:44:41.855-0300] {dag.py:3033} INFO - Sync 1 DAGs
[2024-01-06T15:44:41.860-0300] {logging_mixin.py:188} INFO - [2024-01-06T15:44:41.860-0300] {dag.py:3820} INFO - Setting next_dagrun for example_sensor_decorator to None, run_after=None
[2024-01-06T15:44:41.880-0300] {processor.py:183} INFO - Processing /home/brendaschap/.local/lib/python3.10/site-packages/airflow/example_dags/example_sensor_decorator.py took 0.153 seconds
[2024-01-06T15:45:27.048-0300] {processor.py:161} INFO - Started process (PID=861) to work on /home/brendaschap/.local/lib/python3.10/site-packages/airflow/example_dags/example_sensor_decorator.py
[2024-01-06T15:45:27.048-0300] {processor.py:830} INFO - Processing file /home/brendaschap/.local/lib/python3.10/site-packages/airflow/example_dags/example_sensor_decorator.py for tasks to queue
[2024-01-06T15:45:27.049-0300] {logging_mixin.py:188} INFO - [2024-01-06T15:45:27.049-0300] {dagbag.py:538} INFO - Filling up the DagBag from /home/brendaschap/.local/lib/python3.10/site-packages/airflow/example_dags/example_sensor_decorator.py
[2024-01-06T15:45:27.053-0300] {processor.py:840} INFO - DAG(s) 'example_sensor_decorator' retrieved from /home/brendaschap/.local/lib/python3.10/site-packages/airflow/example_dags/example_sensor_decorator.py
[2024-01-06T15:45:27.062-0300] {logging_mixin.py:188} INFO - [2024-01-06T15:45:27.062-0300] {dag.py:3033} INFO - Sync 1 DAGs
[2024-01-06T15:45:27.068-0300] {logging_mixin.py:188} INFO - [2024-01-06T15:45:27.068-0300] {dag.py:3820} INFO - Setting next_dagrun for example_sensor_decorator to None, run_after=None
[2024-01-06T15:45:27.082-0300] {processor.py:183} INFO - Processing /home/brendaschap/.local/lib/python3.10/site-packages/airflow/example_dags/example_sensor_decorator.py took 0.036 seconds
[2024-01-06T15:46:14.702-0300] {processor.py:161} INFO - Started process (PID=913) to work on /home/brendaschap/.local/lib/python3.10/site-packages/airflow/example_dags/example_sensor_decorator.py
[2024-01-06T15:46:14.703-0300] {processor.py:830} INFO - Processing file /home/brendaschap/.local/lib/python3.10/site-packages/airflow/example_dags/example_sensor_decorator.py for tasks to queue
[2024-01-06T15:46:14.703-0300] {logging_mixin.py:188} INFO - [2024-01-06T15:46:14.703-0300] {dagbag.py:538} INFO - Filling up the DagBag from /home/brendaschap/.local/lib/python3.10/site-packages/airflow/example_dags/example_sensor_decorator.py
[2024-01-06T15:46:14.707-0300] {processor.py:840} INFO - DAG(s) 'example_sensor_decorator' retrieved from /home/brendaschap/.local/lib/python3.10/site-packages/airflow/example_dags/example_sensor_decorator.py
[2024-01-06T15:46:14.715-0300] {logging_mixin.py:188} INFO - [2024-01-06T15:46:14.715-0300] {dag.py:3033} INFO - Sync 1 DAGs
[2024-01-06T15:46:14.720-0300] {logging_mixin.py:188} INFO - [2024-01-06T15:46:14.720-0300] {dag.py:3820} INFO - Setting next_dagrun for example_sensor_decorator to None, run_after=None
[2024-01-06T15:46:14.738-0300] {processor.py:183} INFO - Processing /home/brendaschap/.local/lib/python3.10/site-packages/airflow/example_dags/example_sensor_decorator.py took 0.038 seconds
[2024-01-06T15:47:05.131-0300] {processor.py:161} INFO - Started process (PID=969) to work on /home/brendaschap/.local/lib/python3.10/site-packages/airflow/example_dags/example_sensor_decorator.py
[2024-01-06T15:47:05.135-0300] {processor.py:830} INFO - Processing file /home/brendaschap/.local/lib/python3.10/site-packages/airflow/example_dags/example_sensor_decorator.py for tasks to queue
[2024-01-06T15:47:05.135-0300] {logging_mixin.py:188} INFO - [2024-01-06T15:47:05.135-0300] {dagbag.py:538} INFO - Filling up the DagBag from /home/brendaschap/.local/lib/python3.10/site-packages/airflow/example_dags/example_sensor_decorator.py
[2024-01-06T15:47:05.139-0300] {processor.py:840} INFO - DAG(s) 'example_sensor_decorator' retrieved from /home/brendaschap/.local/lib/python3.10/site-packages/airflow/example_dags/example_sensor_decorator.py
[2024-01-06T15:47:05.146-0300] {logging_mixin.py:188} INFO - [2024-01-06T15:47:05.146-0300] {dag.py:3033} INFO - Sync 1 DAGs
[2024-01-06T15:47:05.152-0300] {logging_mixin.py:188} INFO - [2024-01-06T15:47:05.152-0300] {dag.py:3820} INFO - Setting next_dagrun for example_sensor_decorator to None, run_after=None
[2024-01-06T15:47:05.169-0300] {processor.py:183} INFO - Processing /home/brendaschap/.local/lib/python3.10/site-packages/airflow/example_dags/example_sensor_decorator.py took 0.040 seconds
[2024-01-06T15:47:57.456-0300] {processor.py:161} INFO - Started process (PID=1036) to work on /home/brendaschap/.local/lib/python3.10/site-packages/airflow/example_dags/example_sensor_decorator.py
[2024-01-06T15:47:57.460-0300] {processor.py:830} INFO - Processing file /home/brendaschap/.local/lib/python3.10/site-packages/airflow/example_dags/example_sensor_decorator.py for tasks to queue
[2024-01-06T15:47:57.460-0300] {logging_mixin.py:188} INFO - [2024-01-06T15:47:57.460-0300] {dagbag.py:538} INFO - Filling up the DagBag from /home/brendaschap/.local/lib/python3.10/site-packages/airflow/example_dags/example_sensor_decorator.py
[2024-01-06T15:47:57.464-0300] {processor.py:840} INFO - DAG(s) 'example_sensor_decorator' retrieved from /home/brendaschap/.local/lib/python3.10/site-packages/airflow/example_dags/example_sensor_decorator.py
[2024-01-06T15:47:57.471-0300] {logging_mixin.py:188} INFO - [2024-01-06T15:47:57.471-0300] {dag.py:3033} INFO - Sync 1 DAGs
[2024-01-06T15:47:57.477-0300] {logging_mixin.py:188} INFO - [2024-01-06T15:47:57.476-0300] {dag.py:3820} INFO - Setting next_dagrun for example_sensor_decorator to None, run_after=None
[2024-01-06T15:47:57.493-0300] {processor.py:183} INFO - Processing /home/brendaschap/.local/lib/python3.10/site-packages/airflow/example_dags/example_sensor_decorator.py took 0.039 seconds
