[2024-01-06T15:44:34.022-0300] {processor.py:161} INFO - Started process (PID=727) to work on /home/brendaschap/.local/lib/python3.10/site-packages/airflow/example_dags/example_dynamic_task_mapping.py
[2024-01-06T15:44:34.022-0300] {processor.py:830} INFO - Processing file /home/brendaschap/.local/lib/python3.10/site-packages/airflow/example_dags/example_dynamic_task_mapping.py for tasks to queue
[2024-01-06T15:44:34.022-0300] {logging_mixin.py:188} INFO - [2024-01-06T15:44:34.022-0300] {dagbag.py:538} INFO - Filling up the DagBag from /home/brendaschap/.local/lib/python3.10/site-packages/airflow/example_dags/example_dynamic_task_mapping.py
[2024-01-06T15:44:34.028-0300] {processor.py:840} INFO - DAG(s) 'example_dynamic_task_mapping' retrieved from /home/brendaschap/.local/lib/python3.10/site-packages/airflow/example_dags/example_dynamic_task_mapping.py
[2024-01-06T15:44:34.149-0300] {logging_mixin.py:188} INFO - [2024-01-06T15:44:34.149-0300] {dag.py:3033} INFO - Sync 1 DAGs
[2024-01-06T15:44:34.158-0300] {logging_mixin.py:188} INFO - [2024-01-06T15:44:34.157-0300] {dag.py:3820} INFO - Setting next_dagrun for example_dynamic_task_mapping to 2022-03-04T00:00:00+00:00, run_after=2022-03-05T00:00:00+00:00
[2024-01-06T15:44:34.173-0300] {processor.py:183} INFO - Processing /home/brendaschap/.local/lib/python3.10/site-packages/airflow/example_dags/example_dynamic_task_mapping.py took 0.153 seconds
[2024-01-06T15:45:20.773-0300] {processor.py:161} INFO - Started process (PID=775) to work on /home/brendaschap/.local/lib/python3.10/site-packages/airflow/example_dags/example_dynamic_task_mapping.py
[2024-01-06T15:45:20.777-0300] {processor.py:830} INFO - Processing file /home/brendaschap/.local/lib/python3.10/site-packages/airflow/example_dags/example_dynamic_task_mapping.py for tasks to queue
[2024-01-06T15:45:20.777-0300] {logging_mixin.py:188} INFO - [2024-01-06T15:45:20.777-0300] {dagbag.py:538} INFO - Filling up the DagBag from /home/brendaschap/.local/lib/python3.10/site-packages/airflow/example_dags/example_dynamic_task_mapping.py
[2024-01-06T15:45:20.781-0300] {processor.py:840} INFO - DAG(s) 'example_dynamic_task_mapping' retrieved from /home/brendaschap/.local/lib/python3.10/site-packages/airflow/example_dags/example_dynamic_task_mapping.py
[2024-01-06T15:45:20.788-0300] {logging_mixin.py:188} INFO - [2024-01-06T15:45:20.788-0300] {dag.py:3033} INFO - Sync 1 DAGs
[2024-01-06T15:45:20.798-0300] {logging_mixin.py:188} INFO - [2024-01-06T15:45:20.798-0300] {dag.py:3820} INFO - Setting next_dagrun for example_dynamic_task_mapping to 2022-03-04T00:00:00+00:00, run_after=2022-03-05T00:00:00+00:00
[2024-01-06T15:45:20.833-0300] {processor.py:183} INFO - Processing /home/brendaschap/.local/lib/python3.10/site-packages/airflow/example_dags/example_dynamic_task_mapping.py took 0.062 seconds
[2024-01-06T15:46:07.269-0300] {processor.py:161} INFO - Started process (PID=904) to work on /home/brendaschap/.local/lib/python3.10/site-packages/airflow/example_dags/example_dynamic_task_mapping.py
[2024-01-06T15:46:07.272-0300] {processor.py:830} INFO - Processing file /home/brendaschap/.local/lib/python3.10/site-packages/airflow/example_dags/example_dynamic_task_mapping.py for tasks to queue
[2024-01-06T15:46:07.273-0300] {logging_mixin.py:188} INFO - [2024-01-06T15:46:07.273-0300] {dagbag.py:538} INFO - Filling up the DagBag from /home/brendaschap/.local/lib/python3.10/site-packages/airflow/example_dags/example_dynamic_task_mapping.py
[2024-01-06T15:46:07.277-0300] {processor.py:840} INFO - DAG(s) 'example_dynamic_task_mapping' retrieved from /home/brendaschap/.local/lib/python3.10/site-packages/airflow/example_dags/example_dynamic_task_mapping.py
[2024-01-06T15:46:07.284-0300] {logging_mixin.py:188} INFO - [2024-01-06T15:46:07.284-0300] {dag.py:3033} INFO - Sync 1 DAGs
[2024-01-06T15:46:07.295-0300] {logging_mixin.py:188} INFO - [2024-01-06T15:46:07.295-0300] {dag.py:3820} INFO - Setting next_dagrun for example_dynamic_task_mapping to 2022-03-04T00:00:00+00:00, run_after=2022-03-05T00:00:00+00:00
[2024-01-06T15:46:07.312-0300] {processor.py:183} INFO - Processing /home/brendaschap/.local/lib/python3.10/site-packages/airflow/example_dags/example_dynamic_task_mapping.py took 0.045 seconds
[2024-01-06T15:46:54.728-0300] {processor.py:161} INFO - Started process (PID=959) to work on /home/brendaschap/.local/lib/python3.10/site-packages/airflow/example_dags/example_dynamic_task_mapping.py
[2024-01-06T15:46:54.732-0300] {processor.py:830} INFO - Processing file /home/brendaschap/.local/lib/python3.10/site-packages/airflow/example_dags/example_dynamic_task_mapping.py for tasks to queue
[2024-01-06T15:46:54.733-0300] {logging_mixin.py:188} INFO - [2024-01-06T15:46:54.732-0300] {dagbag.py:538} INFO - Filling up the DagBag from /home/brendaschap/.local/lib/python3.10/site-packages/airflow/example_dags/example_dynamic_task_mapping.py
[2024-01-06T15:46:54.736-0300] {processor.py:840} INFO - DAG(s) 'example_dynamic_task_mapping' retrieved from /home/brendaschap/.local/lib/python3.10/site-packages/airflow/example_dags/example_dynamic_task_mapping.py
[2024-01-06T15:46:54.744-0300] {logging_mixin.py:188} INFO - [2024-01-06T15:46:54.743-0300] {dag.py:3033} INFO - Sync 1 DAGs
[2024-01-06T15:46:54.753-0300] {logging_mixin.py:188} INFO - [2024-01-06T15:46:54.753-0300] {dag.py:3820} INFO - Setting next_dagrun for example_dynamic_task_mapping to 2022-03-04T00:00:00+00:00, run_after=2022-03-05T00:00:00+00:00
[2024-01-06T15:46:54.769-0300] {processor.py:183} INFO - Processing /home/brendaschap/.local/lib/python3.10/site-packages/airflow/example_dags/example_dynamic_task_mapping.py took 0.042 seconds
[2024-01-06T15:47:45.208-0300] {processor.py:161} INFO - Started process (PID=1023) to work on /home/brendaschap/.local/lib/python3.10/site-packages/airflow/example_dags/example_dynamic_task_mapping.py
[2024-01-06T15:47:45.209-0300] {processor.py:830} INFO - Processing file /home/brendaschap/.local/lib/python3.10/site-packages/airflow/example_dags/example_dynamic_task_mapping.py for tasks to queue
[2024-01-06T15:47:45.210-0300] {logging_mixin.py:188} INFO - [2024-01-06T15:47:45.209-0300] {dagbag.py:538} INFO - Filling up the DagBag from /home/brendaschap/.local/lib/python3.10/site-packages/airflow/example_dags/example_dynamic_task_mapping.py
[2024-01-06T15:47:45.214-0300] {processor.py:840} INFO - DAG(s) 'example_dynamic_task_mapping' retrieved from /home/brendaschap/.local/lib/python3.10/site-packages/airflow/example_dags/example_dynamic_task_mapping.py
[2024-01-06T15:47:45.220-0300] {logging_mixin.py:188} INFO - [2024-01-06T15:47:45.220-0300] {dag.py:3033} INFO - Sync 1 DAGs
[2024-01-06T15:47:45.230-0300] {logging_mixin.py:188} INFO - [2024-01-06T15:47:45.230-0300] {dag.py:3820} INFO - Setting next_dagrun for example_dynamic_task_mapping to 2022-03-04T00:00:00+00:00, run_after=2022-03-05T00:00:00+00:00
[2024-01-06T15:47:45.245-0300] {processor.py:183} INFO - Processing /home/brendaschap/.local/lib/python3.10/site-packages/airflow/example_dags/example_dynamic_task_mapping.py took 0.039 seconds
