[2024-01-06T15:44:45.739-0300] {processor.py:161} INFO - Started process (PID=739) to work on /home/brendaschap/.local/lib/python3.10/site-packages/airflow/example_dags/example_time_delta_sensor_async.py
[2024-01-06T15:44:45.740-0300] {processor.py:830} INFO - Processing file /home/brendaschap/.local/lib/python3.10/site-packages/airflow/example_dags/example_time_delta_sensor_async.py for tasks to queue
[2024-01-06T15:44:45.740-0300] {logging_mixin.py:188} INFO - [2024-01-06T15:44:45.740-0300] {dagbag.py:538} INFO - Filling up the DagBag from /home/brendaschap/.local/lib/python3.10/site-packages/airflow/example_dags/example_time_delta_sensor_async.py
[2024-01-06T15:44:45.743-0300] {processor.py:840} INFO - DAG(s) 'example_time_delta_sensor_async' retrieved from /home/brendaschap/.local/lib/python3.10/site-packages/airflow/example_dags/example_time_delta_sensor_async.py
[2024-01-06T15:44:45.864-0300] {logging_mixin.py:188} INFO - [2024-01-06T15:44:45.864-0300] {dag.py:3033} INFO - Sync 1 DAGs
[2024-01-06T15:44:45.869-0300] {logging_mixin.py:188} INFO - [2024-01-06T15:44:45.869-0300] {dag.py:3820} INFO - Setting next_dagrun for example_time_delta_sensor_async to None, run_after=None
[2024-01-06T15:44:45.889-0300] {processor.py:183} INFO - Processing /home/brendaschap/.local/lib/python3.10/site-packages/airflow/example_dags/example_time_delta_sensor_async.py took 0.151 seconds
[2024-01-06T15:45:32.200-0300] {processor.py:161} INFO - Started process (PID=868) to work on /home/brendaschap/.local/lib/python3.10/site-packages/airflow/example_dags/example_time_delta_sensor_async.py
[2024-01-06T15:45:32.204-0300] {processor.py:830} INFO - Processing file /home/brendaschap/.local/lib/python3.10/site-packages/airflow/example_dags/example_time_delta_sensor_async.py for tasks to queue
[2024-01-06T15:45:32.204-0300] {logging_mixin.py:188} INFO - [2024-01-06T15:45:32.204-0300] {dagbag.py:538} INFO - Filling up the DagBag from /home/brendaschap/.local/lib/python3.10/site-packages/airflow/example_dags/example_time_delta_sensor_async.py
[2024-01-06T15:45:32.207-0300] {processor.py:840} INFO - DAG(s) 'example_time_delta_sensor_async' retrieved from /home/brendaschap/.local/lib/python3.10/site-packages/airflow/example_dags/example_time_delta_sensor_async.py
[2024-01-06T15:45:32.214-0300] {logging_mixin.py:188} INFO - [2024-01-06T15:45:32.214-0300] {dag.py:3033} INFO - Sync 1 DAGs
[2024-01-06T15:45:32.220-0300] {logging_mixin.py:188} INFO - [2024-01-06T15:45:32.219-0300] {dag.py:3820} INFO - Setting next_dagrun for example_time_delta_sensor_async to None, run_after=None
[2024-01-06T15:45:32.236-0300] {processor.py:183} INFO - Processing /home/brendaschap/.local/lib/python3.10/site-packages/airflow/example_dags/example_time_delta_sensor_async.py took 0.037 seconds
[2024-01-06T15:46:19.769-0300] {processor.py:161} INFO - Started process (PID=918) to work on /home/brendaschap/.local/lib/python3.10/site-packages/airflow/example_dags/example_time_delta_sensor_async.py
[2024-01-06T15:46:19.772-0300] {processor.py:830} INFO - Processing file /home/brendaschap/.local/lib/python3.10/site-packages/airflow/example_dags/example_time_delta_sensor_async.py for tasks to queue
[2024-01-06T15:46:19.773-0300] {logging_mixin.py:188} INFO - [2024-01-06T15:46:19.773-0300] {dagbag.py:538} INFO - Filling up the DagBag from /home/brendaschap/.local/lib/python3.10/site-packages/airflow/example_dags/example_time_delta_sensor_async.py
[2024-01-06T15:46:19.776-0300] {processor.py:840} INFO - DAG(s) 'example_time_delta_sensor_async' retrieved from /home/brendaschap/.local/lib/python3.10/site-packages/airflow/example_dags/example_time_delta_sensor_async.py
[2024-01-06T15:46:19.783-0300] {logging_mixin.py:188} INFO - [2024-01-06T15:46:19.783-0300] {dag.py:3033} INFO - Sync 1 DAGs
[2024-01-06T15:46:19.789-0300] {logging_mixin.py:188} INFO - [2024-01-06T15:46:19.789-0300] {dag.py:3820} INFO - Setting next_dagrun for example_time_delta_sensor_async to None, run_after=None
[2024-01-06T15:46:19.805-0300] {processor.py:183} INFO - Processing /home/brendaschap/.local/lib/python3.10/site-packages/airflow/example_dags/example_time_delta_sensor_async.py took 0.038 seconds
[2024-01-06T15:47:10.266-0300] {processor.py:161} INFO - Started process (PID=977) to work on /home/brendaschap/.local/lib/python3.10/site-packages/airflow/example_dags/example_time_delta_sensor_async.py
[2024-01-06T15:47:10.268-0300] {processor.py:830} INFO - Processing file /home/brendaschap/.local/lib/python3.10/site-packages/airflow/example_dags/example_time_delta_sensor_async.py for tasks to queue
[2024-01-06T15:47:10.268-0300] {logging_mixin.py:188} INFO - [2024-01-06T15:47:10.268-0300] {dagbag.py:538} INFO - Filling up the DagBag from /home/brendaschap/.local/lib/python3.10/site-packages/airflow/example_dags/example_time_delta_sensor_async.py
[2024-01-06T15:47:10.270-0300] {processor.py:840} INFO - DAG(s) 'example_time_delta_sensor_async' retrieved from /home/brendaschap/.local/lib/python3.10/site-packages/airflow/example_dags/example_time_delta_sensor_async.py
[2024-01-06T15:47:10.279-0300] {logging_mixin.py:188} INFO - [2024-01-06T15:47:10.279-0300] {dag.py:3033} INFO - Sync 1 DAGs
[2024-01-06T15:47:10.285-0300] {logging_mixin.py:188} INFO - [2024-01-06T15:47:10.285-0300] {dag.py:3820} INFO - Setting next_dagrun for example_time_delta_sensor_async to None, run_after=None
[2024-01-06T15:47:10.301-0300] {processor.py:183} INFO - Processing /home/brendaschap/.local/lib/python3.10/site-packages/airflow/example_dags/example_time_delta_sensor_async.py took 0.036 seconds
[2024-01-06T15:48:02.995-0300] {processor.py:161} INFO - Started process (PID=1041) to work on /home/brendaschap/.local/lib/python3.10/site-packages/airflow/example_dags/example_time_delta_sensor_async.py
[2024-01-06T15:48:02.999-0300] {processor.py:830} INFO - Processing file /home/brendaschap/.local/lib/python3.10/site-packages/airflow/example_dags/example_time_delta_sensor_async.py for tasks to queue
[2024-01-06T15:48:02.999-0300] {logging_mixin.py:188} INFO - [2024-01-06T15:48:02.999-0300] {dagbag.py:538} INFO - Filling up the DagBag from /home/brendaschap/.local/lib/python3.10/site-packages/airflow/example_dags/example_time_delta_sensor_async.py
[2024-01-06T15:48:03.002-0300] {processor.py:840} INFO - DAG(s) 'example_time_delta_sensor_async' retrieved from /home/brendaschap/.local/lib/python3.10/site-packages/airflow/example_dags/example_time_delta_sensor_async.py
[2024-01-06T15:48:03.010-0300] {logging_mixin.py:188} INFO - [2024-01-06T15:48:03.010-0300] {dag.py:3033} INFO - Sync 1 DAGs
[2024-01-06T15:48:03.015-0300] {logging_mixin.py:188} INFO - [2024-01-06T15:48:03.015-0300] {dag.py:3820} INFO - Setting next_dagrun for example_time_delta_sensor_async to None, run_after=None
[2024-01-06T15:48:03.032-0300] {processor.py:183} INFO - Processing /home/brendaschap/.local/lib/python3.10/site-packages/airflow/example_dags/example_time_delta_sensor_async.py took 0.038 seconds
