[2024-01-06T15:44:31.249-0300] {processor.py:161} INFO - Started process (PID=724) to work on /home/brendaschap/.local/lib/python3.10/site-packages/airflow/example_dags/example_latest_only.py
[2024-01-06T15:44:31.249-0300] {processor.py:830} INFO - Processing file /home/brendaschap/.local/lib/python3.10/site-packages/airflow/example_dags/example_latest_only.py for tasks to queue
[2024-01-06T15:44:31.249-0300] {logging_mixin.py:188} INFO - [2024-01-06T15:44:31.249-0300] {dagbag.py:538} INFO - Filling up the DagBag from /home/brendaschap/.local/lib/python3.10/site-packages/airflow/example_dags/example_latest_only.py
[2024-01-06T15:44:31.253-0300] {processor.py:840} INFO - DAG(s) 'latest_only' retrieved from /home/brendaschap/.local/lib/python3.10/site-packages/airflow/example_dags/example_latest_only.py
[2024-01-06T15:44:31.385-0300] {logging_mixin.py:188} INFO - [2024-01-06T15:44:31.384-0300] {dag.py:3033} INFO - Sync 1 DAGs
[2024-01-06T15:44:31.395-0300] {logging_mixin.py:188} INFO - [2024-01-06T15:44:31.395-0300] {dag.py:3820} INFO - Setting next_dagrun for latest_only to 2024-01-06T12:00:00+00:00, run_after=2024-01-06T16:00:00+00:00
[2024-01-06T15:44:31.411-0300] {processor.py:183} INFO - Processing /home/brendaschap/.local/lib/python3.10/site-packages/airflow/example_dags/example_latest_only.py took 0.164 seconds
[2024-01-06T15:45:17.903-0300] {processor.py:161} INFO - Started process (PID=772) to work on /home/brendaschap/.local/lib/python3.10/site-packages/airflow/example_dags/example_latest_only.py
[2024-01-06T15:45:17.906-0300] {processor.py:830} INFO - Processing file /home/brendaschap/.local/lib/python3.10/site-packages/airflow/example_dags/example_latest_only.py for tasks to queue
[2024-01-06T15:45:17.907-0300] {logging_mixin.py:188} INFO - [2024-01-06T15:45:17.907-0300] {dagbag.py:538} INFO - Filling up the DagBag from /home/brendaschap/.local/lib/python3.10/site-packages/airflow/example_dags/example_latest_only.py
[2024-01-06T15:45:17.910-0300] {processor.py:840} INFO - DAG(s) 'latest_only' retrieved from /home/brendaschap/.local/lib/python3.10/site-packages/airflow/example_dags/example_latest_only.py
[2024-01-06T15:45:17.918-0300] {logging_mixin.py:188} INFO - [2024-01-06T15:45:17.917-0300] {dag.py:3033} INFO - Sync 1 DAGs
[2024-01-06T15:45:17.928-0300] {logging_mixin.py:188} INFO - [2024-01-06T15:45:17.928-0300] {dag.py:3820} INFO - Setting next_dagrun for latest_only to 2024-01-06T12:00:00+00:00, run_after=2024-01-06T16:00:00+00:00
[2024-01-06T15:45:17.977-0300] {processor.py:183} INFO - Processing /home/brendaschap/.local/lib/python3.10/site-packages/airflow/example_dags/example_latest_only.py took 0.076 seconds
[2024-01-06T15:46:04.509-0300] {processor.py:161} INFO - Started process (PID=901) to work on /home/brendaschap/.local/lib/python3.10/site-packages/airflow/example_dags/example_latest_only.py
[2024-01-06T15:46:04.513-0300] {processor.py:830} INFO - Processing file /home/brendaschap/.local/lib/python3.10/site-packages/airflow/example_dags/example_latest_only.py for tasks to queue
[2024-01-06T15:46:04.513-0300] {logging_mixin.py:188} INFO - [2024-01-06T15:46:04.513-0300] {dagbag.py:538} INFO - Filling up the DagBag from /home/brendaschap/.local/lib/python3.10/site-packages/airflow/example_dags/example_latest_only.py
[2024-01-06T15:46:04.516-0300] {processor.py:840} INFO - DAG(s) 'latest_only' retrieved from /home/brendaschap/.local/lib/python3.10/site-packages/airflow/example_dags/example_latest_only.py
[2024-01-06T15:46:04.524-0300] {logging_mixin.py:188} INFO - [2024-01-06T15:46:04.524-0300] {dag.py:3033} INFO - Sync 1 DAGs
[2024-01-06T15:46:04.533-0300] {logging_mixin.py:188} INFO - [2024-01-06T15:46:04.533-0300] {dag.py:3820} INFO - Setting next_dagrun for latest_only to 2024-01-06T12:00:00+00:00, run_after=2024-01-06T16:00:00+00:00
[2024-01-06T15:46:04.551-0300] {processor.py:183} INFO - Processing /home/brendaschap/.local/lib/python3.10/site-packages/airflow/example_dags/example_latest_only.py took 0.044 seconds
[2024-01-06T15:46:51.831-0300] {processor.py:161} INFO - Started process (PID=956) to work on /home/brendaschap/.local/lib/python3.10/site-packages/airflow/example_dags/example_latest_only.py
[2024-01-06T15:46:51.832-0300] {processor.py:830} INFO - Processing file /home/brendaschap/.local/lib/python3.10/site-packages/airflow/example_dags/example_latest_only.py for tasks to queue
[2024-01-06T15:46:51.832-0300] {logging_mixin.py:188} INFO - [2024-01-06T15:46:51.832-0300] {dagbag.py:538} INFO - Filling up the DagBag from /home/brendaschap/.local/lib/python3.10/site-packages/airflow/example_dags/example_latest_only.py
[2024-01-06T15:46:51.835-0300] {processor.py:840} INFO - DAG(s) 'latest_only' retrieved from /home/brendaschap/.local/lib/python3.10/site-packages/airflow/example_dags/example_latest_only.py
[2024-01-06T15:46:51.843-0300] {logging_mixin.py:188} INFO - [2024-01-06T15:46:51.842-0300] {dag.py:3033} INFO - Sync 1 DAGs
[2024-01-06T15:46:51.853-0300] {logging_mixin.py:188} INFO - [2024-01-06T15:46:51.853-0300] {dag.py:3820} INFO - Setting next_dagrun for latest_only to 2024-01-06T12:00:00+00:00, run_after=2024-01-06T16:00:00+00:00
[2024-01-06T15:46:51.868-0300] {processor.py:183} INFO - Processing /home/brendaschap/.local/lib/python3.10/site-packages/airflow/example_dags/example_latest_only.py took 0.039 seconds
[2024-01-06T15:47:42.337-0300] {processor.py:161} INFO - Started process (PID=1019) to work on /home/brendaschap/.local/lib/python3.10/site-packages/airflow/example_dags/example_latest_only.py
[2024-01-06T15:47:42.338-0300] {processor.py:830} INFO - Processing file /home/brendaschap/.local/lib/python3.10/site-packages/airflow/example_dags/example_latest_only.py for tasks to queue
[2024-01-06T15:47:42.338-0300] {logging_mixin.py:188} INFO - [2024-01-06T15:47:42.338-0300] {dagbag.py:538} INFO - Filling up the DagBag from /home/brendaschap/.local/lib/python3.10/site-packages/airflow/example_dags/example_latest_only.py
[2024-01-06T15:47:42.341-0300] {processor.py:840} INFO - DAG(s) 'latest_only' retrieved from /home/brendaschap/.local/lib/python3.10/site-packages/airflow/example_dags/example_latest_only.py
[2024-01-06T15:47:42.358-0300] {logging_mixin.py:188} INFO - [2024-01-06T15:47:42.358-0300] {dag.py:3033} INFO - Sync 1 DAGs
[2024-01-06T15:47:42.369-0300] {logging_mixin.py:188} INFO - [2024-01-06T15:47:42.369-0300] {dag.py:3820} INFO - Setting next_dagrun for latest_only to 2024-01-06T12:00:00+00:00, run_after=2024-01-06T16:00:00+00:00
[2024-01-06T15:47:42.385-0300] {processor.py:183} INFO - Processing /home/brendaschap/.local/lib/python3.10/site-packages/airflow/example_dags/example_latest_only.py took 0.050 seconds
