[2024-01-06T15:44:13.229-0300] {processor.py:161} INFO - Started process (PID=708) to work on /home/brendaschap/.local/lib/python3.10/site-packages/airflow/example_dags/example_branch_operator_decorator.py
[2024-01-06T15:44:13.229-0300] {processor.py:830} INFO - Processing file /home/brendaschap/.local/lib/python3.10/site-packages/airflow/example_dags/example_branch_operator_decorator.py for tasks to queue
[2024-01-06T15:44:13.230-0300] {logging_mixin.py:188} INFO - [2024-01-06T15:44:13.229-0300] {dagbag.py:538} INFO - Filling up the DagBag from /home/brendaschap/.local/lib/python3.10/site-packages/airflow/example_dags/example_branch_operator_decorator.py
[2024-01-06T15:44:13.400-0300] {processor.py:840} INFO - DAG(s) 'example_branch_python_operator_decorator' retrieved from /home/brendaschap/.local/lib/python3.10/site-packages/airflow/example_dags/example_branch_operator_decorator.py
[2024-01-06T15:44:13.532-0300] {logging_mixin.py:188} INFO - [2024-01-06T15:44:13.532-0300] {dag.py:3033} INFO - Sync 1 DAGs
[2024-01-06T15:44:13.542-0300] {logging_mixin.py:188} INFO - [2024-01-06T15:44:13.542-0300] {dag.py:3820} INFO - Setting next_dagrun for example_branch_python_operator_decorator to 2024-01-05T00:00:00+00:00, run_after=2024-01-06T00:00:00+00:00
[2024-01-06T15:44:13.560-0300] {processor.py:183} INFO - Processing /home/brendaschap/.local/lib/python3.10/site-packages/airflow/example_dags/example_branch_operator_decorator.py took 0.333 seconds
[2024-01-06T15:45:03.628-0300] {processor.py:161} INFO - Started process (PID=756) to work on /home/brendaschap/.local/lib/python3.10/site-packages/airflow/example_dags/example_branch_operator_decorator.py
[2024-01-06T15:45:03.632-0300] {processor.py:830} INFO - Processing file /home/brendaschap/.local/lib/python3.10/site-packages/airflow/example_dags/example_branch_operator_decorator.py for tasks to queue
[2024-01-06T15:45:03.633-0300] {logging_mixin.py:188} INFO - [2024-01-06T15:45:03.632-0300] {dagbag.py:538} INFO - Filling up the DagBag from /home/brendaschap/.local/lib/python3.10/site-packages/airflow/example_dags/example_branch_operator_decorator.py
[2024-01-06T15:45:03.799-0300] {processor.py:840} INFO - DAG(s) 'example_branch_python_operator_decorator' retrieved from /home/brendaschap/.local/lib/python3.10/site-packages/airflow/example_dags/example_branch_operator_decorator.py
[2024-01-06T15:45:03.813-0300] {logging_mixin.py:188} INFO - [2024-01-06T15:45:03.813-0300] {dag.py:3033} INFO - Sync 1 DAGs
[2024-01-06T15:45:03.826-0300] {logging_mixin.py:188} INFO - [2024-01-06T15:45:03.826-0300] {dag.py:3820} INFO - Setting next_dagrun for example_branch_python_operator_decorator to 2024-01-05T00:00:00+00:00, run_after=2024-01-06T00:00:00+00:00
[2024-01-06T15:45:03.845-0300] {processor.py:183} INFO - Processing /home/brendaschap/.local/lib/python3.10/site-packages/airflow/example_dags/example_branch_operator_decorator.py took 0.218 seconds
[2024-01-06T15:45:36.200-0300] {processor.py:161} INFO - Started process (PID=873) to work on /home/brendaschap/.local/lib/python3.10/site-packages/airflow/example_dags/example_branch_operator_decorator.py
[2024-01-06T15:45:36.201-0300] {processor.py:830} INFO - Processing file /home/brendaschap/.local/lib/python3.10/site-packages/airflow/example_dags/example_branch_operator_decorator.py for tasks to queue
[2024-01-06T15:45:36.201-0300] {logging_mixin.py:188} INFO - [2024-01-06T15:45:36.201-0300] {dagbag.py:538} INFO - Filling up the DagBag from /home/brendaschap/.local/lib/python3.10/site-packages/airflow/example_dags/example_branch_operator_decorator.py
[2024-01-06T15:45:36.367-0300] {processor.py:840} INFO - DAG(s) 'example_branch_python_operator_decorator' retrieved from /home/brendaschap/.local/lib/python3.10/site-packages/airflow/example_dags/example_branch_operator_decorator.py
[2024-01-06T15:45:36.381-0300] {logging_mixin.py:188} INFO - [2024-01-06T15:45:36.381-0300] {dag.py:3033} INFO - Sync 1 DAGs
[2024-01-06T15:45:36.393-0300] {logging_mixin.py:188} INFO - [2024-01-06T15:45:36.393-0300] {dag.py:3820} INFO - Setting next_dagrun for example_branch_python_operator_decorator to 2024-01-05T00:00:00+00:00, run_after=2024-01-06T00:00:00+00:00
[2024-01-06T15:45:36.410-0300] {processor.py:183} INFO - Processing /home/brendaschap/.local/lib/python3.10/site-packages/airflow/example_dags/example_branch_operator_decorator.py took 0.211 seconds
[2024-01-06T15:46:08.424-0300] {processor.py:161} INFO - Started process (PID=905) to work on /home/brendaschap/.local/lib/python3.10/site-packages/airflow/example_dags/example_branch_operator_decorator.py
[2024-01-06T15:46:08.424-0300] {processor.py:830} INFO - Processing file /home/brendaschap/.local/lib/python3.10/site-packages/airflow/example_dags/example_branch_operator_decorator.py for tasks to queue
[2024-01-06T15:46:08.425-0300] {logging_mixin.py:188} INFO - [2024-01-06T15:46:08.424-0300] {dagbag.py:538} INFO - Filling up the DagBag from /home/brendaschap/.local/lib/python3.10/site-packages/airflow/example_dags/example_branch_operator_decorator.py
[2024-01-06T15:46:08.590-0300] {processor.py:840} INFO - DAG(s) 'example_branch_python_operator_decorator' retrieved from /home/brendaschap/.local/lib/python3.10/site-packages/airflow/example_dags/example_branch_operator_decorator.py
[2024-01-06T15:46:08.603-0300] {logging_mixin.py:188} INFO - [2024-01-06T15:46:08.603-0300] {dag.py:3033} INFO - Sync 1 DAGs
[2024-01-06T15:46:08.616-0300] {logging_mixin.py:188} INFO - [2024-01-06T15:46:08.616-0300] {dag.py:3820} INFO - Setting next_dagrun for example_branch_python_operator_decorator to 2024-01-05T00:00:00+00:00, run_after=2024-01-06T00:00:00+00:00
[2024-01-06T15:46:08.632-0300] {processor.py:183} INFO - Processing /home/brendaschap/.local/lib/python3.10/site-packages/airflow/example_dags/example_branch_operator_decorator.py took 0.211 seconds
[2024-01-06T15:46:41.556-0300] {processor.py:161} INFO - Started process (PID=945) to work on /home/brendaschap/.local/lib/python3.10/site-packages/airflow/example_dags/example_branch_operator_decorator.py
[2024-01-06T15:46:41.559-0300] {processor.py:830} INFO - Processing file /home/brendaschap/.local/lib/python3.10/site-packages/airflow/example_dags/example_branch_operator_decorator.py for tasks to queue
[2024-01-06T15:46:41.560-0300] {logging_mixin.py:188} INFO - [2024-01-06T15:46:41.560-0300] {dagbag.py:538} INFO - Filling up the DagBag from /home/brendaschap/.local/lib/python3.10/site-packages/airflow/example_dags/example_branch_operator_decorator.py
[2024-01-06T15:46:41.725-0300] {processor.py:840} INFO - DAG(s) 'example_branch_python_operator_decorator' retrieved from /home/brendaschap/.local/lib/python3.10/site-packages/airflow/example_dags/example_branch_operator_decorator.py
[2024-01-06T15:46:41.737-0300] {logging_mixin.py:188} INFO - [2024-01-06T15:46:41.736-0300] {dag.py:3033} INFO - Sync 1 DAGs
[2024-01-06T15:46:41.747-0300] {logging_mixin.py:188} INFO - [2024-01-06T15:46:41.747-0300] {dag.py:3820} INFO - Setting next_dagrun for example_branch_python_operator_decorator to 2024-01-05T00:00:00+00:00, run_after=2024-01-06T00:00:00+00:00
[2024-01-06T15:46:41.765-0300] {processor.py:183} INFO - Processing /home/brendaschap/.local/lib/python3.10/site-packages/airflow/example_dags/example_branch_operator_decorator.py took 0.211 seconds
[2024-01-06T15:47:15.101-0300] {processor.py:161} INFO - Started process (PID=982) to work on /home/brendaschap/.local/lib/python3.10/site-packages/airflow/example_dags/example_branch_operator_decorator.py
[2024-01-06T15:47:15.102-0300] {processor.py:830} INFO - Processing file /home/brendaschap/.local/lib/python3.10/site-packages/airflow/example_dags/example_branch_operator_decorator.py for tasks to queue
[2024-01-06T15:47:15.103-0300] {logging_mixin.py:188} INFO - [2024-01-06T15:47:15.102-0300] {dagbag.py:538} INFO - Filling up the DagBag from /home/brendaschap/.local/lib/python3.10/site-packages/airflow/example_dags/example_branch_operator_decorator.py
[2024-01-06T15:47:15.262-0300] {processor.py:840} INFO - DAG(s) 'example_branch_python_operator_decorator' retrieved from /home/brendaschap/.local/lib/python3.10/site-packages/airflow/example_dags/example_branch_operator_decorator.py
[2024-01-06T15:47:15.277-0300] {logging_mixin.py:188} INFO - [2024-01-06T15:47:15.277-0300] {dag.py:3033} INFO - Sync 1 DAGs
[2024-01-06T15:47:15.289-0300] {logging_mixin.py:188} INFO - [2024-01-06T15:47:15.289-0300] {dag.py:3820} INFO - Setting next_dagrun for example_branch_python_operator_decorator to 2024-01-05T00:00:00+00:00, run_after=2024-01-06T00:00:00+00:00
[2024-01-06T15:47:15.307-0300] {processor.py:183} INFO - Processing /home/brendaschap/.local/lib/python3.10/site-packages/airflow/example_dags/example_branch_operator_decorator.py took 0.208 seconds
[2024-01-06T15:47:49.585-0300] {processor.py:161} INFO - Started process (PID=1028) to work on /home/brendaschap/.local/lib/python3.10/site-packages/airflow/example_dags/example_branch_operator_decorator.py
[2024-01-06T15:47:49.589-0300] {processor.py:830} INFO - Processing file /home/brendaschap/.local/lib/python3.10/site-packages/airflow/example_dags/example_branch_operator_decorator.py for tasks to queue
[2024-01-06T15:47:49.589-0300] {logging_mixin.py:188} INFO - [2024-01-06T15:47:49.589-0300] {dagbag.py:538} INFO - Filling up the DagBag from /home/brendaschap/.local/lib/python3.10/site-packages/airflow/example_dags/example_branch_operator_decorator.py
[2024-01-06T15:47:49.750-0300] {processor.py:840} INFO - DAG(s) 'example_branch_python_operator_decorator' retrieved from /home/brendaschap/.local/lib/python3.10/site-packages/airflow/example_dags/example_branch_operator_decorator.py
[2024-01-06T15:47:49.763-0300] {logging_mixin.py:188} INFO - [2024-01-06T15:47:49.763-0300] {dag.py:3033} INFO - Sync 1 DAGs
[2024-01-06T15:47:49.775-0300] {logging_mixin.py:188} INFO - [2024-01-06T15:47:49.775-0300] {dag.py:3820} INFO - Setting next_dagrun for example_branch_python_operator_decorator to 2024-01-05T00:00:00+00:00, run_after=2024-01-06T00:00:00+00:00
[2024-01-06T15:47:49.807-0300] {processor.py:183} INFO - Processing /home/brendaschap/.local/lib/python3.10/site-packages/airflow/example_dags/example_branch_operator_decorator.py took 0.224 seconds
[2024-01-06T15:48:26.446-0300] {processor.py:161} INFO - Started process (PID=1064) to work on /home/brendaschap/.local/lib/python3.10/site-packages/airflow/example_dags/example_branch_operator_decorator.py
[2024-01-06T15:48:26.450-0300] {processor.py:830} INFO - Processing file /home/brendaschap/.local/lib/python3.10/site-packages/airflow/example_dags/example_branch_operator_decorator.py for tasks to queue
[2024-01-06T15:48:26.450-0300] {logging_mixin.py:188} INFO - [2024-01-06T15:48:26.450-0300] {dagbag.py:538} INFO - Filling up the DagBag from /home/brendaschap/.local/lib/python3.10/site-packages/airflow/example_dags/example_branch_operator_decorator.py
[2024-01-06T15:48:26.619-0300] {processor.py:840} INFO - DAG(s) 'example_branch_python_operator_decorator' retrieved from /home/brendaschap/.local/lib/python3.10/site-packages/airflow/example_dags/example_branch_operator_decorator.py
[2024-01-06T15:48:26.631-0300] {logging_mixin.py:188} INFO - [2024-01-06T15:48:26.631-0300] {dag.py:3033} INFO - Sync 1 DAGs
[2024-01-06T15:48:26.643-0300] {logging_mixin.py:188} INFO - [2024-01-06T15:48:26.643-0300] {dag.py:3820} INFO - Setting next_dagrun for example_branch_python_operator_decorator to 2024-01-05T00:00:00+00:00, run_after=2024-01-06T00:00:00+00:00
[2024-01-06T15:48:26.660-0300] {processor.py:183} INFO - Processing /home/brendaschap/.local/lib/python3.10/site-packages/airflow/example_dags/example_branch_operator_decorator.py took 0.217 seconds
