[2024-01-06T15:44:36.490-0300] {processor.py:161} INFO - Started process (PID=729) to work on /home/brendaschap/.local/lib/python3.10/site-packages/airflow/example_dags/example_kubernetes_executor.py
[2024-01-06T15:44:36.490-0300] {processor.py:830} INFO - Processing file /home/brendaschap/.local/lib/python3.10/site-packages/airflow/example_dags/example_kubernetes_executor.py for tasks to queue
[2024-01-06T15:44:36.491-0300] {logging_mixin.py:188} INFO - [2024-01-06T15:44:36.491-0300] {dagbag.py:538} INFO - Filling up the DagBag from /home/brendaschap/.local/lib/python3.10/site-packages/airflow/example_dags/example_kubernetes_executor.py
[2024-01-06T15:44:36.492-0300] {logging_mixin.py:188} INFO - [2024-01-06T15:44:36.492-0300] {example_kubernetes_executor.py:38} WARNING - The example_kubernetes_executor example DAG requires the kubernetes provider. Please install it with: pip install apache-airflow[cncf.kubernetes]
[2024-01-06T15:44:36.493-0300] {processor.py:842} WARNING - No viable dags retrieved from /home/brendaschap/.local/lib/python3.10/site-packages/airflow/example_dags/example_kubernetes_executor.py
[2024-01-06T15:44:36.498-0300] {processor.py:183} INFO - Processing /home/brendaschap/.local/lib/python3.10/site-packages/airflow/example_dags/example_kubernetes_executor.py took 0.010 seconds
[2024-01-06T15:45:23.040-0300] {processor.py:161} INFO - Started process (PID=777) to work on /home/brendaschap/.local/lib/python3.10/site-packages/airflow/example_dags/example_kubernetes_executor.py
[2024-01-06T15:45:23.041-0300] {processor.py:830} INFO - Processing file /home/brendaschap/.local/lib/python3.10/site-packages/airflow/example_dags/example_kubernetes_executor.py for tasks to queue
[2024-01-06T15:45:23.041-0300] {logging_mixin.py:188} INFO - [2024-01-06T15:45:23.041-0300] {dagbag.py:538} INFO - Filling up the DagBag from /home/brendaschap/.local/lib/python3.10/site-packages/airflow/example_dags/example_kubernetes_executor.py
[2024-01-06T15:45:23.043-0300] {logging_mixin.py:188} INFO - [2024-01-06T15:45:23.043-0300] {example_kubernetes_executor.py:38} WARNING - The example_kubernetes_executor example DAG requires the kubernetes provider. Please install it with: pip install apache-airflow[cncf.kubernetes]
[2024-01-06T15:45:23.043-0300] {processor.py:842} WARNING - No viable dags retrieved from /home/brendaschap/.local/lib/python3.10/site-packages/airflow/example_dags/example_kubernetes_executor.py
[2024-01-06T15:45:23.047-0300] {processor.py:183} INFO - Processing /home/brendaschap/.local/lib/python3.10/site-packages/airflow/example_dags/example_kubernetes_executor.py took 0.009 seconds
[2024-01-06T15:46:12.012-0300] {processor.py:161} INFO - Started process (PID=908) to work on /home/brendaschap/.local/lib/python3.10/site-packages/airflow/example_dags/example_kubernetes_executor.py
[2024-01-06T15:46:12.016-0300] {processor.py:830} INFO - Processing file /home/brendaschap/.local/lib/python3.10/site-packages/airflow/example_dags/example_kubernetes_executor.py for tasks to queue
[2024-01-06T15:46:12.016-0300] {logging_mixin.py:188} INFO - [2024-01-06T15:46:12.016-0300] {dagbag.py:538} INFO - Filling up the DagBag from /home/brendaschap/.local/lib/python3.10/site-packages/airflow/example_dags/example_kubernetes_executor.py
[2024-01-06T15:46:12.018-0300] {logging_mixin.py:188} INFO - [2024-01-06T15:46:12.018-0300] {example_kubernetes_executor.py:38} WARNING - The example_kubernetes_executor example DAG requires the kubernetes provider. Please install it with: pip install apache-airflow[cncf.kubernetes]
[2024-01-06T15:46:12.018-0300] {processor.py:842} WARNING - No viable dags retrieved from /home/brendaschap/.local/lib/python3.10/site-packages/airflow/example_dags/example_kubernetes_executor.py
[2024-01-06T15:46:12.024-0300] {processor.py:183} INFO - Processing /home/brendaschap/.local/lib/python3.10/site-packages/airflow/example_dags/example_kubernetes_executor.py took 0.013 seconds
[2024-01-06T15:46:59.968-0300] {processor.py:161} INFO - Started process (PID=964) to work on /home/brendaschap/.local/lib/python3.10/site-packages/airflow/example_dags/example_kubernetes_executor.py
[2024-01-06T15:46:59.969-0300] {processor.py:830} INFO - Processing file /home/brendaschap/.local/lib/python3.10/site-packages/airflow/example_dags/example_kubernetes_executor.py for tasks to queue
[2024-01-06T15:46:59.970-0300] {logging_mixin.py:188} INFO - [2024-01-06T15:46:59.969-0300] {dagbag.py:538} INFO - Filling up the DagBag from /home/brendaschap/.local/lib/python3.10/site-packages/airflow/example_dags/example_kubernetes_executor.py
[2024-01-06T15:46:59.971-0300] {logging_mixin.py:188} INFO - [2024-01-06T15:46:59.971-0300] {example_kubernetes_executor.py:38} WARNING - The example_kubernetes_executor example DAG requires the kubernetes provider. Please install it with: pip install apache-airflow[cncf.kubernetes]
[2024-01-06T15:46:59.971-0300] {processor.py:842} WARNING - No viable dags retrieved from /home/brendaschap/.local/lib/python3.10/site-packages/airflow/example_dags/example_kubernetes_executor.py
[2024-01-06T15:46:59.976-0300] {processor.py:183} INFO - Processing /home/brendaschap/.local/lib/python3.10/site-packages/airflow/example_dags/example_kubernetes_executor.py took 0.010 seconds
[2024-01-06T15:47:46.192-0300] {processor.py:161} INFO - Started process (PID=1025) to work on /home/brendaschap/.local/lib/python3.10/site-packages/airflow/example_dags/example_kubernetes_executor.py
[2024-01-06T15:47:46.194-0300] {processor.py:830} INFO - Processing file /home/brendaschap/.local/lib/python3.10/site-packages/airflow/example_dags/example_kubernetes_executor.py for tasks to queue
[2024-01-06T15:47:46.195-0300] {logging_mixin.py:188} INFO - [2024-01-06T15:47:46.194-0300] {dagbag.py:538} INFO - Filling up the DagBag from /home/brendaschap/.local/lib/python3.10/site-packages/airflow/example_dags/example_kubernetes_executor.py
[2024-01-06T15:47:46.196-0300] {logging_mixin.py:188} INFO - [2024-01-06T15:47:46.196-0300] {example_kubernetes_executor.py:38} WARNING - The example_kubernetes_executor example DAG requires the kubernetes provider. Please install it with: pip install apache-airflow[cncf.kubernetes]
[2024-01-06T15:47:46.196-0300] {processor.py:842} WARNING - No viable dags retrieved from /home/brendaschap/.local/lib/python3.10/site-packages/airflow/example_dags/example_kubernetes_executor.py
[2024-01-06T15:47:46.201-0300] {processor.py:183} INFO - Processing /home/brendaschap/.local/lib/python3.10/site-packages/airflow/example_dags/example_kubernetes_executor.py took 0.010 seconds
