[2024-01-06T15:44:58.586-0300] {processor.py:161} INFO - Started process (PID=751) to work on /home/brendaschap/.local/lib/python3.10/site-packages/airflow/example_dags/example_dag_decorator.py
[2024-01-06T15:44:58.587-0300] {processor.py:830} INFO - Processing file /home/brendaschap/.local/lib/python3.10/site-packages/airflow/example_dags/example_dag_decorator.py for tasks to queue
[2024-01-06T15:44:58.587-0300] {logging_mixin.py:188} INFO - [2024-01-06T15:44:58.587-0300] {dagbag.py:538} INFO - Filling up the DagBag from /home/brendaschap/.local/lib/python3.10/site-packages/airflow/example_dags/example_dag_decorator.py
[2024-01-06T15:44:58.631-0300] {processor.py:840} INFO - DAG(s) 'example_dag_decorator' retrieved from /home/brendaschap/.local/lib/python3.10/site-packages/airflow/example_dags/example_dag_decorator.py
[2024-01-06T15:44:58.679-0300] {logging_mixin.py:188} INFO - [2024-01-06T15:44:58.679-0300] {dag.py:3033} INFO - Sync 1 DAGs
[2024-01-06T15:44:58.684-0300] {logging_mixin.py:188} INFO - [2024-01-06T15:44:58.684-0300] {dag.py:3820} INFO - Setting next_dagrun for example_dag_decorator to None, run_after=None
[2024-01-06T15:44:58.700-0300] {processor.py:183} INFO - Processing /home/brendaschap/.local/lib/python3.10/site-packages/airflow/example_dags/example_dag_decorator.py took 0.116 seconds
[2024-01-06T15:45:45.879-0300] {processor.py:161} INFO - Started process (PID=883) to work on /home/brendaschap/.local/lib/python3.10/site-packages/airflow/example_dags/example_dag_decorator.py
[2024-01-06T15:45:45.883-0300] {processor.py:830} INFO - Processing file /home/brendaschap/.local/lib/python3.10/site-packages/airflow/example_dags/example_dag_decorator.py for tasks to queue
[2024-01-06T15:45:45.884-0300] {logging_mixin.py:188} INFO - [2024-01-06T15:45:45.884-0300] {dagbag.py:538} INFO - Filling up the DagBag from /home/brendaschap/.local/lib/python3.10/site-packages/airflow/example_dags/example_dag_decorator.py
[2024-01-06T15:45:45.925-0300] {processor.py:840} INFO - DAG(s) 'example_dag_decorator' retrieved from /home/brendaschap/.local/lib/python3.10/site-packages/airflow/example_dags/example_dag_decorator.py
[2024-01-06T15:45:45.975-0300] {logging_mixin.py:188} INFO - [2024-01-06T15:45:45.975-0300] {dag.py:3033} INFO - Sync 1 DAGs
[2024-01-06T15:45:45.980-0300] {logging_mixin.py:188} INFO - [2024-01-06T15:45:45.980-0300] {dag.py:3820} INFO - Setting next_dagrun for example_dag_decorator to None, run_after=None
[2024-01-06T15:45:45.996-0300] {processor.py:183} INFO - Processing /home/brendaschap/.local/lib/python3.10/site-packages/airflow/example_dags/example_dag_decorator.py took 0.119 seconds
[2024-01-06T15:46:36.420-0300] {processor.py:161} INFO - Started process (PID=940) to work on /home/brendaschap/.local/lib/python3.10/site-packages/airflow/example_dags/example_dag_decorator.py
[2024-01-06T15:46:36.424-0300] {processor.py:830} INFO - Processing file /home/brendaschap/.local/lib/python3.10/site-packages/airflow/example_dags/example_dag_decorator.py for tasks to queue
[2024-01-06T15:46:36.424-0300] {logging_mixin.py:188} INFO - [2024-01-06T15:46:36.424-0300] {dagbag.py:538} INFO - Filling up the DagBag from /home/brendaschap/.local/lib/python3.10/site-packages/airflow/example_dags/example_dag_decorator.py
[2024-01-06T15:46:36.466-0300] {processor.py:840} INFO - DAG(s) 'example_dag_decorator' retrieved from /home/brendaschap/.local/lib/python3.10/site-packages/airflow/example_dags/example_dag_decorator.py
[2024-01-06T15:46:36.516-0300] {logging_mixin.py:188} INFO - [2024-01-06T15:46:36.515-0300] {dag.py:3033} INFO - Sync 1 DAGs
[2024-01-06T15:46:36.521-0300] {logging_mixin.py:188} INFO - [2024-01-06T15:46:36.521-0300] {dag.py:3820} INFO - Setting next_dagrun for example_dag_decorator to None, run_after=None
[2024-01-06T15:46:36.553-0300] {processor.py:183} INFO - Processing /home/brendaschap/.local/lib/python3.10/site-packages/airflow/example_dags/example_dag_decorator.py took 0.135 seconds
[2024-01-06T15:47:28.199-0300] {processor.py:161} INFO - Started process (PID=1000) to work on /home/brendaschap/.local/lib/python3.10/site-packages/airflow/example_dags/example_dag_decorator.py
[2024-01-06T15:47:28.200-0300] {processor.py:830} INFO - Processing file /home/brendaschap/.local/lib/python3.10/site-packages/airflow/example_dags/example_dag_decorator.py for tasks to queue
[2024-01-06T15:47:28.201-0300] {logging_mixin.py:188} INFO - [2024-01-06T15:47:28.201-0300] {dagbag.py:538} INFO - Filling up the DagBag from /home/brendaschap/.local/lib/python3.10/site-packages/airflow/example_dags/example_dag_decorator.py
[2024-01-06T15:47:28.244-0300] {processor.py:840} INFO - DAG(s) 'example_dag_decorator' retrieved from /home/brendaschap/.local/lib/python3.10/site-packages/airflow/example_dags/example_dag_decorator.py
[2024-01-06T15:47:28.295-0300] {logging_mixin.py:188} INFO - [2024-01-06T15:47:28.295-0300] {dag.py:3033} INFO - Sync 1 DAGs
[2024-01-06T15:47:28.300-0300] {logging_mixin.py:188} INFO - [2024-01-06T15:47:28.300-0300] {dag.py:3820} INFO - Setting next_dagrun for example_dag_decorator to None, run_after=None
[2024-01-06T15:47:28.331-0300] {processor.py:183} INFO - Processing /home/brendaschap/.local/lib/python3.10/site-packages/airflow/example_dags/example_dag_decorator.py took 0.133 seconds
[2024-01-06T15:48:21.205-0300] {processor.py:161} INFO - Started process (PID=1059) to work on /home/brendaschap/.local/lib/python3.10/site-packages/airflow/example_dags/example_dag_decorator.py
[2024-01-06T15:48:21.208-0300] {processor.py:830} INFO - Processing file /home/brendaschap/.local/lib/python3.10/site-packages/airflow/example_dags/example_dag_decorator.py for tasks to queue
[2024-01-06T15:48:21.209-0300] {logging_mixin.py:188} INFO - [2024-01-06T15:48:21.209-0300] {dagbag.py:538} INFO - Filling up the DagBag from /home/brendaschap/.local/lib/python3.10/site-packages/airflow/example_dags/example_dag_decorator.py
[2024-01-06T15:48:21.250-0300] {processor.py:840} INFO - DAG(s) 'example_dag_decorator' retrieved from /home/brendaschap/.local/lib/python3.10/site-packages/airflow/example_dags/example_dag_decorator.py
[2024-01-06T15:48:21.299-0300] {logging_mixin.py:188} INFO - [2024-01-06T15:48:21.299-0300] {dag.py:3033} INFO - Sync 1 DAGs
[2024-01-06T15:48:21.304-0300] {logging_mixin.py:188} INFO - [2024-01-06T15:48:21.304-0300] {dag.py:3820} INFO - Setting next_dagrun for example_dag_decorator to None, run_after=None
[2024-01-06T15:48:21.340-0300] {processor.py:183} INFO - Processing /home/brendaschap/.local/lib/python3.10/site-packages/airflow/example_dags/example_dag_decorator.py took 0.137 seconds
