[2024-01-06T15:44:33.434-0300] {processor.py:161} INFO - Started process (PID=726) to work on /home/brendaschap/.local/lib/python3.10/site-packages/airflow/example_dags/example_branch_day_of_week_operator.py
[2024-01-06T15:44:33.435-0300] {processor.py:830} INFO - Processing file /home/brendaschap/.local/lib/python3.10/site-packages/airflow/example_dags/example_branch_day_of_week_operator.py for tasks to queue
[2024-01-06T15:44:33.435-0300] {logging_mixin.py:188} INFO - [2024-01-06T15:44:33.435-0300] {dagbag.py:538} INFO - Filling up the DagBag from /home/brendaschap/.local/lib/python3.10/site-packages/airflow/example_dags/example_branch_day_of_week_operator.py
[2024-01-06T15:44:33.441-0300] {processor.py:840} INFO - DAG(s) 'example_weekday_branch_operator' retrieved from /home/brendaschap/.local/lib/python3.10/site-packages/airflow/example_dags/example_branch_day_of_week_operator.py
[2024-01-06T15:44:33.566-0300] {logging_mixin.py:188} INFO - [2024-01-06T15:44:33.566-0300] {dag.py:3033} INFO - Sync 1 DAGs
[2024-01-06T15:44:33.576-0300] {logging_mixin.py:188} INFO - [2024-01-06T15:44:33.576-0300] {dag.py:3820} INFO - Setting next_dagrun for example_weekday_branch_operator to 2024-01-05T00:00:00+00:00, run_after=2024-01-06T00:00:00+00:00
[2024-01-06T15:44:33.595-0300] {processor.py:183} INFO - Processing /home/brendaschap/.local/lib/python3.10/site-packages/airflow/example_dags/example_branch_day_of_week_operator.py took 0.162 seconds
[2024-01-06T15:45:20.159-0300] {processor.py:161} INFO - Started process (PID=774) to work on /home/brendaschap/.local/lib/python3.10/site-packages/airflow/example_dags/example_branch_day_of_week_operator.py
[2024-01-06T15:45:20.164-0300] {processor.py:830} INFO - Processing file /home/brendaschap/.local/lib/python3.10/site-packages/airflow/example_dags/example_branch_day_of_week_operator.py for tasks to queue
[2024-01-06T15:45:20.165-0300] {logging_mixin.py:188} INFO - [2024-01-06T15:45:20.164-0300] {dagbag.py:538} INFO - Filling up the DagBag from /home/brendaschap/.local/lib/python3.10/site-packages/airflow/example_dags/example_branch_day_of_week_operator.py
[2024-01-06T15:45:20.169-0300] {processor.py:840} INFO - DAG(s) 'example_weekday_branch_operator' retrieved from /home/brendaschap/.local/lib/python3.10/site-packages/airflow/example_dags/example_branch_day_of_week_operator.py
[2024-01-06T15:45:20.177-0300] {logging_mixin.py:188} INFO - [2024-01-06T15:45:20.177-0300] {dag.py:3033} INFO - Sync 1 DAGs
[2024-01-06T15:45:20.188-0300] {logging_mixin.py:188} INFO - [2024-01-06T15:45:20.188-0300] {dag.py:3820} INFO - Setting next_dagrun for example_weekday_branch_operator to 2024-01-05T00:00:00+00:00, run_after=2024-01-06T00:00:00+00:00
[2024-01-06T15:45:20.206-0300] {processor.py:183} INFO - Processing /home/brendaschap/.local/lib/python3.10/site-packages/airflow/example_dags/example_branch_day_of_week_operator.py took 0.049 seconds
[2024-01-06T15:46:06.140-0300] {processor.py:161} INFO - Started process (PID=903) to work on /home/brendaschap/.local/lib/python3.10/site-packages/airflow/example_dags/example_branch_day_of_week_operator.py
[2024-01-06T15:46:06.144-0300] {processor.py:830} INFO - Processing file /home/brendaschap/.local/lib/python3.10/site-packages/airflow/example_dags/example_branch_day_of_week_operator.py for tasks to queue
[2024-01-06T15:46:06.144-0300] {logging_mixin.py:188} INFO - [2024-01-06T15:46:06.144-0300] {dagbag.py:538} INFO - Filling up the DagBag from /home/brendaschap/.local/lib/python3.10/site-packages/airflow/example_dags/example_branch_day_of_week_operator.py
[2024-01-06T15:46:06.148-0300] {processor.py:840} INFO - DAG(s) 'example_weekday_branch_operator' retrieved from /home/brendaschap/.local/lib/python3.10/site-packages/airflow/example_dags/example_branch_day_of_week_operator.py
[2024-01-06T15:46:06.156-0300] {logging_mixin.py:188} INFO - [2024-01-06T15:46:06.156-0300] {dag.py:3033} INFO - Sync 1 DAGs
[2024-01-06T15:46:06.166-0300] {logging_mixin.py:188} INFO - [2024-01-06T15:46:06.166-0300] {dag.py:3820} INFO - Setting next_dagrun for example_weekday_branch_operator to 2024-01-05T00:00:00+00:00, run_after=2024-01-06T00:00:00+00:00
[2024-01-06T15:46:06.185-0300] {processor.py:183} INFO - Processing /home/brendaschap/.local/lib/python3.10/site-packages/airflow/example_dags/example_branch_day_of_week_operator.py took 0.046 seconds
[2024-01-06T15:46:53.572-0300] {processor.py:161} INFO - Started process (PID=958) to work on /home/brendaschap/.local/lib/python3.10/site-packages/airflow/example_dags/example_branch_day_of_week_operator.py
[2024-01-06T15:46:53.574-0300] {processor.py:830} INFO - Processing file /home/brendaschap/.local/lib/python3.10/site-packages/airflow/example_dags/example_branch_day_of_week_operator.py for tasks to queue
[2024-01-06T15:46:53.574-0300] {logging_mixin.py:188} INFO - [2024-01-06T15:46:53.574-0300] {dagbag.py:538} INFO - Filling up the DagBag from /home/brendaschap/.local/lib/python3.10/site-packages/airflow/example_dags/example_branch_day_of_week_operator.py
[2024-01-06T15:46:53.578-0300] {processor.py:840} INFO - DAG(s) 'example_weekday_branch_operator' retrieved from /home/brendaschap/.local/lib/python3.10/site-packages/airflow/example_dags/example_branch_day_of_week_operator.py
[2024-01-06T15:46:53.586-0300] {logging_mixin.py:188} INFO - [2024-01-06T15:46:53.586-0300] {dag.py:3033} INFO - Sync 1 DAGs
[2024-01-06T15:46:53.597-0300] {logging_mixin.py:188} INFO - [2024-01-06T15:46:53.597-0300] {dag.py:3820} INFO - Setting next_dagrun for example_weekday_branch_operator to 2024-01-05T00:00:00+00:00, run_after=2024-01-06T00:00:00+00:00
[2024-01-06T15:46:53.613-0300] {processor.py:183} INFO - Processing /home/brendaschap/.local/lib/python3.10/site-packages/airflow/example_dags/example_branch_day_of_week_operator.py took 0.042 seconds
[2024-01-06T15:47:44.595-0300] {processor.py:161} INFO - Started process (PID=1022) to work on /home/brendaschap/.local/lib/python3.10/site-packages/airflow/example_dags/example_branch_day_of_week_operator.py
[2024-01-06T15:47:44.597-0300] {processor.py:830} INFO - Processing file /home/brendaschap/.local/lib/python3.10/site-packages/airflow/example_dags/example_branch_day_of_week_operator.py for tasks to queue
[2024-01-06T15:47:44.597-0300] {logging_mixin.py:188} INFO - [2024-01-06T15:47:44.597-0300] {dagbag.py:538} INFO - Filling up the DagBag from /home/brendaschap/.local/lib/python3.10/site-packages/airflow/example_dags/example_branch_day_of_week_operator.py
[2024-01-06T15:47:44.602-0300] {processor.py:840} INFO - DAG(s) 'example_weekday_branch_operator' retrieved from /home/brendaschap/.local/lib/python3.10/site-packages/airflow/example_dags/example_branch_day_of_week_operator.py
[2024-01-06T15:47:44.610-0300] {logging_mixin.py:188} INFO - [2024-01-06T15:47:44.610-0300] {dag.py:3033} INFO - Sync 1 DAGs
[2024-01-06T15:47:44.632-0300] {logging_mixin.py:188} INFO - [2024-01-06T15:47:44.631-0300] {dag.py:3820} INFO - Setting next_dagrun for example_weekday_branch_operator to 2024-01-05T00:00:00+00:00, run_after=2024-01-06T00:00:00+00:00
[2024-01-06T15:47:44.649-0300] {processor.py:183} INFO - Processing /home/brendaschap/.local/lib/python3.10/site-packages/airflow/example_dags/example_branch_day_of_week_operator.py took 0.055 seconds
