[2024-01-06T15:44:32.476-0300] {processor.py:161} INFO - Started process (PID=725) to work on /home/brendaschap/.local/lib/python3.10/site-packages/airflow/example_dags/example_setup_teardown_taskflow.py
[2024-01-06T15:44:32.477-0300] {processor.py:830} INFO - Processing file /home/brendaschap/.local/lib/python3.10/site-packages/airflow/example_dags/example_setup_teardown_taskflow.py for tasks to queue
[2024-01-06T15:44:32.477-0300] {logging_mixin.py:188} INFO - [2024-01-06T15:44:32.477-0300] {dagbag.py:538} INFO - Filling up the DagBag from /home/brendaschap/.local/lib/python3.10/site-packages/airflow/example_dags/example_setup_teardown_taskflow.py
[2024-01-06T15:44:32.484-0300] {processor.py:840} INFO - DAG(s) 'example_setup_teardown_taskflow' retrieved from /home/brendaschap/.local/lib/python3.10/site-packages/airflow/example_dags/example_setup_teardown_taskflow.py
[2024-01-06T15:44:32.608-0300] {logging_mixin.py:188} INFO - [2024-01-06T15:44:32.607-0300] {dag.py:3033} INFO - Sync 1 DAGs
[2024-01-06T15:44:32.616-0300] {logging_mixin.py:188} INFO - [2024-01-06T15:44:32.616-0300] {dag.py:3820} INFO - Setting next_dagrun for example_setup_teardown_taskflow to 2024-01-05T00:00:00+00:00, run_after=2024-01-06T00:00:00+00:00
[2024-01-06T15:44:32.630-0300] {processor.py:183} INFO - Processing /home/brendaschap/.local/lib/python3.10/site-packages/airflow/example_dags/example_setup_teardown_taskflow.py took 0.156 seconds
[2024-01-06T15:45:19.031-0300] {processor.py:161} INFO - Started process (PID=773) to work on /home/brendaschap/.local/lib/python3.10/site-packages/airflow/example_dags/example_setup_teardown_taskflow.py
[2024-01-06T15:45:19.032-0300] {processor.py:830} INFO - Processing file /home/brendaschap/.local/lib/python3.10/site-packages/airflow/example_dags/example_setup_teardown_taskflow.py for tasks to queue
[2024-01-06T15:45:19.033-0300] {logging_mixin.py:188} INFO - [2024-01-06T15:45:19.033-0300] {dagbag.py:538} INFO - Filling up the DagBag from /home/brendaschap/.local/lib/python3.10/site-packages/airflow/example_dags/example_setup_teardown_taskflow.py
[2024-01-06T15:45:19.038-0300] {processor.py:840} INFO - DAG(s) 'example_setup_teardown_taskflow' retrieved from /home/brendaschap/.local/lib/python3.10/site-packages/airflow/example_dags/example_setup_teardown_taskflow.py
[2024-01-06T15:45:19.048-0300] {logging_mixin.py:188} INFO - [2024-01-06T15:45:19.047-0300] {dag.py:3033} INFO - Sync 1 DAGs
[2024-01-06T15:45:19.058-0300] {logging_mixin.py:188} INFO - [2024-01-06T15:45:19.057-0300] {dag.py:3820} INFO - Setting next_dagrun for example_setup_teardown_taskflow to 2024-01-05T00:00:00+00:00, run_after=2024-01-06T00:00:00+00:00
[2024-01-06T15:45:19.073-0300] {processor.py:183} INFO - Processing /home/brendaschap/.local/lib/python3.10/site-packages/airflow/example_dags/example_setup_teardown_taskflow.py took 0.043 seconds
[2024-01-06T15:46:05.009-0300] {processor.py:161} INFO - Started process (PID=902) to work on /home/brendaschap/.local/lib/python3.10/site-packages/airflow/example_dags/example_setup_teardown_taskflow.py
[2024-01-06T15:46:05.011-0300] {processor.py:830} INFO - Processing file /home/brendaschap/.local/lib/python3.10/site-packages/airflow/example_dags/example_setup_teardown_taskflow.py for tasks to queue
[2024-01-06T15:46:05.012-0300] {logging_mixin.py:188} INFO - [2024-01-06T15:46:05.011-0300] {dagbag.py:538} INFO - Filling up the DagBag from /home/brendaschap/.local/lib/python3.10/site-packages/airflow/example_dags/example_setup_teardown_taskflow.py
[2024-01-06T15:46:05.017-0300] {processor.py:840} INFO - DAG(s) 'example_setup_teardown_taskflow' retrieved from /home/brendaschap/.local/lib/python3.10/site-packages/airflow/example_dags/example_setup_teardown_taskflow.py
[2024-01-06T15:46:05.025-0300] {logging_mixin.py:188} INFO - [2024-01-06T15:46:05.025-0300] {dag.py:3033} INFO - Sync 1 DAGs
[2024-01-06T15:46:05.035-0300] {logging_mixin.py:188} INFO - [2024-01-06T15:46:05.035-0300] {dag.py:3820} INFO - Setting next_dagrun for example_setup_teardown_taskflow to 2024-01-05T00:00:00+00:00, run_after=2024-01-06T00:00:00+00:00
[2024-01-06T15:46:05.073-0300] {processor.py:183} INFO - Processing /home/brendaschap/.local/lib/python3.10/site-packages/airflow/example_dags/example_setup_teardown_taskflow.py took 0.065 seconds
[2024-01-06T15:46:52.960-0300] {processor.py:161} INFO - Started process (PID=957) to work on /home/brendaschap/.local/lib/python3.10/site-packages/airflow/example_dags/example_setup_teardown_taskflow.py
[2024-01-06T15:46:52.964-0300] {processor.py:830} INFO - Processing file /home/brendaschap/.local/lib/python3.10/site-packages/airflow/example_dags/example_setup_teardown_taskflow.py for tasks to queue
[2024-01-06T15:46:52.965-0300] {logging_mixin.py:188} INFO - [2024-01-06T15:46:52.964-0300] {dagbag.py:538} INFO - Filling up the DagBag from /home/brendaschap/.local/lib/python3.10/site-packages/airflow/example_dags/example_setup_teardown_taskflow.py
[2024-01-06T15:46:52.970-0300] {processor.py:840} INFO - DAG(s) 'example_setup_teardown_taskflow' retrieved from /home/brendaschap/.local/lib/python3.10/site-packages/airflow/example_dags/example_setup_teardown_taskflow.py
[2024-01-06T15:46:52.978-0300] {logging_mixin.py:188} INFO - [2024-01-06T15:46:52.978-0300] {dag.py:3033} INFO - Sync 1 DAGs
[2024-01-06T15:46:52.988-0300] {logging_mixin.py:188} INFO - [2024-01-06T15:46:52.988-0300] {dag.py:3820} INFO - Setting next_dagrun for example_setup_teardown_taskflow to 2024-01-05T00:00:00+00:00, run_after=2024-01-06T00:00:00+00:00
[2024-01-06T15:46:53.005-0300] {processor.py:183} INFO - Processing /home/brendaschap/.local/lib/python3.10/site-packages/airflow/example_dags/example_setup_teardown_taskflow.py took 0.047 seconds
[2024-01-06T15:47:43.466-0300] {processor.py:161} INFO - Started process (PID=1020) to work on /home/brendaschap/.local/lib/python3.10/site-packages/airflow/example_dags/example_setup_teardown_taskflow.py
[2024-01-06T15:47:43.467-0300] {processor.py:830} INFO - Processing file /home/brendaschap/.local/lib/python3.10/site-packages/airflow/example_dags/example_setup_teardown_taskflow.py for tasks to queue
[2024-01-06T15:47:43.468-0300] {logging_mixin.py:188} INFO - [2024-01-06T15:47:43.468-0300] {dagbag.py:538} INFO - Filling up the DagBag from /home/brendaschap/.local/lib/python3.10/site-packages/airflow/example_dags/example_setup_teardown_taskflow.py
[2024-01-06T15:47:43.473-0300] {processor.py:840} INFO - DAG(s) 'example_setup_teardown_taskflow' retrieved from /home/brendaschap/.local/lib/python3.10/site-packages/airflow/example_dags/example_setup_teardown_taskflow.py
[2024-01-06T15:47:43.482-0300] {logging_mixin.py:188} INFO - [2024-01-06T15:47:43.482-0300] {dag.py:3033} INFO - Sync 1 DAGs
[2024-01-06T15:47:43.492-0300] {logging_mixin.py:188} INFO - [2024-01-06T15:47:43.492-0300] {dag.py:3820} INFO - Setting next_dagrun for example_setup_teardown_taskflow to 2024-01-05T00:00:00+00:00, run_after=2024-01-06T00:00:00+00:00
[2024-01-06T15:47:43.508-0300] {processor.py:183} INFO - Processing /home/brendaschap/.local/lib/python3.10/site-packages/airflow/example_dags/example_setup_teardown_taskflow.py took 0.043 seconds
