[2024-01-06T15:44:38.849-0300] {processor.py:161} INFO - Started process (PID=731) to work on /home/brendaschap/.local/lib/python3.10/site-packages/airflow/example_dags/example_subdag_operator.py
[2024-01-06T15:44:38.849-0300] {processor.py:830} INFO - Processing file /home/brendaschap/.local/lib/python3.10/site-packages/airflow/example_dags/example_subdag_operator.py for tasks to queue
[2024-01-06T15:44:38.850-0300] {logging_mixin.py:188} INFO - [2024-01-06T15:44:38.849-0300] {dagbag.py:538} INFO - Filling up the DagBag from /home/brendaschap/.local/lib/python3.10/site-packages/airflow/example_dags/example_subdag_operator.py
[2024-01-06T15:44:38.859-0300] {processor.py:840} INFO - DAG(s) 'example_subdag_operator.section-1', 'example_subdag_operator.section-2', 'example_subdag_operator' retrieved from /home/brendaschap/.local/lib/python3.10/site-packages/airflow/example_dags/example_subdag_operator.py
[2024-01-06T15:44:38.981-0300] {logging_mixin.py:188} INFO - [2024-01-06T15:44:38.981-0300] {dag.py:3033} INFO - Sync 3 DAGs
[2024-01-06T15:44:38.990-0300] {logging_mixin.py:188} INFO - [2024-01-06T15:44:38.990-0300] {dag.py:3820} INFO - Setting next_dagrun for example_subdag_operator to 2022-01-01T00:00:00+00:00, run_after=2022-01-01T00:00:00+00:00
[2024-01-06T15:44:38.991-0300] {logging_mixin.py:188} INFO - [2024-01-06T15:44:38.991-0300] {dag.py:3820} INFO - Setting next_dagrun for example_subdag_operator.section-1 to None, run_after=None
[2024-01-06T15:44:38.992-0300] {logging_mixin.py:188} INFO - [2024-01-06T15:44:38.992-0300] {dag.py:3820} INFO - Setting next_dagrun for example_subdag_operator.section-2 to None, run_after=None
[2024-01-06T15:44:38.995-0300] {logging_mixin.py:188} INFO - [2024-01-06T15:44:38.995-0300] {dag.py:3033} INFO - Sync 2 DAGs
[2024-01-06T15:44:38.997-0300] {logging_mixin.py:188} INFO - [2024-01-06T15:44:38.997-0300] {dag.py:3820} INFO - Setting next_dagrun for example_subdag_operator.section-1 to None, run_after=None
[2024-01-06T15:44:38.997-0300] {logging_mixin.py:188} INFO - [2024-01-06T15:44:38.997-0300] {dag.py:3820} INFO - Setting next_dagrun for example_subdag_operator.section-2 to None, run_after=None
[2024-01-06T15:44:39.014-0300] {processor.py:183} INFO - Processing /home/brendaschap/.local/lib/python3.10/site-packages/airflow/example_dags/example_subdag_operator.py took 0.167 seconds
[2024-01-06T15:45:24.489-0300] {processor.py:161} INFO - Started process (PID=779) to work on /home/brendaschap/.local/lib/python3.10/site-packages/airflow/example_dags/example_subdag_operator.py
[2024-01-06T15:45:24.489-0300] {processor.py:830} INFO - Processing file /home/brendaschap/.local/lib/python3.10/site-packages/airflow/example_dags/example_subdag_operator.py for tasks to queue
[2024-01-06T15:45:24.490-0300] {logging_mixin.py:188} INFO - [2024-01-06T15:45:24.490-0300] {dagbag.py:538} INFO - Filling up the DagBag from /home/brendaschap/.local/lib/python3.10/site-packages/airflow/example_dags/example_subdag_operator.py
[2024-01-06T15:45:24.500-0300] {processor.py:840} INFO - DAG(s) 'example_subdag_operator.section-1', 'example_subdag_operator.section-2', 'example_subdag_operator' retrieved from /home/brendaschap/.local/lib/python3.10/site-packages/airflow/example_dags/example_subdag_operator.py
[2024-01-06T15:45:24.508-0300] {logging_mixin.py:188} INFO - [2024-01-06T15:45:24.508-0300] {dag.py:3033} INFO - Sync 3 DAGs
[2024-01-06T15:45:24.517-0300] {logging_mixin.py:188} INFO - [2024-01-06T15:45:24.517-0300] {dag.py:3820} INFO - Setting next_dagrun for example_subdag_operator to 2022-01-01T00:00:00+00:00, run_after=2022-01-01T00:00:00+00:00
[2024-01-06T15:45:24.519-0300] {logging_mixin.py:188} INFO - [2024-01-06T15:45:24.519-0300] {dag.py:3820} INFO - Setting next_dagrun for example_subdag_operator.section-1 to None, run_after=None
[2024-01-06T15:45:24.519-0300] {logging_mixin.py:188} INFO - [2024-01-06T15:45:24.519-0300] {dag.py:3820} INFO - Setting next_dagrun for example_subdag_operator.section-2 to None, run_after=None
[2024-01-06T15:45:24.522-0300] {logging_mixin.py:188} INFO - [2024-01-06T15:45:24.522-0300] {dag.py:3033} INFO - Sync 2 DAGs
[2024-01-06T15:45:24.524-0300] {logging_mixin.py:188} INFO - [2024-01-06T15:45:24.524-0300] {dag.py:3820} INFO - Setting next_dagrun for example_subdag_operator.section-1 to None, run_after=None
[2024-01-06T15:45:24.524-0300] {logging_mixin.py:188} INFO - [2024-01-06T15:45:24.524-0300] {dag.py:3820} INFO - Setting next_dagrun for example_subdag_operator.section-2 to None, run_after=None
[2024-01-06T15:45:24.536-0300] {processor.py:183} INFO - Processing /home/brendaschap/.local/lib/python3.10/site-packages/airflow/example_dags/example_subdag_operator.py took 0.049 seconds
[2024-01-06T15:46:13.199-0300] {processor.py:161} INFO - Started process (PID=910) to work on /home/brendaschap/.local/lib/python3.10/site-packages/airflow/example_dags/example_subdag_operator.py
[2024-01-06T15:46:13.202-0300] {processor.py:830} INFO - Processing file /home/brendaschap/.local/lib/python3.10/site-packages/airflow/example_dags/example_subdag_operator.py for tasks to queue
[2024-01-06T15:46:13.203-0300] {logging_mixin.py:188} INFO - [2024-01-06T15:46:13.203-0300] {dagbag.py:538} INFO - Filling up the DagBag from /home/brendaschap/.local/lib/python3.10/site-packages/airflow/example_dags/example_subdag_operator.py
[2024-01-06T15:46:13.213-0300] {processor.py:840} INFO - DAG(s) 'example_subdag_operator.section-1', 'example_subdag_operator.section-2', 'example_subdag_operator' retrieved from /home/brendaschap/.local/lib/python3.10/site-packages/airflow/example_dags/example_subdag_operator.py
[2024-01-06T15:46:13.220-0300] {logging_mixin.py:188} INFO - [2024-01-06T15:46:13.220-0300] {dag.py:3033} INFO - Sync 3 DAGs
[2024-01-06T15:46:13.230-0300] {logging_mixin.py:188} INFO - [2024-01-06T15:46:13.230-0300] {dag.py:3820} INFO - Setting next_dagrun for example_subdag_operator to 2022-01-01T00:00:00+00:00, run_after=2022-01-01T00:00:00+00:00
[2024-01-06T15:46:13.232-0300] {logging_mixin.py:188} INFO - [2024-01-06T15:46:13.231-0300] {dag.py:3820} INFO - Setting next_dagrun for example_subdag_operator.section-1 to None, run_after=None
[2024-01-06T15:46:13.232-0300] {logging_mixin.py:188} INFO - [2024-01-06T15:46:13.232-0300] {dag.py:3820} INFO - Setting next_dagrun for example_subdag_operator.section-2 to None, run_after=None
[2024-01-06T15:46:13.235-0300] {logging_mixin.py:188} INFO - [2024-01-06T15:46:13.235-0300] {dag.py:3033} INFO - Sync 2 DAGs
[2024-01-06T15:46:13.237-0300] {logging_mixin.py:188} INFO - [2024-01-06T15:46:13.237-0300] {dag.py:3820} INFO - Setting next_dagrun for example_subdag_operator.section-1 to None, run_after=None
[2024-01-06T15:46:13.237-0300] {logging_mixin.py:188} INFO - [2024-01-06T15:46:13.237-0300] {dag.py:3820} INFO - Setting next_dagrun for example_subdag_operator.section-2 to None, run_after=None
[2024-01-06T15:46:13.251-0300] {processor.py:183} INFO - Processing /home/brendaschap/.local/lib/python3.10/site-packages/airflow/example_dags/example_subdag_operator.py took 0.054 seconds
[2024-01-06T15:47:02.229-0300] {processor.py:161} INFO - Started process (PID=966) to work on /home/brendaschap/.local/lib/python3.10/site-packages/airflow/example_dags/example_subdag_operator.py
[2024-01-06T15:47:02.233-0300] {processor.py:830} INFO - Processing file /home/brendaschap/.local/lib/python3.10/site-packages/airflow/example_dags/example_subdag_operator.py for tasks to queue
[2024-01-06T15:47:02.233-0300] {logging_mixin.py:188} INFO - [2024-01-06T15:47:02.233-0300] {dagbag.py:538} INFO - Filling up the DagBag from /home/brendaschap/.local/lib/python3.10/site-packages/airflow/example_dags/example_subdag_operator.py
[2024-01-06T15:47:02.243-0300] {processor.py:840} INFO - DAG(s) 'example_subdag_operator.section-1', 'example_subdag_operator.section-2', 'example_subdag_operator' retrieved from /home/brendaschap/.local/lib/python3.10/site-packages/airflow/example_dags/example_subdag_operator.py
[2024-01-06T15:47:02.251-0300] {logging_mixin.py:188} INFO - [2024-01-06T15:47:02.250-0300] {dag.py:3033} INFO - Sync 3 DAGs
[2024-01-06T15:47:02.260-0300] {logging_mixin.py:188} INFO - [2024-01-06T15:47:02.260-0300] {dag.py:3820} INFO - Setting next_dagrun for example_subdag_operator to 2022-01-01T00:00:00+00:00, run_after=2022-01-01T00:00:00+00:00
[2024-01-06T15:47:02.262-0300] {logging_mixin.py:188} INFO - [2024-01-06T15:47:02.262-0300] {dag.py:3820} INFO - Setting next_dagrun for example_subdag_operator.section-1 to None, run_after=None
[2024-01-06T15:47:02.262-0300] {logging_mixin.py:188} INFO - [2024-01-06T15:47:02.262-0300] {dag.py:3820} INFO - Setting next_dagrun for example_subdag_operator.section-2 to None, run_after=None
[2024-01-06T15:47:02.265-0300] {logging_mixin.py:188} INFO - [2024-01-06T15:47:02.265-0300] {dag.py:3033} INFO - Sync 2 DAGs
[2024-01-06T15:47:02.267-0300] {logging_mixin.py:188} INFO - [2024-01-06T15:47:02.267-0300] {dag.py:3820} INFO - Setting next_dagrun for example_subdag_operator.section-1 to None, run_after=None
[2024-01-06T15:47:02.267-0300] {logging_mixin.py:188} INFO - [2024-01-06T15:47:02.267-0300] {dag.py:3820} INFO - Setting next_dagrun for example_subdag_operator.section-2 to None, run_after=None
[2024-01-06T15:47:02.280-0300] {processor.py:183} INFO - Processing /home/brendaschap/.local/lib/python3.10/site-packages/airflow/example_dags/example_subdag_operator.py took 0.053 seconds
[2024-01-06T15:47:48.455-0300] {processor.py:161} INFO - Started process (PID=1027) to work on /home/brendaschap/.local/lib/python3.10/site-packages/airflow/example_dags/example_subdag_operator.py
[2024-01-06T15:47:48.458-0300] {processor.py:830} INFO - Processing file /home/brendaschap/.local/lib/python3.10/site-packages/airflow/example_dags/example_subdag_operator.py for tasks to queue
[2024-01-06T15:47:48.459-0300] {logging_mixin.py:188} INFO - [2024-01-06T15:47:48.459-0300] {dagbag.py:538} INFO - Filling up the DagBag from /home/brendaschap/.local/lib/python3.10/site-packages/airflow/example_dags/example_subdag_operator.py
[2024-01-06T15:47:48.469-0300] {processor.py:840} INFO - DAG(s) 'example_subdag_operator.section-1', 'example_subdag_operator.section-2', 'example_subdag_operator' retrieved from /home/brendaschap/.local/lib/python3.10/site-packages/airflow/example_dags/example_subdag_operator.py
[2024-01-06T15:47:48.477-0300] {logging_mixin.py:188} INFO - [2024-01-06T15:47:48.476-0300] {dag.py:3033} INFO - Sync 3 DAGs
[2024-01-06T15:47:48.486-0300] {logging_mixin.py:188} INFO - [2024-01-06T15:47:48.486-0300] {dag.py:3820} INFO - Setting next_dagrun for example_subdag_operator to 2022-01-01T00:00:00+00:00, run_after=2022-01-01T00:00:00+00:00
[2024-01-06T15:47:48.488-0300] {logging_mixin.py:188} INFO - [2024-01-06T15:47:48.487-0300] {dag.py:3820} INFO - Setting next_dagrun for example_subdag_operator.section-1 to None, run_after=None
[2024-01-06T15:47:48.488-0300] {logging_mixin.py:188} INFO - [2024-01-06T15:47:48.488-0300] {dag.py:3820} INFO - Setting next_dagrun for example_subdag_operator.section-2 to None, run_after=None
[2024-01-06T15:47:48.491-0300] {logging_mixin.py:188} INFO - [2024-01-06T15:47:48.491-0300] {dag.py:3033} INFO - Sync 2 DAGs
[2024-01-06T15:47:48.493-0300] {logging_mixin.py:188} INFO - [2024-01-06T15:47:48.493-0300] {dag.py:3820} INFO - Setting next_dagrun for example_subdag_operator.section-1 to None, run_after=None
[2024-01-06T15:47:48.493-0300] {logging_mixin.py:188} INFO - [2024-01-06T15:47:48.493-0300] {dag.py:3820} INFO - Setting next_dagrun for example_subdag_operator.section-2 to None, run_after=None
[2024-01-06T15:47:48.506-0300] {processor.py:183} INFO - Processing /home/brendaschap/.local/lib/python3.10/site-packages/airflow/example_dags/example_subdag_operator.py took 0.053 seconds
