[2024-01-06T15:44:53.996-0300] {processor.py:161} INFO - Started process (PID=747) to work on /home/brendaschap/.local/lib/python3.10/site-packages/airflow/example_dags/example_branch_python_dop_operator_3.py
[2024-01-06T15:44:53.997-0300] {processor.py:830} INFO - Processing file /home/brendaschap/.local/lib/python3.10/site-packages/airflow/example_dags/example_branch_python_dop_operator_3.py for tasks to queue
[2024-01-06T15:44:53.997-0300] {logging_mixin.py:188} INFO - [2024-01-06T15:44:53.997-0300] {dagbag.py:538} INFO - Filling up the DagBag from /home/brendaschap/.local/lib/python3.10/site-packages/airflow/example_dags/example_branch_python_dop_operator_3.py
[2024-01-06T15:44:54.002-0300] {processor.py:840} INFO - DAG(s) 'example_branch_dop_operator_v3' retrieved from /home/brendaschap/.local/lib/python3.10/site-packages/airflow/example_dags/example_branch_python_dop_operator_3.py
[2024-01-06T15:44:54.051-0300] {logging_mixin.py:188} INFO - [2024-01-06T15:44:54.051-0300] {dag.py:3033} INFO - Sync 1 DAGs
[2024-01-06T15:44:54.064-0300] {logging_mixin.py:188} INFO - [2024-01-06T15:44:54.064-0300] {dag.py:3820} INFO - Setting next_dagrun for example_branch_dop_operator_v3 to 2024-01-06T18:43:00+00:00, run_after=2024-01-06T18:44:00+00:00
[2024-01-06T15:44:54.094-0300] {processor.py:183} INFO - Processing /home/brendaschap/.local/lib/python3.10/site-packages/airflow/example_dags/example_branch_python_dop_operator_3.py took 0.100 seconds
[2024-01-06T15:45:42.723-0300] {processor.py:161} INFO - Started process (PID=879) to work on /home/brendaschap/.local/lib/python3.10/site-packages/airflow/example_dags/example_branch_python_dop_operator_3.py
[2024-01-06T15:45:42.727-0300] {processor.py:830} INFO - Processing file /home/brendaschap/.local/lib/python3.10/site-packages/airflow/example_dags/example_branch_python_dop_operator_3.py for tasks to queue
[2024-01-06T15:45:42.727-0300] {logging_mixin.py:188} INFO - [2024-01-06T15:45:42.727-0300] {dagbag.py:538} INFO - Filling up the DagBag from /home/brendaschap/.local/lib/python3.10/site-packages/airflow/example_dags/example_branch_python_dop_operator_3.py
[2024-01-06T15:45:42.732-0300] {processor.py:840} INFO - DAG(s) 'example_branch_dop_operator_v3' retrieved from /home/brendaschap/.local/lib/python3.10/site-packages/airflow/example_dags/example_branch_python_dop_operator_3.py
[2024-01-06T15:45:42.740-0300] {logging_mixin.py:188} INFO - [2024-01-06T15:45:42.739-0300] {dag.py:3033} INFO - Sync 1 DAGs
[2024-01-06T15:45:42.753-0300] {logging_mixin.py:188} INFO - [2024-01-06T15:45:42.752-0300] {dag.py:3820} INFO - Setting next_dagrun for example_branch_dop_operator_v3 to 2024-01-06T18:44:00+00:00, run_after=2024-01-06T18:45:00+00:00
[2024-01-06T15:45:42.770-0300] {processor.py:183} INFO - Processing /home/brendaschap/.local/lib/python3.10/site-packages/airflow/example_dags/example_branch_python_dop_operator_3.py took 0.048 seconds
[2024-01-06T15:46:32.092-0300] {processor.py:161} INFO - Started process (PID=936) to work on /home/brendaschap/.local/lib/python3.10/site-packages/airflow/example_dags/example_branch_python_dop_operator_3.py
[2024-01-06T15:46:32.096-0300] {processor.py:830} INFO - Processing file /home/brendaschap/.local/lib/python3.10/site-packages/airflow/example_dags/example_branch_python_dop_operator_3.py for tasks to queue
[2024-01-06T15:46:32.096-0300] {logging_mixin.py:188} INFO - [2024-01-06T15:46:32.096-0300] {dagbag.py:538} INFO - Filling up the DagBag from /home/brendaschap/.local/lib/python3.10/site-packages/airflow/example_dags/example_branch_python_dop_operator_3.py
[2024-01-06T15:46:32.101-0300] {processor.py:840} INFO - DAG(s) 'example_branch_dop_operator_v3' retrieved from /home/brendaschap/.local/lib/python3.10/site-packages/airflow/example_dags/example_branch_python_dop_operator_3.py
[2024-01-06T15:46:32.109-0300] {logging_mixin.py:188} INFO - [2024-01-06T15:46:32.108-0300] {dag.py:3033} INFO - Sync 1 DAGs
[2024-01-06T15:46:32.120-0300] {logging_mixin.py:188} INFO - [2024-01-06T15:46:32.120-0300] {dag.py:3820} INFO - Setting next_dagrun for example_branch_dop_operator_v3 to 2024-01-06T18:45:00+00:00, run_after=2024-01-06T18:46:00+00:00
[2024-01-06T15:46:32.138-0300] {processor.py:183} INFO - Processing /home/brendaschap/.local/lib/python3.10/site-packages/airflow/example_dags/example_branch_python_dop_operator_3.py took 0.047 seconds
[2024-01-06T15:47:24.542-0300] {processor.py:161} INFO - Started process (PID=996) to work on /home/brendaschap/.local/lib/python3.10/site-packages/airflow/example_dags/example_branch_python_dop_operator_3.py
[2024-01-06T15:47:24.543-0300] {processor.py:830} INFO - Processing file /home/brendaschap/.local/lib/python3.10/site-packages/airflow/example_dags/example_branch_python_dop_operator_3.py for tasks to queue
[2024-01-06T15:47:24.544-0300] {logging_mixin.py:188} INFO - [2024-01-06T15:47:24.543-0300] {dagbag.py:538} INFO - Filling up the DagBag from /home/brendaschap/.local/lib/python3.10/site-packages/airflow/example_dags/example_branch_python_dop_operator_3.py
[2024-01-06T15:47:24.549-0300] {processor.py:840} INFO - DAG(s) 'example_branch_dop_operator_v3' retrieved from /home/brendaschap/.local/lib/python3.10/site-packages/airflow/example_dags/example_branch_python_dop_operator_3.py
[2024-01-06T15:47:24.556-0300] {logging_mixin.py:188} INFO - [2024-01-06T15:47:24.556-0300] {dag.py:3033} INFO - Sync 1 DAGs
[2024-01-06T15:47:24.569-0300] {logging_mixin.py:188} INFO - [2024-01-06T15:47:24.569-0300] {dag.py:3820} INFO - Setting next_dagrun for example_branch_dop_operator_v3 to 2024-01-06T18:46:00+00:00, run_after=2024-01-06T18:47:00+00:00
[2024-01-06T15:47:24.585-0300] {processor.py:183} INFO - Processing /home/brendaschap/.local/lib/python3.10/site-packages/airflow/example_dags/example_branch_python_dop_operator_3.py took 0.045 seconds
[2024-01-06T15:48:16.585-0300] {processor.py:161} INFO - Started process (PID=1055) to work on /home/brendaschap/.local/lib/python3.10/site-packages/airflow/example_dags/example_branch_python_dop_operator_3.py
[2024-01-06T15:48:16.589-0300] {processor.py:830} INFO - Processing file /home/brendaschap/.local/lib/python3.10/site-packages/airflow/example_dags/example_branch_python_dop_operator_3.py for tasks to queue
[2024-01-06T15:48:16.590-0300] {logging_mixin.py:188} INFO - [2024-01-06T15:48:16.589-0300] {dagbag.py:538} INFO - Filling up the DagBag from /home/brendaschap/.local/lib/python3.10/site-packages/airflow/example_dags/example_branch_python_dop_operator_3.py
[2024-01-06T15:48:16.595-0300] {processor.py:840} INFO - DAG(s) 'example_branch_dop_operator_v3' retrieved from /home/brendaschap/.local/lib/python3.10/site-packages/airflow/example_dags/example_branch_python_dop_operator_3.py
[2024-01-06T15:48:16.602-0300] {logging_mixin.py:188} INFO - [2024-01-06T15:48:16.602-0300] {dag.py:3033} INFO - Sync 1 DAGs
[2024-01-06T15:48:16.614-0300] {logging_mixin.py:188} INFO - [2024-01-06T15:48:16.614-0300] {dag.py:3820} INFO - Setting next_dagrun for example_branch_dop_operator_v3 to 2024-01-06T18:47:00+00:00, run_after=2024-01-06T18:48:00+00:00
[2024-01-06T15:48:16.632-0300] {processor.py:183} INFO - Processing /home/brendaschap/.local/lib/python3.10/site-packages/airflow/example_dags/example_branch_python_dop_operator_3.py took 0.049 seconds
