[2024-01-06T15:44:43.427-0300] {processor.py:161} INFO - Started process (PID=736) to work on /home/brendaschap/.local/lib/python3.10/site-packages/airflow/example_dags/example_skip_dag.py
[2024-01-06T15:44:43.427-0300] {processor.py:830} INFO - Processing file /home/brendaschap/.local/lib/python3.10/site-packages/airflow/example_dags/example_skip_dag.py for tasks to queue
[2024-01-06T15:44:43.428-0300] {logging_mixin.py:188} INFO - [2024-01-06T15:44:43.428-0300] {dagbag.py:538} INFO - Filling up the DagBag from /home/brendaschap/.local/lib/python3.10/site-packages/airflow/example_dags/example_skip_dag.py
[2024-01-06T15:44:43.432-0300] {processor.py:840} INFO - DAG(s) 'example_skip_dag' retrieved from /home/brendaschap/.local/lib/python3.10/site-packages/airflow/example_dags/example_skip_dag.py
[2024-01-06T15:44:43.554-0300] {logging_mixin.py:188} INFO - [2024-01-06T15:44:43.554-0300] {dag.py:3033} INFO - Sync 1 DAGs
[2024-01-06T15:44:43.563-0300] {logging_mixin.py:188} INFO - [2024-01-06T15:44:43.562-0300] {dag.py:3820} INFO - Setting next_dagrun for example_skip_dag to 2024-01-05T00:00:00+00:00, run_after=2024-01-06T00:00:00+00:00
[2024-01-06T15:44:43.578-0300] {processor.py:183} INFO - Processing /home/brendaschap/.local/lib/python3.10/site-packages/airflow/example_dags/example_skip_dag.py took 0.152 seconds
[2024-01-06T15:45:29.152-0300] {processor.py:161} INFO - Started process (PID=865) to work on /home/brendaschap/.local/lib/python3.10/site-packages/airflow/example_dags/example_skip_dag.py
[2024-01-06T15:45:29.153-0300] {processor.py:830} INFO - Processing file /home/brendaschap/.local/lib/python3.10/site-packages/airflow/example_dags/example_skip_dag.py for tasks to queue
[2024-01-06T15:45:29.154-0300] {logging_mixin.py:188} INFO - [2024-01-06T15:45:29.154-0300] {dagbag.py:538} INFO - Filling up the DagBag from /home/brendaschap/.local/lib/python3.10/site-packages/airflow/example_dags/example_skip_dag.py
[2024-01-06T15:45:29.158-0300] {processor.py:840} INFO - DAG(s) 'example_skip_dag' retrieved from /home/brendaschap/.local/lib/python3.10/site-packages/airflow/example_dags/example_skip_dag.py
[2024-01-06T15:45:29.166-0300] {logging_mixin.py:188} INFO - [2024-01-06T15:45:29.166-0300] {dag.py:3033} INFO - Sync 1 DAGs
[2024-01-06T15:45:29.176-0300] {logging_mixin.py:188} INFO - [2024-01-06T15:45:29.176-0300] {dag.py:3820} INFO - Setting next_dagrun for example_skip_dag to 2024-01-05T00:00:00+00:00, run_after=2024-01-06T00:00:00+00:00
[2024-01-06T15:45:29.190-0300] {processor.py:183} INFO - Processing /home/brendaschap/.local/lib/python3.10/site-packages/airflow/example_dags/example_skip_dag.py took 0.040 seconds
[2024-01-06T15:46:16.270-0300] {processor.py:161} INFO - Started process (PID=915) to work on /home/brendaschap/.local/lib/python3.10/site-packages/airflow/example_dags/example_skip_dag.py
[2024-01-06T15:46:16.271-0300] {processor.py:830} INFO - Processing file /home/brendaschap/.local/lib/python3.10/site-packages/airflow/example_dags/example_skip_dag.py for tasks to queue
[2024-01-06T15:46:16.271-0300] {logging_mixin.py:188} INFO - [2024-01-06T15:46:16.271-0300] {dagbag.py:538} INFO - Filling up the DagBag from /home/brendaschap/.local/lib/python3.10/site-packages/airflow/example_dags/example_skip_dag.py
[2024-01-06T15:46:16.276-0300] {processor.py:840} INFO - DAG(s) 'example_skip_dag' retrieved from /home/brendaschap/.local/lib/python3.10/site-packages/airflow/example_dags/example_skip_dag.py
[2024-01-06T15:46:16.284-0300] {logging_mixin.py:188} INFO - [2024-01-06T15:46:16.284-0300] {dag.py:3033} INFO - Sync 1 DAGs
[2024-01-06T15:46:16.295-0300] {logging_mixin.py:188} INFO - [2024-01-06T15:46:16.295-0300] {dag.py:3820} INFO - Setting next_dagrun for example_skip_dag to 2024-01-05T00:00:00+00:00, run_after=2024-01-06T00:00:00+00:00
[2024-01-06T15:46:16.336-0300] {processor.py:183} INFO - Processing /home/brendaschap/.local/lib/python3.10/site-packages/airflow/example_dags/example_skip_dag.py took 0.067 seconds
[2024-01-06T15:47:06.811-0300] {processor.py:161} INFO - Started process (PID=971) to work on /home/brendaschap/.local/lib/python3.10/site-packages/airflow/example_dags/example_skip_dag.py
[2024-01-06T15:47:06.812-0300] {processor.py:830} INFO - Processing file /home/brendaschap/.local/lib/python3.10/site-packages/airflow/example_dags/example_skip_dag.py for tasks to queue
[2024-01-06T15:47:06.813-0300] {logging_mixin.py:188} INFO - [2024-01-06T15:47:06.813-0300] {dagbag.py:538} INFO - Filling up the DagBag from /home/brendaschap/.local/lib/python3.10/site-packages/airflow/example_dags/example_skip_dag.py
[2024-01-06T15:47:06.817-0300] {processor.py:840} INFO - DAG(s) 'example_skip_dag' retrieved from /home/brendaschap/.local/lib/python3.10/site-packages/airflow/example_dags/example_skip_dag.py
[2024-01-06T15:47:06.826-0300] {logging_mixin.py:188} INFO - [2024-01-06T15:47:06.826-0300] {dag.py:3033} INFO - Sync 1 DAGs
[2024-01-06T15:47:06.837-0300] {logging_mixin.py:188} INFO - [2024-01-06T15:47:06.837-0300] {dag.py:3820} INFO - Setting next_dagrun for example_skip_dag to 2024-01-05T00:00:00+00:00, run_after=2024-01-06T00:00:00+00:00
[2024-01-06T15:47:06.854-0300] {processor.py:183} INFO - Processing /home/brendaschap/.local/lib/python3.10/site-packages/airflow/example_dags/example_skip_dag.py took 0.044 seconds
[2024-01-06T15:47:59.714-0300] {processor.py:161} INFO - Started process (PID=1038) to work on /home/brendaschap/.local/lib/python3.10/site-packages/airflow/example_dags/example_skip_dag.py
[2024-01-06T15:47:59.718-0300] {processor.py:830} INFO - Processing file /home/brendaschap/.local/lib/python3.10/site-packages/airflow/example_dags/example_skip_dag.py for tasks to queue
[2024-01-06T15:47:59.719-0300] {logging_mixin.py:188} INFO - [2024-01-06T15:47:59.718-0300] {dagbag.py:538} INFO - Filling up the DagBag from /home/brendaschap/.local/lib/python3.10/site-packages/airflow/example_dags/example_skip_dag.py
[2024-01-06T15:47:59.722-0300] {processor.py:840} INFO - DAG(s) 'example_skip_dag' retrieved from /home/brendaschap/.local/lib/python3.10/site-packages/airflow/example_dags/example_skip_dag.py
[2024-01-06T15:47:59.731-0300] {logging_mixin.py:188} INFO - [2024-01-06T15:47:59.731-0300] {dag.py:3033} INFO - Sync 1 DAGs
[2024-01-06T15:47:59.740-0300] {logging_mixin.py:188} INFO - [2024-01-06T15:47:59.740-0300] {dag.py:3820} INFO - Setting next_dagrun for example_skip_dag to 2024-01-05T00:00:00+00:00, run_after=2024-01-06T00:00:00+00:00
[2024-01-06T15:47:59.778-0300] {processor.py:183} INFO - Processing /home/brendaschap/.local/lib/python3.10/site-packages/airflow/example_dags/example_skip_dag.py took 0.066 seconds
