[2024-01-06T15:44:28.782-0300] {processor.py:161} INFO - Started process (PID=722) to work on /home/brendaschap/.local/lib/python3.10/site-packages/airflow/example_dags/example_bash_operator.py
[2024-01-06T15:44:28.782-0300] {processor.py:830} INFO - Processing file /home/brendaschap/.local/lib/python3.10/site-packages/airflow/example_dags/example_bash_operator.py for tasks to queue
[2024-01-06T15:44:28.783-0300] {logging_mixin.py:188} INFO - [2024-01-06T15:44:28.782-0300] {dagbag.py:538} INFO - Filling up the DagBag from /home/brendaschap/.local/lib/python3.10/site-packages/airflow/example_dags/example_bash_operator.py
[2024-01-06T15:44:28.790-0300] {processor.py:840} INFO - DAG(s) 'example_bash_operator' retrieved from /home/brendaschap/.local/lib/python3.10/site-packages/airflow/example_dags/example_bash_operator.py
[2024-01-06T15:44:28.927-0300] {logging_mixin.py:188} INFO - [2024-01-06T15:44:28.927-0300] {dag.py:3033} INFO - Sync 1 DAGs
[2024-01-06T15:44:28.939-0300] {logging_mixin.py:188} INFO - [2024-01-06T15:44:28.938-0300] {dag.py:3820} INFO - Setting next_dagrun for example_bash_operator to 2024-01-05T00:00:00+00:00, run_after=2024-01-06T00:00:00+00:00
[2024-01-06T15:44:28.955-0300] {processor.py:183} INFO - Processing /home/brendaschap/.local/lib/python3.10/site-packages/airflow/example_dags/example_bash_operator.py took 0.174 seconds
[2024-01-06T15:45:15.635-0300] {processor.py:161} INFO - Started process (PID=770) to work on /home/brendaschap/.local/lib/python3.10/site-packages/airflow/example_dags/example_bash_operator.py
[2024-01-06T15:45:15.635-0300] {processor.py:830} INFO - Processing file /home/brendaschap/.local/lib/python3.10/site-packages/airflow/example_dags/example_bash_operator.py for tasks to queue
[2024-01-06T15:45:15.636-0300] {logging_mixin.py:188} INFO - [2024-01-06T15:45:15.635-0300] {dagbag.py:538} INFO - Filling up the DagBag from /home/brendaschap/.local/lib/python3.10/site-packages/airflow/example_dags/example_bash_operator.py
[2024-01-06T15:45:15.643-0300] {processor.py:840} INFO - DAG(s) 'example_bash_operator' retrieved from /home/brendaschap/.local/lib/python3.10/site-packages/airflow/example_dags/example_bash_operator.py
[2024-01-06T15:45:15.658-0300] {logging_mixin.py:188} INFO - [2024-01-06T15:45:15.658-0300] {dag.py:3033} INFO - Sync 1 DAGs
[2024-01-06T15:45:15.670-0300] {logging_mixin.py:188} INFO - [2024-01-06T15:45:15.670-0300] {dag.py:3820} INFO - Setting next_dagrun for example_bash_operator to 2024-01-05T00:00:00+00:00, run_after=2024-01-06T00:00:00+00:00
[2024-01-06T15:45:15.700-0300] {processor.py:183} INFO - Processing /home/brendaschap/.local/lib/python3.10/site-packages/airflow/example_dags/example_bash_operator.py took 0.067 seconds
[2024-01-06T15:46:02.241-0300] {processor.py:161} INFO - Started process (PID=899) to work on /home/brendaschap/.local/lib/python3.10/site-packages/airflow/example_dags/example_bash_operator.py
[2024-01-06T15:46:02.244-0300] {processor.py:830} INFO - Processing file /home/brendaschap/.local/lib/python3.10/site-packages/airflow/example_dags/example_bash_operator.py for tasks to queue
[2024-01-06T15:46:02.245-0300] {logging_mixin.py:188} INFO - [2024-01-06T15:46:02.245-0300] {dagbag.py:538} INFO - Filling up the DagBag from /home/brendaschap/.local/lib/python3.10/site-packages/airflow/example_dags/example_bash_operator.py
[2024-01-06T15:46:02.251-0300] {processor.py:840} INFO - DAG(s) 'example_bash_operator' retrieved from /home/brendaschap/.local/lib/python3.10/site-packages/airflow/example_dags/example_bash_operator.py
[2024-01-06T15:46:02.262-0300] {logging_mixin.py:188} INFO - [2024-01-06T15:46:02.262-0300] {dag.py:3033} INFO - Sync 1 DAGs
[2024-01-06T15:46:02.273-0300] {logging_mixin.py:188} INFO - [2024-01-06T15:46:02.273-0300] {dag.py:3820} INFO - Setting next_dagrun for example_bash_operator to 2024-01-05T00:00:00+00:00, run_after=2024-01-06T00:00:00+00:00
[2024-01-06T15:46:02.304-0300] {processor.py:183} INFO - Processing /home/brendaschap/.local/lib/python3.10/site-packages/airflow/example_dags/example_bash_operator.py took 0.065 seconds
[2024-01-06T15:46:49.572-0300] {processor.py:161} INFO - Started process (PID=954) to work on /home/brendaschap/.local/lib/python3.10/site-packages/airflow/example_dags/example_bash_operator.py
[2024-01-06T15:46:49.575-0300] {processor.py:830} INFO - Processing file /home/brendaschap/.local/lib/python3.10/site-packages/airflow/example_dags/example_bash_operator.py for tasks to queue
[2024-01-06T15:46:49.576-0300] {logging_mixin.py:188} INFO - [2024-01-06T15:46:49.576-0300] {dagbag.py:538} INFO - Filling up the DagBag from /home/brendaschap/.local/lib/python3.10/site-packages/airflow/example_dags/example_bash_operator.py
[2024-01-06T15:46:49.582-0300] {processor.py:840} INFO - DAG(s) 'example_bash_operator' retrieved from /home/brendaschap/.local/lib/python3.10/site-packages/airflow/example_dags/example_bash_operator.py
[2024-01-06T15:46:49.594-0300] {logging_mixin.py:188} INFO - [2024-01-06T15:46:49.594-0300] {dag.py:3033} INFO - Sync 1 DAGs
[2024-01-06T15:46:49.604-0300] {logging_mixin.py:188} INFO - [2024-01-06T15:46:49.604-0300] {dag.py:3820} INFO - Setting next_dagrun for example_bash_operator to 2024-01-05T00:00:00+00:00, run_after=2024-01-06T00:00:00+00:00
[2024-01-06T15:46:49.622-0300] {processor.py:183} INFO - Processing /home/brendaschap/.local/lib/python3.10/site-packages/airflow/example_dags/example_bash_operator.py took 0.052 seconds
[2024-01-06T15:47:40.060-0300] {processor.py:161} INFO - Started process (PID=1017) to work on /home/brendaschap/.local/lib/python3.10/site-packages/airflow/example_dags/example_bash_operator.py
[2024-01-06T15:47:40.061-0300] {processor.py:830} INFO - Processing file /home/brendaschap/.local/lib/python3.10/site-packages/airflow/example_dags/example_bash_operator.py for tasks to queue
[2024-01-06T15:47:40.062-0300] {logging_mixin.py:188} INFO - [2024-01-06T15:47:40.062-0300] {dagbag.py:538} INFO - Filling up the DagBag from /home/brendaschap/.local/lib/python3.10/site-packages/airflow/example_dags/example_bash_operator.py
[2024-01-06T15:47:40.068-0300] {processor.py:840} INFO - DAG(s) 'example_bash_operator' retrieved from /home/brendaschap/.local/lib/python3.10/site-packages/airflow/example_dags/example_bash_operator.py
[2024-01-06T15:47:40.080-0300] {logging_mixin.py:188} INFO - [2024-01-06T15:47:40.080-0300] {dag.py:3033} INFO - Sync 1 DAGs
[2024-01-06T15:47:40.091-0300] {logging_mixin.py:188} INFO - [2024-01-06T15:47:40.091-0300] {dag.py:3820} INFO - Setting next_dagrun for example_bash_operator to 2024-01-05T00:00:00+00:00, run_after=2024-01-06T00:00:00+00:00
[2024-01-06T15:47:40.105-0300] {processor.py:183} INFO - Processing /home/brendaschap/.local/lib/python3.10/site-packages/airflow/example_dags/example_bash_operator.py took 0.047 seconds
