[2024-01-06T15:44:14.675-0300] {processor.py:161} INFO - Started process (PID=709) to work on /home/brendaschap/.local/lib/python3.10/site-packages/airflow/example_dags/example_branch_labels.py
[2024-01-06T15:44:14.675-0300] {processor.py:830} INFO - Processing file /home/brendaschap/.local/lib/python3.10/site-packages/airflow/example_dags/example_branch_labels.py for tasks to queue
[2024-01-06T15:44:14.676-0300] {logging_mixin.py:188} INFO - [2024-01-06T15:44:14.675-0300] {dagbag.py:538} INFO - Filling up the DagBag from /home/brendaschap/.local/lib/python3.10/site-packages/airflow/example_dags/example_branch_labels.py
[2024-01-06T15:44:14.681-0300] {processor.py:840} INFO - DAG(s) 'example_branch_labels' retrieved from /home/brendaschap/.local/lib/python3.10/site-packages/airflow/example_dags/example_branch_labels.py
[2024-01-06T15:44:14.805-0300] {logging_mixin.py:188} INFO - [2024-01-06T15:44:14.805-0300] {dag.py:3033} INFO - Sync 1 DAGs
[2024-01-06T15:44:14.815-0300] {logging_mixin.py:188} INFO - [2024-01-06T15:44:14.815-0300] {dag.py:3820} INFO - Setting next_dagrun for example_branch_labels to 2024-01-05T00:00:00+00:00, run_after=2024-01-06T00:00:00+00:00
[2024-01-06T15:44:14.835-0300] {processor.py:183} INFO - Processing /home/brendaschap/.local/lib/python3.10/site-packages/airflow/example_dags/example_branch_labels.py took 0.162 seconds
[2024-01-06T15:45:04.228-0300] {processor.py:161} INFO - Started process (PID=757) to work on /home/brendaschap/.local/lib/python3.10/site-packages/airflow/example_dags/example_branch_labels.py
[2024-01-06T15:45:04.229-0300] {processor.py:830} INFO - Processing file /home/brendaschap/.local/lib/python3.10/site-packages/airflow/example_dags/example_branch_labels.py for tasks to queue
[2024-01-06T15:45:04.229-0300] {logging_mixin.py:188} INFO - [2024-01-06T15:45:04.229-0300] {dagbag.py:538} INFO - Filling up the DagBag from /home/brendaschap/.local/lib/python3.10/site-packages/airflow/example_dags/example_branch_labels.py
[2024-01-06T15:45:04.234-0300] {processor.py:840} INFO - DAG(s) 'example_branch_labels' retrieved from /home/brendaschap/.local/lib/python3.10/site-packages/airflow/example_dags/example_branch_labels.py
[2024-01-06T15:45:04.243-0300] {logging_mixin.py:188} INFO - [2024-01-06T15:45:04.243-0300] {dag.py:3033} INFO - Sync 1 DAGs
[2024-01-06T15:45:04.254-0300] {logging_mixin.py:188} INFO - [2024-01-06T15:45:04.254-0300] {dag.py:3820} INFO - Setting next_dagrun for example_branch_labels to 2024-01-05T00:00:00+00:00, run_after=2024-01-06T00:00:00+00:00
[2024-01-06T15:45:04.278-0300] {processor.py:183} INFO - Processing /home/brendaschap/.local/lib/python3.10/site-packages/airflow/example_dags/example_branch_labels.py took 0.052 seconds
[2024-01-06T15:45:37.563-0300] {processor.py:161} INFO - Started process (PID=874) to work on /home/brendaschap/.local/lib/python3.10/site-packages/airflow/example_dags/example_branch_labels.py
[2024-01-06T15:45:37.566-0300] {processor.py:830} INFO - Processing file /home/brendaschap/.local/lib/python3.10/site-packages/airflow/example_dags/example_branch_labels.py for tasks to queue
[2024-01-06T15:45:37.567-0300] {logging_mixin.py:188} INFO - [2024-01-06T15:45:37.567-0300] {dagbag.py:538} INFO - Filling up the DagBag from /home/brendaschap/.local/lib/python3.10/site-packages/airflow/example_dags/example_branch_labels.py
[2024-01-06T15:45:37.571-0300] {processor.py:840} INFO - DAG(s) 'example_branch_labels' retrieved from /home/brendaschap/.local/lib/python3.10/site-packages/airflow/example_dags/example_branch_labels.py
[2024-01-06T15:45:37.580-0300] {logging_mixin.py:188} INFO - [2024-01-06T15:45:37.580-0300] {dag.py:3033} INFO - Sync 1 DAGs
[2024-01-06T15:45:37.591-0300] {logging_mixin.py:188} INFO - [2024-01-06T15:45:37.591-0300] {dag.py:3820} INFO - Setting next_dagrun for example_branch_labels to 2024-01-05T00:00:00+00:00, run_after=2024-01-06T00:00:00+00:00
[2024-01-06T15:45:37.608-0300] {processor.py:183} INFO - Processing /home/brendaschap/.local/lib/python3.10/site-packages/airflow/example_dags/example_branch_labels.py took 0.047 seconds
[2024-01-06T15:46:09.753-0300] {processor.py:161} INFO - Started process (PID=906) to work on /home/brendaschap/.local/lib/python3.10/site-packages/airflow/example_dags/example_branch_labels.py
[2024-01-06T15:46:09.753-0300] {processor.py:830} INFO - Processing file /home/brendaschap/.local/lib/python3.10/site-packages/airflow/example_dags/example_branch_labels.py for tasks to queue
[2024-01-06T15:46:09.754-0300] {logging_mixin.py:188} INFO - [2024-01-06T15:46:09.754-0300] {dagbag.py:538} INFO - Filling up the DagBag from /home/brendaschap/.local/lib/python3.10/site-packages/airflow/example_dags/example_branch_labels.py
[2024-01-06T15:46:09.759-0300] {processor.py:840} INFO - DAG(s) 'example_branch_labels' retrieved from /home/brendaschap/.local/lib/python3.10/site-packages/airflow/example_dags/example_branch_labels.py
[2024-01-06T15:46:09.767-0300] {logging_mixin.py:188} INFO - [2024-01-06T15:46:09.767-0300] {dag.py:3033} INFO - Sync 1 DAGs
[2024-01-06T15:46:09.782-0300] {logging_mixin.py:188} INFO - [2024-01-06T15:46:09.782-0300] {dag.py:3820} INFO - Setting next_dagrun for example_branch_labels to 2024-01-05T00:00:00+00:00, run_after=2024-01-06T00:00:00+00:00
[2024-01-06T15:46:09.799-0300] {processor.py:183} INFO - Processing /home/brendaschap/.local/lib/python3.10/site-packages/airflow/example_dags/example_branch_labels.py took 0.047 seconds
[2024-01-06T15:46:42.885-0300] {processor.py:161} INFO - Started process (PID=946) to work on /home/brendaschap/.local/lib/python3.10/site-packages/airflow/example_dags/example_branch_labels.py
[2024-01-06T15:46:42.886-0300] {processor.py:830} INFO - Processing file /home/brendaschap/.local/lib/python3.10/site-packages/airflow/example_dags/example_branch_labels.py for tasks to queue
[2024-01-06T15:46:42.887-0300] {logging_mixin.py:188} INFO - [2024-01-06T15:46:42.887-0300] {dagbag.py:538} INFO - Filling up the DagBag from /home/brendaschap/.local/lib/python3.10/site-packages/airflow/example_dags/example_branch_labels.py
[2024-01-06T15:46:42.891-0300] {processor.py:840} INFO - DAG(s) 'example_branch_labels' retrieved from /home/brendaschap/.local/lib/python3.10/site-packages/airflow/example_dags/example_branch_labels.py
[2024-01-06T15:46:42.900-0300] {logging_mixin.py:188} INFO - [2024-01-06T15:46:42.899-0300] {dag.py:3033} INFO - Sync 1 DAGs
[2024-01-06T15:46:42.910-0300] {logging_mixin.py:188} INFO - [2024-01-06T15:46:42.910-0300] {dag.py:3820} INFO - Setting next_dagrun for example_branch_labels to 2024-01-05T00:00:00+00:00, run_after=2024-01-06T00:00:00+00:00
[2024-01-06T15:46:42.926-0300] {processor.py:183} INFO - Processing /home/brendaschap/.local/lib/python3.10/site-packages/airflow/example_dags/example_branch_labels.py took 0.042 seconds
[2024-01-06T15:47:15.810-0300] {processor.py:161} INFO - Started process (PID=983) to work on /home/brendaschap/.local/lib/python3.10/site-packages/airflow/example_dags/example_branch_labels.py
[2024-01-06T15:47:15.813-0300] {processor.py:830} INFO - Processing file /home/brendaschap/.local/lib/python3.10/site-packages/airflow/example_dags/example_branch_labels.py for tasks to queue
[2024-01-06T15:47:15.814-0300] {logging_mixin.py:188} INFO - [2024-01-06T15:47:15.814-0300] {dagbag.py:538} INFO - Filling up the DagBag from /home/brendaschap/.local/lib/python3.10/site-packages/airflow/example_dags/example_branch_labels.py
[2024-01-06T15:47:15.818-0300] {processor.py:840} INFO - DAG(s) 'example_branch_labels' retrieved from /home/brendaschap/.local/lib/python3.10/site-packages/airflow/example_dags/example_branch_labels.py
[2024-01-06T15:47:15.826-0300] {logging_mixin.py:188} INFO - [2024-01-06T15:47:15.826-0300] {dag.py:3033} INFO - Sync 1 DAGs
[2024-01-06T15:47:15.837-0300] {logging_mixin.py:188} INFO - [2024-01-06T15:47:15.837-0300] {dag.py:3820} INFO - Setting next_dagrun for example_branch_labels to 2024-01-05T00:00:00+00:00, run_after=2024-01-06T00:00:00+00:00
[2024-01-06T15:47:15.878-0300] {processor.py:183} INFO - Processing /home/brendaschap/.local/lib/python3.10/site-packages/airflow/example_dags/example_branch_labels.py took 0.070 seconds
[2024-01-06T15:47:50.347-0300] {processor.py:161} INFO - Started process (PID=1029) to work on /home/brendaschap/.local/lib/python3.10/site-packages/airflow/example_dags/example_branch_labels.py
[2024-01-06T15:47:50.348-0300] {processor.py:830} INFO - Processing file /home/brendaschap/.local/lib/python3.10/site-packages/airflow/example_dags/example_branch_labels.py for tasks to queue
[2024-01-06T15:47:50.348-0300] {logging_mixin.py:188} INFO - [2024-01-06T15:47:50.348-0300] {dagbag.py:538} INFO - Filling up the DagBag from /home/brendaschap/.local/lib/python3.10/site-packages/airflow/example_dags/example_branch_labels.py
[2024-01-06T15:47:50.352-0300] {processor.py:840} INFO - DAG(s) 'example_branch_labels' retrieved from /home/brendaschap/.local/lib/python3.10/site-packages/airflow/example_dags/example_branch_labels.py
[2024-01-06T15:47:50.360-0300] {logging_mixin.py:188} INFO - [2024-01-06T15:47:50.360-0300] {dag.py:3033} INFO - Sync 1 DAGs
[2024-01-06T15:47:50.371-0300] {logging_mixin.py:188} INFO - [2024-01-06T15:47:50.371-0300] {dag.py:3820} INFO - Setting next_dagrun for example_branch_labels to 2024-01-05T00:00:00+00:00, run_after=2024-01-06T00:00:00+00:00
[2024-01-06T15:47:50.387-0300] {processor.py:183} INFO - Processing /home/brendaschap/.local/lib/python3.10/site-packages/airflow/example_dags/example_branch_labels.py took 0.041 seconds
[2024-01-06T15:48:27.786-0300] {processor.py:161} INFO - Started process (PID=1065) to work on /home/brendaschap/.local/lib/python3.10/site-packages/airflow/example_dags/example_branch_labels.py
[2024-01-06T15:48:27.790-0300] {processor.py:830} INFO - Processing file /home/brendaschap/.local/lib/python3.10/site-packages/airflow/example_dags/example_branch_labels.py for tasks to queue
[2024-01-06T15:48:27.791-0300] {logging_mixin.py:188} INFO - [2024-01-06T15:48:27.790-0300] {dagbag.py:538} INFO - Filling up the DagBag from /home/brendaschap/.local/lib/python3.10/site-packages/airflow/example_dags/example_branch_labels.py
[2024-01-06T15:48:27.795-0300] {processor.py:840} INFO - DAG(s) 'example_branch_labels' retrieved from /home/brendaschap/.local/lib/python3.10/site-packages/airflow/example_dags/example_branch_labels.py
[2024-01-06T15:48:27.803-0300] {logging_mixin.py:188} INFO - [2024-01-06T15:48:27.803-0300] {dag.py:3033} INFO - Sync 1 DAGs
[2024-01-06T15:48:27.815-0300] {logging_mixin.py:188} INFO - [2024-01-06T15:48:27.815-0300] {dag.py:3820} INFO - Setting next_dagrun for example_branch_labels to 2024-01-05T00:00:00+00:00, run_after=2024-01-06T00:00:00+00:00
[2024-01-06T15:48:27.844-0300] {processor.py:183} INFO - Processing /home/brendaschap/.local/lib/python3.10/site-packages/airflow/example_dags/example_branch_labels.py took 0.060 seconds
