[2024-01-06T15:44:50.986-0300] {processor.py:161} INFO - Started process (PID=744) to work on /home/brendaschap/.local/lib/python3.10/site-packages/airflow/example_dags/example_short_circuit_operator.py
[2024-01-06T15:44:50.986-0300] {processor.py:830} INFO - Processing file /home/brendaschap/.local/lib/python3.10/site-packages/airflow/example_dags/example_short_circuit_operator.py for tasks to queue
[2024-01-06T15:44:50.986-0300] {logging_mixin.py:188} INFO - [2024-01-06T15:44:50.986-0300] {dagbag.py:538} INFO - Filling up the DagBag from /home/brendaschap/.local/lib/python3.10/site-packages/airflow/example_dags/example_short_circuit_operator.py
[2024-01-06T15:44:50.991-0300] {processor.py:840} INFO - DAG(s) 'example_short_circuit_operator' retrieved from /home/brendaschap/.local/lib/python3.10/site-packages/airflow/example_dags/example_short_circuit_operator.py
[2024-01-06T15:44:51.040-0300] {logging_mixin.py:188} INFO - [2024-01-06T15:44:51.040-0300] {dag.py:3033} INFO - Sync 1 DAGs
[2024-01-06T15:44:51.048-0300] {logging_mixin.py:188} INFO - [2024-01-06T15:44:51.048-0300] {dag.py:3820} INFO - Setting next_dagrun for example_short_circuit_operator to 2024-01-05T00:00:00+00:00, run_after=2024-01-06T00:00:00+00:00
[2024-01-06T15:44:51.069-0300] {processor.py:183} INFO - Processing /home/brendaschap/.local/lib/python3.10/site-packages/airflow/example_dags/example_short_circuit_operator.py took 0.085 seconds
[2024-01-06T15:45:39.822-0300] {processor.py:161} INFO - Started process (PID=876) to work on /home/brendaschap/.local/lib/python3.10/site-packages/airflow/example_dags/example_short_circuit_operator.py
[2024-01-06T15:45:39.826-0300] {processor.py:830} INFO - Processing file /home/brendaschap/.local/lib/python3.10/site-packages/airflow/example_dags/example_short_circuit_operator.py for tasks to queue
[2024-01-06T15:45:39.827-0300] {logging_mixin.py:188} INFO - [2024-01-06T15:45:39.826-0300] {dagbag.py:538} INFO - Filling up the DagBag from /home/brendaschap/.local/lib/python3.10/site-packages/airflow/example_dags/example_short_circuit_operator.py
[2024-01-06T15:45:39.831-0300] {processor.py:840} INFO - DAG(s) 'example_short_circuit_operator' retrieved from /home/brendaschap/.local/lib/python3.10/site-packages/airflow/example_dags/example_short_circuit_operator.py
[2024-01-06T15:45:39.840-0300] {logging_mixin.py:188} INFO - [2024-01-06T15:45:39.840-0300] {dag.py:3033} INFO - Sync 1 DAGs
[2024-01-06T15:45:39.850-0300] {logging_mixin.py:188} INFO - [2024-01-06T15:45:39.850-0300] {dag.py:3820} INFO - Setting next_dagrun for example_short_circuit_operator to 2024-01-05T00:00:00+00:00, run_after=2024-01-06T00:00:00+00:00
[2024-01-06T15:45:39.868-0300] {processor.py:183} INFO - Processing /home/brendaschap/.local/lib/python3.10/site-packages/airflow/example_dags/example_short_circuit_operator.py took 0.047 seconds
[2024-01-06T15:46:28.914-0300] {processor.py:161} INFO - Started process (PID=932) to work on /home/brendaschap/.local/lib/python3.10/site-packages/airflow/example_dags/example_short_circuit_operator.py
[2024-01-06T15:46:28.915-0300] {processor.py:830} INFO - Processing file /home/brendaschap/.local/lib/python3.10/site-packages/airflow/example_dags/example_short_circuit_operator.py for tasks to queue
[2024-01-06T15:46:28.916-0300] {logging_mixin.py:188} INFO - [2024-01-06T15:46:28.916-0300] {dagbag.py:538} INFO - Filling up the DagBag from /home/brendaschap/.local/lib/python3.10/site-packages/airflow/example_dags/example_short_circuit_operator.py
[2024-01-06T15:46:28.921-0300] {processor.py:840} INFO - DAG(s) 'example_short_circuit_operator' retrieved from /home/brendaschap/.local/lib/python3.10/site-packages/airflow/example_dags/example_short_circuit_operator.py
[2024-01-06T15:46:28.930-0300] {logging_mixin.py:188} INFO - [2024-01-06T15:46:28.930-0300] {dag.py:3033} INFO - Sync 1 DAGs
[2024-01-06T15:46:28.940-0300] {logging_mixin.py:188} INFO - [2024-01-06T15:46:28.939-0300] {dag.py:3820} INFO - Setting next_dagrun for example_short_circuit_operator to 2024-01-05T00:00:00+00:00, run_after=2024-01-06T00:00:00+00:00
[2024-01-06T15:46:28.955-0300] {processor.py:183} INFO - Processing /home/brendaschap/.local/lib/python3.10/site-packages/airflow/example_dags/example_short_circuit_operator.py took 0.042 seconds
[2024-01-06T15:47:21.672-0300] {processor.py:161} INFO - Started process (PID=993) to work on /home/brendaschap/.local/lib/python3.10/site-packages/airflow/example_dags/example_short_circuit_operator.py
[2024-01-06T15:47:21.673-0300] {processor.py:830} INFO - Processing file /home/brendaschap/.local/lib/python3.10/site-packages/airflow/example_dags/example_short_circuit_operator.py for tasks to queue
[2024-01-06T15:47:21.674-0300] {logging_mixin.py:188} INFO - [2024-01-06T15:47:21.674-0300] {dagbag.py:538} INFO - Filling up the DagBag from /home/brendaschap/.local/lib/python3.10/site-packages/airflow/example_dags/example_short_circuit_operator.py
[2024-01-06T15:47:21.678-0300] {processor.py:840} INFO - DAG(s) 'example_short_circuit_operator' retrieved from /home/brendaschap/.local/lib/python3.10/site-packages/airflow/example_dags/example_short_circuit_operator.py
[2024-01-06T15:47:21.687-0300] {logging_mixin.py:188} INFO - [2024-01-06T15:47:21.687-0300] {dag.py:3033} INFO - Sync 1 DAGs
[2024-01-06T15:47:21.699-0300] {logging_mixin.py:188} INFO - [2024-01-06T15:47:21.699-0300] {dag.py:3820} INFO - Setting next_dagrun for example_short_circuit_operator to 2024-01-05T00:00:00+00:00, run_after=2024-01-06T00:00:00+00:00
[2024-01-06T15:47:21.715-0300] {processor.py:183} INFO - Processing /home/brendaschap/.local/lib/python3.10/site-packages/airflow/example_dags/example_short_circuit_operator.py took 0.045 seconds
[2024-01-06T15:48:14.622-0300] {processor.py:161} INFO - Started process (PID=1052) to work on /home/brendaschap/.local/lib/python3.10/site-packages/airflow/example_dags/example_short_circuit_operator.py
[2024-01-06T15:48:14.626-0300] {processor.py:830} INFO - Processing file /home/brendaschap/.local/lib/python3.10/site-packages/airflow/example_dags/example_short_circuit_operator.py for tasks to queue
[2024-01-06T15:48:14.627-0300] {logging_mixin.py:188} INFO - [2024-01-06T15:48:14.626-0300] {dagbag.py:538} INFO - Filling up the DagBag from /home/brendaschap/.local/lib/python3.10/site-packages/airflow/example_dags/example_short_circuit_operator.py
[2024-01-06T15:48:14.631-0300] {processor.py:840} INFO - DAG(s) 'example_short_circuit_operator' retrieved from /home/brendaschap/.local/lib/python3.10/site-packages/airflow/example_dags/example_short_circuit_operator.py
[2024-01-06T15:48:14.640-0300] {logging_mixin.py:188} INFO - [2024-01-06T15:48:14.640-0300] {dag.py:3033} INFO - Sync 1 DAGs
[2024-01-06T15:48:14.650-0300] {logging_mixin.py:188} INFO - [2024-01-06T15:48:14.650-0300] {dag.py:3820} INFO - Setting next_dagrun for example_short_circuit_operator to 2024-01-05T00:00:00+00:00, run_after=2024-01-06T00:00:00+00:00
[2024-01-06T15:48:14.667-0300] {processor.py:183} INFO - Processing /home/brendaschap/.local/lib/python3.10/site-packages/airflow/example_dags/example_short_circuit_operator.py took 0.046 seconds
