[2024-01-06T15:44:26.102-0300] {processor.py:161} INFO - Started process (PID=719) to work on /home/brendaschap/.local/lib/python3.10/site-packages/airflow/example_dags/example_branch_operator.py
[2024-01-06T15:44:26.103-0300] {processor.py:830} INFO - Processing file /home/brendaschap/.local/lib/python3.10/site-packages/airflow/example_dags/example_branch_operator.py for tasks to queue
[2024-01-06T15:44:26.103-0300] {logging_mixin.py:188} INFO - [2024-01-06T15:44:26.103-0300] {dagbag.py:538} INFO - Filling up the DagBag from /home/brendaschap/.local/lib/python3.10/site-packages/airflow/example_dags/example_branch_operator.py
[2024-01-06T15:44:26.273-0300] {processor.py:840} INFO - DAG(s) 'example_branch_operator' retrieved from /home/brendaschap/.local/lib/python3.10/site-packages/airflow/example_dags/example_branch_operator.py
[2024-01-06T15:44:26.412-0300] {logging_mixin.py:188} INFO - [2024-01-06T15:44:26.412-0300] {dag.py:3033} INFO - Sync 1 DAGs
[2024-01-06T15:44:26.422-0300] {logging_mixin.py:188} INFO - [2024-01-06T15:44:26.422-0300] {dag.py:3820} INFO - Setting next_dagrun for example_branch_operator to 2024-01-05T00:00:00+00:00, run_after=2024-01-06T00:00:00+00:00
[2024-01-06T15:44:26.438-0300] {processor.py:183} INFO - Processing /home/brendaschap/.local/lib/python3.10/site-packages/airflow/example_dags/example_branch_operator.py took 0.337 seconds
[2024-01-06T15:45:13.818-0300] {processor.py:161} INFO - Started process (PID=767) to work on /home/brendaschap/.local/lib/python3.10/site-packages/airflow/example_dags/example_branch_operator.py
[2024-01-06T15:45:13.822-0300] {processor.py:830} INFO - Processing file /home/brendaschap/.local/lib/python3.10/site-packages/airflow/example_dags/example_branch_operator.py for tasks to queue
[2024-01-06T15:45:13.822-0300] {logging_mixin.py:188} INFO - [2024-01-06T15:45:13.822-0300] {dagbag.py:538} INFO - Filling up the DagBag from /home/brendaschap/.local/lib/python3.10/site-packages/airflow/example_dags/example_branch_operator.py
[2024-01-06T15:45:13.989-0300] {processor.py:840} INFO - DAG(s) 'example_branch_operator' retrieved from /home/brendaschap/.local/lib/python3.10/site-packages/airflow/example_dags/example_branch_operator.py
[2024-01-06T15:45:14.001-0300] {logging_mixin.py:188} INFO - [2024-01-06T15:45:14.001-0300] {dag.py:3033} INFO - Sync 1 DAGs
[2024-01-06T15:45:14.011-0300] {logging_mixin.py:188} INFO - [2024-01-06T15:45:14.011-0300] {dag.py:3820} INFO - Setting next_dagrun for example_branch_operator to 2024-01-05T00:00:00+00:00, run_after=2024-01-06T00:00:00+00:00
[2024-01-06T15:45:14.031-0300] {processor.py:183} INFO - Processing /home/brendaschap/.local/lib/python3.10/site-packages/airflow/example_dags/example_branch_operator.py took 0.214 seconds
[2024-01-06T15:45:59.370-0300] {processor.py:161} INFO - Started process (PID=896) to work on /home/brendaschap/.local/lib/python3.10/site-packages/airflow/example_dags/example_branch_operator.py
[2024-01-06T15:45:59.374-0300] {processor.py:830} INFO - Processing file /home/brendaschap/.local/lib/python3.10/site-packages/airflow/example_dags/example_branch_operator.py for tasks to queue
[2024-01-06T15:45:59.375-0300] {logging_mixin.py:188} INFO - [2024-01-06T15:45:59.375-0300] {dagbag.py:538} INFO - Filling up the DagBag from /home/brendaschap/.local/lib/python3.10/site-packages/airflow/example_dags/example_branch_operator.py
[2024-01-06T15:45:59.538-0300] {processor.py:840} INFO - DAG(s) 'example_branch_operator' retrieved from /home/brendaschap/.local/lib/python3.10/site-packages/airflow/example_dags/example_branch_operator.py
[2024-01-06T15:45:59.551-0300] {logging_mixin.py:188} INFO - [2024-01-06T15:45:59.551-0300] {dag.py:3033} INFO - Sync 1 DAGs
[2024-01-06T15:45:59.564-0300] {logging_mixin.py:188} INFO - [2024-01-06T15:45:59.564-0300] {dag.py:3820} INFO - Setting next_dagrun for example_branch_operator to 2024-01-05T00:00:00+00:00, run_after=2024-01-06T00:00:00+00:00
[2024-01-06T15:45:59.604-0300] {processor.py:183} INFO - Processing /home/brendaschap/.local/lib/python3.10/site-packages/airflow/example_dags/example_branch_operator.py took 0.235 seconds
[2024-01-06T15:46:46.549-0300] {processor.py:161} INFO - Started process (PID=951) to work on /home/brendaschap/.local/lib/python3.10/site-packages/airflow/example_dags/example_branch_operator.py
[2024-01-06T15:46:46.553-0300] {processor.py:830} INFO - Processing file /home/brendaschap/.local/lib/python3.10/site-packages/airflow/example_dags/example_branch_operator.py for tasks to queue
[2024-01-06T15:46:46.554-0300] {logging_mixin.py:188} INFO - [2024-01-06T15:46:46.554-0300] {dagbag.py:538} INFO - Filling up the DagBag from /home/brendaschap/.local/lib/python3.10/site-packages/airflow/example_dags/example_branch_operator.py
[2024-01-06T15:46:46.721-0300] {processor.py:840} INFO - DAG(s) 'example_branch_operator' retrieved from /home/brendaschap/.local/lib/python3.10/site-packages/airflow/example_dags/example_branch_operator.py
[2024-01-06T15:46:46.733-0300] {logging_mixin.py:188} INFO - [2024-01-06T15:46:46.733-0300] {dag.py:3033} INFO - Sync 1 DAGs
[2024-01-06T15:46:46.744-0300] {logging_mixin.py:188} INFO - [2024-01-06T15:46:46.743-0300] {dag.py:3820} INFO - Setting next_dagrun for example_branch_operator to 2024-01-05T00:00:00+00:00, run_after=2024-01-06T00:00:00+00:00
[2024-01-06T15:46:46.784-0300] {processor.py:183} INFO - Processing /home/brendaschap/.local/lib/python3.10/site-packages/airflow/example_dags/example_branch_operator.py took 0.236 seconds
[2024-01-06T15:47:37.193-0300] {processor.py:161} INFO - Started process (PID=1011) to work on /home/brendaschap/.local/lib/python3.10/site-packages/airflow/example_dags/example_branch_operator.py
[2024-01-06T15:47:37.196-0300] {processor.py:830} INFO - Processing file /home/brendaschap/.local/lib/python3.10/site-packages/airflow/example_dags/example_branch_operator.py for tasks to queue
[2024-01-06T15:47:37.197-0300] {logging_mixin.py:188} INFO - [2024-01-06T15:47:37.196-0300] {dagbag.py:538} INFO - Filling up the DagBag from /home/brendaschap/.local/lib/python3.10/site-packages/airflow/example_dags/example_branch_operator.py
[2024-01-06T15:47:37.364-0300] {processor.py:840} INFO - DAG(s) 'example_branch_operator' retrieved from /home/brendaschap/.local/lib/python3.10/site-packages/airflow/example_dags/example_branch_operator.py
[2024-01-06T15:47:37.376-0300] {logging_mixin.py:188} INFO - [2024-01-06T15:47:37.376-0300] {dag.py:3033} INFO - Sync 1 DAGs
[2024-01-06T15:47:37.386-0300] {logging_mixin.py:188} INFO - [2024-01-06T15:47:37.386-0300] {dag.py:3820} INFO - Setting next_dagrun for example_branch_operator to 2024-01-05T00:00:00+00:00, run_after=2024-01-06T00:00:00+00:00
[2024-01-06T15:47:37.403-0300] {processor.py:183} INFO - Processing /home/brendaschap/.local/lib/python3.10/site-packages/airflow/example_dags/example_branch_operator.py took 0.212 seconds
[2024-01-06T15:48:13.288-0300] {processor.py:161} INFO - Started process (PID=1051) to work on /home/brendaschap/.local/lib/python3.10/site-packages/airflow/example_dags/example_branch_operator.py
[2024-01-06T15:48:13.292-0300] {processor.py:830} INFO - Processing file /home/brendaschap/.local/lib/python3.10/site-packages/airflow/example_dags/example_branch_operator.py for tasks to queue
[2024-01-06T15:48:13.293-0300] {logging_mixin.py:188} INFO - [2024-01-06T15:48:13.292-0300] {dagbag.py:538} INFO - Filling up the DagBag from /home/brendaschap/.local/lib/python3.10/site-packages/airflow/example_dags/example_branch_operator.py
[2024-01-06T15:48:13.457-0300] {processor.py:840} INFO - DAG(s) 'example_branch_operator' retrieved from /home/brendaschap/.local/lib/python3.10/site-packages/airflow/example_dags/example_branch_operator.py
[2024-01-06T15:48:13.470-0300] {logging_mixin.py:188} INFO - [2024-01-06T15:48:13.470-0300] {dag.py:3033} INFO - Sync 1 DAGs
[2024-01-06T15:48:13.482-0300] {logging_mixin.py:188} INFO - [2024-01-06T15:48:13.482-0300] {dag.py:3820} INFO - Setting next_dagrun for example_branch_operator to 2024-01-05T00:00:00+00:00, run_after=2024-01-06T00:00:00+00:00
[2024-01-06T15:48:13.513-0300] {processor.py:183} INFO - Processing /home/brendaschap/.local/lib/python3.10/site-packages/airflow/example_dags/example_branch_operator.py took 0.226 seconds
