[2024-01-06T15:44:15.907-0300] {processor.py:161} INFO - Started process (PID=710) to work on /home/brendaschap/.local/lib/python3.10/site-packages/airflow/example_dags/example_external_task_marker_dag.py
[2024-01-06T15:44:15.908-0300] {processor.py:830} INFO - Processing file /home/brendaschap/.local/lib/python3.10/site-packages/airflow/example_dags/example_external_task_marker_dag.py for tasks to queue
[2024-01-06T15:44:15.908-0300] {logging_mixin.py:188} INFO - [2024-01-06T15:44:15.908-0300] {dagbag.py:538} INFO - Filling up the DagBag from /home/brendaschap/.local/lib/python3.10/site-packages/airflow/example_dags/example_external_task_marker_dag.py
[2024-01-06T15:44:15.913-0300] {processor.py:840} INFO - DAG(s) 'example_external_task_marker_parent', 'example_external_task_marker_child' retrieved from /home/brendaschap/.local/lib/python3.10/site-packages/airflow/example_dags/example_external_task_marker_dag.py
[2024-01-06T15:44:16.038-0300] {logging_mixin.py:188} INFO - [2024-01-06T15:44:16.037-0300] {dag.py:3033} INFO - Sync 2 DAGs
[2024-01-06T15:44:16.043-0300] {logging_mixin.py:188} INFO - [2024-01-06T15:44:16.043-0300] {dag.py:3820} INFO - Setting next_dagrun for example_external_task_marker_child to None, run_after=None
[2024-01-06T15:44:16.045-0300] {logging_mixin.py:188} INFO - [2024-01-06T15:44:16.044-0300] {dag.py:3820} INFO - Setting next_dagrun for example_external_task_marker_parent to None, run_after=None
[2024-01-06T15:44:16.064-0300] {processor.py:183} INFO - Processing /home/brendaschap/.local/lib/python3.10/site-packages/airflow/example_dags/example_external_task_marker_dag.py took 0.158 seconds
[2024-01-06T15:45:05.360-0300] {processor.py:161} INFO - Started process (PID=758) to work on /home/brendaschap/.local/lib/python3.10/site-packages/airflow/example_dags/example_external_task_marker_dag.py
[2024-01-06T15:45:05.362-0300] {processor.py:830} INFO - Processing file /home/brendaschap/.local/lib/python3.10/site-packages/airflow/example_dags/example_external_task_marker_dag.py for tasks to queue
[2024-01-06T15:45:05.362-0300] {logging_mixin.py:188} INFO - [2024-01-06T15:45:05.362-0300] {dagbag.py:538} INFO - Filling up the DagBag from /home/brendaschap/.local/lib/python3.10/site-packages/airflow/example_dags/example_external_task_marker_dag.py
[2024-01-06T15:45:05.365-0300] {processor.py:840} INFO - DAG(s) 'example_external_task_marker_child', 'example_external_task_marker_parent' retrieved from /home/brendaschap/.local/lib/python3.10/site-packages/airflow/example_dags/example_external_task_marker_dag.py
[2024-01-06T15:45:05.375-0300] {logging_mixin.py:188} INFO - [2024-01-06T15:45:05.375-0300] {dag.py:3033} INFO - Sync 2 DAGs
[2024-01-06T15:45:05.381-0300] {logging_mixin.py:188} INFO - [2024-01-06T15:45:05.381-0300] {dag.py:3820} INFO - Setting next_dagrun for example_external_task_marker_child to None, run_after=None
[2024-01-06T15:45:05.383-0300] {logging_mixin.py:188} INFO - [2024-01-06T15:45:05.383-0300] {dag.py:3820} INFO - Setting next_dagrun for example_external_task_marker_parent to None, run_after=None
[2024-01-06T15:45:05.397-0300] {processor.py:183} INFO - Processing /home/brendaschap/.local/lib/python3.10/site-packages/airflow/example_dags/example_external_task_marker_dag.py took 0.039 seconds
[2024-01-06T15:45:38.691-0300] {processor.py:161} INFO - Started process (PID=875) to work on /home/brendaschap/.local/lib/python3.10/site-packages/airflow/example_dags/example_external_task_marker_dag.py
[2024-01-06T15:45:38.692-0300] {processor.py:830} INFO - Processing file /home/brendaschap/.local/lib/python3.10/site-packages/airflow/example_dags/example_external_task_marker_dag.py for tasks to queue
[2024-01-06T15:45:38.692-0300] {logging_mixin.py:188} INFO - [2024-01-06T15:45:38.692-0300] {dagbag.py:538} INFO - Filling up the DagBag from /home/brendaschap/.local/lib/python3.10/site-packages/airflow/example_dags/example_external_task_marker_dag.py
[2024-01-06T15:45:38.696-0300] {processor.py:840} INFO - DAG(s) 'example_external_task_marker_parent', 'example_external_task_marker_child' retrieved from /home/brendaschap/.local/lib/python3.10/site-packages/airflow/example_dags/example_external_task_marker_dag.py
[2024-01-06T15:45:38.705-0300] {logging_mixin.py:188} INFO - [2024-01-06T15:45:38.705-0300] {dag.py:3033} INFO - Sync 2 DAGs
[2024-01-06T15:45:38.711-0300] {logging_mixin.py:188} INFO - [2024-01-06T15:45:38.711-0300] {dag.py:3820} INFO - Setting next_dagrun for example_external_task_marker_child to None, run_after=None
[2024-01-06T15:45:38.713-0300] {logging_mixin.py:188} INFO - [2024-01-06T15:45:38.713-0300] {dag.py:3820} INFO - Setting next_dagrun for example_external_task_marker_parent to None, run_after=None
[2024-01-06T15:45:38.741-0300] {processor.py:183} INFO - Processing /home/brendaschap/.local/lib/python3.10/site-packages/airflow/example_dags/example_external_task_marker_dag.py took 0.051 seconds
[2024-01-06T15:46:24.908-0300] {processor.py:161} INFO - Started process (PID=923) to work on /home/brendaschap/.local/lib/python3.10/site-packages/airflow/example_dags/example_external_task_marker_dag.py
[2024-01-06T15:46:24.910-0300] {processor.py:830} INFO - Processing file /home/brendaschap/.local/lib/python3.10/site-packages/airflow/example_dags/example_external_task_marker_dag.py for tasks to queue
[2024-01-06T15:46:24.911-0300] {logging_mixin.py:188} INFO - [2024-01-06T15:46:24.911-0300] {dagbag.py:538} INFO - Filling up the DagBag from /home/brendaschap/.local/lib/python3.10/site-packages/airflow/example_dags/example_external_task_marker_dag.py
[2024-01-06T15:46:24.915-0300] {processor.py:840} INFO - DAG(s) 'example_external_task_marker_child', 'example_external_task_marker_parent' retrieved from /home/brendaschap/.local/lib/python3.10/site-packages/airflow/example_dags/example_external_task_marker_dag.py
[2024-01-06T15:46:24.923-0300] {logging_mixin.py:188} INFO - [2024-01-06T15:46:24.923-0300] {dag.py:3033} INFO - Sync 2 DAGs
[2024-01-06T15:46:24.929-0300] {logging_mixin.py:188} INFO - [2024-01-06T15:46:24.929-0300] {dag.py:3820} INFO - Setting next_dagrun for example_external_task_marker_child to None, run_after=None
[2024-01-06T15:46:24.930-0300] {logging_mixin.py:188} INFO - [2024-01-06T15:46:24.930-0300] {dag.py:3820} INFO - Setting next_dagrun for example_external_task_marker_parent to None, run_after=None
[2024-01-06T15:46:24.944-0300] {processor.py:183} INFO - Processing /home/brendaschap/.local/lib/python3.10/site-packages/airflow/example_dags/example_external_task_marker_dag.py took 0.037 seconds
[2024-01-06T15:46:56.680-0300] {processor.py:161} INFO - Started process (PID=961) to work on /home/brendaschap/.local/lib/python3.10/site-packages/airflow/example_dags/example_external_task_marker_dag.py
[2024-01-06T15:46:56.684-0300] {processor.py:830} INFO - Processing file /home/brendaschap/.local/lib/python3.10/site-packages/airflow/example_dags/example_external_task_marker_dag.py for tasks to queue
[2024-01-06T15:46:56.685-0300] {logging_mixin.py:188} INFO - [2024-01-06T15:46:56.685-0300] {dagbag.py:538} INFO - Filling up the DagBag from /home/brendaschap/.local/lib/python3.10/site-packages/airflow/example_dags/example_external_task_marker_dag.py
[2024-01-06T15:46:56.688-0300] {processor.py:840} INFO - DAG(s) 'example_external_task_marker_child', 'example_external_task_marker_parent' retrieved from /home/brendaschap/.local/lib/python3.10/site-packages/airflow/example_dags/example_external_task_marker_dag.py
[2024-01-06T15:46:56.698-0300] {logging_mixin.py:188} INFO - [2024-01-06T15:46:56.698-0300] {dag.py:3033} INFO - Sync 2 DAGs
[2024-01-06T15:46:56.704-0300] {logging_mixin.py:188} INFO - [2024-01-06T15:46:56.704-0300] {dag.py:3820} INFO - Setting next_dagrun for example_external_task_marker_child to None, run_after=None
[2024-01-06T15:46:56.705-0300] {logging_mixin.py:188} INFO - [2024-01-06T15:46:56.705-0300] {dag.py:3820} INFO - Setting next_dagrun for example_external_task_marker_parent to None, run_after=None
[2024-01-06T15:46:56.746-0300] {processor.py:183} INFO - Processing /home/brendaschap/.local/lib/python3.10/site-packages/airflow/example_dags/example_external_task_marker_dag.py took 0.068 seconds
[2024-01-06T15:47:32.695-0300] {processor.py:161} INFO - Started process (PID=1007) to work on /home/brendaschap/.local/lib/python3.10/site-packages/airflow/example_dags/example_external_task_marker_dag.py
[2024-01-06T15:47:32.696-0300] {processor.py:830} INFO - Processing file /home/brendaschap/.local/lib/python3.10/site-packages/airflow/example_dags/example_external_task_marker_dag.py for tasks to queue
[2024-01-06T15:47:32.697-0300] {logging_mixin.py:188} INFO - [2024-01-06T15:47:32.696-0300] {dagbag.py:538} INFO - Filling up the DagBag from /home/brendaschap/.local/lib/python3.10/site-packages/airflow/example_dags/example_external_task_marker_dag.py
[2024-01-06T15:47:32.700-0300] {processor.py:840} INFO - DAG(s) 'example_external_task_marker_child', 'example_external_task_marker_parent' retrieved from /home/brendaschap/.local/lib/python3.10/site-packages/airflow/example_dags/example_external_task_marker_dag.py
[2024-01-06T15:47:32.710-0300] {logging_mixin.py:188} INFO - [2024-01-06T15:47:32.710-0300] {dag.py:3033} INFO - Sync 2 DAGs
[2024-01-06T15:47:32.716-0300] {logging_mixin.py:188} INFO - [2024-01-06T15:47:32.715-0300] {dag.py:3820} INFO - Setting next_dagrun for example_external_task_marker_child to None, run_after=None
[2024-01-06T15:47:32.717-0300] {logging_mixin.py:188} INFO - [2024-01-06T15:47:32.717-0300] {dag.py:3820} INFO - Setting next_dagrun for example_external_task_marker_parent to None, run_after=None
[2024-01-06T15:47:32.732-0300] {processor.py:183} INFO - Processing /home/brendaschap/.local/lib/python3.10/site-packages/airflow/example_dags/example_external_task_marker_dag.py took 0.038 seconds
[2024-01-06T15:48:07.586-0300] {processor.py:161} INFO - Started process (PID=1046) to work on /home/brendaschap/.local/lib/python3.10/site-packages/airflow/example_dags/example_external_task_marker_dag.py
[2024-01-06T15:48:07.590-0300] {processor.py:830} INFO - Processing file /home/brendaschap/.local/lib/python3.10/site-packages/airflow/example_dags/example_external_task_marker_dag.py for tasks to queue
[2024-01-06T15:48:07.590-0300] {logging_mixin.py:188} INFO - [2024-01-06T15:48:07.590-0300] {dagbag.py:538} INFO - Filling up the DagBag from /home/brendaschap/.local/lib/python3.10/site-packages/airflow/example_dags/example_external_task_marker_dag.py
[2024-01-06T15:48:07.594-0300] {processor.py:840} INFO - DAG(s) 'example_external_task_marker_parent', 'example_external_task_marker_child' retrieved from /home/brendaschap/.local/lib/python3.10/site-packages/airflow/example_dags/example_external_task_marker_dag.py
[2024-01-06T15:48:07.603-0300] {logging_mixin.py:188} INFO - [2024-01-06T15:48:07.602-0300] {dag.py:3033} INFO - Sync 2 DAGs
[2024-01-06T15:48:07.608-0300] {logging_mixin.py:188} INFO - [2024-01-06T15:48:07.608-0300] {dag.py:3820} INFO - Setting next_dagrun for example_external_task_marker_child to None, run_after=None
[2024-01-06T15:48:07.610-0300] {logging_mixin.py:188} INFO - [2024-01-06T15:48:07.610-0300] {dag.py:3820} INFO - Setting next_dagrun for example_external_task_marker_parent to None, run_after=None
[2024-01-06T15:48:07.626-0300] {processor.py:183} INFO - Processing /home/brendaschap/.local/lib/python3.10/site-packages/airflow/example_dags/example_external_task_marker_dag.py took 0.041 seconds
