[2024-01-06T15:44:56.228-0300] {processor.py:161} INFO - Started process (PID=749) to work on /home/brendaschap/.local/lib/python3.10/site-packages/airflow/example_dags/example_complex.py
[2024-01-06T15:44:56.228-0300] {processor.py:830} INFO - Processing file /home/brendaschap/.local/lib/python3.10/site-packages/airflow/example_dags/example_complex.py for tasks to queue
[2024-01-06T15:44:56.229-0300] {logging_mixin.py:188} INFO - [2024-01-06T15:44:56.228-0300] {dagbag.py:538} INFO - Filling up the DagBag from /home/brendaschap/.local/lib/python3.10/site-packages/airflow/example_dags/example_complex.py
[2024-01-06T15:44:56.235-0300] {processor.py:840} INFO - DAG(s) 'example_complex' retrieved from /home/brendaschap/.local/lib/python3.10/site-packages/airflow/example_dags/example_complex.py
[2024-01-06T15:44:56.289-0300] {logging_mixin.py:188} INFO - [2024-01-06T15:44:56.288-0300] {dag.py:3033} INFO - Sync 1 DAGs
[2024-01-06T15:44:56.295-0300] {logging_mixin.py:188} INFO - [2024-01-06T15:44:56.295-0300] {dag.py:3820} INFO - Setting next_dagrun for example_complex to None, run_after=None
[2024-01-06T15:44:56.317-0300] {processor.py:183} INFO - Processing /home/brendaschap/.local/lib/python3.10/site-packages/airflow/example_dags/example_complex.py took 0.091 seconds
[2024-01-06T15:45:44.283-0300] {processor.py:161} INFO - Started process (PID=881) to work on /home/brendaschap/.local/lib/python3.10/site-packages/airflow/example_dags/example_complex.py
[2024-01-06T15:45:44.287-0300] {processor.py:830} INFO - Processing file /home/brendaschap/.local/lib/python3.10/site-packages/airflow/example_dags/example_complex.py for tasks to queue
[2024-01-06T15:45:44.288-0300] {logging_mixin.py:188} INFO - [2024-01-06T15:45:44.288-0300] {dagbag.py:538} INFO - Filling up the DagBag from /home/brendaschap/.local/lib/python3.10/site-packages/airflow/example_dags/example_complex.py
[2024-01-06T15:45:44.294-0300] {processor.py:840} INFO - DAG(s) 'example_complex' retrieved from /home/brendaschap/.local/lib/python3.10/site-packages/airflow/example_dags/example_complex.py
[2024-01-06T15:45:44.307-0300] {logging_mixin.py:188} INFO - [2024-01-06T15:45:44.307-0300] {dag.py:3033} INFO - Sync 1 DAGs
[2024-01-06T15:45:44.313-0300] {logging_mixin.py:188} INFO - [2024-01-06T15:45:44.313-0300] {dag.py:3820} INFO - Setting next_dagrun for example_complex to None, run_after=None
[2024-01-06T15:45:44.346-0300] {processor.py:183} INFO - Processing /home/brendaschap/.local/lib/python3.10/site-packages/airflow/example_dags/example_complex.py took 0.064 seconds
[2024-01-06T15:46:34.158-0300] {processor.py:161} INFO - Started process (PID=938) to work on /home/brendaschap/.local/lib/python3.10/site-packages/airflow/example_dags/example_complex.py
[2024-01-06T15:46:34.162-0300] {processor.py:830} INFO - Processing file /home/brendaschap/.local/lib/python3.10/site-packages/airflow/example_dags/example_complex.py for tasks to queue
[2024-01-06T15:46:34.162-0300] {logging_mixin.py:188} INFO - [2024-01-06T15:46:34.162-0300] {dagbag.py:538} INFO - Filling up the DagBag from /home/brendaschap/.local/lib/python3.10/site-packages/airflow/example_dags/example_complex.py
[2024-01-06T15:46:34.168-0300] {processor.py:840} INFO - DAG(s) 'example_complex' retrieved from /home/brendaschap/.local/lib/python3.10/site-packages/airflow/example_dags/example_complex.py
[2024-01-06T15:46:34.180-0300] {logging_mixin.py:188} INFO - [2024-01-06T15:46:34.180-0300] {dag.py:3033} INFO - Sync 1 DAGs
[2024-01-06T15:46:34.186-0300] {logging_mixin.py:188} INFO - [2024-01-06T15:46:34.186-0300] {dag.py:3820} INFO - Setting next_dagrun for example_complex to None, run_after=None
[2024-01-06T15:46:34.203-0300] {processor.py:183} INFO - Processing /home/brendaschap/.local/lib/python3.10/site-packages/airflow/example_dags/example_complex.py took 0.047 seconds
[2024-01-06T15:47:25.940-0300] {processor.py:161} INFO - Started process (PID=998) to work on /home/brendaschap/.local/lib/python3.10/site-packages/airflow/example_dags/example_complex.py
[2024-01-06T15:47:25.941-0300] {processor.py:830} INFO - Processing file /home/brendaschap/.local/lib/python3.10/site-packages/airflow/example_dags/example_complex.py for tasks to queue
[2024-01-06T15:47:25.942-0300] {logging_mixin.py:188} INFO - [2024-01-06T15:47:25.941-0300] {dagbag.py:538} INFO - Filling up the DagBag from /home/brendaschap/.local/lib/python3.10/site-packages/airflow/example_dags/example_complex.py
[2024-01-06T15:47:25.948-0300] {processor.py:840} INFO - DAG(s) 'example_complex' retrieved from /home/brendaschap/.local/lib/python3.10/site-packages/airflow/example_dags/example_complex.py
[2024-01-06T15:47:25.961-0300] {logging_mixin.py:188} INFO - [2024-01-06T15:47:25.961-0300] {dag.py:3033} INFO - Sync 1 DAGs
[2024-01-06T15:47:25.966-0300] {logging_mixin.py:188} INFO - [2024-01-06T15:47:25.966-0300] {dag.py:3820} INFO - Setting next_dagrun for example_complex to None, run_after=None
[2024-01-06T15:47:25.983-0300] {processor.py:183} INFO - Processing /home/brendaschap/.local/lib/python3.10/site-packages/airflow/example_dags/example_complex.py took 0.044 seconds
[2024-01-06T15:48:18.947-0300] {processor.py:161} INFO - Started process (PID=1057) to work on /home/brendaschap/.local/lib/python3.10/site-packages/airflow/example_dags/example_complex.py
[2024-01-06T15:48:18.948-0300] {processor.py:830} INFO - Processing file /home/brendaschap/.local/lib/python3.10/site-packages/airflow/example_dags/example_complex.py for tasks to queue
[2024-01-06T15:48:18.949-0300] {logging_mixin.py:188} INFO - [2024-01-06T15:48:18.949-0300] {dagbag.py:538} INFO - Filling up the DagBag from /home/brendaschap/.local/lib/python3.10/site-packages/airflow/example_dags/example_complex.py
[2024-01-06T15:48:18.955-0300] {processor.py:840} INFO - DAG(s) 'example_complex' retrieved from /home/brendaschap/.local/lib/python3.10/site-packages/airflow/example_dags/example_complex.py
[2024-01-06T15:48:18.968-0300] {logging_mixin.py:188} INFO - [2024-01-06T15:48:18.968-0300] {dag.py:3033} INFO - Sync 1 DAGs
[2024-01-06T15:48:18.974-0300] {logging_mixin.py:188} INFO - [2024-01-06T15:48:18.974-0300] {dag.py:3820} INFO - Setting next_dagrun for example_complex to None, run_after=None
[2024-01-06T15:48:18.991-0300] {processor.py:183} INFO - Processing /home/brendaschap/.local/lib/python3.10/site-packages/airflow/example_dags/example_complex.py took 0.046 seconds
