[2024-01-06T15:44:46.970-0300] {processor.py:161} INFO - Started process (PID=740) to work on /home/brendaschap/.local/lib/python3.10/site-packages/airflow/example_dags/example_branch_datetime_operator.py
[2024-01-06T15:44:46.970-0300] {processor.py:830} INFO - Processing file /home/brendaschap/.local/lib/python3.10/site-packages/airflow/example_dags/example_branch_datetime_operator.py for tasks to queue
[2024-01-06T15:44:46.971-0300] {logging_mixin.py:188} INFO - [2024-01-06T15:44:46.971-0300] {dagbag.py:538} INFO - Filling up the DagBag from /home/brendaschap/.local/lib/python3.10/site-packages/airflow/example_dags/example_branch_datetime_operator.py
[2024-01-06T15:44:46.977-0300] {processor.py:840} INFO - DAG(s) 'example_branch_datetime_operator_3', 'example_branch_datetime_operator', 'example_branch_datetime_operator_2' retrieved from /home/brendaschap/.local/lib/python3.10/site-packages/airflow/example_dags/example_branch_datetime_operator.py
[2024-01-06T15:44:47.107-0300] {logging_mixin.py:188} INFO - [2024-01-06T15:44:47.107-0300] {dag.py:3033} INFO - Sync 3 DAGs
[2024-01-06T15:44:47.116-0300] {logging_mixin.py:188} INFO - [2024-01-06T15:44:47.116-0300] {dag.py:3820} INFO - Setting next_dagrun for example_branch_datetime_operator to 2024-01-05T00:00:00+00:00, run_after=2024-01-06T00:00:00+00:00
[2024-01-06T15:44:47.118-0300] {logging_mixin.py:188} INFO - [2024-01-06T15:44:47.118-0300] {dag.py:3820} INFO - Setting next_dagrun for example_branch_datetime_operator_2 to 2024-01-05T00:00:00+00:00, run_after=2024-01-06T00:00:00+00:00
[2024-01-06T15:44:47.119-0300] {logging_mixin.py:188} INFO - [2024-01-06T15:44:47.119-0300] {dag.py:3820} INFO - Setting next_dagrun for example_branch_datetime_operator_3 to 2024-01-05T00:00:00+00:00, run_after=2024-01-06T00:00:00+00:00
[2024-01-06T15:44:47.150-0300] {processor.py:183} INFO - Processing /home/brendaschap/.local/lib/python3.10/site-packages/airflow/example_dags/example_branch_datetime_operator.py took 0.182 seconds
[2024-01-06T15:45:33.329-0300] {processor.py:161} INFO - Started process (PID=869) to work on /home/brendaschap/.local/lib/python3.10/site-packages/airflow/example_dags/example_branch_datetime_operator.py
[2024-01-06T15:45:33.330-0300] {processor.py:830} INFO - Processing file /home/brendaschap/.local/lib/python3.10/site-packages/airflow/example_dags/example_branch_datetime_operator.py for tasks to queue
[2024-01-06T15:45:33.330-0300] {logging_mixin.py:188} INFO - [2024-01-06T15:45:33.330-0300] {dagbag.py:538} INFO - Filling up the DagBag from /home/brendaschap/.local/lib/python3.10/site-packages/airflow/example_dags/example_branch_datetime_operator.py
[2024-01-06T15:45:33.336-0300] {processor.py:840} INFO - DAG(s) 'example_branch_datetime_operator_3', 'example_branch_datetime_operator_2', 'example_branch_datetime_operator' retrieved from /home/brendaschap/.local/lib/python3.10/site-packages/airflow/example_dags/example_branch_datetime_operator.py
[2024-01-06T15:45:33.347-0300] {logging_mixin.py:188} INFO - [2024-01-06T15:45:33.347-0300] {dag.py:3033} INFO - Sync 3 DAGs
[2024-01-06T15:45:33.357-0300] {logging_mixin.py:188} INFO - [2024-01-06T15:45:33.357-0300] {dag.py:3820} INFO - Setting next_dagrun for example_branch_datetime_operator to 2024-01-05T00:00:00+00:00, run_after=2024-01-06T00:00:00+00:00
[2024-01-06T15:45:33.360-0300] {logging_mixin.py:188} INFO - [2024-01-06T15:45:33.360-0300] {dag.py:3820} INFO - Setting next_dagrun for example_branch_datetime_operator_2 to 2024-01-05T00:00:00+00:00, run_after=2024-01-06T00:00:00+00:00
[2024-01-06T15:45:33.361-0300] {logging_mixin.py:188} INFO - [2024-01-06T15:45:33.361-0300] {dag.py:3820} INFO - Setting next_dagrun for example_branch_datetime_operator_3 to 2024-01-05T00:00:00+00:00, run_after=2024-01-06T00:00:00+00:00
[2024-01-06T15:45:33.376-0300] {processor.py:183} INFO - Processing /home/brendaschap/.local/lib/python3.10/site-packages/airflow/example_dags/example_branch_datetime_operator.py took 0.049 seconds
[2024-01-06T15:46:20.898-0300] {processor.py:161} INFO - Started process (PID=919) to work on /home/brendaschap/.local/lib/python3.10/site-packages/airflow/example_dags/example_branch_datetime_operator.py
[2024-01-06T15:46:20.902-0300] {processor.py:830} INFO - Processing file /home/brendaschap/.local/lib/python3.10/site-packages/airflow/example_dags/example_branch_datetime_operator.py for tasks to queue
[2024-01-06T15:46:20.902-0300] {logging_mixin.py:188} INFO - [2024-01-06T15:46:20.902-0300] {dagbag.py:538} INFO - Filling up the DagBag from /home/brendaschap/.local/lib/python3.10/site-packages/airflow/example_dags/example_branch_datetime_operator.py
[2024-01-06T15:46:20.907-0300] {processor.py:840} INFO - DAG(s) 'example_branch_datetime_operator_2', 'example_branch_datetime_operator', 'example_branch_datetime_operator_3' retrieved from /home/brendaschap/.local/lib/python3.10/site-packages/airflow/example_dags/example_branch_datetime_operator.py
[2024-01-06T15:46:20.918-0300] {logging_mixin.py:188} INFO - [2024-01-06T15:46:20.918-0300] {dag.py:3033} INFO - Sync 3 DAGs
[2024-01-06T15:46:20.929-0300] {logging_mixin.py:188} INFO - [2024-01-06T15:46:20.928-0300] {dag.py:3820} INFO - Setting next_dagrun for example_branch_datetime_operator to 2024-01-05T00:00:00+00:00, run_after=2024-01-06T00:00:00+00:00
[2024-01-06T15:46:20.931-0300] {logging_mixin.py:188} INFO - [2024-01-06T15:46:20.931-0300] {dag.py:3820} INFO - Setting next_dagrun for example_branch_datetime_operator_2 to 2024-01-05T00:00:00+00:00, run_after=2024-01-06T00:00:00+00:00
[2024-01-06T15:46:20.932-0300] {logging_mixin.py:188} INFO - [2024-01-06T15:46:20.932-0300] {dag.py:3820} INFO - Setting next_dagrun for example_branch_datetime_operator_3 to 2024-01-05T00:00:00+00:00, run_after=2024-01-06T00:00:00+00:00
[2024-01-06T15:46:20.947-0300] {processor.py:183} INFO - Processing /home/brendaschap/.local/lib/python3.10/site-packages/airflow/example_dags/example_branch_datetime_operator.py took 0.051 seconds
[2024-01-06T15:47:11.414-0300] {processor.py:161} INFO - Started process (PID=978) to work on /home/brendaschap/.local/lib/python3.10/site-packages/airflow/example_dags/example_branch_datetime_operator.py
[2024-01-06T15:47:11.415-0300] {processor.py:830} INFO - Processing file /home/brendaschap/.local/lib/python3.10/site-packages/airflow/example_dags/example_branch_datetime_operator.py for tasks to queue
[2024-01-06T15:47:11.415-0300] {logging_mixin.py:188} INFO - [2024-01-06T15:47:11.415-0300] {dagbag.py:538} INFO - Filling up the DagBag from /home/brendaschap/.local/lib/python3.10/site-packages/airflow/example_dags/example_branch_datetime_operator.py
[2024-01-06T15:47:11.421-0300] {processor.py:840} INFO - DAG(s) 'example_branch_datetime_operator', 'example_branch_datetime_operator_3', 'example_branch_datetime_operator_2' retrieved from /home/brendaschap/.local/lib/python3.10/site-packages/airflow/example_dags/example_branch_datetime_operator.py
[2024-01-06T15:47:11.434-0300] {logging_mixin.py:188} INFO - [2024-01-06T15:47:11.434-0300] {dag.py:3033} INFO - Sync 3 DAGs
[2024-01-06T15:47:11.447-0300] {logging_mixin.py:188} INFO - [2024-01-06T15:47:11.446-0300] {dag.py:3820} INFO - Setting next_dagrun for example_branch_datetime_operator to 2024-01-05T00:00:00+00:00, run_after=2024-01-06T00:00:00+00:00
[2024-01-06T15:47:11.450-0300] {logging_mixin.py:188} INFO - [2024-01-06T15:47:11.450-0300] {dag.py:3820} INFO - Setting next_dagrun for example_branch_datetime_operator_2 to 2024-01-05T00:00:00+00:00, run_after=2024-01-06T00:00:00+00:00
[2024-01-06T15:47:11.451-0300] {logging_mixin.py:188} INFO - [2024-01-06T15:47:11.451-0300] {dag.py:3820} INFO - Setting next_dagrun for example_branch_datetime_operator_3 to 2024-01-05T00:00:00+00:00, run_after=2024-01-06T00:00:00+00:00
[2024-01-06T15:47:11.480-0300] {processor.py:183} INFO - Processing /home/brendaschap/.local/lib/python3.10/site-packages/airflow/example_dags/example_branch_datetime_operator.py took 0.068 seconds
[2024-01-06T15:48:04.125-0300] {processor.py:161} INFO - Started process (PID=1042) to work on /home/brendaschap/.local/lib/python3.10/site-packages/airflow/example_dags/example_branch_datetime_operator.py
[2024-01-06T15:48:04.126-0300] {processor.py:830} INFO - Processing file /home/brendaschap/.local/lib/python3.10/site-packages/airflow/example_dags/example_branch_datetime_operator.py for tasks to queue
[2024-01-06T15:48:04.127-0300] {logging_mixin.py:188} INFO - [2024-01-06T15:48:04.126-0300] {dagbag.py:538} INFO - Filling up the DagBag from /home/brendaschap/.local/lib/python3.10/site-packages/airflow/example_dags/example_branch_datetime_operator.py
[2024-01-06T15:48:04.132-0300] {processor.py:840} INFO - DAG(s) 'example_branch_datetime_operator', 'example_branch_datetime_operator_2', 'example_branch_datetime_operator_3' retrieved from /home/brendaschap/.local/lib/python3.10/site-packages/airflow/example_dags/example_branch_datetime_operator.py
[2024-01-06T15:48:04.143-0300] {logging_mixin.py:188} INFO - [2024-01-06T15:48:04.143-0300] {dag.py:3033} INFO - Sync 3 DAGs
[2024-01-06T15:48:04.153-0300] {logging_mixin.py:188} INFO - [2024-01-06T15:48:04.153-0300] {dag.py:3820} INFO - Setting next_dagrun for example_branch_datetime_operator to 2024-01-05T00:00:00+00:00, run_after=2024-01-06T00:00:00+00:00
[2024-01-06T15:48:04.156-0300] {logging_mixin.py:188} INFO - [2024-01-06T15:48:04.156-0300] {dag.py:3820} INFO - Setting next_dagrun for example_branch_datetime_operator_2 to 2024-01-05T00:00:00+00:00, run_after=2024-01-06T00:00:00+00:00
[2024-01-06T15:48:04.157-0300] {logging_mixin.py:188} INFO - [2024-01-06T15:48:04.157-0300] {dag.py:3820} INFO - Setting next_dagrun for example_branch_datetime_operator_3 to 2024-01-05T00:00:00+00:00, run_after=2024-01-06T00:00:00+00:00
[2024-01-06T15:48:04.172-0300] {processor.py:183} INFO - Processing /home/brendaschap/.local/lib/python3.10/site-packages/airflow/example_dags/example_branch_datetime_operator.py took 0.049 seconds
