[2024-01-06T15:44:24.783-0300] {processor.py:161} INFO - Started process (PID=718) to work on /home/brendaschap/.local/lib/python3.10/site-packages/airflow/example_dags/example_dynamic_task_mapping_with_no_taskflow_operators.py
[2024-01-06T15:44:24.783-0300] {processor.py:830} INFO - Processing file /home/brendaschap/.local/lib/python3.10/site-packages/airflow/example_dags/example_dynamic_task_mapping_with_no_taskflow_operators.py for tasks to queue
[2024-01-06T15:44:24.784-0300] {logging_mixin.py:188} INFO - [2024-01-06T15:44:24.783-0300] {dagbag.py:538} INFO - Filling up the DagBag from /home/brendaschap/.local/lib/python3.10/site-packages/airflow/example_dags/example_dynamic_task_mapping_with_no_taskflow_operators.py
[2024-01-06T15:44:24.789-0300] {processor.py:840} INFO - DAG(s) 'example_dynamic_task_mapping_with_no_taskflow_operators' retrieved from /home/brendaschap/.local/lib/python3.10/site-packages/airflow/example_dags/example_dynamic_task_mapping_with_no_taskflow_operators.py
[2024-01-06T15:44:24.913-0300] {logging_mixin.py:188} INFO - [2024-01-06T15:44:24.912-0300] {dag.py:3033} INFO - Sync 1 DAGs
[2024-01-06T15:44:24.922-0300] {logging_mixin.py:188} INFO - [2024-01-06T15:44:24.922-0300] {dag.py:3820} INFO - Setting next_dagrun for example_dynamic_task_mapping_with_no_taskflow_operators to 2024-01-05T00:00:00+00:00, run_after=2024-01-06T00:00:00+00:00
[2024-01-06T15:44:24.944-0300] {processor.py:183} INFO - Processing /home/brendaschap/.local/lib/python3.10/site-packages/airflow/example_dags/example_dynamic_task_mapping_with_no_taskflow_operators.py took 0.163 seconds
[2024-01-06T15:45:13.198-0300] {processor.py:161} INFO - Started process (PID=766) to work on /home/brendaschap/.local/lib/python3.10/site-packages/airflow/example_dags/example_dynamic_task_mapping_with_no_taskflow_operators.py
[2024-01-06T15:45:13.199-0300] {processor.py:830} INFO - Processing file /home/brendaschap/.local/lib/python3.10/site-packages/airflow/example_dags/example_dynamic_task_mapping_with_no_taskflow_operators.py for tasks to queue
[2024-01-06T15:45:13.199-0300] {logging_mixin.py:188} INFO - [2024-01-06T15:45:13.199-0300] {dagbag.py:538} INFO - Filling up the DagBag from /home/brendaschap/.local/lib/python3.10/site-packages/airflow/example_dags/example_dynamic_task_mapping_with_no_taskflow_operators.py
[2024-01-06T15:45:13.203-0300] {processor.py:840} INFO - DAG(s) 'example_dynamic_task_mapping_with_no_taskflow_operators' retrieved from /home/brendaschap/.local/lib/python3.10/site-packages/airflow/example_dags/example_dynamic_task_mapping_with_no_taskflow_operators.py
[2024-01-06T15:45:13.210-0300] {logging_mixin.py:188} INFO - [2024-01-06T15:45:13.210-0300] {dag.py:3033} INFO - Sync 1 DAGs
[2024-01-06T15:45:13.220-0300] {logging_mixin.py:188} INFO - [2024-01-06T15:45:13.220-0300] {dag.py:3820} INFO - Setting next_dagrun for example_dynamic_task_mapping_with_no_taskflow_operators to 2024-01-05T00:00:00+00:00, run_after=2024-01-06T00:00:00+00:00
[2024-01-06T15:45:13.239-0300] {processor.py:183} INFO - Processing /home/brendaschap/.local/lib/python3.10/site-packages/airflow/example_dags/example_dynamic_task_mapping_with_no_taskflow_operators.py took 0.043 seconds
[2024-01-06T15:45:58.242-0300] {processor.py:161} INFO - Started process (PID=895) to work on /home/brendaschap/.local/lib/python3.10/site-packages/airflow/example_dags/example_dynamic_task_mapping_with_no_taskflow_operators.py
[2024-01-06T15:45:58.245-0300] {processor.py:830} INFO - Processing file /home/brendaschap/.local/lib/python3.10/site-packages/airflow/example_dags/example_dynamic_task_mapping_with_no_taskflow_operators.py for tasks to queue
[2024-01-06T15:45:58.246-0300] {logging_mixin.py:188} INFO - [2024-01-06T15:45:58.245-0300] {dagbag.py:538} INFO - Filling up the DagBag from /home/brendaschap/.local/lib/python3.10/site-packages/airflow/example_dags/example_dynamic_task_mapping_with_no_taskflow_operators.py
[2024-01-06T15:45:58.249-0300] {processor.py:840} INFO - DAG(s) 'example_dynamic_task_mapping_with_no_taskflow_operators' retrieved from /home/brendaschap/.local/lib/python3.10/site-packages/airflow/example_dags/example_dynamic_task_mapping_with_no_taskflow_operators.py
[2024-01-06T15:45:58.256-0300] {logging_mixin.py:188} INFO - [2024-01-06T15:45:58.256-0300] {dag.py:3033} INFO - Sync 1 DAGs
[2024-01-06T15:45:58.266-0300] {logging_mixin.py:188} INFO - [2024-01-06T15:45:58.266-0300] {dag.py:3820} INFO - Setting next_dagrun for example_dynamic_task_mapping_with_no_taskflow_operators to 2024-01-05T00:00:00+00:00, run_after=2024-01-06T00:00:00+00:00
[2024-01-06T15:45:58.287-0300] {processor.py:183} INFO - Processing /home/brendaschap/.local/lib/python3.10/site-packages/airflow/example_dags/example_dynamic_task_mapping_with_no_taskflow_operators.py took 0.047 seconds
[2024-01-06T15:46:45.418-0300] {processor.py:161} INFO - Started process (PID=950) to work on /home/brendaschap/.local/lib/python3.10/site-packages/airflow/example_dags/example_dynamic_task_mapping_with_no_taskflow_operators.py
[2024-01-06T15:46:45.422-0300] {processor.py:830} INFO - Processing file /home/brendaschap/.local/lib/python3.10/site-packages/airflow/example_dags/example_dynamic_task_mapping_with_no_taskflow_operators.py for tasks to queue
[2024-01-06T15:46:45.422-0300] {logging_mixin.py:188} INFO - [2024-01-06T15:46:45.422-0300] {dagbag.py:538} INFO - Filling up the DagBag from /home/brendaschap/.local/lib/python3.10/site-packages/airflow/example_dags/example_dynamic_task_mapping_with_no_taskflow_operators.py
[2024-01-06T15:46:45.426-0300] {processor.py:840} INFO - DAG(s) 'example_dynamic_task_mapping_with_no_taskflow_operators' retrieved from /home/brendaschap/.local/lib/python3.10/site-packages/airflow/example_dags/example_dynamic_task_mapping_with_no_taskflow_operators.py
[2024-01-06T15:46:45.433-0300] {logging_mixin.py:188} INFO - [2024-01-06T15:46:45.433-0300] {dag.py:3033} INFO - Sync 1 DAGs
[2024-01-06T15:46:45.443-0300] {logging_mixin.py:188} INFO - [2024-01-06T15:46:45.443-0300] {dag.py:3820} INFO - Setting next_dagrun for example_dynamic_task_mapping_with_no_taskflow_operators to 2024-01-05T00:00:00+00:00, run_after=2024-01-06T00:00:00+00:00
[2024-01-06T15:46:45.481-0300] {processor.py:183} INFO - Processing /home/brendaschap/.local/lib/python3.10/site-packages/airflow/example_dags/example_dynamic_task_mapping_with_no_taskflow_operators.py took 0.065 seconds
[2024-01-06T15:47:36.061-0300] {processor.py:161} INFO - Started process (PID=1010) to work on /home/brendaschap/.local/lib/python3.10/site-packages/airflow/example_dags/example_dynamic_task_mapping_with_no_taskflow_operators.py
[2024-01-06T15:47:36.061-0300] {processor.py:830} INFO - Processing file /home/brendaschap/.local/lib/python3.10/site-packages/airflow/example_dags/example_dynamic_task_mapping_with_no_taskflow_operators.py for tasks to queue
[2024-01-06T15:47:36.062-0300] {logging_mixin.py:188} INFO - [2024-01-06T15:47:36.062-0300] {dagbag.py:538} INFO - Filling up the DagBag from /home/brendaschap/.local/lib/python3.10/site-packages/airflow/example_dags/example_dynamic_task_mapping_with_no_taskflow_operators.py
[2024-01-06T15:47:36.066-0300] {processor.py:840} INFO - DAG(s) 'example_dynamic_task_mapping_with_no_taskflow_operators' retrieved from /home/brendaschap/.local/lib/python3.10/site-packages/airflow/example_dags/example_dynamic_task_mapping_with_no_taskflow_operators.py
[2024-01-06T15:47:36.073-0300] {logging_mixin.py:188} INFO - [2024-01-06T15:47:36.073-0300] {dag.py:3033} INFO - Sync 1 DAGs
[2024-01-06T15:47:36.082-0300] {logging_mixin.py:188} INFO - [2024-01-06T15:47:36.082-0300] {dag.py:3820} INFO - Setting next_dagrun for example_dynamic_task_mapping_with_no_taskflow_operators to 2024-01-05T00:00:00+00:00, run_after=2024-01-06T00:00:00+00:00
[2024-01-06T15:47:36.099-0300] {processor.py:183} INFO - Processing /home/brendaschap/.local/lib/python3.10/site-packages/airflow/example_dags/example_dynamic_task_mapping_with_no_taskflow_operators.py took 0.040 seconds
[2024-01-06T15:48:12.158-0300] {processor.py:161} INFO - Started process (PID=1050) to work on /home/brendaschap/.local/lib/python3.10/site-packages/airflow/example_dags/example_dynamic_task_mapping_with_no_taskflow_operators.py
[2024-01-06T15:48:12.159-0300] {processor.py:830} INFO - Processing file /home/brendaschap/.local/lib/python3.10/site-packages/airflow/example_dags/example_dynamic_task_mapping_with_no_taskflow_operators.py for tasks to queue
[2024-01-06T15:48:12.159-0300] {logging_mixin.py:188} INFO - [2024-01-06T15:48:12.159-0300] {dagbag.py:538} INFO - Filling up the DagBag from /home/brendaschap/.local/lib/python3.10/site-packages/airflow/example_dags/example_dynamic_task_mapping_with_no_taskflow_operators.py
[2024-01-06T15:48:12.163-0300] {processor.py:840} INFO - DAG(s) 'example_dynamic_task_mapping_with_no_taskflow_operators' retrieved from /home/brendaschap/.local/lib/python3.10/site-packages/airflow/example_dags/example_dynamic_task_mapping_with_no_taskflow_operators.py
[2024-01-06T15:48:12.170-0300] {logging_mixin.py:188} INFO - [2024-01-06T15:48:12.170-0300] {dag.py:3033} INFO - Sync 1 DAGs
[2024-01-06T15:48:12.180-0300] {logging_mixin.py:188} INFO - [2024-01-06T15:48:12.180-0300] {dag.py:3820} INFO - Setting next_dagrun for example_dynamic_task_mapping_with_no_taskflow_operators to 2024-01-05T00:00:00+00:00, run_after=2024-01-06T00:00:00+00:00
[2024-01-06T15:48:12.196-0300] {processor.py:183} INFO - Processing /home/brendaschap/.local/lib/python3.10/site-packages/airflow/example_dags/example_dynamic_task_mapping_with_no_taskflow_operators.py took 0.040 seconds
