[2024-01-06T15:44:28.198-0300] {processor.py:161} INFO - Started process (PID=721) to work on /home/brendaschap/.local/lib/python3.10/site-packages/airflow/example_dags/example_latest_only_with_trigger.py
[2024-01-06T15:44:28.198-0300] {processor.py:830} INFO - Processing file /home/brendaschap/.local/lib/python3.10/site-packages/airflow/example_dags/example_latest_only_with_trigger.py for tasks to queue
[2024-01-06T15:44:28.198-0300] {logging_mixin.py:188} INFO - [2024-01-06T15:44:28.198-0300] {dagbag.py:538} INFO - Filling up the DagBag from /home/brendaschap/.local/lib/python3.10/site-packages/airflow/example_dags/example_latest_only_with_trigger.py
[2024-01-06T15:44:28.203-0300] {processor.py:840} INFO - DAG(s) 'latest_only_with_trigger' retrieved from /home/brendaschap/.local/lib/python3.10/site-packages/airflow/example_dags/example_latest_only_with_trigger.py
[2024-01-06T15:44:28.339-0300] {logging_mixin.py:188} INFO - [2024-01-06T15:44:28.338-0300] {dag.py:3033} INFO - Sync 1 DAGs
[2024-01-06T15:44:28.351-0300] {logging_mixin.py:188} INFO - [2024-01-06T15:44:28.351-0300] {dag.py:3820} INFO - Setting next_dagrun for latest_only_with_trigger to 2024-01-06T12:00:00+00:00, run_after=2024-01-06T16:00:00+00:00
[2024-01-06T15:44:28.372-0300] {processor.py:183} INFO - Processing /home/brendaschap/.local/lib/python3.10/site-packages/airflow/example_dags/example_latest_only_with_trigger.py took 0.176 seconds
[2024-01-06T15:45:15.491-0300] {processor.py:161} INFO - Started process (PID=769) to work on /home/brendaschap/.local/lib/python3.10/site-packages/airflow/example_dags/example_latest_only_with_trigger.py
[2024-01-06T15:45:15.492-0300] {processor.py:830} INFO - Processing file /home/brendaschap/.local/lib/python3.10/site-packages/airflow/example_dags/example_latest_only_with_trigger.py for tasks to queue
[2024-01-06T15:45:15.493-0300] {logging_mixin.py:188} INFO - [2024-01-06T15:45:15.493-0300] {dagbag.py:538} INFO - Filling up the DagBag from /home/brendaschap/.local/lib/python3.10/site-packages/airflow/example_dags/example_latest_only_with_trigger.py
[2024-01-06T15:45:15.498-0300] {processor.py:840} INFO - DAG(s) 'latest_only_with_trigger' retrieved from /home/brendaschap/.local/lib/python3.10/site-packages/airflow/example_dags/example_latest_only_with_trigger.py
[2024-01-06T15:45:15.511-0300] {logging_mixin.py:188} INFO - [2024-01-06T15:45:15.510-0300] {dag.py:3033} INFO - Sync 1 DAGs
[2024-01-06T15:45:15.522-0300] {logging_mixin.py:188} INFO - [2024-01-06T15:45:15.522-0300] {dag.py:3820} INFO - Setting next_dagrun for latest_only_with_trigger to 2024-01-06T12:00:00+00:00, run_after=2024-01-06T16:00:00+00:00
[2024-01-06T15:45:15.542-0300] {processor.py:183} INFO - Processing /home/brendaschap/.local/lib/python3.10/site-packages/airflow/example_dags/example_latest_only_with_trigger.py took 0.053 seconds
[2024-01-06T15:46:01.831-0300] {processor.py:161} INFO - Started process (PID=898) to work on /home/brendaschap/.local/lib/python3.10/site-packages/airflow/example_dags/example_latest_only_with_trigger.py
[2024-01-06T15:46:01.835-0300] {processor.py:830} INFO - Processing file /home/brendaschap/.local/lib/python3.10/site-packages/airflow/example_dags/example_latest_only_with_trigger.py for tasks to queue
[2024-01-06T15:46:01.836-0300] {logging_mixin.py:188} INFO - [2024-01-06T15:46:01.835-0300] {dagbag.py:538} INFO - Filling up the DagBag from /home/brendaschap/.local/lib/python3.10/site-packages/airflow/example_dags/example_latest_only_with_trigger.py
[2024-01-06T15:46:01.839-0300] {processor.py:840} INFO - DAG(s) 'latest_only_with_trigger' retrieved from /home/brendaschap/.local/lib/python3.10/site-packages/airflow/example_dags/example_latest_only_with_trigger.py
[2024-01-06T15:46:01.847-0300] {logging_mixin.py:188} INFO - [2024-01-06T15:46:01.847-0300] {dag.py:3033} INFO - Sync 1 DAGs
[2024-01-06T15:46:01.857-0300] {logging_mixin.py:188} INFO - [2024-01-06T15:46:01.856-0300] {dag.py:3820} INFO - Setting next_dagrun for latest_only_with_trigger to 2024-01-06T12:00:00+00:00, run_after=2024-01-06T16:00:00+00:00
[2024-01-06T15:46:01.874-0300] {processor.py:183} INFO - Processing /home/brendaschap/.local/lib/python3.10/site-packages/airflow/example_dags/example_latest_only_with_trigger.py took 0.044 seconds
[2024-01-06T15:46:48.433-0300] {processor.py:161} INFO - Started process (PID=953) to work on /home/brendaschap/.local/lib/python3.10/site-packages/airflow/example_dags/example_latest_only_with_trigger.py
[2024-01-06T15:46:48.434-0300] {processor.py:830} INFO - Processing file /home/brendaschap/.local/lib/python3.10/site-packages/airflow/example_dags/example_latest_only_with_trigger.py for tasks to queue
[2024-01-06T15:46:48.435-0300] {logging_mixin.py:188} INFO - [2024-01-06T15:46:48.434-0300] {dagbag.py:538} INFO - Filling up the DagBag from /home/brendaschap/.local/lib/python3.10/site-packages/airflow/example_dags/example_latest_only_with_trigger.py
[2024-01-06T15:46:48.438-0300] {processor.py:840} INFO - DAG(s) 'latest_only_with_trigger' retrieved from /home/brendaschap/.local/lib/python3.10/site-packages/airflow/example_dags/example_latest_only_with_trigger.py
[2024-01-06T15:46:48.446-0300] {logging_mixin.py:188} INFO - [2024-01-06T15:46:48.446-0300] {dag.py:3033} INFO - Sync 1 DAGs
[2024-01-06T15:46:48.456-0300] {logging_mixin.py:188} INFO - [2024-01-06T15:46:48.456-0300] {dag.py:3820} INFO - Setting next_dagrun for latest_only_with_trigger to 2024-01-06T12:00:00+00:00, run_after=2024-01-06T16:00:00+00:00
[2024-01-06T15:46:48.472-0300] {processor.py:183} INFO - Processing /home/brendaschap/.local/lib/python3.10/site-packages/airflow/example_dags/example_latest_only_with_trigger.py took 0.040 seconds
[2024-01-06T15:47:39.651-0300] {processor.py:161} INFO - Started process (PID=1016) to work on /home/brendaschap/.local/lib/python3.10/site-packages/airflow/example_dags/example_latest_only_with_trigger.py
[2024-01-06T15:47:39.652-0300] {processor.py:830} INFO - Processing file /home/brendaschap/.local/lib/python3.10/site-packages/airflow/example_dags/example_latest_only_with_trigger.py for tasks to queue
[2024-01-06T15:47:39.652-0300] {logging_mixin.py:188} INFO - [2024-01-06T15:47:39.652-0300] {dagbag.py:538} INFO - Filling up the DagBag from /home/brendaschap/.local/lib/python3.10/site-packages/airflow/example_dags/example_latest_only_with_trigger.py
[2024-01-06T15:47:39.655-0300] {processor.py:840} INFO - DAG(s) 'latest_only_with_trigger' retrieved from /home/brendaschap/.local/lib/python3.10/site-packages/airflow/example_dags/example_latest_only_with_trigger.py
[2024-01-06T15:47:39.664-0300] {logging_mixin.py:188} INFO - [2024-01-06T15:47:39.663-0300] {dag.py:3033} INFO - Sync 1 DAGs
[2024-01-06T15:47:39.674-0300] {logging_mixin.py:188} INFO - [2024-01-06T15:47:39.674-0300] {dag.py:3820} INFO - Setting next_dagrun for latest_only_with_trigger to 2024-01-06T12:00:00+00:00, run_after=2024-01-06T16:00:00+00:00
[2024-01-06T15:47:39.689-0300] {processor.py:183} INFO - Processing /home/brendaschap/.local/lib/python3.10/site-packages/airflow/example_dags/example_latest_only_with_trigger.py took 0.040 seconds
