[2024-01-06T15:44:23.199-0300] {processor.py:161} INFO - Started process (PID=716) to work on /home/brendaschap/.local/lib/python3.10/site-packages/airflow/example_dags/example_xcomargs.py
[2024-01-06T15:44:23.200-0300] {processor.py:830} INFO - Processing file /home/brendaschap/.local/lib/python3.10/site-packages/airflow/example_dags/example_xcomargs.py for tasks to queue
[2024-01-06T15:44:23.200-0300] {logging_mixin.py:188} INFO - [2024-01-06T15:44:23.200-0300] {dagbag.py:538} INFO - Filling up the DagBag from /home/brendaschap/.local/lib/python3.10/site-packages/airflow/example_dags/example_xcomargs.py
[2024-01-06T15:44:23.206-0300] {processor.py:840} INFO - DAG(s) 'example_xcom_args_with_operators', 'example_xcom_args' retrieved from /home/brendaschap/.local/lib/python3.10/site-packages/airflow/example_dags/example_xcomargs.py
[2024-01-06T15:44:23.334-0300] {logging_mixin.py:188} INFO - [2024-01-06T15:44:23.334-0300] {dag.py:3033} INFO - Sync 2 DAGs
[2024-01-06T15:44:23.341-0300] {logging_mixin.py:188} INFO - [2024-01-06T15:44:23.340-0300] {dag.py:3820} INFO - Setting next_dagrun for example_xcom_args to None, run_after=None
[2024-01-06T15:44:23.342-0300] {logging_mixin.py:188} INFO - [2024-01-06T15:44:23.342-0300] {dag.py:3820} INFO - Setting next_dagrun for example_xcom_args_with_operators to None, run_after=None
[2024-01-06T15:44:23.359-0300] {processor.py:183} INFO - Processing /home/brendaschap/.local/lib/python3.10/site-packages/airflow/example_dags/example_xcomargs.py took 0.161 seconds
[2024-01-06T15:45:11.636-0300] {processor.py:161} INFO - Started process (PID=764) to work on /home/brendaschap/.local/lib/python3.10/site-packages/airflow/example_dags/example_xcomargs.py
[2024-01-06T15:45:11.637-0300] {processor.py:830} INFO - Processing file /home/brendaschap/.local/lib/python3.10/site-packages/airflow/example_dags/example_xcomargs.py for tasks to queue
[2024-01-06T15:45:11.638-0300] {logging_mixin.py:188} INFO - [2024-01-06T15:45:11.637-0300] {dagbag.py:538} INFO - Filling up the DagBag from /home/brendaschap/.local/lib/python3.10/site-packages/airflow/example_dags/example_xcomargs.py
[2024-01-06T15:45:11.643-0300] {processor.py:840} INFO - DAG(s) 'example_xcom_args', 'example_xcom_args_with_operators' retrieved from /home/brendaschap/.local/lib/python3.10/site-packages/airflow/example_dags/example_xcomargs.py
[2024-01-06T15:45:11.652-0300] {logging_mixin.py:188} INFO - [2024-01-06T15:45:11.652-0300] {dag.py:3033} INFO - Sync 2 DAGs
[2024-01-06T15:45:11.658-0300] {logging_mixin.py:188} INFO - [2024-01-06T15:45:11.658-0300] {dag.py:3820} INFO - Setting next_dagrun for example_xcom_args to None, run_after=None
[2024-01-06T15:45:11.661-0300] {logging_mixin.py:188} INFO - [2024-01-06T15:45:11.661-0300] {dag.py:3820} INFO - Setting next_dagrun for example_xcom_args_with_operators to None, run_after=None
[2024-01-06T15:45:11.676-0300] {processor.py:183} INFO - Processing /home/brendaschap/.local/lib/python3.10/site-packages/airflow/example_dags/example_xcomargs.py took 0.041 seconds
[2024-01-06T15:45:56.010-0300] {processor.py:161} INFO - Started process (PID=893) to work on /home/brendaschap/.local/lib/python3.10/site-packages/airflow/example_dags/example_xcomargs.py
[2024-01-06T15:45:56.014-0300] {processor.py:830} INFO - Processing file /home/brendaschap/.local/lib/python3.10/site-packages/airflow/example_dags/example_xcomargs.py for tasks to queue
[2024-01-06T15:45:56.014-0300] {logging_mixin.py:188} INFO - [2024-01-06T15:45:56.014-0300] {dagbag.py:538} INFO - Filling up the DagBag from /home/brendaschap/.local/lib/python3.10/site-packages/airflow/example_dags/example_xcomargs.py
[2024-01-06T15:45:56.019-0300] {processor.py:840} INFO - DAG(s) 'example_xcom_args_with_operators', 'example_xcom_args' retrieved from /home/brendaschap/.local/lib/python3.10/site-packages/airflow/example_dags/example_xcomargs.py
[2024-01-06T15:45:56.028-0300] {logging_mixin.py:188} INFO - [2024-01-06T15:45:56.028-0300] {dag.py:3033} INFO - Sync 2 DAGs
[2024-01-06T15:45:56.034-0300] {logging_mixin.py:188} INFO - [2024-01-06T15:45:56.034-0300] {dag.py:3820} INFO - Setting next_dagrun for example_xcom_args to None, run_after=None
[2024-01-06T15:45:56.035-0300] {logging_mixin.py:188} INFO - [2024-01-06T15:45:56.035-0300] {dag.py:3820} INFO - Setting next_dagrun for example_xcom_args_with_operators to None, run_after=None
[2024-01-06T15:45:56.065-0300] {processor.py:183} INFO - Processing /home/brendaschap/.local/lib/python3.10/site-packages/airflow/example_dags/example_xcomargs.py took 0.057 seconds
[2024-01-06T15:46:44.434-0300] {processor.py:161} INFO - Started process (PID=948) to work on /home/brendaschap/.local/lib/python3.10/site-packages/airflow/example_dags/example_xcomargs.py
[2024-01-06T15:46:44.437-0300] {processor.py:830} INFO - Processing file /home/brendaschap/.local/lib/python3.10/site-packages/airflow/example_dags/example_xcomargs.py for tasks to queue
[2024-01-06T15:46:44.438-0300] {logging_mixin.py:188} INFO - [2024-01-06T15:46:44.438-0300] {dagbag.py:538} INFO - Filling up the DagBag from /home/brendaschap/.local/lib/python3.10/site-packages/airflow/example_dags/example_xcomargs.py
[2024-01-06T15:46:44.442-0300] {processor.py:840} INFO - DAG(s) 'example_xcom_args_with_operators', 'example_xcom_args' retrieved from /home/brendaschap/.local/lib/python3.10/site-packages/airflow/example_dags/example_xcomargs.py
[2024-01-06T15:46:44.451-0300] {logging_mixin.py:188} INFO - [2024-01-06T15:46:44.451-0300] {dag.py:3033} INFO - Sync 2 DAGs
[2024-01-06T15:46:44.457-0300] {logging_mixin.py:188} INFO - [2024-01-06T15:46:44.457-0300] {dag.py:3820} INFO - Setting next_dagrun for example_xcom_args to None, run_after=None
[2024-01-06T15:46:44.459-0300] {logging_mixin.py:188} INFO - [2024-01-06T15:46:44.459-0300] {dag.py:3820} INFO - Setting next_dagrun for example_xcom_args_with_operators to None, run_after=None
[2024-01-06T15:46:44.475-0300] {processor.py:183} INFO - Processing /home/brendaschap/.local/lib/python3.10/site-packages/airflow/example_dags/example_xcomargs.py took 0.043 seconds
[2024-01-06T15:47:19.404-0300] {processor.py:161} INFO - Started process (PID=991) to work on /home/brendaschap/.local/lib/python3.10/site-packages/airflow/example_dags/example_xcomargs.py
[2024-01-06T15:47:19.405-0300] {processor.py:830} INFO - Processing file /home/brendaschap/.local/lib/python3.10/site-packages/airflow/example_dags/example_xcomargs.py for tasks to queue
[2024-01-06T15:47:19.406-0300] {logging_mixin.py:188} INFO - [2024-01-06T15:47:19.406-0300] {dagbag.py:538} INFO - Filling up the DagBag from /home/brendaschap/.local/lib/python3.10/site-packages/airflow/example_dags/example_xcomargs.py
[2024-01-06T15:47:19.410-0300] {processor.py:840} INFO - DAG(s) 'example_xcom_args_with_operators', 'example_xcom_args' retrieved from /home/brendaschap/.local/lib/python3.10/site-packages/airflow/example_dags/example_xcomargs.py
[2024-01-06T15:47:19.420-0300] {logging_mixin.py:188} INFO - [2024-01-06T15:47:19.420-0300] {dag.py:3033} INFO - Sync 2 DAGs
[2024-01-06T15:47:19.426-0300] {logging_mixin.py:188} INFO - [2024-01-06T15:47:19.426-0300] {dag.py:3820} INFO - Setting next_dagrun for example_xcom_args to None, run_after=None
[2024-01-06T15:47:19.483-0300] {logging_mixin.py:188} INFO - [2024-01-06T15:47:19.482-0300] {dag.py:3820} INFO - Setting next_dagrun for example_xcom_args_with_operators to None, run_after=None
[2024-01-06T15:47:19.499-0300] {processor.py:183} INFO - Processing /home/brendaschap/.local/lib/python3.10/site-packages/airflow/example_dags/example_xcomargs.py took 0.096 seconds
[2024-01-06T15:47:54.873-0300] {processor.py:161} INFO - Started process (PID=1033) to work on /home/brendaschap/.local/lib/python3.10/site-packages/airflow/example_dags/example_xcomargs.py
[2024-01-06T15:47:54.874-0300] {processor.py:830} INFO - Processing file /home/brendaschap/.local/lib/python3.10/site-packages/airflow/example_dags/example_xcomargs.py for tasks to queue
[2024-01-06T15:47:54.875-0300] {logging_mixin.py:188} INFO - [2024-01-06T15:47:54.874-0300] {dagbag.py:538} INFO - Filling up the DagBag from /home/brendaschap/.local/lib/python3.10/site-packages/airflow/example_dags/example_xcomargs.py
[2024-01-06T15:47:54.879-0300] {processor.py:840} INFO - DAG(s) 'example_xcom_args_with_operators', 'example_xcom_args' retrieved from /home/brendaschap/.local/lib/python3.10/site-packages/airflow/example_dags/example_xcomargs.py
[2024-01-06T15:47:54.889-0300] {logging_mixin.py:188} INFO - [2024-01-06T15:47:54.889-0300] {dag.py:3033} INFO - Sync 2 DAGs
[2024-01-06T15:47:54.895-0300] {logging_mixin.py:188} INFO - [2024-01-06T15:47:54.894-0300] {dag.py:3820} INFO - Setting next_dagrun for example_xcom_args to None, run_after=None
[2024-01-06T15:47:54.896-0300] {logging_mixin.py:188} INFO - [2024-01-06T15:47:54.896-0300] {dag.py:3820} INFO - Setting next_dagrun for example_xcom_args_with_operators to None, run_after=None
[2024-01-06T15:47:54.910-0300] {processor.py:183} INFO - Processing /home/brendaschap/.local/lib/python3.10/site-packages/airflow/example_dags/example_xcomargs.py took 0.038 seconds
[2024-01-06T15:48:31.784-0300] {processor.py:161} INFO - Started process (PID=1069) to work on /home/brendaschap/.local/lib/python3.10/site-packages/airflow/example_dags/example_xcomargs.py
[2024-01-06T15:48:31.788-0300] {processor.py:830} INFO - Processing file /home/brendaschap/.local/lib/python3.10/site-packages/airflow/example_dags/example_xcomargs.py for tasks to queue
[2024-01-06T15:48:31.789-0300] {logging_mixin.py:188} INFO - [2024-01-06T15:48:31.788-0300] {dagbag.py:538} INFO - Filling up the DagBag from /home/brendaschap/.local/lib/python3.10/site-packages/airflow/example_dags/example_xcomargs.py
[2024-01-06T15:48:31.793-0300] {processor.py:840} INFO - DAG(s) 'example_xcom_args', 'example_xcom_args_with_operators' retrieved from /home/brendaschap/.local/lib/python3.10/site-packages/airflow/example_dags/example_xcomargs.py
[2024-01-06T15:48:31.806-0300] {logging_mixin.py:188} INFO - [2024-01-06T15:48:31.806-0300] {dag.py:3033} INFO - Sync 2 DAGs
[2024-01-06T15:48:31.816-0300] {logging_mixin.py:188} INFO - [2024-01-06T15:48:31.815-0300] {dag.py:3820} INFO - Setting next_dagrun for example_xcom_args to None, run_after=None
[2024-01-06T15:48:31.818-0300] {logging_mixin.py:188} INFO - [2024-01-06T15:48:31.818-0300] {dag.py:3820} INFO - Setting next_dagrun for example_xcom_args_with_operators to None, run_after=None
[2024-01-06T15:48:31.834-0300] {processor.py:183} INFO - Processing /home/brendaschap/.local/lib/python3.10/site-packages/airflow/example_dags/example_xcomargs.py took 0.051 seconds
