[2024-01-06T15:44:27.531-0300] {processor.py:161} INFO - Started process (PID=720) to work on /home/brendaschap/.local/lib/python3.10/site-packages/airflow/example_dags/example_short_circuit_decorator.py
[2024-01-06T15:44:27.531-0300] {processor.py:830} INFO - Processing file /home/brendaschap/.local/lib/python3.10/site-packages/airflow/example_dags/example_short_circuit_decorator.py for tasks to queue
[2024-01-06T15:44:27.531-0300] {logging_mixin.py:188} INFO - [2024-01-06T15:44:27.531-0300] {dagbag.py:538} INFO - Filling up the DagBag from /home/brendaschap/.local/lib/python3.10/site-packages/airflow/example_dags/example_short_circuit_decorator.py
[2024-01-06T15:44:27.538-0300] {processor.py:840} INFO - DAG(s) 'example_short_circuit_decorator' retrieved from /home/brendaschap/.local/lib/python3.10/site-packages/airflow/example_dags/example_short_circuit_decorator.py
[2024-01-06T15:44:27.673-0300] {logging_mixin.py:188} INFO - [2024-01-06T15:44:27.673-0300] {dag.py:3033} INFO - Sync 1 DAGs
[2024-01-06T15:44:27.683-0300] {logging_mixin.py:188} INFO - [2024-01-06T15:44:27.683-0300] {dag.py:3820} INFO - Setting next_dagrun for example_short_circuit_decorator to 2024-01-05T00:00:00+00:00, run_after=2024-01-06T00:00:00+00:00
[2024-01-06T15:44:27.701-0300] {processor.py:183} INFO - Processing /home/brendaschap/.local/lib/python3.10/site-packages/airflow/example_dags/example_short_circuit_decorator.py took 0.172 seconds
[2024-01-06T15:45:14.357-0300] {processor.py:161} INFO - Started process (PID=768) to work on /home/brendaschap/.local/lib/python3.10/site-packages/airflow/example_dags/example_short_circuit_decorator.py
[2024-01-06T15:45:14.361-0300] {processor.py:830} INFO - Processing file /home/brendaschap/.local/lib/python3.10/site-packages/airflow/example_dags/example_short_circuit_decorator.py for tasks to queue
[2024-01-06T15:45:14.361-0300] {logging_mixin.py:188} INFO - [2024-01-06T15:45:14.361-0300] {dagbag.py:538} INFO - Filling up the DagBag from /home/brendaschap/.local/lib/python3.10/site-packages/airflow/example_dags/example_short_circuit_decorator.py
[2024-01-06T15:45:14.366-0300] {processor.py:840} INFO - DAG(s) 'example_short_circuit_decorator' retrieved from /home/brendaschap/.local/lib/python3.10/site-packages/airflow/example_dags/example_short_circuit_decorator.py
[2024-01-06T15:45:14.376-0300] {logging_mixin.py:188} INFO - [2024-01-06T15:45:14.376-0300] {dag.py:3033} INFO - Sync 1 DAGs
[2024-01-06T15:45:14.387-0300] {logging_mixin.py:188} INFO - [2024-01-06T15:45:14.387-0300] {dag.py:3820} INFO - Setting next_dagrun for example_short_circuit_decorator to 2024-01-05T00:00:00+00:00, run_after=2024-01-06T00:00:00+00:00
[2024-01-06T15:45:14.453-0300] {processor.py:183} INFO - Processing /home/brendaschap/.local/lib/python3.10/site-packages/airflow/example_dags/example_short_circuit_decorator.py took 0.098 seconds
[2024-01-06T15:46:00.703-0300] {processor.py:161} INFO - Started process (PID=897) to work on /home/brendaschap/.local/lib/python3.10/site-packages/airflow/example_dags/example_short_circuit_decorator.py
[2024-01-06T15:46:00.707-0300] {processor.py:830} INFO - Processing file /home/brendaschap/.local/lib/python3.10/site-packages/airflow/example_dags/example_short_circuit_decorator.py for tasks to queue
[2024-01-06T15:46:00.707-0300] {logging_mixin.py:188} INFO - [2024-01-06T15:46:00.707-0300] {dagbag.py:538} INFO - Filling up the DagBag from /home/brendaschap/.local/lib/python3.10/site-packages/airflow/example_dags/example_short_circuit_decorator.py
[2024-01-06T15:46:00.712-0300] {processor.py:840} INFO - DAG(s) 'example_short_circuit_decorator' retrieved from /home/brendaschap/.local/lib/python3.10/site-packages/airflow/example_dags/example_short_circuit_decorator.py
[2024-01-06T15:46:00.720-0300] {logging_mixin.py:188} INFO - [2024-01-06T15:46:00.720-0300] {dag.py:3033} INFO - Sync 1 DAGs
[2024-01-06T15:46:00.730-0300] {logging_mixin.py:188} INFO - [2024-01-06T15:46:00.730-0300] {dag.py:3820} INFO - Setting next_dagrun for example_short_circuit_decorator to 2024-01-05T00:00:00+00:00, run_after=2024-01-06T00:00:00+00:00
[2024-01-06T15:46:00.748-0300] {processor.py:183} INFO - Processing /home/brendaschap/.local/lib/python3.10/site-packages/airflow/example_dags/example_short_circuit_decorator.py took 0.047 seconds
[2024-01-06T15:46:47.880-0300] {processor.py:161} INFO - Started process (PID=952) to work on /home/brendaschap/.local/lib/python3.10/site-packages/airflow/example_dags/example_short_circuit_decorator.py
[2024-01-06T15:46:47.884-0300] {processor.py:830} INFO - Processing file /home/brendaschap/.local/lib/python3.10/site-packages/airflow/example_dags/example_short_circuit_decorator.py for tasks to queue
[2024-01-06T15:46:47.885-0300] {logging_mixin.py:188} INFO - [2024-01-06T15:46:47.885-0300] {dagbag.py:538} INFO - Filling up the DagBag from /home/brendaschap/.local/lib/python3.10/site-packages/airflow/example_dags/example_short_circuit_decorator.py
[2024-01-06T15:46:47.890-0300] {processor.py:840} INFO - DAG(s) 'example_short_circuit_decorator' retrieved from /home/brendaschap/.local/lib/python3.10/site-packages/airflow/example_dags/example_short_circuit_decorator.py
[2024-01-06T15:46:47.899-0300] {logging_mixin.py:188} INFO - [2024-01-06T15:46:47.899-0300] {dag.py:3033} INFO - Sync 1 DAGs
[2024-01-06T15:46:47.909-0300] {logging_mixin.py:188} INFO - [2024-01-06T15:46:47.909-0300] {dag.py:3820} INFO - Setting next_dagrun for example_short_circuit_decorator to 2024-01-05T00:00:00+00:00, run_after=2024-01-06T00:00:00+00:00
[2024-01-06T15:46:47.926-0300] {processor.py:183} INFO - Processing /home/brendaschap/.local/lib/python3.10/site-packages/airflow/example_dags/example_short_circuit_decorator.py took 0.048 seconds
[2024-01-06T15:47:38.523-0300] {processor.py:161} INFO - Started process (PID=1012) to work on /home/brendaschap/.local/lib/python3.10/site-packages/airflow/example_dags/example_short_circuit_decorator.py
[2024-01-06T15:47:38.524-0300] {processor.py:830} INFO - Processing file /home/brendaschap/.local/lib/python3.10/site-packages/airflow/example_dags/example_short_circuit_decorator.py for tasks to queue
[2024-01-06T15:47:38.524-0300] {logging_mixin.py:188} INFO - [2024-01-06T15:47:38.524-0300] {dagbag.py:538} INFO - Filling up the DagBag from /home/brendaschap/.local/lib/python3.10/site-packages/airflow/example_dags/example_short_circuit_decorator.py
[2024-01-06T15:47:38.530-0300] {processor.py:840} INFO - DAG(s) 'example_short_circuit_decorator' retrieved from /home/brendaschap/.local/lib/python3.10/site-packages/airflow/example_dags/example_short_circuit_decorator.py
[2024-01-06T15:47:38.540-0300] {logging_mixin.py:188} INFO - [2024-01-06T15:47:38.540-0300] {dag.py:3033} INFO - Sync 1 DAGs
[2024-01-06T15:47:38.550-0300] {logging_mixin.py:188} INFO - [2024-01-06T15:47:38.550-0300] {dag.py:3820} INFO - Setting next_dagrun for example_short_circuit_decorator to 2024-01-05T00:00:00+00:00, run_after=2024-01-06T00:00:00+00:00
[2024-01-06T15:47:38.565-0300] {processor.py:183} INFO - Processing /home/brendaschap/.local/lib/python3.10/site-packages/airflow/example_dags/example_short_circuit_decorator.py took 0.044 seconds
