[2024-01-06T15:44:18.198-0300] {processor.py:161} INFO - Started process (PID=712) to work on /home/brendaschap/.local/lib/python3.10/site-packages/airflow/example_dags/example_python_decorator.py
[2024-01-06T15:44:18.199-0300] {processor.py:830} INFO - Processing file /home/brendaschap/.local/lib/python3.10/site-packages/airflow/example_dags/example_python_decorator.py for tasks to queue
[2024-01-06T15:44:18.199-0300] {logging_mixin.py:188} INFO - [2024-01-06T15:44:18.199-0300] {dagbag.py:538} INFO - Filling up the DagBag from /home/brendaschap/.local/lib/python3.10/site-packages/airflow/example_dags/example_python_decorator.py
[2024-01-06T15:44:18.278-0300] {processor.py:840} INFO - DAG(s) 'example_python_decorator' retrieved from /home/brendaschap/.local/lib/python3.10/site-packages/airflow/example_dags/example_python_decorator.py
[2024-01-06T15:44:18.415-0300] {logging_mixin.py:188} INFO - [2024-01-06T15:44:18.415-0300] {dag.py:3033} INFO - Sync 1 DAGs
[2024-01-06T15:44:18.421-0300] {logging_mixin.py:188} INFO - [2024-01-06T15:44:18.421-0300] {dag.py:3820} INFO - Setting next_dagrun for example_python_decorator to None, run_after=None
[2024-01-06T15:44:18.437-0300] {processor.py:183} INFO - Processing /home/brendaschap/.local/lib/python3.10/site-packages/airflow/example_dags/example_python_decorator.py took 0.240 seconds
[2024-01-06T15:45:07.629-0300] {processor.py:161} INFO - Started process (PID=760) to work on /home/brendaschap/.local/lib/python3.10/site-packages/airflow/example_dags/example_python_decorator.py
[2024-01-06T15:45:07.630-0300] {processor.py:830} INFO - Processing file /home/brendaschap/.local/lib/python3.10/site-packages/airflow/example_dags/example_python_decorator.py for tasks to queue
[2024-01-06T15:45:07.630-0300] {logging_mixin.py:188} INFO - [2024-01-06T15:45:07.630-0300] {dagbag.py:538} INFO - Filling up the DagBag from /home/brendaschap/.local/lib/python3.10/site-packages/airflow/example_dags/example_python_decorator.py
[2024-01-06T15:45:07.713-0300] {processor.py:840} INFO - DAG(s) 'example_python_decorator' retrieved from /home/brendaschap/.local/lib/python3.10/site-packages/airflow/example_dags/example_python_decorator.py
[2024-01-06T15:45:07.726-0300] {logging_mixin.py:188} INFO - [2024-01-06T15:45:07.726-0300] {dag.py:3033} INFO - Sync 1 DAGs
[2024-01-06T15:45:07.733-0300] {logging_mixin.py:188} INFO - [2024-01-06T15:45:07.733-0300] {dag.py:3820} INFO - Setting next_dagrun for example_python_decorator to None, run_after=None
[2024-01-06T15:45:07.751-0300] {processor.py:183} INFO - Processing /home/brendaschap/.local/lib/python3.10/site-packages/airflow/example_dags/example_python_decorator.py took 0.124 seconds
[2024-01-06T15:45:51.863-0300] {processor.py:161} INFO - Started process (PID=889) to work on /home/brendaschap/.local/lib/python3.10/site-packages/airflow/example_dags/example_python_decorator.py
[2024-01-06T15:45:51.865-0300] {processor.py:830} INFO - Processing file /home/brendaschap/.local/lib/python3.10/site-packages/airflow/example_dags/example_python_decorator.py for tasks to queue
[2024-01-06T15:45:51.865-0300] {logging_mixin.py:188} INFO - [2024-01-06T15:45:51.865-0300] {dagbag.py:538} INFO - Filling up the DagBag from /home/brendaschap/.local/lib/python3.10/site-packages/airflow/example_dags/example_python_decorator.py
[2024-01-06T15:45:51.935-0300] {processor.py:840} INFO - DAG(s) 'example_python_decorator' retrieved from /home/brendaschap/.local/lib/python3.10/site-packages/airflow/example_dags/example_python_decorator.py
[2024-01-06T15:45:51.944-0300] {logging_mixin.py:188} INFO - [2024-01-06T15:45:51.944-0300] {dag.py:3033} INFO - Sync 1 DAGs
[2024-01-06T15:45:51.950-0300] {logging_mixin.py:188} INFO - [2024-01-06T15:45:51.950-0300] {dag.py:3820} INFO - Setting next_dagrun for example_python_decorator to None, run_after=None
[2024-01-06T15:45:51.965-0300] {processor.py:183} INFO - Processing /home/brendaschap/.local/lib/python3.10/site-packages/airflow/example_dags/example_python_decorator.py took 0.103 seconds
[2024-01-06T15:46:26.400-0300] {processor.py:161} INFO - Started process (PID=925) to work on /home/brendaschap/.local/lib/python3.10/site-packages/airflow/example_dags/example_python_decorator.py
[2024-01-06T15:46:26.404-0300] {processor.py:830} INFO - Processing file /home/brendaschap/.local/lib/python3.10/site-packages/airflow/example_dags/example_python_decorator.py for tasks to queue
[2024-01-06T15:46:26.405-0300] {logging_mixin.py:188} INFO - [2024-01-06T15:46:26.404-0300] {dagbag.py:538} INFO - Filling up the DagBag from /home/brendaschap/.local/lib/python3.10/site-packages/airflow/example_dags/example_python_decorator.py
[2024-01-06T15:46:26.469-0300] {processor.py:840} INFO - DAG(s) 'example_python_decorator' retrieved from /home/brendaschap/.local/lib/python3.10/site-packages/airflow/example_dags/example_python_decorator.py
[2024-01-06T15:46:26.480-0300] {logging_mixin.py:188} INFO - [2024-01-06T15:46:26.480-0300] {dag.py:3033} INFO - Sync 1 DAGs
[2024-01-06T15:46:26.487-0300] {logging_mixin.py:188} INFO - [2024-01-06T15:46:26.487-0300] {dag.py:3820} INFO - Setting next_dagrun for example_python_decorator to None, run_after=None
[2024-01-06T15:46:26.504-0300] {processor.py:183} INFO - Processing /home/brendaschap/.local/lib/python3.10/site-packages/airflow/example_dags/example_python_decorator.py took 0.105 seconds
[2024-01-06T15:46:58.728-0300] {processor.py:161} INFO - Started process (PID=963) to work on /home/brendaschap/.local/lib/python3.10/site-packages/airflow/example_dags/example_python_decorator.py
[2024-01-06T15:46:58.732-0300] {processor.py:830} INFO - Processing file /home/brendaschap/.local/lib/python3.10/site-packages/airflow/example_dags/example_python_decorator.py for tasks to queue
[2024-01-06T15:46:58.733-0300] {logging_mixin.py:188} INFO - [2024-01-06T15:46:58.732-0300] {dagbag.py:538} INFO - Filling up the DagBag from /home/brendaschap/.local/lib/python3.10/site-packages/airflow/example_dags/example_python_decorator.py
[2024-01-06T15:46:58.801-0300] {processor.py:840} INFO - DAG(s) 'example_python_decorator' retrieved from /home/brendaschap/.local/lib/python3.10/site-packages/airflow/example_dags/example_python_decorator.py
[2024-01-06T15:46:58.810-0300] {logging_mixin.py:188} INFO - [2024-01-06T15:46:58.810-0300] {dag.py:3033} INFO - Sync 1 DAGs
[2024-01-06T15:46:58.816-0300] {logging_mixin.py:188} INFO - [2024-01-06T15:46:58.816-0300] {dag.py:3820} INFO - Setting next_dagrun for example_python_decorator to None, run_after=None
[2024-01-06T15:46:58.833-0300] {processor.py:183} INFO - Processing /home/brendaschap/.local/lib/python3.10/site-packages/airflow/example_dags/example_python_decorator.py took 0.106 seconds
[2024-01-06T15:47:34.822-0300] {processor.py:161} INFO - Started process (PID=1009) to work on /home/brendaschap/.local/lib/python3.10/site-packages/airflow/example_dags/example_python_decorator.py
[2024-01-06T15:47:34.825-0300] {processor.py:830} INFO - Processing file /home/brendaschap/.local/lib/python3.10/site-packages/airflow/example_dags/example_python_decorator.py for tasks to queue
[2024-01-06T15:47:34.826-0300] {logging_mixin.py:188} INFO - [2024-01-06T15:47:34.826-0300] {dagbag.py:538} INFO - Filling up the DagBag from /home/brendaschap/.local/lib/python3.10/site-packages/airflow/example_dags/example_python_decorator.py
[2024-01-06T15:47:34.895-0300] {processor.py:840} INFO - DAG(s) 'example_python_decorator' retrieved from /home/brendaschap/.local/lib/python3.10/site-packages/airflow/example_dags/example_python_decorator.py
[2024-01-06T15:47:34.908-0300] {logging_mixin.py:188} INFO - [2024-01-06T15:47:34.907-0300] {dag.py:3033} INFO - Sync 1 DAGs
[2024-01-06T15:47:34.916-0300] {logging_mixin.py:188} INFO - [2024-01-06T15:47:34.916-0300] {dag.py:3820} INFO - Setting next_dagrun for example_python_decorator to None, run_after=None
[2024-01-06T15:47:34.935-0300] {processor.py:183} INFO - Processing /home/brendaschap/.local/lib/python3.10/site-packages/airflow/example_dags/example_python_decorator.py took 0.115 seconds
[2024-01-06T15:48:09.845-0300] {processor.py:161} INFO - Started process (PID=1048) to work on /home/brendaschap/.local/lib/python3.10/site-packages/airflow/example_dags/example_python_decorator.py
[2024-01-06T15:48:09.848-0300] {processor.py:830} INFO - Processing file /home/brendaschap/.local/lib/python3.10/site-packages/airflow/example_dags/example_python_decorator.py for tasks to queue
[2024-01-06T15:48:09.849-0300] {logging_mixin.py:188} INFO - [2024-01-06T15:48:09.849-0300] {dagbag.py:538} INFO - Filling up the DagBag from /home/brendaschap/.local/lib/python3.10/site-packages/airflow/example_dags/example_python_decorator.py
[2024-01-06T15:48:09.918-0300] {processor.py:840} INFO - DAG(s) 'example_python_decorator' retrieved from /home/brendaschap/.local/lib/python3.10/site-packages/airflow/example_dags/example_python_decorator.py
[2024-01-06T15:48:09.928-0300] {logging_mixin.py:188} INFO - [2024-01-06T15:48:09.927-0300] {dag.py:3033} INFO - Sync 1 DAGs
[2024-01-06T15:48:09.933-0300] {logging_mixin.py:188} INFO - [2024-01-06T15:48:09.933-0300] {dag.py:3820} INFO - Setting next_dagrun for example_python_decorator to None, run_after=None
[2024-01-06T15:48:09.969-0300] {processor.py:183} INFO - Processing /home/brendaschap/.local/lib/python3.10/site-packages/airflow/example_dags/example_python_decorator.py took 0.126 seconds
