[2024-01-06T15:44:40.500-0300] {processor.py:161} INFO - Started process (PID=733) to work on /home/brendaschap/.local/lib/python3.10/site-packages/airflow/example_dags/example_trigger_controller_dag.py
[2024-01-06T15:44:40.500-0300] {processor.py:830} INFO - Processing file /home/brendaschap/.local/lib/python3.10/site-packages/airflow/example_dags/example_trigger_controller_dag.py for tasks to queue
[2024-01-06T15:44:40.500-0300] {logging_mixin.py:188} INFO - [2024-01-06T15:44:40.500-0300] {dagbag.py:538} INFO - Filling up the DagBag from /home/brendaschap/.local/lib/python3.10/site-packages/airflow/example_dags/example_trigger_controller_dag.py
[2024-01-06T15:44:40.503-0300] {processor.py:840} INFO - DAG(s) 'example_trigger_controller_dag' retrieved from /home/brendaschap/.local/lib/python3.10/site-packages/airflow/example_dags/example_trigger_controller_dag.py
[2024-01-06T15:44:40.624-0300] {logging_mixin.py:188} INFO - [2024-01-06T15:44:40.624-0300] {dag.py:3033} INFO - Sync 1 DAGs
[2024-01-06T15:44:40.632-0300] {logging_mixin.py:188} INFO - [2024-01-06T15:44:40.632-0300] {dag.py:3820} INFO - Setting next_dagrun for example_trigger_controller_dag to 2021-01-01T00:00:00+00:00, run_after=2021-01-01T00:00:00+00:00
[2024-01-06T15:44:40.652-0300] {processor.py:183} INFO - Processing /home/brendaschap/.local/lib/python3.10/site-packages/airflow/example_dags/example_trigger_controller_dag.py took 0.154 seconds
[2024-01-06T15:45:25.910-0300] {processor.py:161} INFO - Started process (PID=858) to work on /home/brendaschap/.local/lib/python3.10/site-packages/airflow/example_dags/example_trigger_controller_dag.py
[2024-01-06T15:45:25.911-0300] {processor.py:830} INFO - Processing file /home/brendaschap/.local/lib/python3.10/site-packages/airflow/example_dags/example_trigger_controller_dag.py for tasks to queue
[2024-01-06T15:45:25.912-0300] {logging_mixin.py:188} INFO - [2024-01-06T15:45:25.911-0300] {dagbag.py:538} INFO - Filling up the DagBag from /home/brendaschap/.local/lib/python3.10/site-packages/airflow/example_dags/example_trigger_controller_dag.py
[2024-01-06T15:45:25.914-0300] {processor.py:840} INFO - DAG(s) 'example_trigger_controller_dag' retrieved from /home/brendaschap/.local/lib/python3.10/site-packages/airflow/example_dags/example_trigger_controller_dag.py
[2024-01-06T15:45:25.922-0300] {logging_mixin.py:188} INFO - [2024-01-06T15:45:25.922-0300] {dag.py:3033} INFO - Sync 1 DAGs
[2024-01-06T15:45:25.932-0300] {logging_mixin.py:188} INFO - [2024-01-06T15:45:25.931-0300] {dag.py:3820} INFO - Setting next_dagrun for example_trigger_controller_dag to 2021-01-01T00:00:00+00:00, run_after=2021-01-01T00:00:00+00:00
[2024-01-06T15:45:25.954-0300] {processor.py:183} INFO - Processing /home/brendaschap/.local/lib/python3.10/site-packages/airflow/example_dags/example_trigger_controller_dag.py took 0.045 seconds
[2024-01-06T15:46:14.464-0300] {processor.py:161} INFO - Started process (PID=912) to work on /home/brendaschap/.local/lib/python3.10/site-packages/airflow/example_dags/example_trigger_controller_dag.py
[2024-01-06T15:46:14.468-0300] {processor.py:830} INFO - Processing file /home/brendaschap/.local/lib/python3.10/site-packages/airflow/example_dags/example_trigger_controller_dag.py for tasks to queue
[2024-01-06T15:46:14.468-0300] {logging_mixin.py:188} INFO - [2024-01-06T15:46:14.468-0300] {dagbag.py:538} INFO - Filling up the DagBag from /home/brendaschap/.local/lib/python3.10/site-packages/airflow/example_dags/example_trigger_controller_dag.py
[2024-01-06T15:46:14.471-0300] {processor.py:840} INFO - DAG(s) 'example_trigger_controller_dag' retrieved from /home/brendaschap/.local/lib/python3.10/site-packages/airflow/example_dags/example_trigger_controller_dag.py
[2024-01-06T15:46:14.478-0300] {logging_mixin.py:188} INFO - [2024-01-06T15:46:14.478-0300] {dag.py:3033} INFO - Sync 1 DAGs
[2024-01-06T15:46:14.488-0300] {logging_mixin.py:188} INFO - [2024-01-06T15:46:14.488-0300] {dag.py:3820} INFO - Setting next_dagrun for example_trigger_controller_dag to 2021-01-01T00:00:00+00:00, run_after=2021-01-01T00:00:00+00:00
[2024-01-06T15:46:14.505-0300] {processor.py:183} INFO - Processing /home/brendaschap/.local/lib/python3.10/site-packages/airflow/example_dags/example_trigger_controller_dag.py took 0.043 seconds
[2024-01-06T15:47:03.967-0300] {processor.py:161} INFO - Started process (PID=968) to work on /home/brendaschap/.local/lib/python3.10/site-packages/airflow/example_dags/example_trigger_controller_dag.py
[2024-01-06T15:47:03.968-0300] {processor.py:830} INFO - Processing file /home/brendaschap/.local/lib/python3.10/site-packages/airflow/example_dags/example_trigger_controller_dag.py for tasks to queue
[2024-01-06T15:47:03.968-0300] {logging_mixin.py:188} INFO - [2024-01-06T15:47:03.968-0300] {dagbag.py:538} INFO - Filling up the DagBag from /home/brendaschap/.local/lib/python3.10/site-packages/airflow/example_dags/example_trigger_controller_dag.py
[2024-01-06T15:47:03.971-0300] {processor.py:840} INFO - DAG(s) 'example_trigger_controller_dag' retrieved from /home/brendaschap/.local/lib/python3.10/site-packages/airflow/example_dags/example_trigger_controller_dag.py
[2024-01-06T15:47:03.979-0300] {logging_mixin.py:188} INFO - [2024-01-06T15:47:03.979-0300] {dag.py:3033} INFO - Sync 1 DAGs
[2024-01-06T15:47:03.989-0300] {logging_mixin.py:188} INFO - [2024-01-06T15:47:03.989-0300] {dag.py:3820} INFO - Setting next_dagrun for example_trigger_controller_dag to 2021-01-01T00:00:00+00:00, run_after=2021-01-01T00:00:00+00:00
[2024-01-06T15:47:04.005-0300] {processor.py:183} INFO - Processing /home/brendaschap/.local/lib/python3.10/site-packages/airflow/example_dags/example_trigger_controller_dag.py took 0.040 seconds
[2024-01-06T15:47:56.324-0300] {processor.py:161} INFO - Started process (PID=1035) to work on /home/brendaschap/.local/lib/python3.10/site-packages/airflow/example_dags/example_trigger_controller_dag.py
[2024-01-06T15:47:56.328-0300] {processor.py:830} INFO - Processing file /home/brendaschap/.local/lib/python3.10/site-packages/airflow/example_dags/example_trigger_controller_dag.py for tasks to queue
[2024-01-06T15:47:56.329-0300] {logging_mixin.py:188} INFO - [2024-01-06T15:47:56.328-0300] {dagbag.py:538} INFO - Filling up the DagBag from /home/brendaschap/.local/lib/python3.10/site-packages/airflow/example_dags/example_trigger_controller_dag.py
[2024-01-06T15:47:56.331-0300] {processor.py:840} INFO - DAG(s) 'example_trigger_controller_dag' retrieved from /home/brendaschap/.local/lib/python3.10/site-packages/airflow/example_dags/example_trigger_controller_dag.py
[2024-01-06T15:47:56.339-0300] {logging_mixin.py:188} INFO - [2024-01-06T15:47:56.339-0300] {dag.py:3033} INFO - Sync 1 DAGs
[2024-01-06T15:47:56.349-0300] {logging_mixin.py:188} INFO - [2024-01-06T15:47:56.349-0300] {dag.py:3820} INFO - Setting next_dagrun for example_trigger_controller_dag to 2021-01-01T00:00:00+00:00, run_after=2021-01-01T00:00:00+00:00
[2024-01-06T15:47:56.379-0300] {processor.py:183} INFO - Processing /home/brendaschap/.local/lib/python3.10/site-packages/airflow/example_dags/example_trigger_controller_dag.py took 0.056 seconds
