[2024-01-06T15:44:19.543-0300] {processor.py:161} INFO - Started process (PID=713) to work on /home/brendaschap/.local/lib/python3.10/site-packages/airflow/example_dags/tutorial_taskflow_api.py
[2024-01-06T15:44:19.543-0300] {processor.py:830} INFO - Processing file /home/brendaschap/.local/lib/python3.10/site-packages/airflow/example_dags/tutorial_taskflow_api.py for tasks to queue
[2024-01-06T15:44:19.543-0300] {logging_mixin.py:188} INFO - [2024-01-06T15:44:19.543-0300] {dagbag.py:538} INFO - Filling up the DagBag from /home/brendaschap/.local/lib/python3.10/site-packages/airflow/example_dags/tutorial_taskflow_api.py
[2024-01-06T15:44:19.548-0300] {processor.py:840} INFO - DAG(s) 'tutorial_taskflow_api' retrieved from /home/brendaschap/.local/lib/python3.10/site-packages/airflow/example_dags/tutorial_taskflow_api.py
[2024-01-06T15:44:19.671-0300] {logging_mixin.py:188} INFO - [2024-01-06T15:44:19.671-0300] {dag.py:3033} INFO - Sync 1 DAGs
[2024-01-06T15:44:19.677-0300] {logging_mixin.py:188} INFO - [2024-01-06T15:44:19.677-0300] {dag.py:3820} INFO - Setting next_dagrun for tutorial_taskflow_api to None, run_after=None
[2024-01-06T15:44:19.693-0300] {processor.py:183} INFO - Processing /home/brendaschap/.local/lib/python3.10/site-packages/airflow/example_dags/tutorial_taskflow_api.py took 0.152 seconds
[2024-01-06T15:45:08.858-0300] {processor.py:161} INFO - Started process (PID=761) to work on /home/brendaschap/.local/lib/python3.10/site-packages/airflow/example_dags/tutorial_taskflow_api.py
[2024-01-06T15:45:08.858-0300] {processor.py:830} INFO - Processing file /home/brendaschap/.local/lib/python3.10/site-packages/airflow/example_dags/tutorial_taskflow_api.py for tasks to queue
[2024-01-06T15:45:08.859-0300] {logging_mixin.py:188} INFO - [2024-01-06T15:45:08.859-0300] {dagbag.py:538} INFO - Filling up the DagBag from /home/brendaschap/.local/lib/python3.10/site-packages/airflow/example_dags/tutorial_taskflow_api.py
[2024-01-06T15:45:08.862-0300] {processor.py:840} INFO - DAG(s) 'tutorial_taskflow_api' retrieved from /home/brendaschap/.local/lib/python3.10/site-packages/airflow/example_dags/tutorial_taskflow_api.py
[2024-01-06T15:45:08.870-0300] {logging_mixin.py:188} INFO - [2024-01-06T15:45:08.870-0300] {dag.py:3033} INFO - Sync 1 DAGs
[2024-01-06T15:45:08.877-0300] {logging_mixin.py:188} INFO - [2024-01-06T15:45:08.877-0300] {dag.py:3820} INFO - Setting next_dagrun for tutorial_taskflow_api to None, run_after=None
[2024-01-06T15:45:08.892-0300] {processor.py:183} INFO - Processing /home/brendaschap/.local/lib/python3.10/site-packages/airflow/example_dags/tutorial_taskflow_api.py took 0.036 seconds
[2024-01-06T15:45:53.104-0300] {processor.py:161} INFO - Started process (PID=890) to work on /home/brendaschap/.local/lib/python3.10/site-packages/airflow/example_dags/tutorial_taskflow_api.py
[2024-01-06T15:45:53.105-0300] {processor.py:830} INFO - Processing file /home/brendaschap/.local/lib/python3.10/site-packages/airflow/example_dags/tutorial_taskflow_api.py for tasks to queue
[2024-01-06T15:45:53.106-0300] {logging_mixin.py:188} INFO - [2024-01-06T15:45:53.105-0300] {dagbag.py:538} INFO - Filling up the DagBag from /home/brendaschap/.local/lib/python3.10/site-packages/airflow/example_dags/tutorial_taskflow_api.py
[2024-01-06T15:45:53.109-0300] {processor.py:840} INFO - DAG(s) 'tutorial_taskflow_api' retrieved from /home/brendaschap/.local/lib/python3.10/site-packages/airflow/example_dags/tutorial_taskflow_api.py
[2024-01-06T15:45:53.116-0300] {logging_mixin.py:188} INFO - [2024-01-06T15:45:53.116-0300] {dag.py:3033} INFO - Sync 1 DAGs
[2024-01-06T15:45:53.122-0300] {logging_mixin.py:188} INFO - [2024-01-06T15:45:53.121-0300] {dag.py:3820} INFO - Setting next_dagrun for tutorial_taskflow_api to None, run_after=None
[2024-01-06T15:45:53.138-0300] {processor.py:183} INFO - Processing /home/brendaschap/.local/lib/python3.10/site-packages/airflow/example_dags/tutorial_taskflow_api.py took 0.036 seconds
[2024-01-06T15:46:27.631-0300] {processor.py:161} INFO - Started process (PID=929) to work on /home/brendaschap/.local/lib/python3.10/site-packages/airflow/example_dags/tutorial_taskflow_api.py
[2024-01-06T15:46:27.631-0300] {processor.py:830} INFO - Processing file /home/brendaschap/.local/lib/python3.10/site-packages/airflow/example_dags/tutorial_taskflow_api.py for tasks to queue
[2024-01-06T15:46:27.632-0300] {logging_mixin.py:188} INFO - [2024-01-06T15:46:27.632-0300] {dagbag.py:538} INFO - Filling up the DagBag from /home/brendaschap/.local/lib/python3.10/site-packages/airflow/example_dags/tutorial_taskflow_api.py
[2024-01-06T15:46:27.635-0300] {processor.py:840} INFO - DAG(s) 'tutorial_taskflow_api' retrieved from /home/brendaschap/.local/lib/python3.10/site-packages/airflow/example_dags/tutorial_taskflow_api.py
[2024-01-06T15:46:27.644-0300] {logging_mixin.py:188} INFO - [2024-01-06T15:46:27.644-0300] {dag.py:3033} INFO - Sync 1 DAGs
[2024-01-06T15:46:27.649-0300] {logging_mixin.py:188} INFO - [2024-01-06T15:46:27.649-0300] {dag.py:3820} INFO - Setting next_dagrun for tutorial_taskflow_api to None, run_after=None
[2024-01-06T15:46:27.665-0300] {processor.py:183} INFO - Processing /home/brendaschap/.local/lib/python3.10/site-packages/airflow/example_dags/tutorial_taskflow_api.py took 0.036 seconds
[2024-01-06T15:47:16.940-0300] {processor.py:161} INFO - Started process (PID=986) to work on /home/brendaschap/.local/lib/python3.10/site-packages/airflow/example_dags/tutorial_taskflow_api.py
[2024-01-06T15:47:16.941-0300] {processor.py:830} INFO - Processing file /home/brendaschap/.local/lib/python3.10/site-packages/airflow/example_dags/tutorial_taskflow_api.py for tasks to queue
[2024-01-06T15:47:16.942-0300] {logging_mixin.py:188} INFO - [2024-01-06T15:47:16.941-0300] {dagbag.py:538} INFO - Filling up the DagBag from /home/brendaschap/.local/lib/python3.10/site-packages/airflow/example_dags/tutorial_taskflow_api.py
[2024-01-06T15:47:16.945-0300] {processor.py:840} INFO - DAG(s) 'tutorial_taskflow_api' retrieved from /home/brendaschap/.local/lib/python3.10/site-packages/airflow/example_dags/tutorial_taskflow_api.py
[2024-01-06T15:47:16.953-0300] {logging_mixin.py:188} INFO - [2024-01-06T15:47:16.953-0300] {dag.py:3033} INFO - Sync 1 DAGs
[2024-01-06T15:47:16.959-0300] {logging_mixin.py:188} INFO - [2024-01-06T15:47:16.959-0300] {dag.py:3820} INFO - Setting next_dagrun for tutorial_taskflow_api to None, run_after=None
[2024-01-06T15:47:16.975-0300] {processor.py:183} INFO - Processing /home/brendaschap/.local/lib/python3.10/site-packages/airflow/example_dags/tutorial_taskflow_api.py took 0.036 seconds
[2024-01-06T15:47:51.487-0300] {processor.py:161} INFO - Started process (PID=1030) to work on /home/brendaschap/.local/lib/python3.10/site-packages/airflow/example_dags/tutorial_taskflow_api.py
[2024-01-06T15:47:51.491-0300] {processor.py:830} INFO - Processing file /home/brendaschap/.local/lib/python3.10/site-packages/airflow/example_dags/tutorial_taskflow_api.py for tasks to queue
[2024-01-06T15:47:51.491-0300] {logging_mixin.py:188} INFO - [2024-01-06T15:47:51.491-0300] {dagbag.py:538} INFO - Filling up the DagBag from /home/brendaschap/.local/lib/python3.10/site-packages/airflow/example_dags/tutorial_taskflow_api.py
[2024-01-06T15:47:51.495-0300] {processor.py:840} INFO - DAG(s) 'tutorial_taskflow_api' retrieved from /home/brendaschap/.local/lib/python3.10/site-packages/airflow/example_dags/tutorial_taskflow_api.py
[2024-01-06T15:47:51.502-0300] {logging_mixin.py:188} INFO - [2024-01-06T15:47:51.502-0300] {dag.py:3033} INFO - Sync 1 DAGs
[2024-01-06T15:47:51.508-0300] {logging_mixin.py:188} INFO - [2024-01-06T15:47:51.508-0300] {dag.py:3820} INFO - Setting next_dagrun for tutorial_taskflow_api to None, run_after=None
[2024-01-06T15:47:51.526-0300] {processor.py:183} INFO - Processing /home/brendaschap/.local/lib/python3.10/site-packages/airflow/example_dags/tutorial_taskflow_api.py took 0.040 seconds
[2024-01-06T15:48:28.914-0300] {processor.py:161} INFO - Started process (PID=1066) to work on /home/brendaschap/.local/lib/python3.10/site-packages/airflow/example_dags/tutorial_taskflow_api.py
[2024-01-06T15:48:28.917-0300] {processor.py:830} INFO - Processing file /home/brendaschap/.local/lib/python3.10/site-packages/airflow/example_dags/tutorial_taskflow_api.py for tasks to queue
[2024-01-06T15:48:28.918-0300] {logging_mixin.py:188} INFO - [2024-01-06T15:48:28.918-0300] {dagbag.py:538} INFO - Filling up the DagBag from /home/brendaschap/.local/lib/python3.10/site-packages/airflow/example_dags/tutorial_taskflow_api.py
[2024-01-06T15:48:28.922-0300] {processor.py:840} INFO - DAG(s) 'tutorial_taskflow_api' retrieved from /home/brendaschap/.local/lib/python3.10/site-packages/airflow/example_dags/tutorial_taskflow_api.py
[2024-01-06T15:48:28.930-0300] {logging_mixin.py:188} INFO - [2024-01-06T15:48:28.930-0300] {dag.py:3033} INFO - Sync 1 DAGs
[2024-01-06T15:48:28.937-0300] {logging_mixin.py:188} INFO - [2024-01-06T15:48:28.937-0300] {dag.py:3820} INFO - Setting next_dagrun for tutorial_taskflow_api to None, run_after=None
[2024-01-06T15:48:28.954-0300] {processor.py:183} INFO - Processing /home/brendaschap/.local/lib/python3.10/site-packages/airflow/example_dags/tutorial_taskflow_api.py took 0.042 seconds
