[2024-01-06T15:44:42.957-0300] {processor.py:161} INFO - Started process (PID=735) to work on /home/brendaschap/.local/lib/python3.10/site-packages/airflow/example_dags/tutorial.py
[2024-01-06T15:44:42.957-0300] {processor.py:830} INFO - Processing file /home/brendaschap/.local/lib/python3.10/site-packages/airflow/example_dags/tutorial.py for tasks to queue
[2024-01-06T15:44:42.958-0300] {logging_mixin.py:188} INFO - [2024-01-06T15:44:42.958-0300] {dagbag.py:538} INFO - Filling up the DagBag from /home/brendaschap/.local/lib/python3.10/site-packages/airflow/example_dags/tutorial.py
[2024-01-06T15:44:42.961-0300] {processor.py:840} INFO - DAG(s) 'tutorial' retrieved from /home/brendaschap/.local/lib/python3.10/site-packages/airflow/example_dags/tutorial.py
[2024-01-06T15:44:43.083-0300] {logging_mixin.py:188} INFO - [2024-01-06T15:44:43.083-0300] {dag.py:3033} INFO - Sync 1 DAGs
[2024-01-06T15:44:43.091-0300] {logging_mixin.py:188} INFO - [2024-01-06T15:44:43.091-0300] {dag.py:3820} INFO - Setting next_dagrun for tutorial to 2024-01-05T00:00:00+00:00, run_after=2024-01-06T00:00:00+00:00
[2024-01-06T15:44:43.111-0300] {processor.py:183} INFO - Processing /home/brendaschap/.local/lib/python3.10/site-packages/airflow/example_dags/tutorial.py took 0.156 seconds
[2024-01-06T15:45:28.176-0300] {processor.py:161} INFO - Started process (PID=864) to work on /home/brendaschap/.local/lib/python3.10/site-packages/airflow/example_dags/tutorial.py
[2024-01-06T15:45:28.177-0300] {processor.py:830} INFO - Processing file /home/brendaschap/.local/lib/python3.10/site-packages/airflow/example_dags/tutorial.py for tasks to queue
[2024-01-06T15:45:28.178-0300] {logging_mixin.py:188} INFO - [2024-01-06T15:45:28.177-0300] {dagbag.py:538} INFO - Filling up the DagBag from /home/brendaschap/.local/lib/python3.10/site-packages/airflow/example_dags/tutorial.py
[2024-01-06T15:45:28.182-0300] {processor.py:840} INFO - DAG(s) 'tutorial' retrieved from /home/brendaschap/.local/lib/python3.10/site-packages/airflow/example_dags/tutorial.py
[2024-01-06T15:45:28.190-0300] {logging_mixin.py:188} INFO - [2024-01-06T15:45:28.190-0300] {dag.py:3033} INFO - Sync 1 DAGs
[2024-01-06T15:45:28.200-0300] {logging_mixin.py:188} INFO - [2024-01-06T15:45:28.200-0300] {dag.py:3820} INFO - Setting next_dagrun for tutorial to 2024-01-05T00:00:00+00:00, run_after=2024-01-06T00:00:00+00:00
[2024-01-06T15:45:28.215-0300] {processor.py:183} INFO - Processing /home/brendaschap/.local/lib/python3.10/site-packages/airflow/example_dags/tutorial.py took 0.041 seconds
[2024-01-06T15:46:15.139-0300] {processor.py:161} INFO - Started process (PID=914) to work on /home/brendaschap/.local/lib/python3.10/site-packages/airflow/example_dags/tutorial.py
[2024-01-06T15:46:15.143-0300] {processor.py:830} INFO - Processing file /home/brendaschap/.local/lib/python3.10/site-packages/airflow/example_dags/tutorial.py for tasks to queue
[2024-01-06T15:46:15.143-0300] {logging_mixin.py:188} INFO - [2024-01-06T15:46:15.143-0300] {dagbag.py:538} INFO - Filling up the DagBag from /home/brendaschap/.local/lib/python3.10/site-packages/airflow/example_dags/tutorial.py
[2024-01-06T15:46:15.147-0300] {processor.py:840} INFO - DAG(s) 'tutorial' retrieved from /home/brendaschap/.local/lib/python3.10/site-packages/airflow/example_dags/tutorial.py
[2024-01-06T15:46:15.154-0300] {logging_mixin.py:188} INFO - [2024-01-06T15:46:15.154-0300] {dag.py:3033} INFO - Sync 1 DAGs
[2024-01-06T15:46:15.164-0300] {logging_mixin.py:188} INFO - [2024-01-06T15:46:15.164-0300] {dag.py:3820} INFO - Setting next_dagrun for tutorial to 2024-01-05T00:00:00+00:00, run_after=2024-01-06T00:00:00+00:00
[2024-01-06T15:46:15.181-0300] {processor.py:183} INFO - Processing /home/brendaschap/.local/lib/python3.10/site-packages/airflow/example_dags/tutorial.py took 0.044 seconds
[2024-01-06T15:47:05.679-0300] {processor.py:161} INFO - Started process (PID=970) to work on /home/brendaschap/.local/lib/python3.10/site-packages/airflow/example_dags/tutorial.py
[2024-01-06T15:47:05.683-0300] {processor.py:830} INFO - Processing file /home/brendaschap/.local/lib/python3.10/site-packages/airflow/example_dags/tutorial.py for tasks to queue
[2024-01-06T15:47:05.683-0300] {logging_mixin.py:188} INFO - [2024-01-06T15:47:05.683-0300] {dagbag.py:538} INFO - Filling up the DagBag from /home/brendaschap/.local/lib/python3.10/site-packages/airflow/example_dags/tutorial.py
[2024-01-06T15:47:05.687-0300] {processor.py:840} INFO - DAG(s) 'tutorial' retrieved from /home/brendaschap/.local/lib/python3.10/site-packages/airflow/example_dags/tutorial.py
[2024-01-06T15:47:05.694-0300] {logging_mixin.py:188} INFO - [2024-01-06T15:47:05.694-0300] {dag.py:3033} INFO - Sync 1 DAGs
[2024-01-06T15:47:05.704-0300] {logging_mixin.py:188} INFO - [2024-01-06T15:47:05.703-0300] {dag.py:3820} INFO - Setting next_dagrun for tutorial to 2024-01-05T00:00:00+00:00, run_after=2024-01-06T00:00:00+00:00
[2024-01-06T15:47:05.722-0300] {processor.py:183} INFO - Processing /home/brendaschap/.local/lib/python3.10/site-packages/airflow/example_dags/tutorial.py took 0.044 seconds
[2024-01-06T15:47:58.585-0300] {processor.py:161} INFO - Started process (PID=1037) to work on /home/brendaschap/.local/lib/python3.10/site-packages/airflow/example_dags/tutorial.py
[2024-01-06T15:47:58.586-0300] {processor.py:830} INFO - Processing file /home/brendaschap/.local/lib/python3.10/site-packages/airflow/example_dags/tutorial.py for tasks to queue
[2024-01-06T15:47:58.586-0300] {logging_mixin.py:188} INFO - [2024-01-06T15:47:58.586-0300] {dagbag.py:538} INFO - Filling up the DagBag from /home/brendaschap/.local/lib/python3.10/site-packages/airflow/example_dags/tutorial.py
[2024-01-06T15:47:58.589-0300] {processor.py:840} INFO - DAG(s) 'tutorial' retrieved from /home/brendaschap/.local/lib/python3.10/site-packages/airflow/example_dags/tutorial.py
[2024-01-06T15:47:58.597-0300] {logging_mixin.py:188} INFO - [2024-01-06T15:47:58.597-0300] {dag.py:3033} INFO - Sync 1 DAGs
[2024-01-06T15:47:58.607-0300] {logging_mixin.py:188} INFO - [2024-01-06T15:47:58.607-0300] {dag.py:3820} INFO - Setting next_dagrun for tutorial to 2024-01-05T00:00:00+00:00, run_after=2024-01-06T00:00:00+00:00
[2024-01-06T15:47:58.622-0300] {processor.py:183} INFO - Processing /home/brendaschap/.local/lib/python3.10/site-packages/airflow/example_dags/tutorial.py took 0.039 seconds
