[2024-01-06T15:44:48.305-0300] {processor.py:161} INFO - Started process (PID=741) to work on /home/brendaschap/.local/lib/python3.10/site-packages/airflow/example_dags/tutorial_objectstorage.py
[2024-01-06T15:44:48.305-0300] {processor.py:830} INFO - Processing file /home/brendaschap/.local/lib/python3.10/site-packages/airflow/example_dags/tutorial_objectstorage.py for tasks to queue
[2024-01-06T15:44:48.306-0300] {logging_mixin.py:188} INFO - [2024-01-06T15:44:48.305-0300] {dagbag.py:538} INFO - Filling up the DagBag from /home/brendaschap/.local/lib/python3.10/site-packages/airflow/example_dags/tutorial_objectstorage.py
[2024-01-06T15:44:48.309-0300] {processor.py:840} INFO - DAG(s) 'tutorial_objectstorage' retrieved from /home/brendaschap/.local/lib/python3.10/site-packages/airflow/example_dags/tutorial_objectstorage.py
[2024-01-06T15:44:48.356-0300] {logging_mixin.py:188} INFO - [2024-01-06T15:44:48.356-0300] {dag.py:3033} INFO - Sync 1 DAGs
[2024-01-06T15:44:48.361-0300] {logging_mixin.py:188} INFO - [2024-01-06T15:44:48.361-0300] {dag.py:3820} INFO - Setting next_dagrun for tutorial_objectstorage to None, run_after=None
[2024-01-06T15:44:48.378-0300] {processor.py:183} INFO - Processing /home/brendaschap/.local/lib/python3.10/site-packages/airflow/example_dags/tutorial_objectstorage.py took 0.075 seconds
[2024-01-06T15:45:34.459-0300] {processor.py:161} INFO - Started process (PID=870) to work on /home/brendaschap/.local/lib/python3.10/site-packages/airflow/example_dags/tutorial_objectstorage.py
[2024-01-06T15:45:34.462-0300] {processor.py:830} INFO - Processing file /home/brendaschap/.local/lib/python3.10/site-packages/airflow/example_dags/tutorial_objectstorage.py for tasks to queue
[2024-01-06T15:45:34.463-0300] {logging_mixin.py:188} INFO - [2024-01-06T15:45:34.463-0300] {dagbag.py:538} INFO - Filling up the DagBag from /home/brendaschap/.local/lib/python3.10/site-packages/airflow/example_dags/tutorial_objectstorage.py
[2024-01-06T15:45:34.467-0300] {processor.py:840} INFO - DAG(s) 'tutorial_objectstorage' retrieved from /home/brendaschap/.local/lib/python3.10/site-packages/airflow/example_dags/tutorial_objectstorage.py
[2024-01-06T15:45:34.474-0300] {logging_mixin.py:188} INFO - [2024-01-06T15:45:34.474-0300] {dag.py:3033} INFO - Sync 1 DAGs
[2024-01-06T15:45:34.479-0300] {logging_mixin.py:188} INFO - [2024-01-06T15:45:34.479-0300] {dag.py:3820} INFO - Setting next_dagrun for tutorial_objectstorage to None, run_after=None
[2024-01-06T15:45:34.496-0300] {processor.py:183} INFO - Processing /home/brendaschap/.local/lib/python3.10/site-packages/airflow/example_dags/tutorial_objectstorage.py took 0.039 seconds
[2024-01-06T15:46:22.027-0300] {processor.py:161} INFO - Started process (PID=920) to work on /home/brendaschap/.local/lib/python3.10/site-packages/airflow/example_dags/tutorial_objectstorage.py
[2024-01-06T15:46:22.028-0300] {processor.py:830} INFO - Processing file /home/brendaschap/.local/lib/python3.10/site-packages/airflow/example_dags/tutorial_objectstorage.py for tasks to queue
[2024-01-06T15:46:22.029-0300] {logging_mixin.py:188} INFO - [2024-01-06T15:46:22.028-0300] {dagbag.py:538} INFO - Filling up the DagBag from /home/brendaschap/.local/lib/python3.10/site-packages/airflow/example_dags/tutorial_objectstorage.py
[2024-01-06T15:46:22.032-0300] {processor.py:840} INFO - DAG(s) 'tutorial_objectstorage' retrieved from /home/brendaschap/.local/lib/python3.10/site-packages/airflow/example_dags/tutorial_objectstorage.py
[2024-01-06T15:46:22.039-0300] {logging_mixin.py:188} INFO - [2024-01-06T15:46:22.039-0300] {dag.py:3033} INFO - Sync 1 DAGs
[2024-01-06T15:46:22.045-0300] {logging_mixin.py:188} INFO - [2024-01-06T15:46:22.045-0300] {dag.py:3820} INFO - Setting next_dagrun for tutorial_objectstorage to None, run_after=None
[2024-01-06T15:46:22.060-0300] {processor.py:183} INFO - Processing /home/brendaschap/.local/lib/python3.10/site-packages/airflow/example_dags/tutorial_objectstorage.py took 0.034 seconds
[2024-01-06T15:47:12.544-0300] {processor.py:161} INFO - Started process (PID=979) to work on /home/brendaschap/.local/lib/python3.10/site-packages/airflow/example_dags/tutorial_objectstorage.py
[2024-01-06T15:47:12.548-0300] {processor.py:830} INFO - Processing file /home/brendaschap/.local/lib/python3.10/site-packages/airflow/example_dags/tutorial_objectstorage.py for tasks to queue
[2024-01-06T15:47:12.548-0300] {logging_mixin.py:188} INFO - [2024-01-06T15:47:12.548-0300] {dagbag.py:538} INFO - Filling up the DagBag from /home/brendaschap/.local/lib/python3.10/site-packages/airflow/example_dags/tutorial_objectstorage.py
[2024-01-06T15:47:12.552-0300] {processor.py:840} INFO - DAG(s) 'tutorial_objectstorage' retrieved from /home/brendaschap/.local/lib/python3.10/site-packages/airflow/example_dags/tutorial_objectstorage.py
[2024-01-06T15:47:12.559-0300] {logging_mixin.py:188} INFO - [2024-01-06T15:47:12.559-0300] {dag.py:3033} INFO - Sync 1 DAGs
[2024-01-06T15:47:12.564-0300] {logging_mixin.py:188} INFO - [2024-01-06T15:47:12.564-0300] {dag.py:3820} INFO - Setting next_dagrun for tutorial_objectstorage to None, run_after=None
[2024-01-06T15:47:12.581-0300] {processor.py:183} INFO - Processing /home/brendaschap/.local/lib/python3.10/site-packages/airflow/example_dags/tutorial_objectstorage.py took 0.039 seconds
[2024-01-06T15:48:05.253-0300] {processor.py:161} INFO - Started process (PID=1043) to work on /home/brendaschap/.local/lib/python3.10/site-packages/airflow/example_dags/tutorial_objectstorage.py
[2024-01-06T15:48:05.257-0300] {processor.py:830} INFO - Processing file /home/brendaschap/.local/lib/python3.10/site-packages/airflow/example_dags/tutorial_objectstorage.py for tasks to queue
[2024-01-06T15:48:05.257-0300] {logging_mixin.py:188} INFO - [2024-01-06T15:48:05.257-0300] {dagbag.py:538} INFO - Filling up the DagBag from /home/brendaschap/.local/lib/python3.10/site-packages/airflow/example_dags/tutorial_objectstorage.py
[2024-01-06T15:48:05.261-0300] {processor.py:840} INFO - DAG(s) 'tutorial_objectstorage' retrieved from /home/brendaschap/.local/lib/python3.10/site-packages/airflow/example_dags/tutorial_objectstorage.py
[2024-01-06T15:48:05.268-0300] {logging_mixin.py:188} INFO - [2024-01-06T15:48:05.268-0300] {dag.py:3033} INFO - Sync 1 DAGs
[2024-01-06T15:48:05.274-0300] {logging_mixin.py:188} INFO - [2024-01-06T15:48:05.274-0300] {dag.py:3820} INFO - Setting next_dagrun for tutorial_objectstorage to None, run_after=None
[2024-01-06T15:48:05.290-0300] {processor.py:183} INFO - Processing /home/brendaschap/.local/lib/python3.10/site-packages/airflow/example_dags/tutorial_objectstorage.py took 0.038 seconds
