[2024-01-09T14:45:01.042-0300] {taskinstance.py:1957} INFO - Dependencies all met for dep_context=non-requeueable deps ti=<TaskInstance: pokemon_extraction.extract_pokemons scheduled__2023-12-18T10:00:00+00:00 [queued]>
[2024-01-09T14:45:01.045-0300] {taskinstance.py:1957} INFO - Dependencies all met for dep_context=requeueable deps ti=<TaskInstance: pokemon_extraction.extract_pokemons scheduled__2023-12-18T10:00:00+00:00 [queued]>
[2024-01-09T14:45:01.046-0300] {taskinstance.py:2171} INFO - Starting attempt 1 of 1
[2024-01-09T14:45:01.057-0300] {taskinstance.py:2192} INFO - Executing <Task(PythonOperator): extract_pokemons> on 2023-12-18 10:00:00+00:00
[2024-01-09T14:45:01.059-0300] {standard_task_runner.py:60} INFO - Started process 815 to run task
[2024-01-09T14:45:01.061-0300] {standard_task_runner.py:87} INFO - Running: ['airflow', 'tasks', 'run', 'pokemon_extraction', 'extract_pokemons', 'scheduled__2023-12-18T10:00:00+00:00', '--job-id', '294', '--raw', '--subdir', 'DAGS_FOLDER/pokemon_extraction.py', '--cfg-path', '/tmp/tmpmfey52u1']
[2024-01-09T14:45:01.062-0300] {standard_task_runner.py:88} INFO - Job 294: Subtask extract_pokemons
[2024-01-09T14:45:01.084-0300] {task_command.py:423} INFO - Running <TaskInstance: pokemon_extraction.extract_pokemons scheduled__2023-12-18T10:00:00+00:00 [running]> on host LAPTOP-SB6KEOGH.
[2024-01-09T14:45:01.135-0300] {taskinstance.py:2481} INFO - Exporting env vars: AIRFLOW_CTX_DAG_OWNER='Brenda Schapievski' AIRFLOW_CTX_DAG_ID='pokemon_extraction' AIRFLOW_CTX_TASK_ID='extract_pokemons' AIRFLOW_CTX_EXECUTION_DATE='2023-12-18T10:00:00+00:00' AIRFLOW_CTX_TRY_NUMBER='1' AIRFLOW_CTX_DAG_RUN_ID='scheduled__2023-12-18T10:00:00+00:00'
[2024-01-09T14:45:01.445-0300] {logging_mixin.py:188} INFO - 1
[2024-01-09T14:45:01.604-0300] {logging_mixin.py:188} INFO - 2
[2024-01-09T14:45:01.753-0300] {logging_mixin.py:188} INFO - 3
[2024-01-09T14:45:01.924-0300] {logging_mixin.py:188} INFO - 4
[2024-01-09T14:45:02.074-0300] {logging_mixin.py:188} INFO - 5
[2024-01-09T14:45:02.240-0300] {logging_mixin.py:188} INFO - 6
[2024-01-09T14:45:02.396-0300] {logging_mixin.py:188} INFO - 7
[2024-01-09T14:45:02.549-0300] {logging_mixin.py:188} INFO - 8
[2024-01-09T14:45:02.709-0300] {logging_mixin.py:188} INFO - 9
[2024-01-09T14:45:02.858-0300] {logging_mixin.py:188} INFO - 10
[2024-01-09T14:45:03.010-0300] {logging_mixin.py:188} INFO - 11
[2024-01-09T14:45:03.158-0300] {logging_mixin.py:188} INFO - 12
[2024-01-09T14:45:03.309-0300] {logging_mixin.py:188} INFO - 13
[2024-01-09T14:45:03.456-0300] {logging_mixin.py:188} INFO - 14
[2024-01-09T14:45:03.611-0300] {logging_mixin.py:188} INFO - 15
[2024-01-09T14:45:03.781-0300] {logging_mixin.py:188} INFO - 16
[2024-01-09T14:45:03.940-0300] {logging_mixin.py:188} INFO - 17
[2024-01-09T14:45:04.223-0300] {logging_mixin.py:188} INFO - 18
[2024-01-09T14:45:04.379-0300] {logging_mixin.py:188} INFO - 19
[2024-01-09T14:45:04.532-0300] {logging_mixin.py:188} INFO - 20
[2024-01-09T14:45:04.834-0300] {logging_mixin.py:188} INFO - 21
[2024-01-09T14:45:05.002-0300] {logging_mixin.py:188} INFO - 22
[2024-01-09T14:45:05.187-0300] {logging_mixin.py:188} INFO - 23
[2024-01-09T14:45:05.352-0300] {logging_mixin.py:188} INFO - 24
[2024-01-09T14:45:05.509-0300] {logging_mixin.py:188} INFO - 25
[2024-01-09T14:45:05.714-0300] {logging_mixin.py:188} INFO - 26
[2024-01-09T14:45:05.876-0300] {logging_mixin.py:188} INFO - 27
[2024-01-09T14:45:06.032-0300] {logging_mixin.py:188} INFO - 28
[2024-01-09T14:45:06.185-0300] {logging_mixin.py:188} INFO - 29
[2024-01-09T14:45:06.342-0300] {logging_mixin.py:188} INFO - 30
[2024-01-09T14:45:06.492-0300] {logging_mixin.py:188} INFO - 31
[2024-01-09T14:45:06.646-0300] {logging_mixin.py:188} INFO - 32
[2024-01-09T14:45:06.794-0300] {logging_mixin.py:188} INFO - 33
[2024-01-09T14:45:06.961-0300] {logging_mixin.py:188} INFO - 34
[2024-01-09T14:45:07.109-0300] {logging_mixin.py:188} INFO - 35
[2024-01-09T14:45:07.261-0300] {logging_mixin.py:188} INFO - 36
[2024-01-09T14:45:07.418-0300] {logging_mixin.py:188} INFO - 37
[2024-01-09T14:45:07.588-0300] {logging_mixin.py:188} INFO - 38
[2024-01-09T14:45:07.750-0300] {logging_mixin.py:188} INFO - 39
[2024-01-09T14:45:07.910-0300] {logging_mixin.py:188} INFO - 40
[2024-01-09T14:45:08.236-0300] {logging_mixin.py:188} INFO - 41
[2024-01-09T14:45:08.393-0300] {logging_mixin.py:188} INFO - 42
[2024-01-09T14:45:08.550-0300] {logging_mixin.py:188} INFO - 43
[2024-01-09T14:45:08.702-0300] {logging_mixin.py:188} INFO - 44
[2024-01-09T14:45:08.853-0300] {logging_mixin.py:188} INFO - 45
[2024-01-09T14:45:09.005-0300] {logging_mixin.py:188} INFO - 46
[2024-01-09T14:45:09.153-0300] {logging_mixin.py:188} INFO - 47
[2024-01-09T14:45:09.307-0300] {logging_mixin.py:188} INFO - 48
[2024-01-09T14:45:09.458-0300] {logging_mixin.py:188} INFO - 49
[2024-01-09T14:45:09.623-0300] {logging_mixin.py:188} INFO - 50
[2024-01-09T14:45:09.770-0300] {logging_mixin.py:188} INFO - 51
[2024-01-09T14:45:09.923-0300] {logging_mixin.py:188} INFO - 52
[2024-01-09T14:45:10.079-0300] {logging_mixin.py:188} INFO - 53
[2024-01-09T14:45:10.236-0300] {logging_mixin.py:188} INFO - 54
[2024-01-09T14:45:10.389-0300] {logging_mixin.py:188} INFO - 55
[2024-01-09T14:45:10.544-0300] {logging_mixin.py:188} INFO - 56
[2024-01-09T14:45:10.692-0300] {logging_mixin.py:188} INFO - 57
[2024-01-09T14:45:10.859-0300] {logging_mixin.py:188} INFO - 58
[2024-01-09T14:45:11.009-0300] {logging_mixin.py:188} INFO - 59
[2024-01-09T14:45:11.159-0300] {logging_mixin.py:188} INFO - 60
[2024-01-09T14:45:11.463-0300] {logging_mixin.py:188} INFO - 61
[2024-01-09T14:45:11.613-0300] {logging_mixin.py:188} INFO - 62
[2024-01-09T14:45:11.766-0300] {logging_mixin.py:188} INFO - 63
[2024-01-09T14:45:11.918-0300] {logging_mixin.py:188} INFO - 64
[2024-01-09T14:45:12.069-0300] {logging_mixin.py:188} INFO - 65
[2024-01-09T14:45:12.221-0300] {logging_mixin.py:188} INFO - 66
[2024-01-09T14:45:12.371-0300] {logging_mixin.py:188} INFO - 67
[2024-01-09T14:45:12.526-0300] {logging_mixin.py:188} INFO - 68
[2024-01-09T14:45:12.686-0300] {logging_mixin.py:188} INFO - 69
[2024-01-09T14:45:12.856-0300] {logging_mixin.py:188} INFO - 70
[2024-01-09T14:45:13.011-0300] {logging_mixin.py:188} INFO - 71
[2024-01-09T14:45:13.159-0300] {logging_mixin.py:188} INFO - 72
[2024-01-09T14:45:13.322-0300] {logging_mixin.py:188} INFO - 73
[2024-01-09T14:45:13.491-0300] {logging_mixin.py:188} INFO - 74
[2024-01-09T14:45:13.652-0300] {logging_mixin.py:188} INFO - 75
[2024-01-09T14:45:13.801-0300] {logging_mixin.py:188} INFO - 76
[2024-01-09T14:45:13.964-0300] {logging_mixin.py:188} INFO - 77
[2024-01-09T14:45:14.113-0300] {logging_mixin.py:188} INFO - 78
[2024-01-09T14:45:14.270-0300] {logging_mixin.py:188} INFO - 79
[2024-01-09T14:45:14.417-0300] {logging_mixin.py:188} INFO - 80
[2024-01-09T14:45:14.791-0300] {logging_mixin.py:188} INFO - 81
[2024-01-09T14:45:14.951-0300] {logging_mixin.py:188} INFO - 82
[2024-01-09T14:45:15.139-0300] {logging_mixin.py:188} INFO - 83
[2024-01-09T14:45:15.290-0300] {logging_mixin.py:188} INFO - 84
[2024-01-09T14:45:15.440-0300] {logging_mixin.py:188} INFO - 85
[2024-01-09T14:45:15.591-0300] {logging_mixin.py:188} INFO - 86
[2024-01-09T14:45:15.744-0300] {logging_mixin.py:188} INFO - 87
[2024-01-09T14:45:15.900-0300] {logging_mixin.py:188} INFO - 88
[2024-01-09T14:45:16.051-0300] {logging_mixin.py:188} INFO - 89
[2024-01-09T14:45:16.206-0300] {logging_mixin.py:188} INFO - 90
[2024-01-09T14:45:16.355-0300] {logging_mixin.py:188} INFO - 91
[2024-01-09T14:45:16.505-0300] {logging_mixin.py:188} INFO - 92
[2024-01-09T14:45:16.666-0300] {logging_mixin.py:188} INFO - 93
[2024-01-09T14:45:16.822-0300] {logging_mixin.py:188} INFO - 94
[2024-01-09T14:45:16.975-0300] {logging_mixin.py:188} INFO - 95
[2024-01-09T14:45:17.131-0300] {logging_mixin.py:188} INFO - 96
[2024-01-09T14:45:17.286-0300] {logging_mixin.py:188} INFO - 97
[2024-01-09T14:45:17.442-0300] {logging_mixin.py:188} INFO - 98
[2024-01-09T14:45:17.630-0300] {logging_mixin.py:188} INFO - 99
[2024-01-09T14:45:17.791-0300] {logging_mixin.py:188} INFO - 100
[2024-01-09T14:45:18.094-0300] {logging_mixin.py:188} INFO - 101
[2024-01-09T14:45:18.245-0300] {logging_mixin.py:188} INFO - 102
[2024-01-09T14:45:18.406-0300] {logging_mixin.py:188} INFO - 103
[2024-01-09T14:45:18.561-0300] {logging_mixin.py:188} INFO - 104
[2024-01-09T14:45:18.716-0300] {logging_mixin.py:188} INFO - 105
[2024-01-09T14:45:18.869-0300] {logging_mixin.py:188} INFO - 106
[2024-01-09T14:45:19.021-0300] {logging_mixin.py:188} INFO - 107
[2024-01-09T14:45:19.180-0300] {logging_mixin.py:188} INFO - 108
[2024-01-09T14:45:19.337-0300] {logging_mixin.py:188} INFO - 109
[2024-01-09T14:45:19.496-0300] {logging_mixin.py:188} INFO - 110
[2024-01-09T14:45:19.645-0300] {logging_mixin.py:188} INFO - 111
[2024-01-09T14:45:19.808-0300] {logging_mixin.py:188} INFO - 112
[2024-01-09T14:45:19.960-0300] {logging_mixin.py:188} INFO - 113
[2024-01-09T14:45:20.110-0300] {logging_mixin.py:188} INFO - 114
[2024-01-09T14:45:20.284-0300] {logging_mixin.py:188} INFO - 115
[2024-01-09T14:45:20.437-0300] {logging_mixin.py:188} INFO - 116
[2024-01-09T14:45:20.590-0300] {logging_mixin.py:188} INFO - 117
[2024-01-09T14:45:20.740-0300] {logging_mixin.py:188} INFO - 118
[2024-01-09T14:45:20.894-0300] {logging_mixin.py:188} INFO - 119
[2024-01-09T14:45:21.049-0300] {logging_mixin.py:188} INFO - 120
[2024-01-09T14:45:21.406-0300] {logging_mixin.py:188} INFO - 121
[2024-01-09T14:45:21.561-0300] {logging_mixin.py:188} INFO - 122
[2024-01-09T14:45:21.720-0300] {logging_mixin.py:188} INFO - 123
[2024-01-09T14:45:21.878-0300] {logging_mixin.py:188} INFO - 124
[2024-01-09T14:45:22.035-0300] {logging_mixin.py:188} INFO - 125
[2024-01-09T14:45:22.192-0300] {logging_mixin.py:188} INFO - 126
[2024-01-09T14:45:22.346-0300] {logging_mixin.py:188} INFO - 127
[2024-01-09T14:45:22.494-0300] {logging_mixin.py:188} INFO - 128
[2024-01-09T14:45:22.651-0300] {logging_mixin.py:188} INFO - 129
[2024-01-09T14:45:22.811-0300] {logging_mixin.py:188} INFO - 130
[2024-01-09T14:45:22.966-0300] {logging_mixin.py:188} INFO - 131
[2024-01-09T14:45:23.118-0300] {logging_mixin.py:188} INFO - 132
[2024-01-09T14:45:23.275-0300] {logging_mixin.py:188} INFO - 133
[2024-01-09T14:45:23.427-0300] {logging_mixin.py:188} INFO - 134
[2024-01-09T14:45:23.580-0300] {logging_mixin.py:188} INFO - 135
[2024-01-09T14:45:23.734-0300] {logging_mixin.py:188} INFO - 136
[2024-01-09T14:45:23.889-0300] {logging_mixin.py:188} INFO - 137
[2024-01-09T14:45:24.038-0300] {logging_mixin.py:188} INFO - 138
[2024-01-09T14:45:24.232-0300] {logging_mixin.py:188} INFO - 139
[2024-01-09T14:45:24.399-0300] {logging_mixin.py:188} INFO - 140
[2024-01-09T14:45:24.707-0300] {logging_mixin.py:188} INFO - 141
[2024-01-09T14:45:24.876-0300] {logging_mixin.py:188} INFO - 142
[2024-01-09T14:45:25.034-0300] {logging_mixin.py:188} INFO - 143
[2024-01-09T14:45:25.199-0300] {logging_mixin.py:188} INFO - 144
[2024-01-09T14:45:25.358-0300] {logging_mixin.py:188} INFO - 145
[2024-01-09T14:45:25.525-0300] {logging_mixin.py:188} INFO - 146
[2024-01-09T14:45:25.680-0300] {logging_mixin.py:188} INFO - 147
[2024-01-09T14:45:25.838-0300] {logging_mixin.py:188} INFO - 148
[2024-01-09T14:45:25.992-0300] {logging_mixin.py:188} INFO - 149
[2024-01-09T14:45:26.216-0300] {logging_mixin.py:188} INFO - 150
[2024-01-09T14:45:26.374-0300] {logging_mixin.py:188} INFO - 151
[2024-01-09T14:45:26.530-0300] {logging_mixin.py:188} INFO - 152
[2024-01-09T14:45:26.683-0300] {logging_mixin.py:188} INFO - 153
[2024-01-09T14:45:26.832-0300] {logging_mixin.py:188} INFO - 154
[2024-01-09T14:45:27.003-0300] {logging_mixin.py:188} INFO - 155
[2024-01-09T14:45:27.163-0300] {logging_mixin.py:188} INFO - 156
[2024-01-09T14:45:27.315-0300] {logging_mixin.py:188} INFO - 157
[2024-01-09T14:45:27.473-0300] {logging_mixin.py:188} INFO - 158
[2024-01-09T14:45:27.623-0300] {logging_mixin.py:188} INFO - 159
[2024-01-09T14:45:27.792-0300] {logging_mixin.py:188} INFO - 160
[2024-01-09T14:45:28.092-0300] {logging_mixin.py:188} INFO - 161
[2024-01-09T14:45:28.246-0300] {logging_mixin.py:188} INFO - 162
[2024-01-09T14:45:28.401-0300] {logging_mixin.py:188} INFO - 163
[2024-01-09T14:45:28.555-0300] {logging_mixin.py:188} INFO - 164
[2024-01-09T14:45:28.709-0300] {logging_mixin.py:188} INFO - 165
[2024-01-09T14:45:28.859-0300] {logging_mixin.py:188} INFO - 166
[2024-01-09T14:45:29.050-0300] {logging_mixin.py:188} INFO - 167
[2024-01-09T14:45:29.232-0300] {logging_mixin.py:188} INFO - 168
[2024-01-09T14:45:29.385-0300] {logging_mixin.py:188} INFO - 169
[2024-01-09T14:45:29.530-0300] {logging_mixin.py:188} INFO - 170
[2024-01-09T14:45:29.724-0300] {logging_mixin.py:188} INFO - 171
[2024-01-09T14:45:29.876-0300] {logging_mixin.py:188} INFO - 172
[2024-01-09T14:45:30.026-0300] {logging_mixin.py:188} INFO - 173
[2024-01-09T14:45:30.185-0300] {logging_mixin.py:188} INFO - 174
[2024-01-09T14:45:30.343-0300] {logging_mixin.py:188} INFO - 175
[2024-01-09T14:45:30.498-0300] {logging_mixin.py:188} INFO - 176
[2024-01-09T14:45:30.655-0300] {logging_mixin.py:188} INFO - 177
[2024-01-09T14:45:30.805-0300] {logging_mixin.py:188} INFO - 178
[2024-01-09T14:45:31.004-0300] {logging_mixin.py:188} INFO - 179
[2024-01-09T14:45:31.161-0300] {logging_mixin.py:188} INFO - 180
[2024-01-09T14:45:31.458-0300] {logging_mixin.py:188} INFO - 181
[2024-01-09T14:45:31.607-0300] {logging_mixin.py:188} INFO - 182
[2024-01-09T14:45:31.764-0300] {logging_mixin.py:188} INFO - 183
[2024-01-09T14:45:31.925-0300] {logging_mixin.py:188} INFO - 184
[2024-01-09T14:45:32.099-0300] {logging_mixin.py:188} INFO - 185
[2024-01-09T14:45:32.260-0300] {logging_mixin.py:188} INFO - 186
[2024-01-09T14:45:32.409-0300] {logging_mixin.py:188} INFO - 187
[2024-01-09T14:45:32.559-0300] {logging_mixin.py:188} INFO - 188
[2024-01-09T14:45:32.715-0300] {logging_mixin.py:188} INFO - 189
[2024-01-09T14:45:32.876-0300] {logging_mixin.py:188} INFO - 190
[2024-01-09T14:45:33.043-0300] {logging_mixin.py:188} INFO - 191
[2024-01-09T14:45:33.212-0300] {logging_mixin.py:188} INFO - 192
[2024-01-09T14:45:33.362-0300] {logging_mixin.py:188} INFO - 193
[2024-01-09T14:45:33.517-0300] {logging_mixin.py:188} INFO - 194
[2024-01-09T14:45:33.669-0300] {logging_mixin.py:188} INFO - 195
[2024-01-09T14:45:33.823-0300] {logging_mixin.py:188} INFO - 196
[2024-01-09T14:45:33.978-0300] {logging_mixin.py:188} INFO - 197
[2024-01-09T14:45:34.149-0300] {logging_mixin.py:188} INFO - 198
[2024-01-09T14:45:34.302-0300] {logging_mixin.py:188} INFO - 199
[2024-01-09T14:45:34.452-0300] {logging_mixin.py:188} INFO - 200
[2024-01-09T14:45:34.749-0300] {logging_mixin.py:188} INFO - 201
[2024-01-09T14:45:34.898-0300] {logging_mixin.py:188} INFO - 202
[2024-01-09T14:45:35.086-0300] {logging_mixin.py:188} INFO - 203
[2024-01-09T14:45:35.236-0300] {logging_mixin.py:188} INFO - 204
[2024-01-09T14:45:35.395-0300] {logging_mixin.py:188} INFO - 205
[2024-01-09T14:45:35.768-0300] {logging_mixin.py:188} INFO - 206
[2024-01-09T14:45:35.919-0300] {logging_mixin.py:188} INFO - 207
[2024-01-09T14:45:36.073-0300] {logging_mixin.py:188} INFO - 208
[2024-01-09T14:45:36.224-0300] {logging_mixin.py:188} INFO - 209
[2024-01-09T14:45:36.382-0300] {logging_mixin.py:188} INFO - 210
[2024-01-09T14:45:36.535-0300] {logging_mixin.py:188} INFO - 211
[2024-01-09T14:45:36.695-0300] {logging_mixin.py:188} INFO - 212
[2024-01-09T14:45:36.853-0300] {logging_mixin.py:188} INFO - 213
[2024-01-09T14:45:37.008-0300] {logging_mixin.py:188} INFO - 214
[2024-01-09T14:45:37.163-0300] {logging_mixin.py:188} INFO - 215
[2024-01-09T14:45:37.320-0300] {logging_mixin.py:188} INFO - 216
[2024-01-09T14:45:37.470-0300] {logging_mixin.py:188} INFO - 217
[2024-01-09T14:45:37.624-0300] {logging_mixin.py:188} INFO - 218
[2024-01-09T14:45:37.775-0300] {logging_mixin.py:188} INFO - 219
[2024-01-09T14:45:37.927-0300] {logging_mixin.py:188} INFO - 220
[2024-01-09T14:45:38.325-0300] {logging_mixin.py:188} INFO - 221
[2024-01-09T14:45:38.480-0300] {logging_mixin.py:188} INFO - 222
[2024-01-09T14:45:38.637-0300] {logging_mixin.py:188} INFO - 223
[2024-01-09T14:45:38.795-0300] {logging_mixin.py:188} INFO - 224
[2024-01-09T14:45:38.963-0300] {logging_mixin.py:188} INFO - 225
[2024-01-09T14:45:39.119-0300] {logging_mixin.py:188} INFO - 226
[2024-01-09T14:45:39.272-0300] {logging_mixin.py:188} INFO - 227
[2024-01-09T14:45:39.424-0300] {logging_mixin.py:188} INFO - 228
[2024-01-09T14:45:39.580-0300] {logging_mixin.py:188} INFO - 229
[2024-01-09T14:45:39.735-0300] {logging_mixin.py:188} INFO - 230
[2024-01-09T14:45:39.888-0300] {logging_mixin.py:188} INFO - 231
[2024-01-09T14:45:40.058-0300] {logging_mixin.py:188} INFO - 232
[2024-01-09T14:45:40.218-0300] {logging_mixin.py:188} INFO - 233
[2024-01-09T14:45:40.367-0300] {logging_mixin.py:188} INFO - 234
[2024-01-09T14:45:40.523-0300] {logging_mixin.py:188} INFO - 235
[2024-01-09T14:45:40.672-0300] {logging_mixin.py:188} INFO - 236
[2024-01-09T14:45:40.835-0300] {logging_mixin.py:188} INFO - 237
[2024-01-09T14:45:40.988-0300] {logging_mixin.py:188} INFO - 238
[2024-01-09T14:45:41.140-0300] {logging_mixin.py:188} INFO - 239
[2024-01-09T14:45:41.302-0300] {logging_mixin.py:188} INFO - 240
[2024-01-09T14:45:41.608-0300] {logging_mixin.py:188} INFO - 241
[2024-01-09T14:45:41.759-0300] {logging_mixin.py:188} INFO - 242
[2024-01-09T14:45:41.916-0300] {logging_mixin.py:188} INFO - 243
[2024-01-09T14:45:42.068-0300] {logging_mixin.py:188} INFO - 244
[2024-01-09T14:45:42.224-0300] {logging_mixin.py:188} INFO - 245
[2024-01-09T14:45:42.384-0300] {logging_mixin.py:188} INFO - 246
[2024-01-09T14:45:42.538-0300] {logging_mixin.py:188} INFO - 247
[2024-01-09T14:45:42.687-0300] {logging_mixin.py:188} INFO - 248
[2024-01-09T14:45:43.065-0300] {logging_mixin.py:188} INFO - 249
[2024-01-09T14:45:43.220-0300] {logging_mixin.py:188} INFO - 250
[2024-01-09T14:45:43.396-0300] {logging_mixin.py:188} INFO - 251
[2024-01-09T14:45:43.547-0300] {logging_mixin.py:188} INFO - 252
[2024-01-09T14:45:43.701-0300] {logging_mixin.py:188} INFO - 253
[2024-01-09T14:45:43.860-0300] {logging_mixin.py:188} INFO - 254
[2024-01-09T14:45:44.017-0300] {logging_mixin.py:188} INFO - 255
[2024-01-09T14:45:44.175-0300] {logging_mixin.py:188} INFO - 256
[2024-01-09T14:45:44.331-0300] {logging_mixin.py:188} INFO - 257
[2024-01-09T14:45:44.484-0300] {logging_mixin.py:188} INFO - 258
[2024-01-09T14:45:44.632-0300] {logging_mixin.py:188} INFO - 259
[2024-01-09T14:45:44.784-0300] {logging_mixin.py:188} INFO - 260
[2024-01-09T14:45:45.084-0300] {logging_mixin.py:188} INFO - 261
[2024-01-09T14:45:45.235-0300] {logging_mixin.py:188} INFO - 262
[2024-01-09T14:45:45.382-0300] {logging_mixin.py:188} INFO - 263
[2024-01-09T14:45:45.533-0300] {logging_mixin.py:188} INFO - 264
[2024-01-09T14:45:45.686-0300] {logging_mixin.py:188} INFO - 265
[2024-01-09T14:45:45.837-0300] {logging_mixin.py:188} INFO - 266
[2024-01-09T14:45:45.985-0300] {logging_mixin.py:188} INFO - 267
[2024-01-09T14:45:46.136-0300] {logging_mixin.py:188} INFO - 268
[2024-01-09T14:45:46.289-0300] {logging_mixin.py:188} INFO - 269
[2024-01-09T14:45:46.440-0300] {logging_mixin.py:188} INFO - 270
[2024-01-09T14:45:46.590-0300] {logging_mixin.py:188} INFO - 271
[2024-01-09T14:45:46.741-0300] {logging_mixin.py:188} INFO - 272
[2024-01-09T14:45:46.894-0300] {logging_mixin.py:188} INFO - 273
[2024-01-09T14:45:47.048-0300] {logging_mixin.py:188} INFO - 274
[2024-01-09T14:45:47.202-0300] {logging_mixin.py:188} INFO - 275
[2024-01-09T14:45:47.350-0300] {logging_mixin.py:188} INFO - 276
[2024-01-09T14:45:47.503-0300] {logging_mixin.py:188} INFO - 277
[2024-01-09T14:45:47.657-0300] {logging_mixin.py:188} INFO - 278
[2024-01-09T14:45:47.815-0300] {logging_mixin.py:188} INFO - 279
[2024-01-09T14:45:47.964-0300] {logging_mixin.py:188} INFO - 280
[2024-01-09T14:45:48.274-0300] {logging_mixin.py:188} INFO - 281
[2024-01-09T14:45:48.454-0300] {logging_mixin.py:188} INFO - 282
[2024-01-09T14:45:48.624-0300] {logging_mixin.py:188} INFO - 283
[2024-01-09T14:45:48.781-0300] {logging_mixin.py:188} INFO - 284
[2024-01-09T14:45:48.932-0300] {logging_mixin.py:188} INFO - 285
[2024-01-09T14:45:49.100-0300] {logging_mixin.py:188} INFO - 286
[2024-01-09T14:45:49.251-0300] {logging_mixin.py:188} INFO - 287
[2024-01-09T14:45:49.406-0300] {logging_mixin.py:188} INFO - 288
[2024-01-09T14:45:49.564-0300] {logging_mixin.py:188} INFO - 289
[2024-01-09T14:45:49.724-0300] {logging_mixin.py:188} INFO - 290
[2024-01-09T14:45:49.876-0300] {logging_mixin.py:188} INFO - 291
[2024-01-09T14:45:50.023-0300] {logging_mixin.py:188} INFO - 292
[2024-01-09T14:45:50.177-0300] {logging_mixin.py:188} INFO - 293
[2024-01-09T14:45:50.326-0300] {logging_mixin.py:188} INFO - 294
[2024-01-09T14:45:50.482-0300] {logging_mixin.py:188} INFO - 295
[2024-01-09T14:45:50.636-0300] {logging_mixin.py:188} INFO - 296
[2024-01-09T14:45:50.801-0300] {logging_mixin.py:188} INFO - 297
[2024-01-09T14:45:50.952-0300] {logging_mixin.py:188} INFO - 298
[2024-01-09T14:45:51.115-0300] {logging_mixin.py:188} INFO - 299
[2024-01-09T14:45:51.278-0300] {logging_mixin.py:188} INFO - 300
[2024-01-09T14:45:51.589-0300] {logging_mixin.py:188} INFO - 301
[2024-01-09T14:45:51.753-0300] {logging_mixin.py:188} INFO - 302
[2024-01-09T14:45:51.910-0300] {logging_mixin.py:188} INFO - 303
[2024-01-09T14:45:52.066-0300] {logging_mixin.py:188} INFO - 304
[2024-01-09T14:45:52.220-0300] {logging_mixin.py:188} INFO - 305
[2024-01-09T14:45:52.379-0300] {logging_mixin.py:188} INFO - 306
[2024-01-09T14:45:52.533-0300] {logging_mixin.py:188} INFO - 307
[2024-01-09T14:45:52.793-0300] {logging_mixin.py:188} INFO - 308
[2024-01-09T14:45:52.952-0300] {logging_mixin.py:188} INFO - 309
[2024-01-09T14:45:53.113-0300] {logging_mixin.py:188} INFO - 310
[2024-01-09T14:45:53.276-0300] {logging_mixin.py:188} INFO - 311
[2024-01-09T14:45:53.422-0300] {logging_mixin.py:188} INFO - 312
[2024-01-09T14:45:53.583-0300] {logging_mixin.py:188} INFO - 313
[2024-01-09T14:45:53.762-0300] {logging_mixin.py:188} INFO - 314
[2024-01-09T14:45:53.914-0300] {logging_mixin.py:188} INFO - 315
[2024-01-09T14:45:54.069-0300] {logging_mixin.py:188} INFO - 316
[2024-01-09T14:45:54.219-0300] {logging_mixin.py:188} INFO - 317
[2024-01-09T14:45:54.416-0300] {logging_mixin.py:188} INFO - 318
[2024-01-09T14:45:54.569-0300] {logging_mixin.py:188} INFO - 319
[2024-01-09T14:45:54.724-0300] {logging_mixin.py:188} INFO - 320
[2024-01-09T14:45:55.031-0300] {logging_mixin.py:188} INFO - 321
[2024-01-09T14:45:55.183-0300] {logging_mixin.py:188} INFO - 322
[2024-01-09T14:45:55.332-0300] {logging_mixin.py:188} INFO - 323
[2024-01-09T14:45:55.486-0300] {logging_mixin.py:188} INFO - 324
[2024-01-09T14:45:55.642-0300] {logging_mixin.py:188} INFO - 325
[2024-01-09T14:45:55.799-0300] {logging_mixin.py:188} INFO - 326
[2024-01-09T14:45:55.956-0300] {logging_mixin.py:188} INFO - 327
[2024-01-09T14:45:56.110-0300] {logging_mixin.py:188} INFO - 328
[2024-01-09T14:45:56.258-0300] {logging_mixin.py:188} INFO - 329
[2024-01-09T14:45:56.406-0300] {logging_mixin.py:188} INFO - 330
[2024-01-09T14:45:56.559-0300] {logging_mixin.py:188} INFO - 331
[2024-01-09T14:45:56.722-0300] {logging_mixin.py:188} INFO - 332
[2024-01-09T14:45:56.886-0300] {logging_mixin.py:188} INFO - 333
[2024-01-09T14:45:57.042-0300] {logging_mixin.py:188} INFO - 334
[2024-01-09T14:45:57.193-0300] {logging_mixin.py:188} INFO - 335
[2024-01-09T14:45:57.354-0300] {logging_mixin.py:188} INFO - 336
[2024-01-09T14:45:57.506-0300] {logging_mixin.py:188} INFO - 337
[2024-01-09T14:45:57.670-0300] {logging_mixin.py:188} INFO - 338
[2024-01-09T14:45:57.833-0300] {logging_mixin.py:188} INFO - 339
[2024-01-09T14:45:57.989-0300] {logging_mixin.py:188} INFO - 340
[2024-01-09T14:45:58.298-0300] {logging_mixin.py:188} INFO - 341
[2024-01-09T14:45:58.449-0300] {logging_mixin.py:188} INFO - 342
[2024-01-09T14:45:58.608-0300] {logging_mixin.py:188} INFO - 343
[2024-01-09T14:45:58.768-0300] {logging_mixin.py:188} INFO - 344
[2024-01-09T14:45:58.931-0300] {logging_mixin.py:188} INFO - 345
[2024-01-09T14:45:59.087-0300] {logging_mixin.py:188} INFO - 346
[2024-01-09T14:45:59.253-0300] {logging_mixin.py:188} INFO - 347
[2024-01-09T14:45:59.420-0300] {logging_mixin.py:188} INFO - 348
[2024-01-09T14:45:59.567-0300] {logging_mixin.py:188} INFO - 349
[2024-01-09T14:45:59.719-0300] {logging_mixin.py:188} INFO - 350
[2024-01-09T14:45:59.902-0300] {logging_mixin.py:188} INFO - 351
[2024-01-09T14:46:00.064-0300] {logging_mixin.py:188} INFO - 352
[2024-01-09T14:46:00.255-0300] {logging_mixin.py:188} INFO - 353
[2024-01-09T14:46:00.412-0300] {logging_mixin.py:188} INFO - 354
[2024-01-09T14:46:00.561-0300] {logging_mixin.py:188} INFO - 355
[2024-01-09T14:46:00.714-0300] {logging_mixin.py:188} INFO - 356
[2024-01-09T14:46:00.863-0300] {logging_mixin.py:188} INFO - 357
[2024-01-09T14:46:01.011-0300] {logging_mixin.py:188} INFO - 358
[2024-01-09T14:46:01.166-0300] {logging_mixin.py:188} INFO - 359
[2024-01-09T14:46:01.322-0300] {logging_mixin.py:188} INFO - 360
[2024-01-09T14:46:01.634-0300] {logging_mixin.py:188} INFO - 361
[2024-01-09T14:46:01.784-0300] {logging_mixin.py:188} INFO - 362
[2024-01-09T14:46:01.937-0300] {logging_mixin.py:188} INFO - 363
[2024-01-09T14:46:02.095-0300] {logging_mixin.py:188} INFO - 364
[2024-01-09T14:46:02.249-0300] {logging_mixin.py:188} INFO - 365
[2024-01-09T14:46:02.404-0300] {logging_mixin.py:188} INFO - 366
[2024-01-09T14:46:02.555-0300] {logging_mixin.py:188} INFO - 367
[2024-01-09T14:46:02.705-0300] {logging_mixin.py:188} INFO - 368
[2024-01-09T14:46:02.858-0300] {logging_mixin.py:188} INFO - 369
[2024-01-09T14:46:03.015-0300] {logging_mixin.py:188} INFO - 370
[2024-01-09T14:46:03.180-0300] {logging_mixin.py:188} INFO - 371
[2024-01-09T14:46:03.331-0300] {logging_mixin.py:188} INFO - 372
[2024-01-09T14:46:03.485-0300] {logging_mixin.py:188} INFO - 373
[2024-01-09T14:46:03.633-0300] {logging_mixin.py:188} INFO - 374
[2024-01-09T14:46:03.786-0300] {logging_mixin.py:188} INFO - 375
[2024-01-09T14:46:03.980-0300] {logging_mixin.py:188} INFO - 376
[2024-01-09T14:46:04.148-0300] {logging_mixin.py:188} INFO - 377
[2024-01-09T14:46:04.303-0300] {logging_mixin.py:188} INFO - 378
[2024-01-09T14:46:04.458-0300] {logging_mixin.py:188} INFO - 379
[2024-01-09T14:46:04.609-0300] {logging_mixin.py:188} INFO - 380
[2024-01-09T14:46:04.918-0300] {logging_mixin.py:188} INFO - 381
[2024-01-09T14:46:05.070-0300] {logging_mixin.py:188} INFO - 382
[2024-01-09T14:46:05.222-0300] {logging_mixin.py:188} INFO - 383
[2024-01-09T14:46:05.425-0300] {logging_mixin.py:188} INFO - 384
[2024-01-09T14:46:05.591-0300] {logging_mixin.py:188} INFO - 385
[2024-01-09T14:46:05.772-0300] {logging_mixin.py:188} INFO - 386
[2024-01-09T14:46:05.923-0300] {logging_mixin.py:188} INFO - 387
[2024-01-09T14:46:06.074-0300] {logging_mixin.py:188} INFO - 388
[2024-01-09T14:46:06.230-0300] {logging_mixin.py:188} INFO - 389
[2024-01-09T14:46:06.382-0300] {logging_mixin.py:188} INFO - 390
[2024-01-09T14:46:06.529-0300] {logging_mixin.py:188} INFO - 391
[2024-01-09T14:46:06.686-0300] {logging_mixin.py:188} INFO - 392
[2024-01-09T14:46:06.858-0300] {logging_mixin.py:188} INFO - 393
[2024-01-09T14:46:07.007-0300] {logging_mixin.py:188} INFO - 394
[2024-01-09T14:46:07.156-0300] {logging_mixin.py:188} INFO - 395
[2024-01-09T14:46:07.320-0300] {logging_mixin.py:188} INFO - 396
[2024-01-09T14:46:07.473-0300] {logging_mixin.py:188} INFO - 397
[2024-01-09T14:46:07.631-0300] {logging_mixin.py:188} INFO - 398
[2024-01-09T14:46:07.786-0300] {logging_mixin.py:188} INFO - 399
[2024-01-09T14:46:07.936-0300] {logging_mixin.py:188} INFO - 400
[2024-01-09T14:46:08.232-0300] {logging_mixin.py:188} INFO - 401
[2024-01-09T14:46:08.386-0300] {logging_mixin.py:188} INFO - 402
[2024-01-09T14:46:08.538-0300] {logging_mixin.py:188} INFO - 403
[2024-01-09T14:46:08.752-0300] {logging_mixin.py:188} INFO - 404
[2024-01-09T14:46:08.923-0300] {logging_mixin.py:188} INFO - 405
[2024-01-09T14:46:09.083-0300] {logging_mixin.py:188} INFO - 406
[2024-01-09T14:46:09.230-0300] {logging_mixin.py:188} INFO - 407
[2024-01-09T14:46:09.384-0300] {logging_mixin.py:188} INFO - 408
[2024-01-09T14:46:09.537-0300] {logging_mixin.py:188} INFO - 409
[2024-01-09T14:46:09.684-0300] {logging_mixin.py:188} INFO - 410
[2024-01-09T14:46:09.836-0300] {logging_mixin.py:188} INFO - 411
[2024-01-09T14:46:09.981-0300] {logging_mixin.py:188} INFO - 412
[2024-01-09T14:46:10.128-0300] {logging_mixin.py:188} INFO - 413
[2024-01-09T14:46:10.278-0300] {logging_mixin.py:188} INFO - 414
[2024-01-09T14:46:10.433-0300] {logging_mixin.py:188} INFO - 415
[2024-01-09T14:46:10.589-0300] {logging_mixin.py:188} INFO - 416
[2024-01-09T14:46:10.743-0300] {logging_mixin.py:188} INFO - 417
[2024-01-09T14:46:10.907-0300] {logging_mixin.py:188} INFO - 418
[2024-01-09T14:46:11.105-0300] {logging_mixin.py:188} INFO - 419
[2024-01-09T14:46:11.259-0300] {logging_mixin.py:188} INFO - 420
[2024-01-09T14:46:11.551-0300] {logging_mixin.py:188} INFO - 421
[2024-01-09T14:46:11.701-0300] {logging_mixin.py:188} INFO - 422
[2024-01-09T14:46:11.859-0300] {logging_mixin.py:188} INFO - 423
[2024-01-09T14:46:12.008-0300] {logging_mixin.py:188} INFO - 424
[2024-01-09T14:46:12.159-0300] {logging_mixin.py:188} INFO - 425
[2024-01-09T14:46:12.338-0300] {logging_mixin.py:188} INFO - 426
[2024-01-09T14:46:12.489-0300] {logging_mixin.py:188} INFO - 427
[2024-01-09T14:46:12.647-0300] {logging_mixin.py:188} INFO - 428
[2024-01-09T14:46:12.803-0300] {logging_mixin.py:188} INFO - 429
[2024-01-09T14:46:12.965-0300] {logging_mixin.py:188} INFO - 430
[2024-01-09T14:46:13.122-0300] {logging_mixin.py:188} INFO - 431
[2024-01-09T14:46:13.274-0300] {logging_mixin.py:188} INFO - 432
[2024-01-09T14:46:13.430-0300] {logging_mixin.py:188} INFO - 433
[2024-01-09T14:46:13.584-0300] {logging_mixin.py:188} INFO - 434
[2024-01-09T14:46:13.765-0300] {logging_mixin.py:188} INFO - 435
[2024-01-09T14:46:13.934-0300] {logging_mixin.py:188} INFO - 436
[2024-01-09T14:46:14.091-0300] {logging_mixin.py:188} INFO - 437
[2024-01-09T14:46:14.270-0300] {logging_mixin.py:188} INFO - 438
[2024-01-09T14:46:14.445-0300] {logging_mixin.py:188} INFO - 439
[2024-01-09T14:46:14.617-0300] {logging_mixin.py:188} INFO - 440
[2024-01-09T14:46:15.037-0300] {logging_mixin.py:188} INFO - 441
[2024-01-09T14:46:15.408-0300] {logging_mixin.py:188} INFO - 442
[2024-01-09T14:46:15.767-0300] {logging_mixin.py:188} INFO - 443
[2024-01-09T14:46:16.140-0300] {logging_mixin.py:188} INFO - 444
[2024-01-09T14:46:16.507-0300] {logging_mixin.py:188} INFO - 445
[2024-01-09T14:46:16.766-0300] {logging_mixin.py:188} INFO - 446
[2024-01-09T14:46:17.017-0300] {logging_mixin.py:188} INFO - 447
[2024-01-09T14:46:17.203-0300] {logging_mixin.py:188} INFO - 448
[2024-01-09T14:46:17.391-0300] {logging_mixin.py:188} INFO - 449
[2024-01-09T14:46:17.560-0300] {logging_mixin.py:188} INFO - 450
[2024-01-09T14:46:17.750-0300] {logging_mixin.py:188} INFO - 451
[2024-01-09T14:46:17.936-0300] {logging_mixin.py:188} INFO - 452
[2024-01-09T14:46:18.125-0300] {logging_mixin.py:188} INFO - 453
[2024-01-09T14:46:18.381-0300] {logging_mixin.py:188} INFO - 454
[2024-01-09T14:46:18.637-0300] {logging_mixin.py:188} INFO - 455
[2024-01-09T14:46:18.938-0300] {logging_mixin.py:188} INFO - 456
[2024-01-09T14:46:19.305-0300] {logging_mixin.py:188} INFO - 457
[2024-01-09T14:46:19.563-0300] {logging_mixin.py:188} INFO - 458
[2024-01-09T14:46:19.818-0300] {logging_mixin.py:188} INFO - 459
[2024-01-09T14:46:20.167-0300] {logging_mixin.py:188} INFO - 460
[2024-01-09T14:46:20.828-0300] {logging_mixin.py:188} INFO - 461
[2024-01-09T14:46:21.141-0300] {logging_mixin.py:188} INFO - 462
[2024-01-09T14:46:21.300-0300] {logging_mixin.py:188} INFO - 463
[2024-01-09T14:46:21.452-0300] {logging_mixin.py:188} INFO - 464
[2024-01-09T14:46:21.603-0300] {logging_mixin.py:188} INFO - 465
[2024-01-09T14:46:21.761-0300] {logging_mixin.py:188} INFO - 466
[2024-01-09T14:46:21.916-0300] {logging_mixin.py:188} INFO - 467
[2024-01-09T14:46:22.074-0300] {logging_mixin.py:188} INFO - 468
[2024-01-09T14:46:22.236-0300] {logging_mixin.py:188} INFO - 469
[2024-01-09T14:46:22.415-0300] {logging_mixin.py:188} INFO - 470
[2024-01-09T14:46:22.612-0300] {logging_mixin.py:188} INFO - 471
[2024-01-09T14:46:22.775-0300] {logging_mixin.py:188} INFO - 472
[2024-01-09T14:46:22.948-0300] {logging_mixin.py:188} INFO - 473
[2024-01-09T14:46:23.140-0300] {logging_mixin.py:188} INFO - 474
[2024-01-09T14:46:23.290-0300] {logging_mixin.py:188} INFO - 475
[2024-01-09T14:46:23.461-0300] {logging_mixin.py:188} INFO - 476
[2024-01-09T14:46:23.625-0300] {logging_mixin.py:188} INFO - 477
[2024-01-09T14:46:23.781-0300] {logging_mixin.py:188} INFO - 478
[2024-01-09T14:46:23.933-0300] {logging_mixin.py:188} INFO - 479
[2024-01-09T14:46:24.090-0300] {logging_mixin.py:188} INFO - 480
[2024-01-09T14:46:24.416-0300] {logging_mixin.py:188} INFO - 481
[2024-01-09T14:46:24.567-0300] {logging_mixin.py:188} INFO - 482
[2024-01-09T14:46:24.722-0300] {logging_mixin.py:188} INFO - 483
[2024-01-09T14:46:24.872-0300] {logging_mixin.py:188} INFO - 484
[2024-01-09T14:46:25.025-0300] {logging_mixin.py:188} INFO - 485
[2024-01-09T14:46:25.176-0300] {logging_mixin.py:188} INFO - 486
[2024-01-09T14:46:25.332-0300] {logging_mixin.py:188} INFO - 487
[2024-01-09T14:46:25.485-0300] {logging_mixin.py:188} INFO - 488
[2024-01-09T14:46:25.633-0300] {logging_mixin.py:188} INFO - 489
[2024-01-09T14:46:25.784-0300] {logging_mixin.py:188} INFO - 490
[2024-01-09T14:46:25.934-0300] {logging_mixin.py:188} INFO - 491
[2024-01-09T14:46:26.087-0300] {logging_mixin.py:188} INFO - 492
[2024-01-09T14:46:26.297-0300] {logging_mixin.py:188} INFO - 493
[2024-01-09T14:46:26.488-0300] {logging_mixin.py:188} INFO - 494
[2024-01-09T14:46:26.643-0300] {logging_mixin.py:188} INFO - 495
[2024-01-09T14:46:26.792-0300] {logging_mixin.py:188} INFO - 496
[2024-01-09T14:46:26.956-0300] {logging_mixin.py:188} INFO - 497
[2024-01-09T14:46:27.132-0300] {logging_mixin.py:188} INFO - 498
[2024-01-09T14:46:27.282-0300] {logging_mixin.py:188} INFO - 499
[2024-01-09T14:46:27.432-0300] {logging_mixin.py:188} INFO - 500
[2024-01-09T14:46:27.734-0300] {logging_mixin.py:188} INFO - 501
[2024-01-09T14:46:27.886-0300] {logging_mixin.py:188} INFO - 502
[2024-01-09T14:46:28.042-0300] {logging_mixin.py:188} INFO - 503
[2024-01-09T14:46:28.193-0300] {logging_mixin.py:188} INFO - 504
[2024-01-09T14:46:28.347-0300] {logging_mixin.py:188} INFO - 505
[2024-01-09T14:46:28.500-0300] {logging_mixin.py:188} INFO - 506
[2024-01-09T14:46:28.646-0300] {logging_mixin.py:188} INFO - 507
[2024-01-09T14:46:28.797-0300] {logging_mixin.py:188} INFO - 508
[2024-01-09T14:46:28.952-0300] {logging_mixin.py:188} INFO - 509
[2024-01-09T14:46:29.109-0300] {logging_mixin.py:188} INFO - 510
[2024-01-09T14:46:29.259-0300] {logging_mixin.py:188} INFO - 511
[2024-01-09T14:46:29.411-0300] {logging_mixin.py:188} INFO - 512
[2024-01-09T14:46:29.563-0300] {logging_mixin.py:188} INFO - 513
[2024-01-09T14:46:29.711-0300] {logging_mixin.py:188} INFO - 514
[2024-01-09T14:46:29.873-0300] {logging_mixin.py:188} INFO - 515
[2024-01-09T14:46:30.021-0300] {logging_mixin.py:188} INFO - 516
[2024-01-09T14:46:30.181-0300] {logging_mixin.py:188} INFO - 517
[2024-01-09T14:46:30.326-0300] {logging_mixin.py:188} INFO - 518
[2024-01-09T14:46:30.476-0300] {logging_mixin.py:188} INFO - 519
[2024-01-09T14:46:30.640-0300] {logging_mixin.py:188} INFO - 520
[2024-01-09T14:46:30.938-0300] {logging_mixin.py:188} INFO - 521
[2024-01-09T14:46:31.091-0300] {logging_mixin.py:188} INFO - 522
[2024-01-09T14:46:31.245-0300] {logging_mixin.py:188} INFO - 523
[2024-01-09T14:46:31.396-0300] {logging_mixin.py:188} INFO - 524
[2024-01-09T14:46:31.546-0300] {logging_mixin.py:188} INFO - 525
[2024-01-09T14:46:31.695-0300] {logging_mixin.py:188} INFO - 526
[2024-01-09T14:46:31.846-0300] {logging_mixin.py:188} INFO - 527
[2024-01-09T14:46:31.995-0300] {logging_mixin.py:188} INFO - 528
[2024-01-09T14:46:32.149-0300] {logging_mixin.py:188} INFO - 529
[2024-01-09T14:46:32.296-0300] {logging_mixin.py:188} INFO - 530
[2024-01-09T14:46:32.463-0300] {logging_mixin.py:188} INFO - 531
[2024-01-09T14:46:32.626-0300] {logging_mixin.py:188} INFO - 532
[2024-01-09T14:46:32.795-0300] {logging_mixin.py:188} INFO - 533
[2024-01-09T14:46:32.949-0300] {logging_mixin.py:188} INFO - 534
[2024-01-09T14:46:33.117-0300] {logging_mixin.py:188} INFO - 535
[2024-01-09T14:46:33.268-0300] {logging_mixin.py:188} INFO - 536
[2024-01-09T14:46:33.467-0300] {logging_mixin.py:188} INFO - 537
[2024-01-09T14:46:33.620-0300] {logging_mixin.py:188} INFO - 538
[2024-01-09T14:46:33.772-0300] {logging_mixin.py:188} INFO - 539
[2024-01-09T14:46:33.959-0300] {logging_mixin.py:188} INFO - 540
[2024-01-09T14:46:34.300-0300] {logging_mixin.py:188} INFO - 541
[2024-01-09T14:46:34.448-0300] {logging_mixin.py:188} INFO - 542
[2024-01-09T14:46:34.616-0300] {logging_mixin.py:188} INFO - 543
[2024-01-09T14:46:34.765-0300] {logging_mixin.py:188} INFO - 544
[2024-01-09T14:46:34.919-0300] {logging_mixin.py:188} INFO - 545
[2024-01-09T14:46:35.068-0300] {logging_mixin.py:188} INFO - 546
[2024-01-09T14:46:35.217-0300] {logging_mixin.py:188} INFO - 547
[2024-01-09T14:46:35.375-0300] {logging_mixin.py:188} INFO - 548
[2024-01-09T14:46:35.528-0300] {logging_mixin.py:188} INFO - 549
[2024-01-09T14:46:35.683-0300] {logging_mixin.py:188} INFO - 550
[2024-01-09T14:46:35.830-0300] {logging_mixin.py:188} INFO - 551
[2024-01-09T14:46:35.980-0300] {logging_mixin.py:188} INFO - 552
[2024-01-09T14:46:36.127-0300] {logging_mixin.py:188} INFO - 553
[2024-01-09T14:46:36.286-0300] {logging_mixin.py:188} INFO - 554
[2024-01-09T14:46:36.441-0300] {logging_mixin.py:188} INFO - 555
[2024-01-09T14:46:36.612-0300] {logging_mixin.py:188} INFO - 556
[2024-01-09T14:46:36.777-0300] {logging_mixin.py:188} INFO - 557
[2024-01-09T14:46:36.944-0300] {logging_mixin.py:188} INFO - 558
[2024-01-09T14:46:37.095-0300] {logging_mixin.py:188} INFO - 559
[2024-01-09T14:46:37.255-0300] {logging_mixin.py:188} INFO - 560
[2024-01-09T14:46:37.568-0300] {logging_mixin.py:188} INFO - 561
[2024-01-09T14:46:37.725-0300] {logging_mixin.py:188} INFO - 562
[2024-01-09T14:46:37.875-0300] {logging_mixin.py:188} INFO - 563
[2024-01-09T14:46:38.032-0300] {logging_mixin.py:188} INFO - 564
[2024-01-09T14:46:38.179-0300] {logging_mixin.py:188} INFO - 565
[2024-01-09T14:46:38.331-0300] {logging_mixin.py:188} INFO - 566
[2024-01-09T14:46:38.491-0300] {logging_mixin.py:188} INFO - 567
[2024-01-09T14:46:38.652-0300] {logging_mixin.py:188} INFO - 568
[2024-01-09T14:46:38.849-0300] {logging_mixin.py:188} INFO - 569
[2024-01-09T14:46:39.000-0300] {logging_mixin.py:188} INFO - 570
[2024-01-09T14:46:39.199-0300] {logging_mixin.py:188} INFO - 571
[2024-01-09T14:46:39.349-0300] {logging_mixin.py:188} INFO - 572
[2024-01-09T14:46:39.516-0300] {logging_mixin.py:188} INFO - 573
[2024-01-09T14:46:39.669-0300] {logging_mixin.py:188} INFO - 574
[2024-01-09T14:46:39.839-0300] {logging_mixin.py:188} INFO - 575
[2024-01-09T14:46:40.049-0300] {logging_mixin.py:188} INFO - 576
[2024-01-09T14:46:40.256-0300] {logging_mixin.py:188} INFO - 577
[2024-01-09T14:46:40.406-0300] {logging_mixin.py:188} INFO - 578
[2024-01-09T14:46:40.565-0300] {logging_mixin.py:188} INFO - 579
[2024-01-09T14:46:40.716-0300] {logging_mixin.py:188} INFO - 580
[2024-01-09T14:46:41.012-0300] {logging_mixin.py:188} INFO - 581
[2024-01-09T14:46:41.160-0300] {logging_mixin.py:188} INFO - 582
[2024-01-09T14:46:41.315-0300] {logging_mixin.py:188} INFO - 583
[2024-01-09T14:46:41.463-0300] {logging_mixin.py:188} INFO - 584
[2024-01-09T14:46:41.616-0300] {logging_mixin.py:188} INFO - 585
[2024-01-09T14:46:41.816-0300] {logging_mixin.py:188} INFO - 586
[2024-01-09T14:46:41.967-0300] {logging_mixin.py:188} INFO - 587
[2024-01-09T14:46:42.162-0300] {logging_mixin.py:188} INFO - 588
[2024-01-09T14:46:42.336-0300] {logging_mixin.py:188} INFO - 589
[2024-01-09T14:46:42.481-0300] {logging_mixin.py:188} INFO - 590
[2024-01-09T14:46:42.646-0300] {logging_mixin.py:188} INFO - 591
[2024-01-09T14:46:42.800-0300] {logging_mixin.py:188} INFO - 592
[2024-01-09T14:46:42.953-0300] {logging_mixin.py:188} INFO - 593
[2024-01-09T14:46:43.101-0300] {logging_mixin.py:188} INFO - 594
[2024-01-09T14:46:43.262-0300] {logging_mixin.py:188} INFO - 595
[2024-01-09T14:46:43.413-0300] {logging_mixin.py:188} INFO - 596
[2024-01-09T14:46:43.574-0300] {logging_mixin.py:188} INFO - 597
[2024-01-09T14:46:43.724-0300] {logging_mixin.py:188} INFO - 598
[2024-01-09T14:46:43.875-0300] {logging_mixin.py:188} INFO - 599
[2024-01-09T14:46:44.033-0300] {logging_mixin.py:188} INFO - 600
[2024-01-09T14:46:44.379-0300] {logging_mixin.py:188} INFO - 601
[2024-01-09T14:46:44.527-0300] {logging_mixin.py:188} INFO - 602
[2024-01-09T14:46:44.685-0300] {logging_mixin.py:188} INFO - 603
[2024-01-09T14:46:44.833-0300] {logging_mixin.py:188} INFO - 604
[2024-01-09T14:46:44.983-0300] {logging_mixin.py:188} INFO - 605
[2024-01-09T14:46:45.132-0300] {logging_mixin.py:188} INFO - 606
[2024-01-09T14:46:45.297-0300] {logging_mixin.py:188} INFO - 607
[2024-01-09T14:46:45.446-0300] {logging_mixin.py:188} INFO - 608
[2024-01-09T14:46:45.594-0300] {logging_mixin.py:188} INFO - 609
[2024-01-09T14:46:45.745-0300] {logging_mixin.py:188} INFO - 610
[2024-01-09T14:46:45.899-0300] {logging_mixin.py:188} INFO - 611
[2024-01-09T14:46:46.056-0300] {logging_mixin.py:188} INFO - 612
[2024-01-09T14:46:46.207-0300] {logging_mixin.py:188} INFO - 613
[2024-01-09T14:46:46.363-0300] {logging_mixin.py:188} INFO - 614
[2024-01-09T14:46:46.545-0300] {logging_mixin.py:188} INFO - 615
[2024-01-09T14:46:46.700-0300] {logging_mixin.py:188} INFO - 616
[2024-01-09T14:46:46.857-0300] {logging_mixin.py:188} INFO - 617
[2024-01-09T14:46:47.006-0300] {logging_mixin.py:188} INFO - 618
[2024-01-09T14:46:47.158-0300] {logging_mixin.py:188} INFO - 619
[2024-01-09T14:46:47.305-0300] {logging_mixin.py:188} INFO - 620
[2024-01-09T14:46:47.622-0300] {logging_mixin.py:188} INFO - 621
[2024-01-09T14:46:47.770-0300] {logging_mixin.py:188} INFO - 622
[2024-01-09T14:46:47.919-0300] {logging_mixin.py:188} INFO - 623
[2024-01-09T14:46:48.072-0300] {logging_mixin.py:188} INFO - 624
[2024-01-09T14:46:48.228-0300] {logging_mixin.py:188} INFO - 625
[2024-01-09T14:46:48.376-0300] {logging_mixin.py:188} INFO - 626
[2024-01-09T14:46:48.534-0300] {logging_mixin.py:188} INFO - 627
[2024-01-09T14:46:48.684-0300] {logging_mixin.py:188} INFO - 628
[2024-01-09T14:46:48.841-0300] {logging_mixin.py:188} INFO - 629
[2024-01-09T14:46:48.991-0300] {logging_mixin.py:188} INFO - 630
[2024-01-09T14:46:49.178-0300] {logging_mixin.py:188} INFO - 631
[2024-01-09T14:46:49.330-0300] {logging_mixin.py:188} INFO - 632
[2024-01-09T14:46:49.596-0300] {logging_mixin.py:188} INFO - 633
[2024-01-09T14:46:49.747-0300] {logging_mixin.py:188} INFO - 634
[2024-01-09T14:46:49.894-0300] {logging_mixin.py:188} INFO - 635
[2024-01-09T14:46:50.047-0300] {logging_mixin.py:188} INFO - 636
[2024-01-09T14:46:50.194-0300] {logging_mixin.py:188} INFO - 637
[2024-01-09T14:46:50.341-0300] {logging_mixin.py:188} INFO - 638
[2024-01-09T14:46:50.539-0300] {logging_mixin.py:188} INFO - 639
[2024-01-09T14:46:50.692-0300] {logging_mixin.py:188} INFO - 640
[2024-01-09T14:46:50.995-0300] {logging_mixin.py:188} INFO - 641
[2024-01-09T14:46:51.150-0300] {logging_mixin.py:188} INFO - 642
[2024-01-09T14:46:51.305-0300] {logging_mixin.py:188} INFO - 643
[2024-01-09T14:46:51.454-0300] {logging_mixin.py:188} INFO - 644
[2024-01-09T14:46:51.620-0300] {logging_mixin.py:188} INFO - 645
[2024-01-09T14:46:51.784-0300] {logging_mixin.py:188} INFO - 646
[2024-01-09T14:46:51.975-0300] {logging_mixin.py:188} INFO - 647
[2024-01-09T14:46:52.137-0300] {logging_mixin.py:188} INFO - 648
[2024-01-09T14:46:52.289-0300] {logging_mixin.py:188} INFO - 649
[2024-01-09T14:46:52.441-0300] {logging_mixin.py:188} INFO - 650
[2024-01-09T14:46:52.594-0300] {logging_mixin.py:188} INFO - 651
[2024-01-09T14:46:52.760-0300] {logging_mixin.py:188} INFO - 652
[2024-01-09T14:46:52.922-0300] {logging_mixin.py:188} INFO - 653
[2024-01-09T14:46:53.107-0300] {logging_mixin.py:188} INFO - 654
[2024-01-09T14:46:53.259-0300] {logging_mixin.py:188} INFO - 655
[2024-01-09T14:46:53.410-0300] {logging_mixin.py:188} INFO - 656
[2024-01-09T14:46:53.578-0300] {logging_mixin.py:188} INFO - 657
[2024-01-09T14:46:53.725-0300] {logging_mixin.py:188} INFO - 658
[2024-01-09T14:46:53.874-0300] {logging_mixin.py:188} INFO - 659
[2024-01-09T14:46:54.024-0300] {logging_mixin.py:188} INFO - 660
[2024-01-09T14:46:54.400-0300] {logging_mixin.py:188} INFO - 661
[2024-01-09T14:46:54.552-0300] {logging_mixin.py:188} INFO - 662
[2024-01-09T14:46:54.708-0300] {logging_mixin.py:188} INFO - 663
[2024-01-09T14:46:54.861-0300] {logging_mixin.py:188} INFO - 664
[2024-01-09T14:46:55.011-0300] {logging_mixin.py:188} INFO - 665
[2024-01-09T14:46:55.165-0300] {logging_mixin.py:188} INFO - 666
[2024-01-09T14:46:55.325-0300] {logging_mixin.py:188} INFO - 667
[2024-01-09T14:46:55.474-0300] {logging_mixin.py:188} INFO - 668
[2024-01-09T14:46:55.647-0300] {logging_mixin.py:188} INFO - 669
[2024-01-09T14:46:55.803-0300] {logging_mixin.py:188} INFO - 670
[2024-01-09T14:46:55.951-0300] {logging_mixin.py:188} INFO - 671
[2024-01-09T14:46:56.113-0300] {logging_mixin.py:188} INFO - 672
[2024-01-09T14:46:56.271-0300] {logging_mixin.py:188} INFO - 673
[2024-01-09T14:46:56.426-0300] {logging_mixin.py:188} INFO - 674
[2024-01-09T14:46:56.573-0300] {logging_mixin.py:188} INFO - 675
[2024-01-09T14:46:56.722-0300] {logging_mixin.py:188} INFO - 676
[2024-01-09T14:46:56.924-0300] {logging_mixin.py:188} INFO - 677
[2024-01-09T14:46:57.078-0300] {logging_mixin.py:188} INFO - 678
[2024-01-09T14:46:57.239-0300] {logging_mixin.py:188} INFO - 679
[2024-01-09T14:46:57.388-0300] {logging_mixin.py:188} INFO - 680
[2024-01-09T14:46:57.717-0300] {logging_mixin.py:188} INFO - 681
[2024-01-09T14:46:57.870-0300] {logging_mixin.py:188} INFO - 682
[2024-01-09T14:46:58.097-0300] {logging_mixin.py:188} INFO - 683
[2024-01-09T14:46:58.246-0300] {logging_mixin.py:188} INFO - 684
[2024-01-09T14:46:58.391-0300] {logging_mixin.py:188} INFO - 685
[2024-01-09T14:46:58.606-0300] {logging_mixin.py:188} INFO - 686
[2024-01-09T14:46:58.760-0300] {logging_mixin.py:188} INFO - 687
[2024-01-09T14:46:58.917-0300] {logging_mixin.py:188} INFO - 688
[2024-01-09T14:46:59.065-0300] {logging_mixin.py:188} INFO - 689
[2024-01-09T14:46:59.211-0300] {logging_mixin.py:188} INFO - 690
[2024-01-09T14:46:59.418-0300] {logging_mixin.py:188} INFO - 691
[2024-01-09T14:46:59.568-0300] {logging_mixin.py:188} INFO - 692
[2024-01-09T14:46:59.750-0300] {logging_mixin.py:188} INFO - 693
[2024-01-09T14:46:59.912-0300] {logging_mixin.py:188} INFO - 694
[2024-01-09T14:47:00.062-0300] {logging_mixin.py:188} INFO - 695
[2024-01-09T14:47:00.214-0300] {logging_mixin.py:188} INFO - 696
[2024-01-09T14:47:00.359-0300] {logging_mixin.py:188} INFO - 697
[2024-01-09T14:47:00.515-0300] {logging_mixin.py:188} INFO - 698
[2024-01-09T14:47:00.662-0300] {logging_mixin.py:188} INFO - 699
[2024-01-09T14:47:00.808-0300] {logging_mixin.py:188} INFO - 700
[2024-01-09T14:47:01.191-0300] {logging_mixin.py:188} INFO - 701
[2024-01-09T14:47:01.341-0300] {logging_mixin.py:188} INFO - 702
[2024-01-09T14:47:01.491-0300] {logging_mixin.py:188} INFO - 703
[2024-01-09T14:47:01.644-0300] {logging_mixin.py:188} INFO - 704
[2024-01-09T14:47:01.801-0300] {logging_mixin.py:188} INFO - 705
[2024-01-09T14:47:01.950-0300] {logging_mixin.py:188} INFO - 706
[2024-01-09T14:47:02.101-0300] {logging_mixin.py:188} INFO - 707
[2024-01-09T14:47:02.265-0300] {logging_mixin.py:188} INFO - 708
[2024-01-09T14:47:02.434-0300] {logging_mixin.py:188} INFO - 709
[2024-01-09T14:47:03.039-0300] {logging_mixin.py:188} INFO - 710
[2024-01-09T14:47:03.191-0300] {logging_mixin.py:188} INFO - 711
[2024-01-09T14:47:03.341-0300] {logging_mixin.py:188} INFO - 712
[2024-01-09T14:47:03.495-0300] {logging_mixin.py:188} INFO - 713
[2024-01-09T14:47:03.644-0300] {logging_mixin.py:188} INFO - 714
[2024-01-09T14:47:03.805-0300] {logging_mixin.py:188} INFO - 715
[2024-01-09T14:47:03.956-0300] {logging_mixin.py:188} INFO - 716
[2024-01-09T14:47:04.111-0300] {logging_mixin.py:188} INFO - 717
[2024-01-09T14:47:04.263-0300] {logging_mixin.py:188} INFO - 718
[2024-01-09T14:47:04.416-0300] {logging_mixin.py:188} INFO - 719
[2024-01-09T14:47:04.579-0300] {logging_mixin.py:188} INFO - 720
[2024-01-09T14:47:04.879-0300] {logging_mixin.py:188} INFO - 721
[2024-01-09T14:47:05.040-0300] {logging_mixin.py:188} INFO - 722
[2024-01-09T14:47:05.198-0300] {logging_mixin.py:188} INFO - 723
[2024-01-09T14:47:05.357-0300] {logging_mixin.py:188} INFO - 724
[2024-01-09T14:47:05.509-0300] {logging_mixin.py:188} INFO - 725
[2024-01-09T14:47:05.661-0300] {logging_mixin.py:188} INFO - 726
[2024-01-09T14:47:05.813-0300] {logging_mixin.py:188} INFO - 727
[2024-01-09T14:47:05.961-0300] {logging_mixin.py:188} INFO - 728
[2024-01-09T14:47:06.124-0300] {logging_mixin.py:188} INFO - 729
[2024-01-09T14:47:06.282-0300] {logging_mixin.py:188} INFO - 730
[2024-01-09T14:47:06.440-0300] {logging_mixin.py:188} INFO - 731
[2024-01-09T14:47:06.595-0300] {logging_mixin.py:188} INFO - 732
[2024-01-09T14:47:06.746-0300] {logging_mixin.py:188} INFO - 733
[2024-01-09T14:47:06.917-0300] {logging_mixin.py:188} INFO - 734
[2024-01-09T14:47:07.110-0300] {logging_mixin.py:188} INFO - 735
[2024-01-09T14:47:07.275-0300] {logging_mixin.py:188} INFO - 736
[2024-01-09T14:47:07.425-0300] {logging_mixin.py:188} INFO - 737
[2024-01-09T14:47:07.573-0300] {logging_mixin.py:188} INFO - 738
[2024-01-09T14:47:07.740-0300] {logging_mixin.py:188} INFO - 739
[2024-01-09T14:47:07.942-0300] {logging_mixin.py:188} INFO - 740
[2024-01-09T14:47:08.240-0300] {logging_mixin.py:188} INFO - 741
[2024-01-09T14:47:08.392-0300] {logging_mixin.py:188} INFO - 742
[2024-01-09T14:47:08.543-0300] {logging_mixin.py:188} INFO - 743
[2024-01-09T14:47:08.710-0300] {logging_mixin.py:188} INFO - 744
[2024-01-09T14:47:08.884-0300] {logging_mixin.py:188} INFO - 745
[2024-01-09T14:47:09.035-0300] {logging_mixin.py:188} INFO - 746
[2024-01-09T14:47:09.185-0300] {logging_mixin.py:188} INFO - 747
[2024-01-09T14:47:09.341-0300] {logging_mixin.py:188} INFO - 748
[2024-01-09T14:47:09.504-0300] {logging_mixin.py:188} INFO - 749
[2024-01-09T14:47:09.655-0300] {logging_mixin.py:188} INFO - 750
[2024-01-09T14:47:09.807-0300] {logging_mixin.py:188} INFO - 751
[2024-01-09T14:47:09.966-0300] {logging_mixin.py:188} INFO - 752
[2024-01-09T14:47:10.114-0300] {logging_mixin.py:188} INFO - 753
[2024-01-09T14:47:10.260-0300] {logging_mixin.py:188} INFO - 754
[2024-01-09T14:47:10.412-0300] {logging_mixin.py:188} INFO - 755
[2024-01-09T14:47:10.567-0300] {logging_mixin.py:188} INFO - 756
[2024-01-09T14:47:10.712-0300] {logging_mixin.py:188} INFO - 757
[2024-01-09T14:47:10.865-0300] {logging_mixin.py:188} INFO - 758
[2024-01-09T14:47:11.012-0300] {logging_mixin.py:188} INFO - 759
[2024-01-09T14:47:11.164-0300] {logging_mixin.py:188} INFO - 760
[2024-01-09T14:47:11.455-0300] {logging_mixin.py:188} INFO - 761
[2024-01-09T14:47:11.605-0300] {logging_mixin.py:188} INFO - 762
[2024-01-09T14:47:11.762-0300] {logging_mixin.py:188} INFO - 763
[2024-01-09T14:47:11.908-0300] {logging_mixin.py:188} INFO - 764
[2024-01-09T14:47:12.059-0300] {logging_mixin.py:188} INFO - 765
[2024-01-09T14:47:12.206-0300] {logging_mixin.py:188} INFO - 766
[2024-01-09T14:47:12.357-0300] {logging_mixin.py:188} INFO - 767
[2024-01-09T14:47:12.512-0300] {logging_mixin.py:188} INFO - 768
[2024-01-09T14:47:12.658-0300] {logging_mixin.py:188} INFO - 769
[2024-01-09T14:47:12.811-0300] {logging_mixin.py:188} INFO - 770
[2024-01-09T14:47:12.958-0300] {logging_mixin.py:188} INFO - 771
[2024-01-09T14:47:13.115-0300] {logging_mixin.py:188} INFO - 772
[2024-01-09T14:47:13.263-0300] {logging_mixin.py:188} INFO - 773
[2024-01-09T14:47:13.410-0300] {logging_mixin.py:188} INFO - 774
[2024-01-09T14:47:13.578-0300] {logging_mixin.py:188} INFO - 775
[2024-01-09T14:47:13.724-0300] {logging_mixin.py:188} INFO - 776
[2024-01-09T14:47:13.871-0300] {logging_mixin.py:188} INFO - 777
[2024-01-09T14:47:14.021-0300] {logging_mixin.py:188} INFO - 778
[2024-01-09T14:47:14.174-0300] {logging_mixin.py:188} INFO - 779
[2024-01-09T14:47:14.322-0300] {logging_mixin.py:188} INFO - 780
[2024-01-09T14:47:14.641-0300] {logging_mixin.py:188} INFO - 781
[2024-01-09T14:47:14.791-0300] {logging_mixin.py:188} INFO - 782
[2024-01-09T14:47:14.940-0300] {logging_mixin.py:188} INFO - 783
[2024-01-09T14:47:15.089-0300] {logging_mixin.py:188} INFO - 784
[2024-01-09T14:47:15.246-0300] {logging_mixin.py:188} INFO - 785
[2024-01-09T14:47:15.393-0300] {logging_mixin.py:188} INFO - 786
[2024-01-09T14:47:15.547-0300] {logging_mixin.py:188} INFO - 787
[2024-01-09T14:47:15.707-0300] {logging_mixin.py:188} INFO - 788
[2024-01-09T14:47:15.854-0300] {logging_mixin.py:188} INFO - 789
[2024-01-09T14:47:16.006-0300] {logging_mixin.py:188} INFO - 790
[2024-01-09T14:47:16.159-0300] {logging_mixin.py:188} INFO - 791
[2024-01-09T14:47:16.436-0300] {logging_mixin.py:188} INFO - 792
[2024-01-09T14:47:16.726-0300] {logging_mixin.py:188} INFO - 793
[2024-01-09T14:47:16.882-0300] {logging_mixin.py:188} INFO - 794
[2024-01-09T14:47:17.030-0300] {logging_mixin.py:188} INFO - 795
[2024-01-09T14:47:17.207-0300] {logging_mixin.py:188} INFO - 796
[2024-01-09T14:47:17.358-0300] {logging_mixin.py:188} INFO - 797
[2024-01-09T14:47:17.530-0300] {logging_mixin.py:188} INFO - 798
[2024-01-09T14:47:17.679-0300] {logging_mixin.py:188} INFO - 799
[2024-01-09T14:47:17.833-0300] {logging_mixin.py:188} INFO - 800
[2024-01-09T14:47:18.144-0300] {logging_mixin.py:188} INFO - 801
[2024-01-09T14:47:18.306-0300] {logging_mixin.py:188} INFO - 802
[2024-01-09T14:47:18.454-0300] {logging_mixin.py:188} INFO - 803
[2024-01-09T14:47:18.613-0300] {logging_mixin.py:188} INFO - 804
[2024-01-09T14:47:18.789-0300] {logging_mixin.py:188} INFO - 805
[2024-01-09T14:47:18.966-0300] {logging_mixin.py:188} INFO - 806
[2024-01-09T14:47:19.128-0300] {logging_mixin.py:188} INFO - 807
[2024-01-09T14:47:19.294-0300] {logging_mixin.py:188} INFO - 808
[2024-01-09T14:47:19.450-0300] {logging_mixin.py:188} INFO - 809
[2024-01-09T14:47:19.607-0300] {logging_mixin.py:188} INFO - 810
[2024-01-09T14:47:19.761-0300] {logging_mixin.py:188} INFO - 811
[2024-01-09T14:47:19.919-0300] {logging_mixin.py:188} INFO - 812
[2024-01-09T14:47:20.105-0300] {logging_mixin.py:188} INFO - 813
[2024-01-09T14:47:20.283-0300] {logging_mixin.py:188} INFO - 814
[2024-01-09T14:47:20.446-0300] {logging_mixin.py:188} INFO - 815
[2024-01-09T14:47:20.608-0300] {logging_mixin.py:188} INFO - 816
[2024-01-09T14:47:20.779-0300] {logging_mixin.py:188} INFO - 817
[2024-01-09T14:47:20.939-0300] {logging_mixin.py:188} INFO - 818
[2024-01-09T14:47:21.085-0300] {logging_mixin.py:188} INFO - 819
[2024-01-09T14:47:21.244-0300] {logging_mixin.py:188} INFO - 820
[2024-01-09T14:47:21.543-0300] {logging_mixin.py:188} INFO - 821
[2024-01-09T14:47:21.695-0300] {logging_mixin.py:188} INFO - 822
[2024-01-09T14:47:21.843-0300] {logging_mixin.py:188} INFO - 823
[2024-01-09T14:47:21.996-0300] {logging_mixin.py:188} INFO - 824
[2024-01-09T14:47:22.147-0300] {logging_mixin.py:188} INFO - 825
[2024-01-09T14:47:22.299-0300] {logging_mixin.py:188} INFO - 826
[2024-01-09T14:47:22.455-0300] {logging_mixin.py:188} INFO - 827
[2024-01-09T14:47:22.606-0300] {logging_mixin.py:188} INFO - 828
[2024-01-09T14:47:22.763-0300] {logging_mixin.py:188} INFO - 829
[2024-01-09T14:47:22.913-0300] {logging_mixin.py:188} INFO - 830
[2024-01-09T14:47:23.059-0300] {logging_mixin.py:188} INFO - 831
[2024-01-09T14:47:23.207-0300] {logging_mixin.py:188} INFO - 832
[2024-01-09T14:47:23.365-0300] {logging_mixin.py:188} INFO - 833
[2024-01-09T14:47:23.513-0300] {logging_mixin.py:188} INFO - 834
[2024-01-09T14:47:23.665-0300] {logging_mixin.py:188} INFO - 835
[2024-01-09T14:47:23.851-0300] {logging_mixin.py:188} INFO - 836
[2024-01-09T14:47:24.007-0300] {logging_mixin.py:188} INFO - 837
[2024-01-09T14:47:24.160-0300] {logging_mixin.py:188} INFO - 838
[2024-01-09T14:47:24.321-0300] {logging_mixin.py:188} INFO - 839
[2024-01-09T14:47:24.472-0300] {logging_mixin.py:188} INFO - 840
[2024-01-09T14:47:24.797-0300] {logging_mixin.py:188} INFO - 841
[2024-01-09T14:47:24.947-0300] {logging_mixin.py:188} INFO - 842
[2024-01-09T14:47:25.092-0300] {logging_mixin.py:188} INFO - 843
[2024-01-09T14:47:25.248-0300] {logging_mixin.py:188} INFO - 844
[2024-01-09T14:47:25.393-0300] {logging_mixin.py:188} INFO - 845
[2024-01-09T14:47:25.549-0300] {logging_mixin.py:188} INFO - 846
[2024-01-09T14:47:25.698-0300] {logging_mixin.py:188} INFO - 847
[2024-01-09T14:47:25.868-0300] {logging_mixin.py:188} INFO - 848
[2024-01-09T14:47:26.029-0300] {logging_mixin.py:188} INFO - 849
[2024-01-09T14:47:26.180-0300] {logging_mixin.py:188} INFO - 850
[2024-01-09T14:47:26.352-0300] {logging_mixin.py:188} INFO - 851
[2024-01-09T14:47:26.507-0300] {logging_mixin.py:188} INFO - 852
[2024-01-09T14:47:26.653-0300] {logging_mixin.py:188} INFO - 853
[2024-01-09T14:47:26.823-0300] {logging_mixin.py:188} INFO - 854
[2024-01-09T14:47:27.019-0300] {logging_mixin.py:188} INFO - 855
[2024-01-09T14:47:27.175-0300] {logging_mixin.py:188} INFO - 856
[2024-01-09T14:47:27.332-0300] {logging_mixin.py:188} INFO - 857
[2024-01-09T14:47:27.500-0300] {logging_mixin.py:188} INFO - 858
[2024-01-09T14:47:27.650-0300] {logging_mixin.py:188} INFO - 859
[2024-01-09T14:47:27.797-0300] {logging_mixin.py:188} INFO - 860
[2024-01-09T14:47:28.115-0300] {logging_mixin.py:188} INFO - 861
[2024-01-09T14:47:28.264-0300] {logging_mixin.py:188} INFO - 862
[2024-01-09T14:47:28.413-0300] {logging_mixin.py:188} INFO - 863
[2024-01-09T14:47:28.564-0300] {logging_mixin.py:188} INFO - 864
[2024-01-09T14:47:28.716-0300] {logging_mixin.py:188} INFO - 865
[2024-01-09T14:47:28.866-0300] {logging_mixin.py:188} INFO - 866
[2024-01-09T14:47:29.028-0300] {logging_mixin.py:188} INFO - 867
[2024-01-09T14:47:29.180-0300] {logging_mixin.py:188} INFO - 868
[2024-01-09T14:47:29.331-0300] {logging_mixin.py:188} INFO - 869
[2024-01-09T14:47:29.477-0300] {logging_mixin.py:188} INFO - 870
[2024-01-09T14:47:29.623-0300] {logging_mixin.py:188} INFO - 871
[2024-01-09T14:47:29.774-0300] {logging_mixin.py:188} INFO - 872
[2024-01-09T14:47:29.922-0300] {logging_mixin.py:188} INFO - 873
[2024-01-09T14:47:30.074-0300] {logging_mixin.py:188} INFO - 874
[2024-01-09T14:47:30.228-0300] {logging_mixin.py:188} INFO - 875
[2024-01-09T14:47:30.379-0300] {logging_mixin.py:188} INFO - 876
[2024-01-09T14:47:30.524-0300] {logging_mixin.py:188} INFO - 877
[2024-01-09T14:47:30.678-0300] {logging_mixin.py:188} INFO - 878
[2024-01-09T14:47:30.828-0300] {logging_mixin.py:188} INFO - 879
[2024-01-09T14:47:30.981-0300] {logging_mixin.py:188} INFO - 880
[2024-01-09T14:47:31.311-0300] {logging_mixin.py:188} INFO - 881
[2024-01-09T14:47:31.470-0300] {logging_mixin.py:188} INFO - 882
[2024-01-09T14:47:31.627-0300] {logging_mixin.py:188} INFO - 883
[2024-01-09T14:47:31.775-0300] {logging_mixin.py:188} INFO - 884
[2024-01-09T14:47:31.928-0300] {logging_mixin.py:188} INFO - 885
[2024-01-09T14:47:32.081-0300] {logging_mixin.py:188} INFO - 886
[2024-01-09T14:47:32.227-0300] {logging_mixin.py:188} INFO - 887
[2024-01-09T14:47:32.378-0300] {logging_mixin.py:188} INFO - 888
[2024-01-09T14:47:32.533-0300] {logging_mixin.py:188} INFO - 889
[2024-01-09T14:47:32.697-0300] {logging_mixin.py:188} INFO - 890
[2024-01-09T14:47:32.857-0300] {logging_mixin.py:188} INFO - 891
[2024-01-09T14:47:33.003-0300] {logging_mixin.py:188} INFO - 892
[2024-01-09T14:47:33.157-0300] {logging_mixin.py:188} INFO - 893
[2024-01-09T14:47:33.314-0300] {logging_mixin.py:188} INFO - 894
[2024-01-09T14:47:33.479-0300] {logging_mixin.py:188} INFO - 895
[2024-01-09T14:47:33.637-0300] {logging_mixin.py:188} INFO - 896
[2024-01-09T14:47:33.794-0300] {logging_mixin.py:188} INFO - 897
[2024-01-09T14:47:33.947-0300] {logging_mixin.py:188} INFO - 898
[2024-01-09T14:47:34.105-0300] {logging_mixin.py:188} INFO - 899
[2024-01-09T14:47:34.260-0300] {logging_mixin.py:188} INFO - 900
[2024-01-09T14:47:34.569-0300] {logging_mixin.py:188} INFO - 901
[2024-01-09T14:47:34.721-0300] {logging_mixin.py:188} INFO - 902
[2024-01-09T14:47:34.870-0300] {logging_mixin.py:188} INFO - 903
[2024-01-09T14:47:35.026-0300] {logging_mixin.py:188} INFO - 904
[2024-01-09T14:47:35.174-0300] {logging_mixin.py:188} INFO - 905
[2024-01-09T14:47:35.330-0300] {logging_mixin.py:188} INFO - 906
[2024-01-09T14:47:35.479-0300] {logging_mixin.py:188} INFO - 907
[2024-01-09T14:47:35.628-0300] {logging_mixin.py:188} INFO - 908
[2024-01-09T14:47:35.778-0300] {logging_mixin.py:188} INFO - 909
[2024-01-09T14:47:35.928-0300] {logging_mixin.py:188} INFO - 910
[2024-01-09T14:47:36.086-0300] {logging_mixin.py:188} INFO - 911
[2024-01-09T14:47:36.231-0300] {logging_mixin.py:188} INFO - 912
[2024-01-09T14:47:36.391-0300] {logging_mixin.py:188} INFO - 913
[2024-01-09T14:47:36.543-0300] {logging_mixin.py:188} INFO - 914
[2024-01-09T14:47:36.692-0300] {logging_mixin.py:188} INFO - 915
[2024-01-09T14:47:36.850-0300] {logging_mixin.py:188} INFO - 916
[2024-01-09T14:47:36.999-0300] {logging_mixin.py:188} INFO - 917
[2024-01-09T14:47:37.152-0300] {logging_mixin.py:188} INFO - 918
[2024-01-09T14:47:37.326-0300] {logging_mixin.py:188} INFO - 919
[2024-01-09T14:47:37.485-0300] {logging_mixin.py:188} INFO - 920
[2024-01-09T14:47:37.875-0300] {logging_mixin.py:188} INFO - 921
[2024-01-09T14:47:38.021-0300] {logging_mixin.py:188} INFO - 922
[2024-01-09T14:47:38.186-0300] {logging_mixin.py:188} INFO - 923
[2024-01-09T14:47:38.340-0300] {logging_mixin.py:188} INFO - 924
[2024-01-09T14:47:38.491-0300] {logging_mixin.py:188} INFO - 925
[2024-01-09T14:47:38.654-0300] {logging_mixin.py:188} INFO - 926
[2024-01-09T14:47:38.799-0300] {logging_mixin.py:188} INFO - 927
[2024-01-09T14:47:38.983-0300] {logging_mixin.py:188} INFO - 928
[2024-01-09T14:47:39.135-0300] {logging_mixin.py:188} INFO - 929
[2024-01-09T14:47:39.290-0300] {logging_mixin.py:188} INFO - 930
[2024-01-09T14:47:39.443-0300] {logging_mixin.py:188} INFO - 931
[2024-01-09T14:47:39.591-0300] {logging_mixin.py:188} INFO - 932
[2024-01-09T14:47:39.744-0300] {logging_mixin.py:188} INFO - 933
[2024-01-09T14:47:39.901-0300] {logging_mixin.py:188} INFO - 934
[2024-01-09T14:47:40.057-0300] {logging_mixin.py:188} INFO - 935
[2024-01-09T14:47:40.206-0300] {logging_mixin.py:188} INFO - 936
[2024-01-09T14:47:40.358-0300] {logging_mixin.py:188} INFO - 937
[2024-01-09T14:47:40.512-0300] {logging_mixin.py:188} INFO - 938
[2024-01-09T14:47:40.661-0300] {logging_mixin.py:188} INFO - 939
[2024-01-09T14:47:40.807-0300] {logging_mixin.py:188} INFO - 940
[2024-01-09T14:47:41.113-0300] {logging_mixin.py:188} INFO - 941
[2024-01-09T14:47:41.264-0300] {logging_mixin.py:188} INFO - 942
[2024-01-09T14:47:41.421-0300] {logging_mixin.py:188} INFO - 943
[2024-01-09T14:47:41.568-0300] {logging_mixin.py:188} INFO - 944
[2024-01-09T14:47:41.729-0300] {logging_mixin.py:188} INFO - 945
[2024-01-09T14:47:41.878-0300] {logging_mixin.py:188} INFO - 946
[2024-01-09T14:47:42.028-0300] {logging_mixin.py:188} INFO - 947
[2024-01-09T14:47:42.191-0300] {logging_mixin.py:188} INFO - 948
[2024-01-09T14:47:42.339-0300] {logging_mixin.py:188} INFO - 949
[2024-01-09T14:47:42.488-0300] {logging_mixin.py:188} INFO - 950
[2024-01-09T14:47:42.644-0300] {logging_mixin.py:188} INFO - 951
[2024-01-09T14:47:42.792-0300] {logging_mixin.py:188} INFO - 952
[2024-01-09T14:47:42.945-0300] {logging_mixin.py:188} INFO - 953
[2024-01-09T14:47:43.097-0300] {logging_mixin.py:188} INFO - 954
[2024-01-09T14:47:43.268-0300] {logging_mixin.py:188} INFO - 955
[2024-01-09T14:47:43.421-0300] {logging_mixin.py:188} INFO - 956
[2024-01-09T14:47:43.592-0300] {logging_mixin.py:188} INFO - 957
[2024-01-09T14:47:43.742-0300] {logging_mixin.py:188} INFO - 958
[2024-01-09T14:47:43.902-0300] {logging_mixin.py:188} INFO - 959
[2024-01-09T14:47:44.071-0300] {logging_mixin.py:188} INFO - 960
[2024-01-09T14:47:44.384-0300] {logging_mixin.py:188} INFO - 961
[2024-01-09T14:47:44.533-0300] {logging_mixin.py:188} INFO - 962
[2024-01-09T14:47:44.686-0300] {logging_mixin.py:188} INFO - 963
[2024-01-09T14:47:44.838-0300] {logging_mixin.py:188} INFO - 964
[2024-01-09T14:47:44.986-0300] {logging_mixin.py:188} INFO - 965
[2024-01-09T14:47:45.155-0300] {logging_mixin.py:188} INFO - 966
[2024-01-09T14:47:45.303-0300] {logging_mixin.py:188} INFO - 967
[2024-01-09T14:47:45.452-0300] {logging_mixin.py:188} INFO - 968
[2024-01-09T14:47:45.600-0300] {logging_mixin.py:188} INFO - 969
[2024-01-09T14:47:45.759-0300] {logging_mixin.py:188} INFO - 970
[2024-01-09T14:47:45.908-0300] {logging_mixin.py:188} INFO - 971
[2024-01-09T14:47:46.059-0300] {logging_mixin.py:188} INFO - 972
[2024-01-09T14:47:46.215-0300] {logging_mixin.py:188} INFO - 973
[2024-01-09T14:47:46.392-0300] {logging_mixin.py:188} INFO - 974
[2024-01-09T14:47:46.538-0300] {logging_mixin.py:188} INFO - 975
[2024-01-09T14:47:46.688-0300] {logging_mixin.py:188} INFO - 976
[2024-01-09T14:47:46.840-0300] {logging_mixin.py:188} INFO - 977
[2024-01-09T14:47:47.275-0300] {logging_mixin.py:188} INFO - 978
[2024-01-09T14:47:47.424-0300] {logging_mixin.py:188} INFO - 979
[2024-01-09T14:47:47.569-0300] {logging_mixin.py:188} INFO - 980
[2024-01-09T14:47:47.872-0300] {logging_mixin.py:188} INFO - 981
[2024-01-09T14:47:48.024-0300] {logging_mixin.py:188} INFO - 982
[2024-01-09T14:47:48.173-0300] {logging_mixin.py:188} INFO - 983
[2024-01-09T14:47:48.323-0300] {logging_mixin.py:188} INFO - 984
[2024-01-09T14:47:48.476-0300] {logging_mixin.py:188} INFO - 985
[2024-01-09T14:47:48.629-0300] {logging_mixin.py:188} INFO - 986
[2024-01-09T14:47:48.782-0300] {logging_mixin.py:188} INFO - 987
[2024-01-09T14:47:48.934-0300] {logging_mixin.py:188} INFO - 988
[2024-01-09T14:47:49.081-0300] {logging_mixin.py:188} INFO - 989
[2024-01-09T14:47:49.233-0300] {logging_mixin.py:188} INFO - 990
[2024-01-09T14:47:49.389-0300] {logging_mixin.py:188} INFO - 991
[2024-01-09T14:47:49.552-0300] {logging_mixin.py:188} INFO - 992
[2024-01-09T14:47:49.709-0300] {logging_mixin.py:188} INFO - 993
[2024-01-09T14:47:49.856-0300] {logging_mixin.py:188} INFO - 994
[2024-01-09T14:47:50.007-0300] {logging_mixin.py:188} INFO - 995
[2024-01-09T14:47:50.155-0300] {logging_mixin.py:188} INFO - 996
[2024-01-09T14:47:50.308-0300] {logging_mixin.py:188} INFO - 997
[2024-01-09T14:47:50.459-0300] {logging_mixin.py:188} INFO - 998
[2024-01-09T14:47:50.607-0300] {logging_mixin.py:188} INFO - 999
[2024-01-09T14:47:50.759-0300] {logging_mixin.py:188} INFO - 1000
[2024-01-09T14:47:51.061-0300] {logging_mixin.py:188} INFO - 1001
[2024-01-09T14:47:51.236-0300] {logging_mixin.py:188} INFO - 1002
[2024-01-09T14:47:51.386-0300] {logging_mixin.py:188} INFO - 1003
[2024-01-09T14:47:51.541-0300] {logging_mixin.py:188} INFO - 1004
[2024-01-09T14:47:51.691-0300] {logging_mixin.py:188} INFO - 1005
[2024-01-09T14:47:51.858-0300] {logging_mixin.py:188} INFO - 1006
[2024-01-09T14:47:52.007-0300] {logging_mixin.py:188} INFO - 1007
[2024-01-09T14:47:52.161-0300] {logging_mixin.py:188} INFO - 1008
[2024-01-09T14:47:52.319-0300] {logging_mixin.py:188} INFO - 1009
[2024-01-09T14:47:52.469-0300] {logging_mixin.py:188} INFO - 1010
[2024-01-09T14:47:52.620-0300] {logging_mixin.py:188} INFO - 1011
[2024-01-09T14:47:52.781-0300] {logging_mixin.py:188} INFO - 1012
[2024-01-09T14:47:52.932-0300] {logging_mixin.py:188} INFO - 1013
[2024-01-09T14:47:53.088-0300] {logging_mixin.py:188} INFO - 1014
[2024-01-09T14:47:53.242-0300] {logging_mixin.py:188} INFO - 1015
[2024-01-09T14:47:53.390-0300] {logging_mixin.py:188} INFO - 1016
[2024-01-09T14:47:53.537-0300] {logging_mixin.py:188} INFO - 1017
[2024-01-09T14:47:53.687-0300] {logging_mixin.py:188} INFO - 1018
[2024-01-09T14:47:53.838-0300] {logging_mixin.py:188} INFO - 1019
[2024-01-09T14:47:53.994-0300] {logging_mixin.py:188} INFO - 1020
[2024-01-09T14:47:54.315-0300] {logging_mixin.py:188} INFO - 1021
[2024-01-09T14:47:54.470-0300] {logging_mixin.py:188} INFO - 1022
[2024-01-09T14:47:54.619-0300] {logging_mixin.py:188} INFO - 1023
[2024-01-09T14:47:54.770-0300] {logging_mixin.py:188} INFO - 1024
[2024-01-09T14:47:54.926-0300] {logging_mixin.py:188} INFO - 1025
[2024-01-09T14:47:55.075-0300] {logging_mixin.py:188} INFO - 10001
[2024-01-09T14:47:55.235-0300] {logging_mixin.py:188} INFO - 10002
[2024-01-09T14:47:55.403-0300] {logging_mixin.py:188} INFO - 10003
[2024-01-09T14:47:55.555-0300] {logging_mixin.py:188} INFO - 10004
[2024-01-09T14:47:55.709-0300] {logging_mixin.py:188} INFO - 10005
[2024-01-09T14:47:55.868-0300] {logging_mixin.py:188} INFO - 10006
[2024-01-09T14:47:56.025-0300] {logging_mixin.py:188} INFO - 10007
[2024-01-09T14:47:56.170-0300] {logging_mixin.py:188} INFO - 10008
[2024-01-09T14:47:56.346-0300] {logging_mixin.py:188} INFO - 10009
[2024-01-09T14:47:56.522-0300] {logging_mixin.py:188} INFO - 10010
[2024-01-09T14:47:56.672-0300] {logging_mixin.py:188} INFO - 10011
[2024-01-09T14:47:56.820-0300] {logging_mixin.py:188} INFO - 10012
[2024-01-09T14:47:56.969-0300] {logging_mixin.py:188} INFO - 10013
[2024-01-09T14:47:57.119-0300] {logging_mixin.py:188} INFO - 10014
[2024-01-09T14:47:57.284-0300] {logging_mixin.py:188} INFO - 10015
[2024-01-09T14:47:57.592-0300] {logging_mixin.py:188} INFO - 10016
[2024-01-09T14:47:57.741-0300] {logging_mixin.py:188} INFO - 10017
[2024-01-09T14:47:57.892-0300] {logging_mixin.py:188} INFO - 10018
[2024-01-09T14:47:58.048-0300] {logging_mixin.py:188} INFO - 10019
[2024-01-09T14:47:58.196-0300] {logging_mixin.py:188} INFO - 10020
[2024-01-09T14:47:58.358-0300] {logging_mixin.py:188} INFO - 10021
[2024-01-09T14:47:58.529-0300] {logging_mixin.py:188} INFO - 10022
[2024-01-09T14:47:58.684-0300] {logging_mixin.py:188} INFO - 10023
[2024-01-09T14:47:58.832-0300] {logging_mixin.py:188} INFO - 10024
[2024-01-09T14:47:58.986-0300] {logging_mixin.py:188} INFO - 10025
[2024-01-09T14:47:59.139-0300] {logging_mixin.py:188} INFO - 10026
[2024-01-09T14:47:59.288-0300] {logging_mixin.py:188} INFO - 10027
[2024-01-09T14:47:59.439-0300] {logging_mixin.py:188} INFO - 10028
[2024-01-09T14:47:59.587-0300] {logging_mixin.py:188} INFO - 10029
[2024-01-09T14:47:59.740-0300] {logging_mixin.py:188} INFO - 10030
[2024-01-09T14:47:59.898-0300] {logging_mixin.py:188} INFO - 10031
[2024-01-09T14:48:00.051-0300] {logging_mixin.py:188} INFO - 10032
[2024-01-09T14:48:00.227-0300] {logging_mixin.py:188} INFO - 10033
[2024-01-09T14:48:00.379-0300] {logging_mixin.py:188} INFO - 10034
[2024-01-09T14:48:00.529-0300] {logging_mixin.py:188} INFO - 10035
[2024-01-09T14:48:00.820-0300] {logging_mixin.py:188} INFO - 10036
[2024-01-09T14:48:00.978-0300] {logging_mixin.py:188} INFO - 10037
[2024-01-09T14:48:01.130-0300] {logging_mixin.py:188} INFO - 10038
[2024-01-09T14:48:01.285-0300] {logging_mixin.py:188} INFO - 10039
[2024-01-09T14:48:01.450-0300] {logging_mixin.py:188} INFO - 10040
[2024-01-09T14:48:01.603-0300] {logging_mixin.py:188} INFO - 10041
[2024-01-09T14:48:01.762-0300] {logging_mixin.py:188} INFO - 10042
[2024-01-09T14:48:01.922-0300] {logging_mixin.py:188} INFO - 10043
[2024-01-09T14:48:02.076-0300] {logging_mixin.py:188} INFO - 10044
[2024-01-09T14:48:02.262-0300] {logging_mixin.py:188} INFO - 10045
[2024-01-09T14:48:02.427-0300] {logging_mixin.py:188} INFO - 10046
[2024-01-09T14:48:02.584-0300] {logging_mixin.py:188} INFO - 10047
[2024-01-09T14:48:02.741-0300] {logging_mixin.py:188} INFO - 10048
[2024-01-09T14:48:02.895-0300] {logging_mixin.py:188} INFO - 10049
[2024-01-09T14:48:03.044-0300] {logging_mixin.py:188} INFO - 10050
[2024-01-09T14:48:03.193-0300] {logging_mixin.py:188} INFO - 10051
[2024-01-09T14:48:03.343-0300] {logging_mixin.py:188} INFO - 10052
[2024-01-09T14:48:03.505-0300] {logging_mixin.py:188} INFO - 10053
[2024-01-09T14:48:03.664-0300] {logging_mixin.py:188} INFO - 10054
[2024-01-09T14:48:03.816-0300] {logging_mixin.py:188} INFO - 10055
[2024-01-09T14:48:04.113-0300] {logging_mixin.py:188} INFO - 10056
[2024-01-09T14:48:04.268-0300] {logging_mixin.py:188} INFO - 10057
[2024-01-09T14:48:04.416-0300] {logging_mixin.py:188} INFO - 10058
[2024-01-09T14:48:04.567-0300] {logging_mixin.py:188} INFO - 10059
[2024-01-09T14:48:04.720-0300] {logging_mixin.py:188} INFO - 10060
[2024-01-09T14:48:04.870-0300] {logging_mixin.py:188} INFO - 10061
[2024-01-09T14:48:05.020-0300] {logging_mixin.py:188} INFO - 10062
[2024-01-09T14:48:05.172-0300] {logging_mixin.py:188} INFO - 10063
[2024-01-09T14:48:05.318-0300] {logging_mixin.py:188} INFO - 10064
[2024-01-09T14:48:05.466-0300] {logging_mixin.py:188} INFO - 10065
[2024-01-09T14:48:05.620-0300] {logging_mixin.py:188} INFO - 10066
[2024-01-09T14:48:05.771-0300] {logging_mixin.py:188} INFO - 10067
[2024-01-09T14:48:05.933-0300] {logging_mixin.py:188} INFO - 10068
[2024-01-09T14:48:06.081-0300] {logging_mixin.py:188} INFO - 10069
[2024-01-09T14:48:06.240-0300] {logging_mixin.py:188} INFO - 10070
[2024-01-09T14:48:06.399-0300] {logging_mixin.py:188} INFO - 10071
[2024-01-09T14:48:06.552-0300] {logging_mixin.py:188} INFO - 10072
[2024-01-09T14:48:06.714-0300] {logging_mixin.py:188} INFO - 10073
[2024-01-09T14:48:06.860-0300] {logging_mixin.py:188} INFO - 10074
[2024-01-09T14:48:07.011-0300] {logging_mixin.py:188} INFO - 10075
[2024-01-09T14:48:07.317-0300] {logging_mixin.py:188} INFO - 10076
[2024-01-09T14:48:07.468-0300] {logging_mixin.py:188} INFO - 10077
[2024-01-09T14:48:07.616-0300] {logging_mixin.py:188} INFO - 10078
[2024-01-09T14:48:07.784-0300] {logging_mixin.py:188} INFO - 10079
[2024-01-09T14:48:08.028-0300] {logging_mixin.py:188} INFO - 10080
[2024-01-09T14:48:08.221-0300] {logging_mixin.py:188} INFO - 10081
[2024-01-09T14:48:08.374-0300] {logging_mixin.py:188} INFO - 10082
[2024-01-09T14:48:08.528-0300] {logging_mixin.py:188} INFO - 10083
[2024-01-09T14:48:08.683-0300] {logging_mixin.py:188} INFO - 10084
[2024-01-09T14:48:08.832-0300] {logging_mixin.py:188} INFO - 10085
[2024-01-09T14:48:08.981-0300] {logging_mixin.py:188} INFO - 10086
[2024-01-09T14:48:09.132-0300] {logging_mixin.py:188} INFO - 10087
[2024-01-09T14:48:09.282-0300] {logging_mixin.py:188} INFO - 10088
[2024-01-09T14:48:09.431-0300] {logging_mixin.py:188} INFO - 10089
[2024-01-09T14:48:09.577-0300] {logging_mixin.py:188} INFO - 10090
[2024-01-09T14:48:09.732-0300] {logging_mixin.py:188} INFO - 10091
[2024-01-09T14:48:09.885-0300] {logging_mixin.py:188} INFO - 10092
[2024-01-09T14:48:10.040-0300] {logging_mixin.py:188} INFO - 10093
[2024-01-09T14:48:10.191-0300] {logging_mixin.py:188} INFO - 10094
[2024-01-09T14:48:10.342-0300] {logging_mixin.py:188} INFO - 10095
[2024-01-09T14:48:10.644-0300] {logging_mixin.py:188} INFO - 10096
[2024-01-09T14:48:10.794-0300] {logging_mixin.py:188} INFO - 10097
[2024-01-09T14:48:10.943-0300] {logging_mixin.py:188} INFO - 10098
[2024-01-09T14:48:11.099-0300] {logging_mixin.py:188} INFO - 10099
[2024-01-09T14:48:11.262-0300] {logging_mixin.py:188} INFO - 10100
[2024-01-09T14:48:11.419-0300] {logging_mixin.py:188} INFO - 10101
[2024-01-09T14:48:11.581-0300] {logging_mixin.py:188} INFO - 10102
[2024-01-09T14:48:11.750-0300] {logging_mixin.py:188} INFO - 10103
[2024-01-09T14:48:11.904-0300] {logging_mixin.py:188} INFO - 10104
[2024-01-09T14:48:12.052-0300] {logging_mixin.py:188} INFO - 10105
[2024-01-09T14:48:12.208-0300] {logging_mixin.py:188} INFO - 10106
[2024-01-09T14:48:12.417-0300] {logging_mixin.py:188} INFO - 10107
[2024-01-09T14:48:12.569-0300] {logging_mixin.py:188} INFO - 10108
[2024-01-09T14:48:12.724-0300] {logging_mixin.py:188} INFO - 10109
[2024-01-09T14:48:12.874-0300] {logging_mixin.py:188} INFO - 10110
[2024-01-09T14:48:13.027-0300] {logging_mixin.py:188} INFO - 10111
[2024-01-09T14:48:13.178-0300] {logging_mixin.py:188} INFO - 10112
[2024-01-09T14:48:13.358-0300] {logging_mixin.py:188} INFO - 10113
[2024-01-09T14:48:13.507-0300] {logging_mixin.py:188} INFO - 10114
[2024-01-09T14:48:13.672-0300] {logging_mixin.py:188} INFO - 10115
[2024-01-09T14:48:13.974-0300] {logging_mixin.py:188} INFO - 10116
[2024-01-09T14:48:14.128-0300] {logging_mixin.py:188} INFO - 10117
[2024-01-09T14:48:14.280-0300] {logging_mixin.py:188} INFO - 10118
[2024-01-09T14:48:14.476-0300] {logging_mixin.py:188} INFO - 10119
[2024-01-09T14:48:14.636-0300] {logging_mixin.py:188} INFO - 10120
[2024-01-09T14:48:14.787-0300] {logging_mixin.py:188} INFO - 10121
[2024-01-09T14:48:14.939-0300] {logging_mixin.py:188} INFO - 10122
[2024-01-09T14:48:15.091-0300] {logging_mixin.py:188} INFO - 10123
[2024-01-09T14:48:15.255-0300] {logging_mixin.py:188} INFO - 10124
[2024-01-09T14:48:15.407-0300] {logging_mixin.py:188} INFO - 10125
[2024-01-09T14:48:15.558-0300] {logging_mixin.py:188} INFO - 10126
[2024-01-09T14:48:15.716-0300] {logging_mixin.py:188} INFO - 10127
[2024-01-09T14:48:15.881-0300] {logging_mixin.py:188} INFO - 10128
[2024-01-09T14:48:16.040-0300] {logging_mixin.py:188} INFO - 10129
[2024-01-09T14:48:16.189-0300] {logging_mixin.py:188} INFO - 10130
[2024-01-09T14:48:16.347-0300] {logging_mixin.py:188} INFO - 10131
[2024-01-09T14:48:16.510-0300] {logging_mixin.py:188} INFO - 10132
[2024-01-09T14:48:16.662-0300] {logging_mixin.py:188} INFO - 10133
[2024-01-09T14:48:16.815-0300] {logging_mixin.py:188} INFO - 10134
[2024-01-09T14:48:16.962-0300] {logging_mixin.py:188} INFO - 10135
[2024-01-09T14:48:17.262-0300] {logging_mixin.py:188} INFO - 10136
[2024-01-09T14:48:17.412-0300] {logging_mixin.py:188} INFO - 10137
[2024-01-09T14:48:17.562-0300] {logging_mixin.py:188} INFO - 10138
[2024-01-09T14:48:17.709-0300] {logging_mixin.py:188} INFO - 10139
[2024-01-09T14:48:17.870-0300] {logging_mixin.py:188} INFO - 10140
[2024-01-09T14:48:18.020-0300] {logging_mixin.py:188} INFO - 10141
[2024-01-09T14:48:18.170-0300] {logging_mixin.py:188} INFO - 10142
[2024-01-09T14:48:18.324-0300] {logging_mixin.py:188} INFO - 10143
[2024-01-09T14:48:18.469-0300] {logging_mixin.py:188} INFO - 10144
[2024-01-09T14:48:18.620-0300] {logging_mixin.py:188} INFO - 10145
[2024-01-09T14:48:18.781-0300] {logging_mixin.py:188} INFO - 10146
[2024-01-09T14:48:18.961-0300] {logging_mixin.py:188} INFO - 10147
[2024-01-09T14:48:19.120-0300] {logging_mixin.py:188} INFO - 10148
[2024-01-09T14:48:19.283-0300] {logging_mixin.py:188} INFO - 10149
[2024-01-09T14:48:19.443-0300] {logging_mixin.py:188} INFO - 10150
[2024-01-09T14:48:19.601-0300] {logging_mixin.py:188} INFO - 10151
[2024-01-09T14:48:19.752-0300] {logging_mixin.py:188} INFO - 10152
[2024-01-09T14:48:19.913-0300] {logging_mixin.py:188} INFO - 10153
[2024-01-09T14:48:20.065-0300] {logging_mixin.py:188} INFO - 10154
[2024-01-09T14:48:20.219-0300] {logging_mixin.py:188} INFO - 10155
[2024-01-09T14:48:20.545-0300] {logging_mixin.py:188} INFO - 10156
[2024-01-09T14:48:20.714-0300] {logging_mixin.py:188} INFO - 10157
[2024-01-09T14:48:20.867-0300] {logging_mixin.py:188} INFO - 10158
[2024-01-09T14:48:21.015-0300] {logging_mixin.py:188} INFO - 10159
[2024-01-09T14:48:21.165-0300] {logging_mixin.py:188} INFO - 10160
[2024-01-09T14:48:21.317-0300] {logging_mixin.py:188} INFO - 10161
[2024-01-09T14:48:21.466-0300] {logging_mixin.py:188} INFO - 10162
[2024-01-09T14:48:21.615-0300] {logging_mixin.py:188} INFO - 10163
[2024-01-09T14:48:21.769-0300] {logging_mixin.py:188} INFO - 10164
[2024-01-09T14:48:21.918-0300] {logging_mixin.py:188} INFO - 10165
[2024-01-09T14:48:22.068-0300] {logging_mixin.py:188} INFO - 10166
[2024-01-09T14:48:22.219-0300] {logging_mixin.py:188} INFO - 10167
[2024-01-09T14:48:22.370-0300] {logging_mixin.py:188} INFO - 10168
[2024-01-09T14:48:22.516-0300] {logging_mixin.py:188} INFO - 10169
[2024-01-09T14:48:22.670-0300] {logging_mixin.py:188} INFO - 10170
[2024-01-09T14:48:22.824-0300] {logging_mixin.py:188} INFO - 10171
[2024-01-09T14:48:22.969-0300] {logging_mixin.py:188} INFO - 10172
[2024-01-09T14:48:23.117-0300] {logging_mixin.py:188} INFO - 10173
[2024-01-09T14:48:23.268-0300] {logging_mixin.py:188} INFO - 10174
[2024-01-09T14:48:23.417-0300] {logging_mixin.py:188} INFO - 10175
[2024-01-09T14:48:23.713-0300] {logging_mixin.py:188} INFO - 10176
[2024-01-09T14:48:23.864-0300] {logging_mixin.py:188} INFO - 10177
[2024-01-09T14:48:24.023-0300] {logging_mixin.py:188} INFO - 10178
[2024-01-09T14:48:24.170-0300] {logging_mixin.py:188} INFO - 10179
[2024-01-09T14:48:24.324-0300] {logging_mixin.py:188} INFO - 10180
[2024-01-09T14:48:24.474-0300] {logging_mixin.py:188} INFO - 10181
[2024-01-09T14:48:24.630-0300] {logging_mixin.py:188} INFO - 10182
[2024-01-09T14:48:24.782-0300] {logging_mixin.py:188} INFO - 10183
[2024-01-09T14:48:24.940-0300] {logging_mixin.py:188} INFO - 10184
[2024-01-09T14:48:25.097-0300] {logging_mixin.py:188} INFO - 10185
[2024-01-09T14:48:25.245-0300] {logging_mixin.py:188} INFO - 10186
[2024-01-09T14:48:25.391-0300] {logging_mixin.py:188} INFO - 10187
[2024-01-09T14:48:25.535-0300] {logging_mixin.py:188} INFO - 10188
[2024-01-09T14:48:25.697-0300] {logging_mixin.py:188} INFO - 10189
[2024-01-09T14:48:25.851-0300] {logging_mixin.py:188} INFO - 10190
[2024-01-09T14:48:26.003-0300] {logging_mixin.py:188} INFO - 10191
[2024-01-09T14:48:26.153-0300] {logging_mixin.py:188} INFO - 10192
[2024-01-09T14:48:26.315-0300] {logging_mixin.py:188} INFO - 10193
[2024-01-09T14:48:26.476-0300] {logging_mixin.py:188} INFO - 10194
[2024-01-09T14:48:26.636-0300] {logging_mixin.py:188} INFO - 10195
[2024-01-09T14:48:26.962-0300] {logging_mixin.py:188} INFO - 10196
[2024-01-09T14:48:27.118-0300] {logging_mixin.py:188} INFO - 10197
[2024-01-09T14:48:27.268-0300] {logging_mixin.py:188} INFO - 10198
[2024-01-09T14:48:27.419-0300] {logging_mixin.py:188} INFO - 10199
[2024-01-09T14:48:27.569-0300] {logging_mixin.py:188} INFO - 10200
[2024-01-09T14:48:27.719-0300] {logging_mixin.py:188} INFO - 10201
[2024-01-09T14:48:27.875-0300] {logging_mixin.py:188} INFO - 10202
[2024-01-09T14:48:28.029-0300] {logging_mixin.py:188} INFO - 10203
[2024-01-09T14:48:28.185-0300] {logging_mixin.py:188} INFO - 10204
[2024-01-09T14:48:28.341-0300] {logging_mixin.py:188} INFO - 10205
[2024-01-09T14:48:28.487-0300] {logging_mixin.py:188} INFO - 10206
[2024-01-09T14:48:28.656-0300] {logging_mixin.py:188} INFO - 10207
[2024-01-09T14:48:28.803-0300] {logging_mixin.py:188} INFO - 10208
[2024-01-09T14:48:28.954-0300] {logging_mixin.py:188} INFO - 10209
[2024-01-09T14:48:29.105-0300] {logging_mixin.py:188} INFO - 10210
[2024-01-09T14:48:29.279-0300] {logging_mixin.py:188} INFO - 10211
[2024-01-09T14:48:29.430-0300] {logging_mixin.py:188} INFO - 10212
[2024-01-09T14:48:29.578-0300] {logging_mixin.py:188} INFO - 10213
[2024-01-09T14:48:29.734-0300] {logging_mixin.py:188} INFO - 10214
[2024-01-09T14:48:29.915-0300] {logging_mixin.py:188} INFO - 10215
[2024-01-09T14:48:30.212-0300] {logging_mixin.py:188} INFO - 10216
[2024-01-09T14:48:30.368-0300] {logging_mixin.py:188} INFO - 10217
[2024-01-09T14:48:30.525-0300] {logging_mixin.py:188} INFO - 10218
[2024-01-09T14:48:30.709-0300] {logging_mixin.py:188} INFO - 10219
[2024-01-09T14:48:30.869-0300] {logging_mixin.py:188} INFO - 10220
[2024-01-09T14:48:31.021-0300] {logging_mixin.py:188} INFO - 10221
[2024-01-09T14:48:31.168-0300] {logging_mixin.py:188} INFO - 10222
[2024-01-09T14:48:31.322-0300] {logging_mixin.py:188} INFO - 10223
[2024-01-09T14:48:31.474-0300] {logging_mixin.py:188} INFO - 10224
[2024-01-09T14:48:31.626-0300] {logging_mixin.py:188} INFO - 10225
[2024-01-09T14:48:31.785-0300] {logging_mixin.py:188} INFO - 10226
[2024-01-09T14:48:31.942-0300] {logging_mixin.py:188} INFO - 10227
[2024-01-09T14:48:32.091-0300] {logging_mixin.py:188} INFO - 10228
[2024-01-09T14:48:32.239-0300] {logging_mixin.py:188} INFO - 10229
[2024-01-09T14:48:32.389-0300] {logging_mixin.py:188} INFO - 10230
[2024-01-09T14:48:32.547-0300] {logging_mixin.py:188} INFO - 10231
[2024-01-09T14:48:32.708-0300] {logging_mixin.py:188} INFO - 10232
[2024-01-09T14:48:32.864-0300] {logging_mixin.py:188} INFO - 10233
[2024-01-09T14:48:33.013-0300] {logging_mixin.py:188} INFO - 10234
[2024-01-09T14:48:33.172-0300] {logging_mixin.py:188} INFO - 10235
[2024-01-09T14:48:33.482-0300] {logging_mixin.py:188} INFO - 10236
[2024-01-09T14:48:33.635-0300] {logging_mixin.py:188} INFO - 10237
[2024-01-09T14:48:33.785-0300] {logging_mixin.py:188} INFO - 10238
[2024-01-09T14:48:33.932-0300] {logging_mixin.py:188} INFO - 10239
[2024-01-09T14:48:34.084-0300] {logging_mixin.py:188} INFO - 10240
[2024-01-09T14:48:34.244-0300] {logging_mixin.py:188} INFO - 10241
[2024-01-09T14:48:34.392-0300] {logging_mixin.py:188} INFO - 10242
[2024-01-09T14:48:34.550-0300] {logging_mixin.py:188} INFO - 10243
[2024-01-09T14:48:34.733-0300] {logging_mixin.py:188} INFO - 10244
[2024-01-09T14:48:34.886-0300] {logging_mixin.py:188} INFO - 10245
[2024-01-09T14:48:35.039-0300] {logging_mixin.py:188} INFO - 10246
[2024-01-09T14:48:35.218-0300] {logging_mixin.py:188} INFO - 10247
[2024-01-09T14:48:35.367-0300] {logging_mixin.py:188} INFO - 10248
[2024-01-09T14:48:35.529-0300] {logging_mixin.py:188} INFO - 10249
[2024-01-09T14:48:35.675-0300] {logging_mixin.py:188} INFO - 10250
[2024-01-09T14:48:35.835-0300] {logging_mixin.py:188} INFO - 10251
[2024-01-09T14:48:36.000-0300] {logging_mixin.py:188} INFO - 10252
[2024-01-09T14:48:36.147-0300] {logging_mixin.py:188} INFO - 10253
[2024-01-09T14:48:36.307-0300] {logging_mixin.py:188} INFO - 10254
[2024-01-09T14:48:36.457-0300] {logging_mixin.py:188} INFO - 10255
[2024-01-09T14:48:36.771-0300] {logging_mixin.py:188} INFO - 10256
[2024-01-09T14:48:36.918-0300] {logging_mixin.py:188} INFO - 10257
[2024-01-09T14:48:37.078-0300] {logging_mixin.py:188} INFO - 10258
[2024-01-09T14:48:37.226-0300] {logging_mixin.py:188} INFO - 10259
[2024-01-09T14:48:37.377-0300] {logging_mixin.py:188} INFO - 10260
[2024-01-09T14:48:37.533-0300] {logging_mixin.py:188} INFO - 10261
[2024-01-09T14:48:37.702-0300] {logging_mixin.py:188} INFO - 10262
[2024-01-09T14:48:37.847-0300] {logging_mixin.py:188} INFO - 10263
[2024-01-09T14:48:37.996-0300] {logging_mixin.py:188} INFO - 10264
[2024-01-09T14:48:38.160-0300] {logging_mixin.py:188} INFO - 10265
[2024-01-09T14:48:38.308-0300] {logging_mixin.py:188} INFO - 10266
[2024-01-09T14:48:38.455-0300] {logging_mixin.py:188} INFO - 10267
[2024-01-09T14:48:38.602-0300] {logging_mixin.py:188} INFO - 10268
[2024-01-09T14:48:38.749-0300] {logging_mixin.py:188} INFO - 10269
[2024-01-09T14:48:38.898-0300] {logging_mixin.py:188} INFO - 10270
[2024-01-09T14:48:39.056-0300] {logging_mixin.py:188} INFO - 10271
[2024-01-09T14:48:39.208-0300] {logging_mixin.py:188} INFO - 10272
[2024-01-09T14:48:39.358-0300] {logging_mixin.py:188} INFO - 10273
[2024-01-09T14:48:39.509-0300] {logging_mixin.py:188} INFO - 10274
[2024-01-09T14:48:39.659-0300] {logging_mixin.py:188} INFO - 10275
[2024-01-09T14:48:39.962-0300] {logging_mixin.py:188} INFO - 10276
[2024-01-09T14:48:40.126-0300] {logging_mixin.py:188} INFO - 10277
[2024-01-09T14:48:40.126-0300] {logging_mixin.py:188} INFO - Salvando arquivo em:  pokemon_file.json
[2024-01-09T14:48:40.133-0300] {python.py:201} INFO - Done. Returned value was: None
[2024-01-09T14:48:40.136-0300] {taskinstance.py:1138} INFO - Marking task as SUCCESS. dag_id=pokemon_extraction, task_id=extract_pokemons, execution_date=20231218T100000, start_date=20240109T174501, end_date=20240109T174840
