[2024-01-09T11:18:33.924-0300] {taskinstance.py:1957} INFO - Dependencies all met for dep_context=non-requeueable deps ti=<TaskInstance: pokemon_extraction.extract_pokemons scheduled__2023-12-13T10:00:00+00:00 [queued]>
[2024-01-09T11:18:33.928-0300] {taskinstance.py:1957} INFO - Dependencies all met for dep_context=requeueable deps ti=<TaskInstance: pokemon_extraction.extract_pokemons scheduled__2023-12-13T10:00:00+00:00 [queued]>
[2024-01-09T11:18:33.928-0300] {taskinstance.py:2171} INFO - Starting attempt 1 of 1
[2024-01-09T11:18:33.940-0300] {taskinstance.py:2192} INFO - Executing <Task(PythonOperator): extract_pokemons> on 2023-12-13 10:00:00+00:00
[2024-01-09T11:18:33.941-0300] {standard_task_runner.py:60} INFO - Started process 802 to run task
[2024-01-09T11:18:33.943-0300] {standard_task_runner.py:87} INFO - Running: ['airflow', 'tasks', 'run', 'pokemon_extraction', 'extract_pokemons', 'scheduled__2023-12-13T10:00:00+00:00', '--job-id', '287', '--raw', '--subdir', 'DAGS_FOLDER/pokemon_extraction.py', '--cfg-path', '/tmp/tmp67gka3g1']
[2024-01-09T11:18:33.943-0300] {standard_task_runner.py:88} INFO - Job 287: Subtask extract_pokemons
[2024-01-09T11:18:33.965-0300] {task_command.py:423} INFO - Running <TaskInstance: pokemon_extraction.extract_pokemons scheduled__2023-12-13T10:00:00+00:00 [running]> on host LAPTOP-SB6KEOGH.
[2024-01-09T11:18:34.010-0300] {taskinstance.py:2481} INFO - Exporting env vars: AIRFLOW_CTX_DAG_OWNER='Brenda Schapievski' AIRFLOW_CTX_DAG_ID='pokemon_extraction' AIRFLOW_CTX_TASK_ID='extract_pokemons' AIRFLOW_CTX_EXECUTION_DATE='2023-12-13T10:00:00+00:00' AIRFLOW_CTX_TRY_NUMBER='1' AIRFLOW_CTX_DAG_RUN_ID='scheduled__2023-12-13T10:00:00+00:00'
[2024-01-09T11:18:34.344-0300] {logging_mixin.py:188} INFO - 1
[2024-01-09T11:18:34.517-0300] {logging_mixin.py:188} INFO - 2
[2024-01-09T11:18:34.707-0300] {logging_mixin.py:188} INFO - 3
[2024-01-09T11:18:34.864-0300] {logging_mixin.py:188} INFO - 4
[2024-01-09T11:18:35.017-0300] {logging_mixin.py:188} INFO - 5
[2024-01-09T11:18:35.186-0300] {logging_mixin.py:188} INFO - 6
[2024-01-09T11:18:35.339-0300] {logging_mixin.py:188} INFO - 7
[2024-01-09T11:18:35.647-0300] {logging_mixin.py:188} INFO - 8
[2024-01-09T11:18:35.804-0300] {logging_mixin.py:188} INFO - 9
[2024-01-09T11:18:35.953-0300] {logging_mixin.py:188} INFO - 10
[2024-01-09T11:18:36.107-0300] {logging_mixin.py:188} INFO - 11
[2024-01-09T11:18:36.261-0300] {logging_mixin.py:188} INFO - 12
[2024-01-09T11:18:36.426-0300] {logging_mixin.py:188} INFO - 13
[2024-01-09T11:18:36.583-0300] {logging_mixin.py:188} INFO - 14
[2024-01-09T11:18:36.733-0300] {logging_mixin.py:188} INFO - 15
[2024-01-09T11:18:36.955-0300] {logging_mixin.py:188} INFO - 16
[2024-01-09T11:18:37.108-0300] {logging_mixin.py:188} INFO - 17
[2024-01-09T11:18:37.269-0300] {logging_mixin.py:188} INFO - 18
[2024-01-09T11:18:37.455-0300] {logging_mixin.py:188} INFO - 19
[2024-01-09T11:18:37.614-0300] {logging_mixin.py:188} INFO - 20
[2024-01-09T11:18:37.924-0300] {logging_mixin.py:188} INFO - 21
[2024-01-09T11:18:38.072-0300] {logging_mixin.py:188} INFO - 22
[2024-01-09T11:18:38.225-0300] {logging_mixin.py:188} INFO - 23
[2024-01-09T11:18:38.380-0300] {logging_mixin.py:188} INFO - 24
[2024-01-09T11:18:38.575-0300] {logging_mixin.py:188} INFO - 25
[2024-01-09T11:18:38.728-0300] {logging_mixin.py:188} INFO - 26
[2024-01-09T11:18:38.878-0300] {logging_mixin.py:188} INFO - 27
[2024-01-09T11:18:39.029-0300] {logging_mixin.py:188} INFO - 28
[2024-01-09T11:18:39.192-0300] {logging_mixin.py:188} INFO - 29
[2024-01-09T11:18:39.342-0300] {logging_mixin.py:188} INFO - 30
[2024-01-09T11:18:39.492-0300] {logging_mixin.py:188} INFO - 31
[2024-01-09T11:18:39.649-0300] {logging_mixin.py:188} INFO - 32
[2024-01-09T11:18:39.805-0300] {logging_mixin.py:188} INFO - 33
[2024-01-09T11:18:39.956-0300] {logging_mixin.py:188} INFO - 34
[2024-01-09T11:18:40.112-0300] {logging_mixin.py:188} INFO - 35
[2024-01-09T11:18:40.268-0300] {logging_mixin.py:188} INFO - 36
[2024-01-09T11:18:40.426-0300] {logging_mixin.py:188} INFO - 37
[2024-01-09T11:18:40.591-0300] {logging_mixin.py:188} INFO - 38
[2024-01-09T11:18:40.759-0300] {logging_mixin.py:188} INFO - 39
[2024-01-09T11:18:40.907-0300] {logging_mixin.py:188} INFO - 40
[2024-01-09T11:18:41.252-0300] {logging_mixin.py:188} INFO - 41
[2024-01-09T11:18:41.404-0300] {logging_mixin.py:188} INFO - 42
[2024-01-09T11:18:41.552-0300] {logging_mixin.py:188} INFO - 43
[2024-01-09T11:18:41.719-0300] {logging_mixin.py:188} INFO - 44
[2024-01-09T11:18:41.867-0300] {logging_mixin.py:188} INFO - 45
[2024-01-09T11:18:42.027-0300] {logging_mixin.py:188} INFO - 46
[2024-01-09T11:18:42.178-0300] {logging_mixin.py:188} INFO - 47
[2024-01-09T11:18:42.345-0300] {logging_mixin.py:188} INFO - 48
[2024-01-09T11:18:42.516-0300] {logging_mixin.py:188} INFO - 49
[2024-01-09T11:18:42.666-0300] {logging_mixin.py:188} INFO - 50
[2024-01-09T11:18:42.820-0300] {logging_mixin.py:188} INFO - 51
[2024-01-09T11:18:42.983-0300] {logging_mixin.py:188} INFO - 52
[2024-01-09T11:18:43.176-0300] {logging_mixin.py:188} INFO - 53
[2024-01-09T11:18:43.325-0300] {logging_mixin.py:188} INFO - 54
[2024-01-09T11:18:43.557-0300] {logging_mixin.py:188} INFO - 55
[2024-01-09T11:18:43.715-0300] {logging_mixin.py:188} INFO - 56
[2024-01-09T11:18:43.868-0300] {logging_mixin.py:188} INFO - 57
[2024-01-09T11:18:44.020-0300] {logging_mixin.py:188} INFO - 58
[2024-01-09T11:18:44.178-0300] {logging_mixin.py:188} INFO - 59
[2024-01-09T11:18:44.353-0300] {logging_mixin.py:188} INFO - 60
[2024-01-09T11:18:44.652-0300] {logging_mixin.py:188} INFO - 61
[2024-01-09T11:18:44.804-0300] {logging_mixin.py:188} INFO - 62
[2024-01-09T11:18:44.959-0300] {logging_mixin.py:188} INFO - 63
[2024-01-09T11:18:45.110-0300] {logging_mixin.py:188} INFO - 64
[2024-01-09T11:18:45.267-0300] {logging_mixin.py:188} INFO - 65
[2024-01-09T11:18:45.420-0300] {logging_mixin.py:188} INFO - 66
[2024-01-09T11:18:45.600-0300] {logging_mixin.py:188} INFO - 67
[2024-01-09T11:18:45.752-0300] {logging_mixin.py:188} INFO - 68
[2024-01-09T11:18:45.925-0300] {logging_mixin.py:188} INFO - 69
[2024-01-09T11:18:46.075-0300] {logging_mixin.py:188} INFO - 70
[2024-01-09T11:18:46.231-0300] {logging_mixin.py:188} INFO - 71
[2024-01-09T11:18:46.387-0300] {logging_mixin.py:188} INFO - 72
[2024-01-09T11:18:46.543-0300] {logging_mixin.py:188} INFO - 73
[2024-01-09T11:18:46.694-0300] {logging_mixin.py:188} INFO - 74
[2024-01-09T11:18:46.853-0300] {logging_mixin.py:188} INFO - 75
[2024-01-09T11:18:47.000-0300] {logging_mixin.py:188} INFO - 76
[2024-01-09T11:18:47.152-0300] {logging_mixin.py:188} INFO - 77
[2024-01-09T11:18:47.302-0300] {logging_mixin.py:188} INFO - 78
[2024-01-09T11:18:47.500-0300] {logging_mixin.py:188} INFO - 79
[2024-01-09T11:18:47.671-0300] {logging_mixin.py:188} INFO - 80
[2024-01-09T11:18:47.976-0300] {logging_mixin.py:188} INFO - 81
[2024-01-09T11:18:48.123-0300] {logging_mixin.py:188} INFO - 82
[2024-01-09T11:18:48.278-0300] {logging_mixin.py:188} INFO - 83
[2024-01-09T11:18:48.431-0300] {logging_mixin.py:188} INFO - 84
[2024-01-09T11:18:48.593-0300] {logging_mixin.py:188} INFO - 85
[2024-01-09T11:18:48.742-0300] {logging_mixin.py:188} INFO - 86
[2024-01-09T11:18:48.901-0300] {logging_mixin.py:188} INFO - 87
[2024-01-09T11:18:49.047-0300] {logging_mixin.py:188} INFO - 88
[2024-01-09T11:18:49.204-0300] {logging_mixin.py:188} INFO - 89
[2024-01-09T11:18:49.363-0300] {logging_mixin.py:188} INFO - 90
[2024-01-09T11:18:49.512-0300] {logging_mixin.py:188} INFO - 91
[2024-01-09T11:18:49.668-0300] {logging_mixin.py:188} INFO - 92
[2024-01-09T11:18:49.819-0300] {logging_mixin.py:188} INFO - 93
[2024-01-09T11:18:49.974-0300] {logging_mixin.py:188} INFO - 94
[2024-01-09T11:18:50.126-0300] {logging_mixin.py:188} INFO - 95
[2024-01-09T11:18:50.273-0300] {logging_mixin.py:188} INFO - 96
[2024-01-09T11:18:50.427-0300] {logging_mixin.py:188} INFO - 97
[2024-01-09T11:18:50.583-0300] {logging_mixin.py:188} INFO - 98
[2024-01-09T11:18:50.733-0300] {logging_mixin.py:188} INFO - 99
[2024-01-09T11:18:50.896-0300] {logging_mixin.py:188} INFO - 100
[2024-01-09T11:18:51.196-0300] {logging_mixin.py:188} INFO - 101
[2024-01-09T11:18:51.360-0300] {logging_mixin.py:188} INFO - 102
[2024-01-09T11:18:51.512-0300] {logging_mixin.py:188} INFO - 103
[2024-01-09T11:18:51.760-0300] {logging_mixin.py:188} INFO - 104
[2024-01-09T11:18:51.912-0300] {logging_mixin.py:188} INFO - 105
[2024-01-09T11:18:52.062-0300] {logging_mixin.py:188} INFO - 106
[2024-01-09T11:18:52.219-0300] {logging_mixin.py:188} INFO - 107
[2024-01-09T11:18:52.367-0300] {logging_mixin.py:188} INFO - 108
[2024-01-09T11:18:52.531-0300] {logging_mixin.py:188} INFO - 109
[2024-01-09T11:18:52.683-0300] {logging_mixin.py:188} INFO - 110
[2024-01-09T11:18:52.834-0300] {logging_mixin.py:188} INFO - 111
[2024-01-09T11:18:52.985-0300] {logging_mixin.py:188} INFO - 112
[2024-01-09T11:18:53.149-0300] {logging_mixin.py:188} INFO - 113
[2024-01-09T11:18:53.301-0300] {logging_mixin.py:188} INFO - 114
[2024-01-09T11:18:53.456-0300] {logging_mixin.py:188} INFO - 115
[2024-01-09T11:18:53.609-0300] {logging_mixin.py:188} INFO - 116
[2024-01-09T11:18:53.765-0300] {logging_mixin.py:188} INFO - 117
[2024-01-09T11:18:53.915-0300] {logging_mixin.py:188} INFO - 118
[2024-01-09T11:18:54.066-0300] {logging_mixin.py:188} INFO - 119
[2024-01-09T11:18:54.218-0300] {logging_mixin.py:188} INFO - 120
[2024-01-09T11:18:54.524-0300] {logging_mixin.py:188} INFO - 121
[2024-01-09T11:18:54.678-0300] {logging_mixin.py:188} INFO - 122
[2024-01-09T11:18:54.832-0300] {logging_mixin.py:188} INFO - 123
[2024-01-09T11:18:54.994-0300] {logging_mixin.py:188} INFO - 124
[2024-01-09T11:18:55.147-0300] {logging_mixin.py:188} INFO - 125
[2024-01-09T11:18:55.295-0300] {logging_mixin.py:188} INFO - 126
[2024-01-09T11:18:55.452-0300] {logging_mixin.py:188} INFO - 127
[2024-01-09T11:18:55.609-0300] {logging_mixin.py:188} INFO - 128
[2024-01-09T11:18:55.757-0300] {logging_mixin.py:188} INFO - 129
[2024-01-09T11:18:55.910-0300] {logging_mixin.py:188} INFO - 130
[2024-01-09T11:18:56.067-0300] {logging_mixin.py:188} INFO - 131
[2024-01-09T11:18:56.225-0300] {logging_mixin.py:188} INFO - 132
[2024-01-09T11:18:56.375-0300] {logging_mixin.py:188} INFO - 133
[2024-01-09T11:18:56.532-0300] {logging_mixin.py:188} INFO - 134
[2024-01-09T11:18:56.680-0300] {logging_mixin.py:188} INFO - 135
[2024-01-09T11:18:56.832-0300] {logging_mixin.py:188} INFO - 136
[2024-01-09T11:18:56.987-0300] {logging_mixin.py:188} INFO - 137
[2024-01-09T11:18:57.146-0300] {logging_mixin.py:188} INFO - 138
[2024-01-09T11:18:57.319-0300] {logging_mixin.py:188} INFO - 139
[2024-01-09T11:18:57.484-0300] {logging_mixin.py:188} INFO - 140
[2024-01-09T11:18:57.819-0300] {logging_mixin.py:188} INFO - 141
[2024-01-09T11:18:57.979-0300] {logging_mixin.py:188} INFO - 142
[2024-01-09T11:18:58.138-0300] {logging_mixin.py:188} INFO - 143
[2024-01-09T11:18:58.293-0300] {logging_mixin.py:188} INFO - 144
[2024-01-09T11:18:58.451-0300] {logging_mixin.py:188} INFO - 145
[2024-01-09T11:18:58.616-0300] {logging_mixin.py:188} INFO - 146
[2024-01-09T11:18:58.768-0300] {logging_mixin.py:188} INFO - 147
[2024-01-09T11:18:58.917-0300] {logging_mixin.py:188} INFO - 148
[2024-01-09T11:18:59.076-0300] {logging_mixin.py:188} INFO - 149
[2024-01-09T11:18:59.233-0300] {logging_mixin.py:188} INFO - 150
[2024-01-09T11:18:59.395-0300] {logging_mixin.py:188} INFO - 151
[2024-01-09T11:18:59.548-0300] {logging_mixin.py:188} INFO - 152
[2024-01-09T11:18:59.698-0300] {logging_mixin.py:188} INFO - 153
[2024-01-09T11:18:59.846-0300] {logging_mixin.py:188} INFO - 154
[2024-01-09T11:19:00.006-0300] {logging_mixin.py:188} INFO - 155
[2024-01-09T11:19:00.165-0300] {logging_mixin.py:188} INFO - 156
[2024-01-09T11:19:00.316-0300] {logging_mixin.py:188} INFO - 157
[2024-01-09T11:19:00.469-0300] {logging_mixin.py:188} INFO - 158
[2024-01-09T11:19:00.619-0300] {logging_mixin.py:188} INFO - 159
[2024-01-09T11:19:00.765-0300] {logging_mixin.py:188} INFO - 160
[2024-01-09T11:19:01.093-0300] {logging_mixin.py:188} INFO - 161
[2024-01-09T11:19:01.244-0300] {logging_mixin.py:188} INFO - 162
[2024-01-09T11:19:01.393-0300] {logging_mixin.py:188} INFO - 163
[2024-01-09T11:19:01.674-0300] {logging_mixin.py:188} INFO - 164
[2024-01-09T11:19:01.826-0300] {logging_mixin.py:188} INFO - 165
[2024-01-09T11:19:01.985-0300] {logging_mixin.py:188} INFO - 166
[2024-01-09T11:19:02.134-0300] {logging_mixin.py:188} INFO - 167
[2024-01-09T11:19:02.292-0300] {logging_mixin.py:188} INFO - 168
[2024-01-09T11:19:02.440-0300] {logging_mixin.py:188} INFO - 169
[2024-01-09T11:19:02.594-0300] {logging_mixin.py:188} INFO - 170
[2024-01-09T11:19:02.742-0300] {logging_mixin.py:188} INFO - 171
[2024-01-09T11:19:02.894-0300] {logging_mixin.py:188} INFO - 172
[2024-01-09T11:19:03.046-0300] {logging_mixin.py:188} INFO - 173
[2024-01-09T11:19:03.202-0300] {logging_mixin.py:188} INFO - 174
[2024-01-09T11:19:03.354-0300] {logging_mixin.py:188} INFO - 175
[2024-01-09T11:19:03.503-0300] {logging_mixin.py:188} INFO - 176
[2024-01-09T11:19:03.658-0300] {logging_mixin.py:188} INFO - 177
[2024-01-09T11:19:03.808-0300] {logging_mixin.py:188} INFO - 178
[2024-01-09T11:19:03.965-0300] {logging_mixin.py:188} INFO - 179
[2024-01-09T11:19:04.116-0300] {logging_mixin.py:188} INFO - 180
[2024-01-09T11:19:04.435-0300] {logging_mixin.py:188} INFO - 181
[2024-01-09T11:19:04.584-0300] {logging_mixin.py:188} INFO - 182
[2024-01-09T11:19:05.742-0300] {logging_mixin.py:188} INFO - 183
[2024-01-09T11:19:05.892-0300] {logging_mixin.py:188} INFO - 184
[2024-01-09T11:19:06.044-0300] {logging_mixin.py:188} INFO - 185
[2024-01-09T11:19:06.194-0300] {logging_mixin.py:188} INFO - 186
[2024-01-09T11:19:06.352-0300] {logging_mixin.py:188} INFO - 187
[2024-01-09T11:19:06.506-0300] {logging_mixin.py:188} INFO - 188
[2024-01-09T11:19:06.666-0300] {logging_mixin.py:188} INFO - 189
[2024-01-09T11:19:06.819-0300] {logging_mixin.py:188} INFO - 190
[2024-01-09T11:19:06.968-0300] {logging_mixin.py:188} INFO - 191
[2024-01-09T11:19:07.124-0300] {logging_mixin.py:188} INFO - 192
[2024-01-09T11:19:07.279-0300] {logging_mixin.py:188} INFO - 193
[2024-01-09T11:19:07.428-0300] {logging_mixin.py:188} INFO - 194
[2024-01-09T11:19:07.584-0300] {logging_mixin.py:188} INFO - 195
[2024-01-09T11:19:07.740-0300] {logging_mixin.py:188} INFO - 196
[2024-01-09T11:19:07.894-0300] {logging_mixin.py:188} INFO - 197
[2024-01-09T11:19:08.053-0300] {logging_mixin.py:188} INFO - 198
[2024-01-09T11:19:08.202-0300] {logging_mixin.py:188} INFO - 199
[2024-01-09T11:19:08.354-0300] {logging_mixin.py:188} INFO - 200
[2024-01-09T11:19:08.659-0300] {logging_mixin.py:188} INFO - 201
[2024-01-09T11:19:08.815-0300] {logging_mixin.py:188} INFO - 202
[2024-01-09T11:19:08.964-0300] {logging_mixin.py:188} INFO - 203
[2024-01-09T11:19:09.119-0300] {logging_mixin.py:188} INFO - 204
[2024-01-09T11:19:09.269-0300] {logging_mixin.py:188} INFO - 205
[2024-01-09T11:19:09.434-0300] {logging_mixin.py:188} INFO - 206
[2024-01-09T11:19:09.585-0300] {logging_mixin.py:188} INFO - 207
[2024-01-09T11:19:09.745-0300] {logging_mixin.py:188} INFO - 208
[2024-01-09T11:19:09.935-0300] {logging_mixin.py:188} INFO - 209
[2024-01-09T11:19:10.085-0300] {logging_mixin.py:188} INFO - 210
[2024-01-09T11:19:10.241-0300] {logging_mixin.py:188} INFO - 211
[2024-01-09T11:19:10.393-0300] {logging_mixin.py:188} INFO - 212
[2024-01-09T11:19:10.551-0300] {logging_mixin.py:188} INFO - 213
[2024-01-09T11:19:10.701-0300] {logging_mixin.py:188} INFO - 214
[2024-01-09T11:19:10.878-0300] {logging_mixin.py:188} INFO - 215
[2024-01-09T11:19:11.032-0300] {logging_mixin.py:188} INFO - 216
[2024-01-09T11:19:11.184-0300] {logging_mixin.py:188} INFO - 217
[2024-01-09T11:19:11.338-0300] {logging_mixin.py:188} INFO - 218
[2024-01-09T11:19:11.491-0300] {logging_mixin.py:188} INFO - 219
[2024-01-09T11:19:11.649-0300] {logging_mixin.py:188} INFO - 220
[2024-01-09T11:19:11.943-0300] {logging_mixin.py:188} INFO - 221
[2024-01-09T11:19:12.097-0300] {logging_mixin.py:188} INFO - 222
[2024-01-09T11:19:12.245-0300] {logging_mixin.py:188} INFO - 223
[2024-01-09T11:19:12.395-0300] {logging_mixin.py:188} INFO - 224
[2024-01-09T11:19:12.544-0300] {logging_mixin.py:188} INFO - 225
[2024-01-09T11:19:12.698-0300] {logging_mixin.py:188} INFO - 226
[2024-01-09T11:19:12.855-0300] {logging_mixin.py:188} INFO - 227
[2024-01-09T11:19:13.010-0300] {logging_mixin.py:188} INFO - 228
[2024-01-09T11:19:13.157-0300] {logging_mixin.py:188} INFO - 229
[2024-01-09T11:19:13.321-0300] {logging_mixin.py:188} INFO - 230
[2024-01-09T11:19:13.471-0300] {logging_mixin.py:188} INFO - 231
[2024-01-09T11:19:13.624-0300] {logging_mixin.py:188} INFO - 232
[2024-01-09T11:19:13.774-0300] {logging_mixin.py:188} INFO - 233
[2024-01-09T11:19:13.928-0300] {logging_mixin.py:188} INFO - 234
[2024-01-09T11:19:14.079-0300] {logging_mixin.py:188} INFO - 235
[2024-01-09T11:19:14.228-0300] {logging_mixin.py:188} INFO - 236
[2024-01-09T11:19:14.379-0300] {logging_mixin.py:188} INFO - 237
[2024-01-09T11:19:14.537-0300] {logging_mixin.py:188} INFO - 238
[2024-01-09T11:19:14.687-0300] {logging_mixin.py:188} INFO - 239
[2024-01-09T11:19:14.834-0300] {logging_mixin.py:188} INFO - 240
[2024-01-09T11:19:15.152-0300] {logging_mixin.py:188} INFO - 241
[2024-01-09T11:19:15.304-0300] {logging_mixin.py:188} INFO - 242
[2024-01-09T11:19:15.458-0300] {logging_mixin.py:188} INFO - 243
[2024-01-09T11:19:15.608-0300] {logging_mixin.py:188} INFO - 244
[2024-01-09T11:19:15.765-0300] {logging_mixin.py:188} INFO - 245
[2024-01-09T11:19:15.922-0300] {logging_mixin.py:188} INFO - 246
[2024-01-09T11:19:16.237-0300] {logging_mixin.py:188} INFO - 247
[2024-01-09T11:19:16.403-0300] {logging_mixin.py:188} INFO - 248
[2024-01-09T11:19:16.600-0300] {logging_mixin.py:188} INFO - 249
[2024-01-09T11:19:16.746-0300] {logging_mixin.py:188} INFO - 250
[2024-01-09T11:19:16.901-0300] {logging_mixin.py:188} INFO - 251
[2024-01-09T11:19:17.051-0300] {logging_mixin.py:188} INFO - 252
[2024-01-09T11:19:17.217-0300] {logging_mixin.py:188} INFO - 253
[2024-01-09T11:19:17.375-0300] {logging_mixin.py:188} INFO - 254
[2024-01-09T11:19:17.525-0300] {logging_mixin.py:188} INFO - 255
[2024-01-09T11:19:17.677-0300] {logging_mixin.py:188} INFO - 256
[2024-01-09T11:19:17.828-0300] {logging_mixin.py:188} INFO - 257
[2024-01-09T11:19:17.981-0300] {logging_mixin.py:188} INFO - 258
[2024-01-09T11:19:18.139-0300] {logging_mixin.py:188} INFO - 259
[2024-01-09T11:19:18.288-0300] {logging_mixin.py:188} INFO - 260
[2024-01-09T11:19:18.584-0300] {logging_mixin.py:188} INFO - 261
[2024-01-09T11:19:18.735-0300] {logging_mixin.py:188} INFO - 262
[2024-01-09T11:19:18.883-0300] {logging_mixin.py:188} INFO - 263
[2024-01-09T11:19:19.030-0300] {logging_mixin.py:188} INFO - 264
[2024-01-09T11:19:19.182-0300] {logging_mixin.py:188} INFO - 265
[2024-01-09T11:19:19.337-0300] {logging_mixin.py:188} INFO - 266
[2024-01-09T11:19:19.495-0300] {logging_mixin.py:188} INFO - 267
[2024-01-09T11:19:19.655-0300] {logging_mixin.py:188} INFO - 268
[2024-01-09T11:19:19.810-0300] {logging_mixin.py:188} INFO - 269
[2024-01-09T11:19:19.969-0300] {logging_mixin.py:188} INFO - 270
[2024-01-09T11:19:20.121-0300] {logging_mixin.py:188} INFO - 271
[2024-01-09T11:19:20.276-0300] {logging_mixin.py:188} INFO - 272
[2024-01-09T11:19:20.424-0300] {logging_mixin.py:188} INFO - 273
[2024-01-09T11:19:20.580-0300] {logging_mixin.py:188} INFO - 274
[2024-01-09T11:19:20.730-0300] {logging_mixin.py:188} INFO - 275
[2024-01-09T11:19:20.897-0300] {logging_mixin.py:188} INFO - 276
[2024-01-09T11:19:21.090-0300] {logging_mixin.py:188} INFO - 277
[2024-01-09T11:19:21.279-0300] {logging_mixin.py:188} INFO - 278
[2024-01-09T11:19:21.451-0300] {logging_mixin.py:188} INFO - 279
[2024-01-09T11:19:21.629-0300] {logging_mixin.py:188} INFO - 280
[2024-01-09T11:19:21.926-0300] {logging_mixin.py:188} INFO - 281
[2024-01-09T11:19:22.080-0300] {logging_mixin.py:188} INFO - 282
[2024-01-09T11:19:22.231-0300] {logging_mixin.py:188} INFO - 283
[2024-01-09T11:19:22.380-0300] {logging_mixin.py:188} INFO - 284
[2024-01-09T11:19:22.534-0300] {logging_mixin.py:188} INFO - 285
[2024-01-09T11:19:22.692-0300] {logging_mixin.py:188} INFO - 286
[2024-01-09T11:19:22.845-0300] {logging_mixin.py:188} INFO - 287
[2024-01-09T11:19:22.997-0300] {logging_mixin.py:188} INFO - 288
[2024-01-09T11:19:23.145-0300] {logging_mixin.py:188} INFO - 289
[2024-01-09T11:19:23.298-0300] {logging_mixin.py:188} INFO - 290
[2024-01-09T11:19:23.454-0300] {logging_mixin.py:188} INFO - 291
[2024-01-09T11:19:23.604-0300] {logging_mixin.py:188} INFO - 292
[2024-01-09T11:19:23.760-0300] {logging_mixin.py:188} INFO - 293
[2024-01-09T11:19:23.911-0300] {logging_mixin.py:188} INFO - 294
[2024-01-09T11:19:24.067-0300] {logging_mixin.py:188} INFO - 295
[2024-01-09T11:19:24.217-0300] {logging_mixin.py:188} INFO - 296
[2024-01-09T11:19:24.378-0300] {logging_mixin.py:188} INFO - 297
[2024-01-09T11:19:24.553-0300] {logging_mixin.py:188} INFO - 298
[2024-01-09T11:19:24.706-0300] {logging_mixin.py:188} INFO - 299
[2024-01-09T11:19:24.854-0300] {logging_mixin.py:188} INFO - 300
[2024-01-09T11:19:25.183-0300] {logging_mixin.py:188} INFO - 301
[2024-01-09T11:19:25.363-0300] {logging_mixin.py:188} INFO - 302
[2024-01-09T11:19:25.518-0300] {logging_mixin.py:188} INFO - 303
[2024-01-09T11:19:25.671-0300] {logging_mixin.py:188} INFO - 304
[2024-01-09T11:19:25.833-0300] {logging_mixin.py:188} INFO - 305
[2024-01-09T11:19:25.983-0300] {logging_mixin.py:188} INFO - 306
[2024-01-09T11:19:26.134-0300] {logging_mixin.py:188} INFO - 307
[2024-01-09T11:19:26.284-0300] {logging_mixin.py:188} INFO - 308
[2024-01-09T11:19:26.438-0300] {logging_mixin.py:188} INFO - 309
[2024-01-09T11:19:26.593-0300] {logging_mixin.py:188} INFO - 310
[2024-01-09T11:19:26.740-0300] {logging_mixin.py:188} INFO - 311
[2024-01-09T11:19:26.891-0300] {logging_mixin.py:188} INFO - 312
[2024-01-09T11:19:27.042-0300] {logging_mixin.py:188} INFO - 313
[2024-01-09T11:19:27.195-0300] {logging_mixin.py:188} INFO - 314
[2024-01-09T11:19:27.343-0300] {logging_mixin.py:188} INFO - 315
[2024-01-09T11:19:27.494-0300] {logging_mixin.py:188} INFO - 316
[2024-01-09T11:19:27.651-0300] {logging_mixin.py:188} INFO - 317
[2024-01-09T11:19:27.795-0300] {logging_mixin.py:188} INFO - 318
[2024-01-09T11:19:27.952-0300] {logging_mixin.py:188} INFO - 319
[2024-01-09T11:19:28.229-0300] {logging_mixin.py:188} INFO - 320
[2024-01-09T11:19:28.557-0300] {logging_mixin.py:188} INFO - 321
[2024-01-09T11:19:28.829-0300] {logging_mixin.py:188} INFO - 322
[2024-01-09T11:19:28.983-0300] {logging_mixin.py:188} INFO - 323
[2024-01-09T11:19:29.164-0300] {logging_mixin.py:188} INFO - 324
[2024-01-09T11:19:29.322-0300] {logging_mixin.py:188} INFO - 325
[2024-01-09T11:19:29.488-0300] {logging_mixin.py:188} INFO - 326
[2024-01-09T11:19:29.728-0300] {logging_mixin.py:188} INFO - 327
[2024-01-09T11:19:29.944-0300] {logging_mixin.py:188} INFO - 328
[2024-01-09T11:19:30.101-0300] {logging_mixin.py:188} INFO - 329
[2024-01-09T11:19:30.317-0300] {logging_mixin.py:188} INFO - 330
[2024-01-09T11:19:30.478-0300] {logging_mixin.py:188} INFO - 331
[2024-01-09T11:19:30.633-0300] {logging_mixin.py:188} INFO - 332
[2024-01-09T11:19:30.787-0300] {logging_mixin.py:188} INFO - 333
[2024-01-09T11:19:30.942-0300] {logging_mixin.py:188} INFO - 334
[2024-01-09T11:19:31.100-0300] {logging_mixin.py:188} INFO - 335
[2024-01-09T11:19:31.254-0300] {logging_mixin.py:188} INFO - 336
[2024-01-09T11:19:31.405-0300] {logging_mixin.py:188} INFO - 337
[2024-01-09T11:19:31.583-0300] {logging_mixin.py:188} INFO - 338
[2024-01-09T11:19:31.757-0300] {logging_mixin.py:188} INFO - 339
[2024-01-09T11:19:31.908-0300] {logging_mixin.py:188} INFO - 340
[2024-01-09T11:19:32.224-0300] {logging_mixin.py:188} INFO - 341
[2024-01-09T11:19:32.375-0300] {logging_mixin.py:188} INFO - 342
[2024-01-09T11:19:32.530-0300] {logging_mixin.py:188} INFO - 343
[2024-01-09T11:19:32.678-0300] {logging_mixin.py:188} INFO - 344
[2024-01-09T11:19:32.829-0300] {logging_mixin.py:188} INFO - 345
[2024-01-09T11:19:32.994-0300] {logging_mixin.py:188} INFO - 346
[2024-01-09T11:19:33.150-0300] {logging_mixin.py:188} INFO - 347
[2024-01-09T11:19:33.308-0300] {logging_mixin.py:188} INFO - 348
[2024-01-09T11:19:33.457-0300] {logging_mixin.py:188} INFO - 349
[2024-01-09T11:19:33.618-0300] {logging_mixin.py:188} INFO - 350
[2024-01-09T11:19:33.766-0300] {logging_mixin.py:188} INFO - 351
[2024-01-09T11:19:33.923-0300] {logging_mixin.py:188} INFO - 352
[2024-01-09T11:19:34.075-0300] {logging_mixin.py:188} INFO - 353
[2024-01-09T11:19:34.243-0300] {logging_mixin.py:188} INFO - 354
[2024-01-09T11:19:34.399-0300] {logging_mixin.py:188} INFO - 355
[2024-01-09T11:19:34.560-0300] {logging_mixin.py:188} INFO - 356
[2024-01-09T11:19:34.922-0300] {logging_mixin.py:188} INFO - 357
[2024-01-09T11:19:35.071-0300] {logging_mixin.py:188} INFO - 358
[2024-01-09T11:19:35.228-0300] {logging_mixin.py:188} INFO - 359
[2024-01-09T11:19:35.379-0300] {logging_mixin.py:188} INFO - 360
[2024-01-09T11:19:35.689-0300] {logging_mixin.py:188} INFO - 361
[2024-01-09T11:19:35.845-0300] {logging_mixin.py:188} INFO - 362
[2024-01-09T11:19:35.997-0300] {logging_mixin.py:188} INFO - 363
[2024-01-09T11:19:36.156-0300] {logging_mixin.py:188} INFO - 364
[2024-01-09T11:19:36.305-0300] {logging_mixin.py:188} INFO - 365
[2024-01-09T11:19:36.461-0300] {logging_mixin.py:188} INFO - 366
[2024-01-09T11:19:36.616-0300] {logging_mixin.py:188} INFO - 367
[2024-01-09T11:19:36.769-0300] {logging_mixin.py:188} INFO - 368
[2024-01-09T11:19:36.923-0300] {logging_mixin.py:188} INFO - 369
[2024-01-09T11:19:37.073-0300] {logging_mixin.py:188} INFO - 370
[2024-01-09T11:19:37.225-0300] {logging_mixin.py:188} INFO - 371
[2024-01-09T11:19:37.382-0300] {logging_mixin.py:188} INFO - 372
[2024-01-09T11:19:37.531-0300] {logging_mixin.py:188} INFO - 373
[2024-01-09T11:19:37.687-0300] {logging_mixin.py:188} INFO - 374
[2024-01-09T11:19:37.835-0300] {logging_mixin.py:188} INFO - 375
[2024-01-09T11:19:37.994-0300] {logging_mixin.py:188} INFO - 376
[2024-01-09T11:19:38.143-0300] {logging_mixin.py:188} INFO - 377
[2024-01-09T11:19:38.321-0300] {logging_mixin.py:188} INFO - 378
[2024-01-09T11:19:38.483-0300] {logging_mixin.py:188} INFO - 379
[2024-01-09T11:19:38.633-0300] {logging_mixin.py:188} INFO - 380
[2024-01-09T11:19:38.932-0300] {logging_mixin.py:188} INFO - 381
[2024-01-09T11:19:39.084-0300] {logging_mixin.py:188} INFO - 382
[2024-01-09T11:19:39.235-0300] {logging_mixin.py:188} INFO - 383
[2024-01-09T11:19:39.391-0300] {logging_mixin.py:188} INFO - 384
[2024-01-09T11:19:39.537-0300] {logging_mixin.py:188} INFO - 385
[2024-01-09T11:19:39.689-0300] {logging_mixin.py:188} INFO - 386
[2024-01-09T11:19:39.846-0300] {logging_mixin.py:188} INFO - 387
[2024-01-09T11:19:40.003-0300] {logging_mixin.py:188} INFO - 388
[2024-01-09T11:19:40.151-0300] {logging_mixin.py:188} INFO - 389
[2024-01-09T11:19:40.303-0300] {logging_mixin.py:188} INFO - 390
[2024-01-09T11:19:40.477-0300] {logging_mixin.py:188} INFO - 391
[2024-01-09T11:19:40.659-0300] {logging_mixin.py:188} INFO - 392
[2024-01-09T11:19:40.811-0300] {logging_mixin.py:188} INFO - 393
[2024-01-09T11:19:40.964-0300] {logging_mixin.py:188} INFO - 394
[2024-01-09T11:19:41.120-0300] {logging_mixin.py:188} INFO - 395
[2024-01-09T11:19:41.274-0300] {logging_mixin.py:188} INFO - 396
[2024-01-09T11:19:41.432-0300] {logging_mixin.py:188} INFO - 397
[2024-01-09T11:19:41.579-0300] {logging_mixin.py:188} INFO - 398
[2024-01-09T11:19:41.724-0300] {logging_mixin.py:188} INFO - 399
[2024-01-09T11:19:41.877-0300] {logging_mixin.py:188} INFO - 400
[2024-01-09T11:19:42.170-0300] {logging_mixin.py:188} INFO - 401
[2024-01-09T11:19:42.319-0300] {logging_mixin.py:188} INFO - 402
[2024-01-09T11:19:42.465-0300] {logging_mixin.py:188} INFO - 403
[2024-01-09T11:19:42.616-0300] {logging_mixin.py:188} INFO - 404
[2024-01-09T11:19:42.772-0300] {logging_mixin.py:188} INFO - 405
[2024-01-09T11:19:42.924-0300] {logging_mixin.py:188} INFO - 406
[2024-01-09T11:19:43.075-0300] {logging_mixin.py:188} INFO - 407
[2024-01-09T11:19:43.229-0300] {logging_mixin.py:188} INFO - 408
[2024-01-09T11:19:43.377-0300] {logging_mixin.py:188} INFO - 409
[2024-01-09T11:19:43.522-0300] {logging_mixin.py:188} INFO - 410
[2024-01-09T11:19:43.677-0300] {logging_mixin.py:188} INFO - 411
[2024-01-09T11:19:43.830-0300] {logging_mixin.py:188} INFO - 412
[2024-01-09T11:19:43.980-0300] {logging_mixin.py:188} INFO - 413
[2024-01-09T11:19:44.135-0300] {logging_mixin.py:188} INFO - 414
[2024-01-09T11:19:44.286-0300] {logging_mixin.py:188} INFO - 415
[2024-01-09T11:19:44.438-0300] {logging_mixin.py:188} INFO - 416
[2024-01-09T11:19:44.588-0300] {logging_mixin.py:188} INFO - 417
[2024-01-09T11:19:44.734-0300] {logging_mixin.py:188} INFO - 418
[2024-01-09T11:19:44.886-0300] {logging_mixin.py:188} INFO - 419
[2024-01-09T11:19:45.071-0300] {logging_mixin.py:188} INFO - 420
[2024-01-09T11:19:45.384-0300] {logging_mixin.py:188} INFO - 421
[2024-01-09T11:19:45.533-0300] {logging_mixin.py:188} INFO - 422
[2024-01-09T11:19:45.682-0300] {logging_mixin.py:188} INFO - 423
[2024-01-09T11:19:45.847-0300] {logging_mixin.py:188} INFO - 424
[2024-01-09T11:19:45.996-0300] {logging_mixin.py:188} INFO - 425
[2024-01-09T11:19:46.165-0300] {logging_mixin.py:188} INFO - 426
[2024-01-09T11:19:46.327-0300] {logging_mixin.py:188} INFO - 427
[2024-01-09T11:19:46.486-0300] {logging_mixin.py:188} INFO - 428
[2024-01-09T11:19:46.701-0300] {logging_mixin.py:188} INFO - 429
[2024-01-09T11:19:46.901-0300] {logging_mixin.py:188} INFO - 430
[2024-01-09T11:19:47.070-0300] {logging_mixin.py:188} INFO - 431
[2024-01-09T11:19:47.234-0300] {logging_mixin.py:188} INFO - 432
[2024-01-09T11:19:47.382-0300] {logging_mixin.py:188} INFO - 433
[2024-01-09T11:19:47.528-0300] {logging_mixin.py:188} INFO - 434
[2024-01-09T11:19:47.704-0300] {logging_mixin.py:188} INFO - 435
[2024-01-09T11:19:47.858-0300] {logging_mixin.py:188} INFO - 436
[2024-01-09T11:19:48.006-0300] {logging_mixin.py:188} INFO - 437
[2024-01-09T11:19:48.155-0300] {logging_mixin.py:188} INFO - 438
[2024-01-09T11:19:48.308-0300] {logging_mixin.py:188} INFO - 439
[2024-01-09T11:19:48.450-0300] {logging_mixin.py:188} INFO - 440
[2024-01-09T11:19:48.745-0300] {logging_mixin.py:188} INFO - 441
[2024-01-09T11:19:48.893-0300] {logging_mixin.py:188} INFO - 442
[2024-01-09T11:19:49.049-0300] {logging_mixin.py:188} INFO - 443
[2024-01-09T11:19:49.211-0300] {logging_mixin.py:188} INFO - 444
[2024-01-09T11:19:49.357-0300] {logging_mixin.py:188} INFO - 445
[2024-01-09T11:19:49.505-0300] {logging_mixin.py:188} INFO - 446
[2024-01-09T11:19:49.662-0300] {logging_mixin.py:188} INFO - 447
[2024-01-09T11:19:49.821-0300] {logging_mixin.py:188} INFO - 448
[2024-01-09T11:19:49.986-0300] {logging_mixin.py:188} INFO - 449
[2024-01-09T11:19:50.135-0300] {logging_mixin.py:188} INFO - 450
[2024-01-09T11:19:50.296-0300] {logging_mixin.py:188} INFO - 451
[2024-01-09T11:19:50.461-0300] {logging_mixin.py:188} INFO - 452
[2024-01-09T11:19:50.609-0300] {logging_mixin.py:188} INFO - 453
[2024-01-09T11:19:50.772-0300] {logging_mixin.py:188} INFO - 454
[2024-01-09T11:19:50.930-0300] {logging_mixin.py:188} INFO - 455
[2024-01-09T11:19:51.073-0300] {logging_mixin.py:188} INFO - 456
[2024-01-09T11:19:51.219-0300] {logging_mixin.py:188} INFO - 457
[2024-01-09T11:19:51.377-0300] {logging_mixin.py:188} INFO - 458
[2024-01-09T11:19:51.524-0300] {logging_mixin.py:188} INFO - 459
[2024-01-09T11:19:51.676-0300] {logging_mixin.py:188} INFO - 460
[2024-01-09T11:19:51.981-0300] {logging_mixin.py:188} INFO - 461
[2024-01-09T11:19:52.141-0300] {logging_mixin.py:188} INFO - 462
[2024-01-09T11:19:52.295-0300] {logging_mixin.py:188} INFO - 463
[2024-01-09T11:19:52.445-0300] {logging_mixin.py:188} INFO - 464
[2024-01-09T11:19:52.593-0300] {logging_mixin.py:188} INFO - 465
[2024-01-09T11:19:52.748-0300] {logging_mixin.py:188} INFO - 466
[2024-01-09T11:19:52.899-0300] {logging_mixin.py:188} INFO - 467
[2024-01-09T11:19:53.049-0300] {logging_mixin.py:188} INFO - 468
[2024-01-09T11:19:53.200-0300] {logging_mixin.py:188} INFO - 469
[2024-01-09T11:19:53.351-0300] {logging_mixin.py:188} INFO - 470
[2024-01-09T11:19:53.501-0300] {logging_mixin.py:188} INFO - 471
[2024-01-09T11:19:53.655-0300] {logging_mixin.py:188} INFO - 472
[2024-01-09T11:19:53.805-0300] {logging_mixin.py:188} INFO - 473
[2024-01-09T11:19:53.961-0300] {logging_mixin.py:188} INFO - 474
[2024-01-09T11:19:54.128-0300] {logging_mixin.py:188} INFO - 475
[2024-01-09T11:19:54.291-0300] {logging_mixin.py:188} INFO - 476
[2024-01-09T11:19:54.460-0300] {logging_mixin.py:188} INFO - 477
[2024-01-09T11:19:54.628-0300] {logging_mixin.py:188} INFO - 478
[2024-01-09T11:19:54.780-0300] {logging_mixin.py:188} INFO - 479
[2024-01-09T11:19:54.952-0300] {logging_mixin.py:188} INFO - 480
[2024-01-09T11:19:55.252-0300] {logging_mixin.py:188} INFO - 481
[2024-01-09T11:19:55.402-0300] {logging_mixin.py:188} INFO - 482
[2024-01-09T11:19:55.560-0300] {logging_mixin.py:188} INFO - 483
[2024-01-09T11:19:55.718-0300] {logging_mixin.py:188} INFO - 484
[2024-01-09T11:19:55.864-0300] {logging_mixin.py:188} INFO - 485
[2024-01-09T11:19:56.027-0300] {logging_mixin.py:188} INFO - 486
[2024-01-09T11:19:56.175-0300] {logging_mixin.py:188} INFO - 487
[2024-01-09T11:19:56.320-0300] {logging_mixin.py:188} INFO - 488
[2024-01-09T11:19:56.467-0300] {logging_mixin.py:188} INFO - 489
[2024-01-09T11:19:56.607-0300] {logging_mixin.py:188} INFO - 490
[2024-01-09T11:19:56.750-0300] {logging_mixin.py:188} INFO - 491
[2024-01-09T11:19:56.899-0300] {logging_mixin.py:188} INFO - 492
[2024-01-09T11:19:57.044-0300] {logging_mixin.py:188} INFO - 493
[2024-01-09T11:19:57.211-0300] {logging_mixin.py:188} INFO - 494
[2024-01-09T11:19:57.355-0300] {logging_mixin.py:188} INFO - 495
[2024-01-09T11:19:57.498-0300] {logging_mixin.py:188} INFO - 496
[2024-01-09T11:19:57.651-0300] {logging_mixin.py:188} INFO - 497
[2024-01-09T11:19:57.797-0300] {logging_mixin.py:188} INFO - 498
[2024-01-09T11:19:57.953-0300] {logging_mixin.py:188} INFO - 499
[2024-01-09T11:19:58.123-0300] {logging_mixin.py:188} INFO - 500
[2024-01-09T11:19:58.422-0300] {logging_mixin.py:188} INFO - 501
[2024-01-09T11:19:58.574-0300] {logging_mixin.py:188} INFO - 502
[2024-01-09T11:19:58.719-0300] {logging_mixin.py:188} INFO - 503
[2024-01-09T11:19:58.866-0300] {logging_mixin.py:188} INFO - 504
[2024-01-09T11:19:59.037-0300] {logging_mixin.py:188} INFO - 505
[2024-01-09T11:19:59.189-0300] {logging_mixin.py:188} INFO - 506
[2024-01-09T11:19:59.341-0300] {logging_mixin.py:188} INFO - 507
[2024-01-09T11:19:59.488-0300] {logging_mixin.py:188} INFO - 508
[2024-01-09T11:19:59.642-0300] {logging_mixin.py:188} INFO - 509
[2024-01-09T11:19:59.796-0300] {logging_mixin.py:188} INFO - 510
[2024-01-09T11:19:59.955-0300] {logging_mixin.py:188} INFO - 511
[2024-01-09T11:20:00.109-0300] {logging_mixin.py:188} INFO - 512
[2024-01-09T11:20:00.265-0300] {logging_mixin.py:188} INFO - 513
[2024-01-09T11:20:00.415-0300] {logging_mixin.py:188} INFO - 514
[2024-01-09T11:20:00.566-0300] {logging_mixin.py:188} INFO - 515
[2024-01-09T11:20:00.719-0300] {logging_mixin.py:188} INFO - 516
[2024-01-09T11:20:00.884-0300] {logging_mixin.py:188} INFO - 517
[2024-01-09T11:20:01.034-0300] {logging_mixin.py:188} INFO - 518
[2024-01-09T11:20:01.177-0300] {logging_mixin.py:188} INFO - 519
[2024-01-09T11:20:01.322-0300] {logging_mixin.py:188} INFO - 520
[2024-01-09T11:20:01.645-0300] {logging_mixin.py:188} INFO - 521
[2024-01-09T11:20:01.790-0300] {logging_mixin.py:188} INFO - 522
[2024-01-09T11:20:01.948-0300] {logging_mixin.py:188} INFO - 523
[2024-01-09T11:20:02.135-0300] {logging_mixin.py:188} INFO - 524
[2024-01-09T11:20:02.286-0300] {logging_mixin.py:188} INFO - 525
[2024-01-09T11:20:02.437-0300] {logging_mixin.py:188} INFO - 526
[2024-01-09T11:20:02.588-0300] {logging_mixin.py:188} INFO - 527
[2024-01-09T11:20:02.782-0300] {logging_mixin.py:188} INFO - 528
[2024-01-09T11:20:02.938-0300] {logging_mixin.py:188} INFO - 529
[2024-01-09T11:20:03.084-0300] {logging_mixin.py:188} INFO - 530
[2024-01-09T11:20:03.230-0300] {logging_mixin.py:188} INFO - 531
[2024-01-09T11:20:03.381-0300] {logging_mixin.py:188} INFO - 532
[2024-01-09T11:20:03.537-0300] {logging_mixin.py:188} INFO - 533
[2024-01-09T11:20:03.687-0300] {logging_mixin.py:188} INFO - 534
[2024-01-09T11:20:03.841-0300] {logging_mixin.py:188} INFO - 535
[2024-01-09T11:20:03.994-0300] {logging_mixin.py:188} INFO - 536
[2024-01-09T11:20:04.146-0300] {logging_mixin.py:188} INFO - 537
[2024-01-09T11:20:04.290-0300] {logging_mixin.py:188} INFO - 538
[2024-01-09T11:20:04.454-0300] {logging_mixin.py:188} INFO - 539
[2024-01-09T11:20:04.605-0300] {logging_mixin.py:188} INFO - 540
[2024-01-09T11:20:04.976-0300] {logging_mixin.py:188} INFO - 541
[2024-01-09T11:20:05.127-0300] {logging_mixin.py:188} INFO - 542
[2024-01-09T11:20:05.272-0300] {logging_mixin.py:188} INFO - 543
[2024-01-09T11:20:05.421-0300] {logging_mixin.py:188} INFO - 544
[2024-01-09T11:20:05.860-0300] {logging_mixin.py:188} INFO - 545
[2024-01-09T11:20:06.006-0300] {logging_mixin.py:188} INFO - 546
[2024-01-09T11:20:06.154-0300] {logging_mixin.py:188} INFO - 547
[2024-01-09T11:20:06.300-0300] {logging_mixin.py:188} INFO - 548
[2024-01-09T11:20:06.452-0300] {logging_mixin.py:188} INFO - 549
[2024-01-09T11:20:06.621-0300] {logging_mixin.py:188} INFO - 550
[2024-01-09T11:20:06.781-0300] {logging_mixin.py:188} INFO - 551
[2024-01-09T11:20:06.929-0300] {logging_mixin.py:188} INFO - 552
[2024-01-09T11:20:07.085-0300] {logging_mixin.py:188} INFO - 553
[2024-01-09T11:20:07.230-0300] {logging_mixin.py:188} INFO - 554
[2024-01-09T11:20:07.380-0300] {logging_mixin.py:188} INFO - 555
[2024-01-09T11:20:07.527-0300] {logging_mixin.py:188} INFO - 556
[2024-01-09T11:20:07.681-0300] {logging_mixin.py:188} INFO - 557
[2024-01-09T11:20:07.835-0300] {logging_mixin.py:188} INFO - 558
[2024-01-09T11:20:07.989-0300] {logging_mixin.py:188} INFO - 559
[2024-01-09T11:20:08.140-0300] {logging_mixin.py:188} INFO - 560
[2024-01-09T11:20:08.453-0300] {logging_mixin.py:188} INFO - 561
[2024-01-09T11:20:08.602-0300] {logging_mixin.py:188} INFO - 562
[2024-01-09T11:20:08.748-0300] {logging_mixin.py:188} INFO - 563
[2024-01-09T11:20:08.899-0300] {logging_mixin.py:188} INFO - 564
[2024-01-09T11:20:09.044-0300] {logging_mixin.py:188} INFO - 565
[2024-01-09T11:20:09.190-0300] {logging_mixin.py:188} INFO - 566
[2024-01-09T11:20:09.346-0300] {logging_mixin.py:188} INFO - 567
[2024-01-09T11:20:09.501-0300] {logging_mixin.py:188} INFO - 568
[2024-01-09T11:20:09.649-0300] {logging_mixin.py:188} INFO - 569
[2024-01-09T11:20:09.801-0300] {logging_mixin.py:188} INFO - 570
[2024-01-09T11:20:09.955-0300] {logging_mixin.py:188} INFO - 571
[2024-01-09T11:20:10.108-0300] {logging_mixin.py:188} INFO - 572
[2024-01-09T11:20:10.261-0300] {logging_mixin.py:188} INFO - 573
[2024-01-09T11:20:10.413-0300] {logging_mixin.py:188} INFO - 574
[2024-01-09T11:20:10.584-0300] {logging_mixin.py:188} INFO - 575
[2024-01-09T11:20:10.770-0300] {logging_mixin.py:188} INFO - 576
[2024-01-09T11:20:10.931-0300] {logging_mixin.py:188} INFO - 577
[2024-01-09T11:20:11.076-0300] {logging_mixin.py:188} INFO - 578
[2024-01-09T11:20:11.228-0300] {logging_mixin.py:188} INFO - 579
[2024-01-09T11:20:11.386-0300] {logging_mixin.py:188} INFO - 580
[2024-01-09T11:20:11.686-0300] {logging_mixin.py:188} INFO - 581
[2024-01-09T11:20:11.833-0300] {logging_mixin.py:188} INFO - 582
[2024-01-09T11:20:11.998-0300] {logging_mixin.py:188} INFO - 583
[2024-01-09T11:20:12.151-0300] {logging_mixin.py:188} INFO - 584
[2024-01-09T11:20:12.297-0300] {logging_mixin.py:188} INFO - 585
[2024-01-09T11:20:12.451-0300] {logging_mixin.py:188} INFO - 586
[2024-01-09T11:20:12.607-0300] {logging_mixin.py:188} INFO - 587
[2024-01-09T11:20:12.785-0300] {logging_mixin.py:188} INFO - 588
[2024-01-09T11:20:12.936-0300] {logging_mixin.py:188} INFO - 589
[2024-01-09T11:20:13.094-0300] {logging_mixin.py:188} INFO - 590
[2024-01-09T11:20:13.236-0300] {logging_mixin.py:188} INFO - 591
[2024-01-09T11:20:13.385-0300] {logging_mixin.py:188} INFO - 592
[2024-01-09T11:20:13.531-0300] {logging_mixin.py:188} INFO - 593
[2024-01-09T11:20:13.687-0300] {logging_mixin.py:188} INFO - 594
[2024-01-09T11:20:13.832-0300] {logging_mixin.py:188} INFO - 595
[2024-01-09T11:20:13.992-0300] {logging_mixin.py:188} INFO - 596
[2024-01-09T11:20:14.159-0300] {logging_mixin.py:188} INFO - 597
[2024-01-09T11:20:14.312-0300] {logging_mixin.py:188} INFO - 598
[2024-01-09T11:20:14.464-0300] {logging_mixin.py:188} INFO - 599
[2024-01-09T11:20:14.645-0300] {logging_mixin.py:188} INFO - 600
[2024-01-09T11:20:14.961-0300] {logging_mixin.py:188} INFO - 601
[2024-01-09T11:20:15.107-0300] {logging_mixin.py:188} INFO - 602
[2024-01-09T11:20:15.260-0300] {logging_mixin.py:188} INFO - 603
[2024-01-09T11:20:15.414-0300] {logging_mixin.py:188} INFO - 604
[2024-01-09T11:20:15.564-0300] {logging_mixin.py:188} INFO - 605
[2024-01-09T11:20:15.720-0300] {logging_mixin.py:188} INFO - 606
[2024-01-09T11:20:15.874-0300] {logging_mixin.py:188} INFO - 607
[2024-01-09T11:20:16.047-0300] {logging_mixin.py:188} INFO - 608
[2024-01-09T11:20:16.208-0300] {logging_mixin.py:188} INFO - 609
[2024-01-09T11:20:16.358-0300] {logging_mixin.py:188} INFO - 610
[2024-01-09T11:20:16.506-0300] {logging_mixin.py:188} INFO - 611
[2024-01-09T11:20:16.662-0300] {logging_mixin.py:188} INFO - 612
[2024-01-09T11:20:16.809-0300] {logging_mixin.py:188} INFO - 613
[2024-01-09T11:20:16.963-0300] {logging_mixin.py:188} INFO - 614
[2024-01-09T11:20:17.113-0300] {logging_mixin.py:188} INFO - 615
[2024-01-09T11:20:17.269-0300] {logging_mixin.py:188} INFO - 616
[2024-01-09T11:20:17.417-0300] {logging_mixin.py:188} INFO - 617
[2024-01-09T11:20:17.563-0300] {logging_mixin.py:188} INFO - 618
[2024-01-09T11:20:17.719-0300] {logging_mixin.py:188} INFO - 619
[2024-01-09T11:20:17.878-0300] {logging_mixin.py:188} INFO - 620
[2024-01-09T11:20:18.179-0300] {logging_mixin.py:188} INFO - 621
[2024-01-09T11:20:18.337-0300] {logging_mixin.py:188} INFO - 622
[2024-01-09T11:20:18.494-0300] {logging_mixin.py:188} INFO - 623
[2024-01-09T11:20:18.647-0300] {logging_mixin.py:188} INFO - 624
[2024-01-09T11:20:18.795-0300] {logging_mixin.py:188} INFO - 625
[2024-01-09T11:20:19.046-0300] {logging_mixin.py:188} INFO - 626
[2024-01-09T11:20:19.203-0300] {logging_mixin.py:188} INFO - 627
[2024-01-09T11:20:19.356-0300] {logging_mixin.py:188} INFO - 628
[2024-01-09T11:20:19.522-0300] {logging_mixin.py:188} INFO - 629
[2024-01-09T11:20:19.669-0300] {logging_mixin.py:188} INFO - 630
[2024-01-09T11:20:19.819-0300] {logging_mixin.py:188} INFO - 631
[2024-01-09T11:20:19.970-0300] {logging_mixin.py:188} INFO - 632
[2024-01-09T11:20:20.121-0300] {logging_mixin.py:188} INFO - 633
[2024-01-09T11:20:20.277-0300] {logging_mixin.py:188} INFO - 634
[2024-01-09T11:20:20.431-0300] {logging_mixin.py:188} INFO - 635
[2024-01-09T11:20:20.585-0300] {logging_mixin.py:188} INFO - 636
[2024-01-09T11:20:20.745-0300] {logging_mixin.py:188} INFO - 637
[2024-01-09T11:20:20.975-0300] {logging_mixin.py:188} INFO - 638
[2024-01-09T11:20:21.132-0300] {logging_mixin.py:188} INFO - 639
[2024-01-09T11:20:21.283-0300] {logging_mixin.py:188} INFO - 640
[2024-01-09T11:20:21.582-0300] {logging_mixin.py:188} INFO - 641
[2024-01-09T11:20:21.729-0300] {logging_mixin.py:188} INFO - 642
[2024-01-09T11:20:21.877-0300] {logging_mixin.py:188} INFO - 643
[2024-01-09T11:20:22.027-0300] {logging_mixin.py:188} INFO - 644
[2024-01-09T11:20:22.179-0300] {logging_mixin.py:188} INFO - 645
[2024-01-09T11:20:22.337-0300] {logging_mixin.py:188} INFO - 646
[2024-01-09T11:20:22.501-0300] {logging_mixin.py:188} INFO - 647
[2024-01-09T11:20:22.650-0300] {logging_mixin.py:188} INFO - 648
[2024-01-09T11:20:22.805-0300] {logging_mixin.py:188} INFO - 649
[2024-01-09T11:20:22.957-0300] {logging_mixin.py:188} INFO - 650
[2024-01-09T11:20:23.107-0300] {logging_mixin.py:188} INFO - 651
[2024-01-09T11:20:23.261-0300] {logging_mixin.py:188} INFO - 652
[2024-01-09T11:20:23.420-0300] {logging_mixin.py:188} INFO - 653
[2024-01-09T11:20:23.571-0300] {logging_mixin.py:188} INFO - 654
[2024-01-09T11:20:23.716-0300] {logging_mixin.py:188} INFO - 655
[2024-01-09T11:20:23.871-0300] {logging_mixin.py:188} INFO - 656
[2024-01-09T11:20:24.019-0300] {logging_mixin.py:188} INFO - 657
[2024-01-09T11:20:24.183-0300] {logging_mixin.py:188} INFO - 658
[2024-01-09T11:20:24.335-0300] {logging_mixin.py:188} INFO - 659
[2024-01-09T11:20:24.559-0300] {logging_mixin.py:188} INFO - 660
[2024-01-09T11:20:24.875-0300] {logging_mixin.py:188} INFO - 661
[2024-01-09T11:20:25.026-0300] {logging_mixin.py:188} INFO - 662
[2024-01-09T11:20:25.199-0300] {logging_mixin.py:188} INFO - 663
[2024-01-09T11:20:25.347-0300] {logging_mixin.py:188} INFO - 664
[2024-01-09T11:20:25.515-0300] {logging_mixin.py:188} INFO - 665
[2024-01-09T11:20:25.671-0300] {logging_mixin.py:188} INFO - 666
[2024-01-09T11:20:26.863-0300] {logging_mixin.py:188} INFO - 667
[2024-01-09T11:20:27.012-0300] {logging_mixin.py:188} INFO - 668
[2024-01-09T11:20:27.160-0300] {logging_mixin.py:188} INFO - 669
[2024-01-09T11:20:27.322-0300] {logging_mixin.py:188} INFO - 670
[2024-01-09T11:20:27.477-0300] {logging_mixin.py:188} INFO - 671
[2024-01-09T11:20:27.629-0300] {logging_mixin.py:188} INFO - 672
[2024-01-09T11:20:27.785-0300] {logging_mixin.py:188} INFO - 673
[2024-01-09T11:20:27.941-0300] {logging_mixin.py:188} INFO - 674
[2024-01-09T11:20:28.095-0300] {logging_mixin.py:188} INFO - 675
[2024-01-09T11:20:28.246-0300] {logging_mixin.py:188} INFO - 676
[2024-01-09T11:20:28.395-0300] {logging_mixin.py:188} INFO - 677
[2024-01-09T11:20:28.546-0300] {logging_mixin.py:188} INFO - 678
[2024-01-09T11:20:28.692-0300] {logging_mixin.py:188} INFO - 679
[2024-01-09T11:20:28.846-0300] {logging_mixin.py:188} INFO - 680
[2024-01-09T11:20:29.152-0300] {logging_mixin.py:188} INFO - 681
[2024-01-09T11:20:29.301-0300] {logging_mixin.py:188} INFO - 682
[2024-01-09T11:20:29.451-0300] {logging_mixin.py:188} INFO - 683
[2024-01-09T11:20:29.603-0300] {logging_mixin.py:188} INFO - 684
[2024-01-09T11:20:29.766-0300] {logging_mixin.py:188} INFO - 685
[2024-01-09T11:20:29.927-0300] {logging_mixin.py:188} INFO - 686
[2024-01-09T11:20:30.081-0300] {logging_mixin.py:188} INFO - 687
[2024-01-09T11:20:30.229-0300] {logging_mixin.py:188} INFO - 688
[2024-01-09T11:20:30.398-0300] {logging_mixin.py:188} INFO - 689
[2024-01-09T11:20:30.546-0300] {logging_mixin.py:188} INFO - 690
[2024-01-09T11:20:30.698-0300] {logging_mixin.py:188} INFO - 691
[2024-01-09T11:20:30.847-0300] {logging_mixin.py:188} INFO - 692
[2024-01-09T11:20:30.997-0300] {logging_mixin.py:188} INFO - 693
[2024-01-09T11:20:31.144-0300] {logging_mixin.py:188} INFO - 694
[2024-01-09T11:20:31.308-0300] {logging_mixin.py:188} INFO - 695
[2024-01-09T11:20:31.455-0300] {logging_mixin.py:188} INFO - 696
[2024-01-09T11:20:31.605-0300] {logging_mixin.py:188} INFO - 697
[2024-01-09T11:20:31.752-0300] {logging_mixin.py:188} INFO - 698
[2024-01-09T11:20:31.913-0300] {logging_mixin.py:188} INFO - 699
[2024-01-09T11:20:32.061-0300] {logging_mixin.py:188} INFO - 700
[2024-01-09T11:20:32.386-0300] {logging_mixin.py:188} INFO - 701
[2024-01-09T11:20:32.538-0300] {logging_mixin.py:188} INFO - 702
[2024-01-09T11:20:32.692-0300] {logging_mixin.py:188} INFO - 703
[2024-01-09T11:20:32.846-0300] {logging_mixin.py:188} INFO - 704
[2024-01-09T11:20:32.990-0300] {logging_mixin.py:188} INFO - 705
[2024-01-09T11:20:33.197-0300] {logging_mixin.py:188} INFO - 706
[2024-01-09T11:20:33.342-0300] {logging_mixin.py:188} INFO - 707
[2024-01-09T11:20:33.512-0300] {logging_mixin.py:188} INFO - 708
[2024-01-09T11:20:33.669-0300] {logging_mixin.py:188} INFO - 709
[2024-01-09T11:20:33.827-0300] {logging_mixin.py:188} INFO - 710
[2024-01-09T11:20:33.979-0300] {logging_mixin.py:188} INFO - 711
[2024-01-09T11:20:34.130-0300] {logging_mixin.py:188} INFO - 712
[2024-01-09T11:20:34.280-0300] {logging_mixin.py:188} INFO - 713
[2024-01-09T11:20:34.427-0300] {logging_mixin.py:188} INFO - 714
[2024-01-09T11:20:34.572-0300] {logging_mixin.py:188} INFO - 715
[2024-01-09T11:20:34.723-0300] {logging_mixin.py:188} INFO - 716
[2024-01-09T11:20:34.874-0300] {logging_mixin.py:188} INFO - 717
[2024-01-09T11:20:35.029-0300] {logging_mixin.py:188} INFO - 718
[2024-01-09T11:20:35.182-0300] {logging_mixin.py:188} INFO - 719
[2024-01-09T11:20:35.360-0300] {logging_mixin.py:188} INFO - 720
[2024-01-09T11:20:35.661-0300] {logging_mixin.py:188} INFO - 721
[2024-01-09T11:20:35.812-0300] {logging_mixin.py:188} INFO - 722
[2024-01-09T11:20:35.967-0300] {logging_mixin.py:188} INFO - 723
[2024-01-09T11:20:36.119-0300] {logging_mixin.py:188} INFO - 724
[2024-01-09T11:20:36.267-0300] {logging_mixin.py:188} INFO - 725
[2024-01-09T11:20:36.418-0300] {logging_mixin.py:188} INFO - 726
[2024-01-09T11:20:36.567-0300] {logging_mixin.py:188} INFO - 727
[2024-01-09T11:20:36.719-0300] {logging_mixin.py:188} INFO - 728
[2024-01-09T11:20:36.871-0300] {logging_mixin.py:188} INFO - 729
[2024-01-09T11:20:37.020-0300] {logging_mixin.py:188} INFO - 730
[2024-01-09T11:20:37.179-0300] {logging_mixin.py:188} INFO - 731
[2024-01-09T11:20:37.332-0300] {logging_mixin.py:188} INFO - 732
[2024-01-09T11:20:37.495-0300] {logging_mixin.py:188} INFO - 733
[2024-01-09T11:20:37.648-0300] {logging_mixin.py:188} INFO - 734
[2024-01-09T11:20:37.793-0300] {logging_mixin.py:188} INFO - 735
[2024-01-09T11:20:37.940-0300] {logging_mixin.py:188} INFO - 736
[2024-01-09T11:20:38.095-0300] {logging_mixin.py:188} INFO - 737
[2024-01-09T11:20:38.245-0300] {logging_mixin.py:188} INFO - 738
[2024-01-09T11:20:38.391-0300] {logging_mixin.py:188} INFO - 739
[2024-01-09T11:20:38.542-0300] {logging_mixin.py:188} INFO - 740
[2024-01-09T11:20:38.837-0300] {logging_mixin.py:188} INFO - 741
[2024-01-09T11:20:39.018-0300] {logging_mixin.py:188} INFO - 742
[2024-01-09T11:20:39.187-0300] {logging_mixin.py:188} INFO - 743
[2024-01-09T11:20:39.346-0300] {logging_mixin.py:188} INFO - 744
[2024-01-09T11:20:39.516-0300] {logging_mixin.py:188} INFO - 745
[2024-01-09T11:20:39.676-0300] {logging_mixin.py:188} INFO - 746
[2024-01-09T11:20:39.828-0300] {logging_mixin.py:188} INFO - 747
[2024-01-09T11:20:39.997-0300] {logging_mixin.py:188} INFO - 748
[2024-01-09T11:20:40.151-0300] {logging_mixin.py:188} INFO - 749
[2024-01-09T11:20:40.362-0300] {logging_mixin.py:188} INFO - 750
[2024-01-09T11:20:40.510-0300] {logging_mixin.py:188} INFO - 751
[2024-01-09T11:20:40.663-0300] {logging_mixin.py:188} INFO - 752
[2024-01-09T11:20:40.821-0300] {logging_mixin.py:188} INFO - 753
[2024-01-09T11:20:40.975-0300] {logging_mixin.py:188} INFO - 754
[2024-01-09T11:20:41.129-0300] {logging_mixin.py:188} INFO - 755
[2024-01-09T11:20:41.280-0300] {logging_mixin.py:188} INFO - 756
[2024-01-09T11:20:41.445-0300] {logging_mixin.py:188} INFO - 757
[2024-01-09T11:20:41.608-0300] {logging_mixin.py:188} INFO - 758
[2024-01-09T11:20:41.756-0300] {logging_mixin.py:188} INFO - 759
[2024-01-09T11:20:41.901-0300] {logging_mixin.py:188} INFO - 760
[2024-01-09T11:20:42.210-0300] {logging_mixin.py:188} INFO - 761
[2024-01-09T11:20:42.358-0300] {logging_mixin.py:188} INFO - 762
[2024-01-09T11:20:42.514-0300] {logging_mixin.py:188} INFO - 763
[2024-01-09T11:20:42.664-0300] {logging_mixin.py:188} INFO - 764
[2024-01-09T11:20:42.843-0300] {logging_mixin.py:188} INFO - 765
[2024-01-09T11:20:42.995-0300] {logging_mixin.py:188} INFO - 766
[2024-01-09T11:20:43.143-0300] {logging_mixin.py:188} INFO - 767
[2024-01-09T11:20:43.307-0300] {logging_mixin.py:188} INFO - 768
[2024-01-09T11:20:43.470-0300] {logging_mixin.py:188} INFO - 769
[2024-01-09T11:20:43.626-0300] {logging_mixin.py:188} INFO - 770
[2024-01-09T11:20:43.774-0300] {logging_mixin.py:188} INFO - 771
[2024-01-09T11:20:43.923-0300] {logging_mixin.py:188} INFO - 772
[2024-01-09T11:20:44.085-0300] {logging_mixin.py:188} INFO - 773
[2024-01-09T11:20:44.240-0300] {logging_mixin.py:188} INFO - 774
[2024-01-09T11:20:44.398-0300] {logging_mixin.py:188} INFO - 775
[2024-01-09T11:20:44.561-0300] {logging_mixin.py:188} INFO - 776
[2024-01-09T11:20:44.771-0300] {logging_mixin.py:188} INFO - 777
[2024-01-09T11:20:44.926-0300] {logging_mixin.py:188} INFO - 778
[2024-01-09T11:20:45.075-0300] {logging_mixin.py:188} INFO - 779
[2024-01-09T11:20:45.225-0300] {logging_mixin.py:188} INFO - 780
[2024-01-09T11:20:45.522-0300] {logging_mixin.py:188} INFO - 781
[2024-01-09T11:20:45.673-0300] {logging_mixin.py:188} INFO - 782
[2024-01-09T11:20:45.864-0300] {logging_mixin.py:188} INFO - 783
[2024-01-09T11:20:46.028-0300] {logging_mixin.py:188} INFO - 784
[2024-01-09T11:20:46.185-0300] {logging_mixin.py:188} INFO - 785
[2024-01-09T11:20:46.336-0300] {logging_mixin.py:188} INFO - 786
[2024-01-09T11:20:46.492-0300] {logging_mixin.py:188} INFO - 787
[2024-01-09T11:20:46.647-0300] {logging_mixin.py:188} INFO - 788
[2024-01-09T11:20:46.798-0300] {logging_mixin.py:188} INFO - 789
[2024-01-09T11:20:46.955-0300] {logging_mixin.py:188} INFO - 790
[2024-01-09T11:20:47.108-0300] {logging_mixin.py:188} INFO - 791
[2024-01-09T11:20:47.262-0300] {logging_mixin.py:188} INFO - 792
[2024-01-09T11:20:47.414-0300] {logging_mixin.py:188} INFO - 793
[2024-01-09T11:20:47.568-0300] {logging_mixin.py:188} INFO - 794
[2024-01-09T11:20:47.721-0300] {logging_mixin.py:188} INFO - 795
[2024-01-09T11:20:47.931-0300] {logging_mixin.py:188} INFO - 796
[2024-01-09T11:20:48.096-0300] {logging_mixin.py:188} INFO - 797
[2024-01-09T11:20:48.245-0300] {logging_mixin.py:188} INFO - 798
[2024-01-09T11:20:48.394-0300] {logging_mixin.py:188} INFO - 799
[2024-01-09T11:20:48.554-0300] {logging_mixin.py:188} INFO - 800
[2024-01-09T11:20:48.857-0300] {logging_mixin.py:188} INFO - 801
[2024-01-09T11:20:49.010-0300] {logging_mixin.py:188} INFO - 802
[2024-01-09T11:20:49.161-0300] {logging_mixin.py:188} INFO - 803
[2024-01-09T11:20:49.309-0300] {logging_mixin.py:188} INFO - 804
[2024-01-09T11:20:49.462-0300] {logging_mixin.py:188} INFO - 805
[2024-01-09T11:20:49.614-0300] {logging_mixin.py:188} INFO - 806
[2024-01-09T11:20:49.768-0300] {logging_mixin.py:188} INFO - 807
[2024-01-09T11:20:49.937-0300] {logging_mixin.py:188} INFO - 808
[2024-01-09T11:20:50.085-0300] {logging_mixin.py:188} INFO - 809
[2024-01-09T11:20:50.239-0300] {logging_mixin.py:188} INFO - 810
[2024-01-09T11:20:50.398-0300] {logging_mixin.py:188} INFO - 811
[2024-01-09T11:20:50.545-0300] {logging_mixin.py:188} INFO - 812
[2024-01-09T11:20:50.698-0300] {logging_mixin.py:188} INFO - 813
[2024-01-09T11:20:50.846-0300] {logging_mixin.py:188} INFO - 814
[2024-01-09T11:20:51.002-0300] {logging_mixin.py:188} INFO - 815
[2024-01-09T11:20:51.164-0300] {logging_mixin.py:188} INFO - 816
[2024-01-09T11:20:51.312-0300] {logging_mixin.py:188} INFO - 817
[2024-01-09T11:20:51.462-0300] {logging_mixin.py:188} INFO - 818
[2024-01-09T11:20:51.612-0300] {logging_mixin.py:188} INFO - 819
[2024-01-09T11:20:51.761-0300] {logging_mixin.py:188} INFO - 820
[2024-01-09T11:20:52.053-0300] {logging_mixin.py:188} INFO - 821
[2024-01-09T11:20:52.211-0300] {logging_mixin.py:188} INFO - 822
[2024-01-09T11:20:52.374-0300] {logging_mixin.py:188} INFO - 823
[2024-01-09T11:20:52.534-0300] {logging_mixin.py:188} INFO - 824
[2024-01-09T11:20:52.683-0300] {logging_mixin.py:188} INFO - 825
[2024-01-09T11:20:52.840-0300] {logging_mixin.py:188} INFO - 826
[2024-01-09T11:20:53.007-0300] {logging_mixin.py:188} INFO - 827
[2024-01-09T11:20:53.158-0300] {logging_mixin.py:188} INFO - 828
[2024-01-09T11:20:53.314-0300] {logging_mixin.py:188} INFO - 829
[2024-01-09T11:20:53.460-0300] {logging_mixin.py:188} INFO - 830
[2024-01-09T11:20:53.640-0300] {logging_mixin.py:188} INFO - 831
[2024-01-09T11:20:53.794-0300] {logging_mixin.py:188} INFO - 832
[2024-01-09T11:20:53.947-0300] {logging_mixin.py:188} INFO - 833
[2024-01-09T11:20:54.094-0300] {logging_mixin.py:188} INFO - 834
[2024-01-09T11:20:54.249-0300] {logging_mixin.py:188} INFO - 835
[2024-01-09T11:20:54.401-0300] {logging_mixin.py:188} INFO - 836
[2024-01-09T11:20:54.556-0300] {logging_mixin.py:188} INFO - 837
[2024-01-09T11:20:54.704-0300] {logging_mixin.py:188} INFO - 838
[2024-01-09T11:20:54.851-0300] {logging_mixin.py:188} INFO - 839
[2024-01-09T11:20:55.003-0300] {logging_mixin.py:188} INFO - 840
[2024-01-09T11:20:55.390-0300] {logging_mixin.py:188} INFO - 841
[2024-01-09T11:20:55.540-0300] {logging_mixin.py:188} INFO - 842
[2024-01-09T11:20:55.690-0300] {logging_mixin.py:188} INFO - 843
[2024-01-09T11:20:55.836-0300] {logging_mixin.py:188} INFO - 844
[2024-01-09T11:20:55.995-0300] {logging_mixin.py:188} INFO - 845
[2024-01-09T11:20:56.144-0300] {logging_mixin.py:188} INFO - 846
[2024-01-09T11:20:56.310-0300] {logging_mixin.py:188} INFO - 847
[2024-01-09T11:20:56.463-0300] {logging_mixin.py:188} INFO - 848
[2024-01-09T11:20:56.617-0300] {logging_mixin.py:188} INFO - 849
[2024-01-09T11:20:56.776-0300] {logging_mixin.py:188} INFO - 850
[2024-01-09T11:20:56.939-0300] {logging_mixin.py:188} INFO - 851
[2024-01-09T11:20:57.096-0300] {logging_mixin.py:188} INFO - 852
[2024-01-09T11:20:57.249-0300] {logging_mixin.py:188} INFO - 853
[2024-01-09T11:20:57.406-0300] {logging_mixin.py:188} INFO - 854
[2024-01-09T11:20:57.560-0300] {logging_mixin.py:188} INFO - 855
[2024-01-09T11:20:57.710-0300] {logging_mixin.py:188} INFO - 856
[2024-01-09T11:20:57.867-0300] {logging_mixin.py:188} INFO - 857
[2024-01-09T11:20:58.021-0300] {logging_mixin.py:188} INFO - 858
[2024-01-09T11:20:58.181-0300] {logging_mixin.py:188} INFO - 859
[2024-01-09T11:20:58.332-0300] {logging_mixin.py:188} INFO - 860
[2024-01-09T11:20:58.627-0300] {logging_mixin.py:188} INFO - 861
[2024-01-09T11:20:58.788-0300] {logging_mixin.py:188} INFO - 862
[2024-01-09T11:20:58.939-0300] {logging_mixin.py:188} INFO - 863
[2024-01-09T11:20:59.116-0300] {logging_mixin.py:188} INFO - 864
[2024-01-09T11:20:59.266-0300] {logging_mixin.py:188} INFO - 865
[2024-01-09T11:20:59.442-0300] {logging_mixin.py:188} INFO - 866
[2024-01-09T11:20:59.608-0300] {logging_mixin.py:188} INFO - 867
[2024-01-09T11:20:59.757-0300] {logging_mixin.py:188} INFO - 868
[2024-01-09T11:20:59.932-0300] {logging_mixin.py:188} INFO - 869
[2024-01-09T11:21:00.116-0300] {logging_mixin.py:188} INFO - 870
[2024-01-09T11:21:00.260-0300] {logging_mixin.py:188} INFO - 871
[2024-01-09T11:21:00.418-0300] {logging_mixin.py:188} INFO - 872
[2024-01-09T11:21:00.588-0300] {logging_mixin.py:188} INFO - 873
[2024-01-09T11:21:00.752-0300] {logging_mixin.py:188} INFO - 874
[2024-01-09T11:21:00.903-0300] {logging_mixin.py:188} INFO - 875
[2024-01-09T11:21:01.052-0300] {logging_mixin.py:188} INFO - 876
[2024-01-09T11:21:01.200-0300] {logging_mixin.py:188} INFO - 877
[2024-01-09T11:21:01.350-0300] {logging_mixin.py:188} INFO - 878
[2024-01-09T11:21:01.507-0300] {logging_mixin.py:188} INFO - 879
[2024-01-09T11:21:01.656-0300] {logging_mixin.py:188} INFO - 880
[2024-01-09T11:21:01.954-0300] {logging_mixin.py:188} INFO - 881
[2024-01-09T11:21:02.123-0300] {logging_mixin.py:188} INFO - 882
[2024-01-09T11:21:02.273-0300] {logging_mixin.py:188} INFO - 883
[2024-01-09T11:21:02.423-0300] {logging_mixin.py:188} INFO - 884
[2024-01-09T11:21:02.575-0300] {logging_mixin.py:188} INFO - 885
[2024-01-09T11:21:02.735-0300] {logging_mixin.py:188} INFO - 886
[2024-01-09T11:21:02.893-0300] {logging_mixin.py:188} INFO - 887
[2024-01-09T11:21:03.055-0300] {logging_mixin.py:188} INFO - 888
[2024-01-09T11:21:03.203-0300] {logging_mixin.py:188} INFO - 889
[2024-01-09T11:21:03.365-0300] {logging_mixin.py:188} INFO - 890
[2024-01-09T11:21:03.536-0300] {logging_mixin.py:188} INFO - 891
[2024-01-09T11:21:03.682-0300] {logging_mixin.py:188} INFO - 892
[2024-01-09T11:21:03.852-0300] {logging_mixin.py:188} INFO - 893
[2024-01-09T11:21:04.002-0300] {logging_mixin.py:188} INFO - 894
[2024-01-09T11:21:04.155-0300] {logging_mixin.py:188} INFO - 895
[2024-01-09T11:21:04.311-0300] {logging_mixin.py:188} INFO - 896
[2024-01-09T11:21:04.459-0300] {logging_mixin.py:188} INFO - 897
[2024-01-09T11:21:04.606-0300] {logging_mixin.py:188} INFO - 898
[2024-01-09T11:21:04.797-0300] {logging_mixin.py:188} INFO - 899
[2024-01-09T11:21:04.951-0300] {logging_mixin.py:188} INFO - 900
[2024-01-09T11:21:05.246-0300] {logging_mixin.py:188} INFO - 901
[2024-01-09T11:21:05.393-0300] {logging_mixin.py:188} INFO - 902
[2024-01-09T11:21:05.604-0300] {logging_mixin.py:188} INFO - 903
[2024-01-09T11:21:05.757-0300] {logging_mixin.py:188} INFO - 904
[2024-01-09T11:21:05.909-0300] {logging_mixin.py:188} INFO - 905
[2024-01-09T11:21:06.056-0300] {logging_mixin.py:188} INFO - 906
[2024-01-09T11:21:06.224-0300] {logging_mixin.py:188} INFO - 907
[2024-01-09T11:21:06.399-0300] {logging_mixin.py:188} INFO - 908
[2024-01-09T11:21:06.546-0300] {logging_mixin.py:188} INFO - 909
[2024-01-09T11:21:06.692-0300] {logging_mixin.py:188} INFO - 910
[2024-01-09T11:21:06.842-0300] {logging_mixin.py:188} INFO - 911
[2024-01-09T11:21:06.987-0300] {logging_mixin.py:188} INFO - 912
[2024-01-09T11:21:07.142-0300] {logging_mixin.py:188} INFO - 913
[2024-01-09T11:21:07.293-0300] {logging_mixin.py:188} INFO - 914
[2024-01-09T11:21:07.445-0300] {logging_mixin.py:188} INFO - 915
[2024-01-09T11:21:07.603-0300] {logging_mixin.py:188} INFO - 916
[2024-01-09T11:21:07.894-0300] {logging_mixin.py:188} INFO - 917
[2024-01-09T11:21:08.048-0300] {logging_mixin.py:188} INFO - 918
[2024-01-09T11:21:08.201-0300] {logging_mixin.py:188} INFO - 919
[2024-01-09T11:21:08.350-0300] {logging_mixin.py:188} INFO - 920
[2024-01-09T11:21:08.651-0300] {logging_mixin.py:188} INFO - 921
[2024-01-09T11:21:08.797-0300] {logging_mixin.py:188} INFO - 922
[2024-01-09T11:21:08.946-0300] {logging_mixin.py:188} INFO - 923
[2024-01-09T11:21:09.096-0300] {logging_mixin.py:188} INFO - 924
[2024-01-09T11:21:09.246-0300] {logging_mixin.py:188} INFO - 925
[2024-01-09T11:21:09.394-0300] {logging_mixin.py:188} INFO - 926
[2024-01-09T11:21:09.543-0300] {logging_mixin.py:188} INFO - 927
[2024-01-09T11:21:09.693-0300] {logging_mixin.py:188} INFO - 928
[2024-01-09T11:21:09.848-0300] {logging_mixin.py:188} INFO - 929
[2024-01-09T11:21:10.010-0300] {logging_mixin.py:188} INFO - 930
[2024-01-09T11:21:10.159-0300] {logging_mixin.py:188} INFO - 931
[2024-01-09T11:21:10.308-0300] {logging_mixin.py:188} INFO - 932
[2024-01-09T11:21:10.463-0300] {logging_mixin.py:188} INFO - 933
[2024-01-09T11:21:10.614-0300] {logging_mixin.py:188} INFO - 934
[2024-01-09T11:21:10.770-0300] {logging_mixin.py:188} INFO - 935
[2024-01-09T11:21:10.915-0300] {logging_mixin.py:188} INFO - 936
[2024-01-09T11:21:11.063-0300] {logging_mixin.py:188} INFO - 937
[2024-01-09T11:21:11.226-0300] {logging_mixin.py:188} INFO - 938
[2024-01-09T11:21:11.387-0300] {logging_mixin.py:188} INFO - 939
[2024-01-09T11:21:11.537-0300] {logging_mixin.py:188} INFO - 940
[2024-01-09T11:21:11.839-0300] {logging_mixin.py:188} INFO - 941
[2024-01-09T11:21:12.000-0300] {logging_mixin.py:188} INFO - 942
[2024-01-09T11:21:12.144-0300] {logging_mixin.py:188} INFO - 943
[2024-01-09T11:21:12.315-0300] {logging_mixin.py:188} INFO - 944
[2024-01-09T11:21:12.479-0300] {logging_mixin.py:188} INFO - 945
[2024-01-09T11:21:12.628-0300] {logging_mixin.py:188} INFO - 946
[2024-01-09T11:21:12.780-0300] {logging_mixin.py:188} INFO - 947
[2024-01-09T11:21:12.928-0300] {logging_mixin.py:188} INFO - 948
[2024-01-09T11:21:13.082-0300] {logging_mixin.py:188} INFO - 949
[2024-01-09T11:21:13.232-0300] {logging_mixin.py:188} INFO - 950
[2024-01-09T11:21:13.386-0300] {logging_mixin.py:188} INFO - 951
[2024-01-09T11:21:13.536-0300] {logging_mixin.py:188} INFO - 952
[2024-01-09T11:21:13.688-0300] {logging_mixin.py:188} INFO - 953
[2024-01-09T11:21:13.843-0300] {logging_mixin.py:188} INFO - 954
[2024-01-09T11:21:13.991-0300] {logging_mixin.py:188} INFO - 955
[2024-01-09T11:21:14.147-0300] {logging_mixin.py:188} INFO - 956
[2024-01-09T11:21:14.303-0300] {logging_mixin.py:188} INFO - 957
[2024-01-09T11:21:14.452-0300] {logging_mixin.py:188} INFO - 958
[2024-01-09T11:21:14.599-0300] {logging_mixin.py:188} INFO - 959
[2024-01-09T11:21:14.755-0300] {logging_mixin.py:188} INFO - 960
[2024-01-09T11:21:15.069-0300] {logging_mixin.py:188} INFO - 961
[2024-01-09T11:21:15.218-0300] {logging_mixin.py:188} INFO - 962
[2024-01-09T11:21:15.381-0300] {logging_mixin.py:188} INFO - 963
[2024-01-09T11:21:15.542-0300] {logging_mixin.py:188} INFO - 964
[2024-01-09T11:21:15.740-0300] {logging_mixin.py:188} INFO - 965
[2024-01-09T11:21:15.889-0300] {logging_mixin.py:188} INFO - 966
[2024-01-09T11:21:16.037-0300] {logging_mixin.py:188} INFO - 967
[2024-01-09T11:21:16.188-0300] {logging_mixin.py:188} INFO - 968
[2024-01-09T11:21:16.338-0300] {logging_mixin.py:188} INFO - 969
[2024-01-09T11:21:16.485-0300] {logging_mixin.py:188} INFO - 970
[2024-01-09T11:21:16.649-0300] {logging_mixin.py:188} INFO - 971
[2024-01-09T11:21:16.855-0300] {logging_mixin.py:188} INFO - 972
[2024-01-09T11:21:17.013-0300] {logging_mixin.py:188} INFO - 973
[2024-01-09T11:21:17.173-0300] {logging_mixin.py:188} INFO - 974
[2024-01-09T11:21:17.322-0300] {logging_mixin.py:188} INFO - 975
[2024-01-09T11:21:17.469-0300] {logging_mixin.py:188} INFO - 976
[2024-01-09T11:21:17.629-0300] {logging_mixin.py:188} INFO - 977
[2024-01-09T11:21:17.775-0300] {logging_mixin.py:188} INFO - 978
[2024-01-09T11:21:17.930-0300] {logging_mixin.py:188} INFO - 979
[2024-01-09T11:21:18.095-0300] {logging_mixin.py:188} INFO - 980
[2024-01-09T11:21:18.404-0300] {logging_mixin.py:188} INFO - 981
[2024-01-09T11:21:18.553-0300] {logging_mixin.py:188} INFO - 982
[2024-01-09T11:21:18.700-0300] {logging_mixin.py:188} INFO - 983
[2024-01-09T11:21:18.856-0300] {logging_mixin.py:188} INFO - 984
[2024-01-09T11:21:19.006-0300] {logging_mixin.py:188} INFO - 985
[2024-01-09T11:21:19.174-0300] {logging_mixin.py:188} INFO - 986
[2024-01-09T11:21:19.353-0300] {logging_mixin.py:188} INFO - 987
[2024-01-09T11:21:19.504-0300] {logging_mixin.py:188} INFO - 988
[2024-01-09T11:21:19.655-0300] {logging_mixin.py:188} INFO - 989
[2024-01-09T11:21:19.817-0300] {logging_mixin.py:188} INFO - 990
[2024-01-09T11:21:19.969-0300] {logging_mixin.py:188} INFO - 991
[2024-01-09T11:21:20.132-0300] {logging_mixin.py:188} INFO - 992
[2024-01-09T11:21:20.284-0300] {logging_mixin.py:188} INFO - 993
[2024-01-09T11:21:20.433-0300] {logging_mixin.py:188} INFO - 994
[2024-01-09T11:21:20.597-0300] {logging_mixin.py:188} INFO - 995
[2024-01-09T11:21:20.745-0300] {logging_mixin.py:188} INFO - 996
[2024-01-09T11:21:20.898-0300] {logging_mixin.py:188} INFO - 997
[2024-01-09T11:21:21.074-0300] {logging_mixin.py:188} INFO - 998
[2024-01-09T11:21:21.228-0300] {logging_mixin.py:188} INFO - 999
[2024-01-09T11:21:21.379-0300] {logging_mixin.py:188} INFO - 1000
[2024-01-09T11:21:21.680-0300] {logging_mixin.py:188} INFO - 1001
[2024-01-09T11:21:21.837-0300] {logging_mixin.py:188} INFO - 1002
[2024-01-09T11:21:21.983-0300] {logging_mixin.py:188} INFO - 1003
[2024-01-09T11:21:22.136-0300] {logging_mixin.py:188} INFO - 1004
[2024-01-09T11:21:22.294-0300] {logging_mixin.py:188} INFO - 1005
[2024-01-09T11:21:22.454-0300] {logging_mixin.py:188} INFO - 1006
[2024-01-09T11:21:22.602-0300] {logging_mixin.py:188} INFO - 1007
[2024-01-09T11:21:22.759-0300] {logging_mixin.py:188} INFO - 1008
[2024-01-09T11:21:22.909-0300] {logging_mixin.py:188} INFO - 1009
[2024-01-09T11:21:23.078-0300] {logging_mixin.py:188} INFO - 1010
[2024-01-09T11:21:23.225-0300] {logging_mixin.py:188} INFO - 1011
[2024-01-09T11:21:23.374-0300] {logging_mixin.py:188} INFO - 1012
[2024-01-09T11:21:23.523-0300] {logging_mixin.py:188} INFO - 1013
[2024-01-09T11:21:23.676-0300] {logging_mixin.py:188} INFO - 1014
[2024-01-09T11:21:23.826-0300] {logging_mixin.py:188} INFO - 1015
[2024-01-09T11:21:23.978-0300] {logging_mixin.py:188} INFO - 1016
[2024-01-09T11:21:24.137-0300] {logging_mixin.py:188} INFO - 1017
[2024-01-09T11:21:24.293-0300] {logging_mixin.py:188} INFO - 1018
[2024-01-09T11:21:24.446-0300] {logging_mixin.py:188} INFO - 1019
[2024-01-09T11:21:24.601-0300] {logging_mixin.py:188} INFO - 1020
[2024-01-09T11:21:24.899-0300] {logging_mixin.py:188} INFO - 1021
[2024-01-09T11:21:25.058-0300] {logging_mixin.py:188} INFO - 1022
[2024-01-09T11:21:25.207-0300] {logging_mixin.py:188} INFO - 1023
[2024-01-09T11:21:25.366-0300] {logging_mixin.py:188} INFO - 1024
[2024-01-09T11:21:25.515-0300] {logging_mixin.py:188} INFO - 1025
[2024-01-09T11:21:25.677-0300] {logging_mixin.py:188} INFO - 10001
[2024-01-09T11:21:25.830-0300] {logging_mixin.py:188} INFO - 10002
[2024-01-09T11:21:25.982-0300] {logging_mixin.py:188} INFO - 10003
[2024-01-09T11:21:26.132-0300] {logging_mixin.py:188} INFO - 10004
[2024-01-09T11:21:26.279-0300] {logging_mixin.py:188} INFO - 10005
[2024-01-09T11:21:26.444-0300] {logging_mixin.py:188} INFO - 10006
[2024-01-09T11:21:26.598-0300] {logging_mixin.py:188} INFO - 10007
[2024-01-09T11:21:26.750-0300] {logging_mixin.py:188} INFO - 10008
[2024-01-09T11:21:26.903-0300] {logging_mixin.py:188} INFO - 10009
[2024-01-09T11:21:27.051-0300] {logging_mixin.py:188} INFO - 10010
[2024-01-09T11:21:27.202-0300] {logging_mixin.py:188} INFO - 10011
[2024-01-09T11:21:27.355-0300] {logging_mixin.py:188} INFO - 10012
[2024-01-09T11:21:27.520-0300] {logging_mixin.py:188} INFO - 10013
[2024-01-09T11:21:27.682-0300] {logging_mixin.py:188} INFO - 10014
[2024-01-09T11:21:28.468-0300] {logging_mixin.py:188} INFO - 10015
[2024-01-09T11:21:28.834-0300] {logging_mixin.py:188} INFO - 10016
[2024-01-09T11:21:28.989-0300] {logging_mixin.py:188} INFO - 10017
[2024-01-09T11:21:29.140-0300] {logging_mixin.py:188} INFO - 10018
[2024-01-09T11:21:29.296-0300] {logging_mixin.py:188} INFO - 10019
[2024-01-09T11:21:29.770-0300] {logging_mixin.py:188} INFO - 10020
[2024-01-09T11:21:29.922-0300] {logging_mixin.py:188} INFO - 10021
[2024-01-09T11:21:30.073-0300] {logging_mixin.py:188} INFO - 10022
[2024-01-09T11:21:30.238-0300] {logging_mixin.py:188} INFO - 10023
[2024-01-09T11:21:30.386-0300] {logging_mixin.py:188} INFO - 10024
[2024-01-09T11:21:30.543-0300] {logging_mixin.py:188} INFO - 10025
[2024-01-09T11:21:30.693-0300] {logging_mixin.py:188} INFO - 10026
[2024-01-09T11:21:30.839-0300] {logging_mixin.py:188} INFO - 10027
[2024-01-09T11:21:30.986-0300] {logging_mixin.py:188} INFO - 10028
[2024-01-09T11:21:31.194-0300] {logging_mixin.py:188} INFO - 10029
[2024-01-09T11:21:31.349-0300] {logging_mixin.py:188} INFO - 10030
[2024-01-09T11:21:31.515-0300] {logging_mixin.py:188} INFO - 10031
[2024-01-09T11:21:31.665-0300] {logging_mixin.py:188} INFO - 10032
[2024-01-09T11:21:31.817-0300] {logging_mixin.py:188} INFO - 10033
[2024-01-09T11:21:31.964-0300] {logging_mixin.py:188} INFO - 10034
[2024-01-09T11:21:32.118-0300] {logging_mixin.py:188} INFO - 10035
[2024-01-09T11:21:32.418-0300] {logging_mixin.py:188} INFO - 10036
[2024-01-09T11:21:32.574-0300] {logging_mixin.py:188} INFO - 10037
[2024-01-09T11:21:32.744-0300] {logging_mixin.py:188} INFO - 10038
[2024-01-09T11:21:32.891-0300] {logging_mixin.py:188} INFO - 10039
[2024-01-09T11:21:33.037-0300] {logging_mixin.py:188} INFO - 10040
[2024-01-09T11:21:33.236-0300] {logging_mixin.py:188} INFO - 10041
[2024-01-09T11:21:33.393-0300] {logging_mixin.py:188} INFO - 10042
[2024-01-09T11:21:33.548-0300] {logging_mixin.py:188} INFO - 10043
[2024-01-09T11:21:33.700-0300] {logging_mixin.py:188} INFO - 10044
[2024-01-09T11:21:33.849-0300] {logging_mixin.py:188} INFO - 10045
[2024-01-09T11:21:34.007-0300] {logging_mixin.py:188} INFO - 10046
[2024-01-09T11:21:34.155-0300] {logging_mixin.py:188} INFO - 10047
[2024-01-09T11:21:34.300-0300] {logging_mixin.py:188} INFO - 10048
[2024-01-09T11:21:34.466-0300] {logging_mixin.py:188} INFO - 10049
[2024-01-09T11:21:34.622-0300] {logging_mixin.py:188} INFO - 10050
[2024-01-09T11:21:34.781-0300] {logging_mixin.py:188} INFO - 10051
[2024-01-09T11:21:34.937-0300] {logging_mixin.py:188} INFO - 10052
[2024-01-09T11:21:35.091-0300] {logging_mixin.py:188} INFO - 10053
[2024-01-09T11:21:35.240-0300] {logging_mixin.py:188} INFO - 10054
[2024-01-09T11:21:35.390-0300] {logging_mixin.py:188} INFO - 10055
[2024-01-09T11:21:35.704-0300] {logging_mixin.py:188} INFO - 10056
[2024-01-09T11:21:35.862-0300] {logging_mixin.py:188} INFO - 10057
[2024-01-09T11:21:36.015-0300] {logging_mixin.py:188} INFO - 10058
[2024-01-09T11:21:36.164-0300] {logging_mixin.py:188} INFO - 10059
[2024-01-09T11:21:36.323-0300] {logging_mixin.py:188} INFO - 10060
[2024-01-09T11:21:36.473-0300] {logging_mixin.py:188} INFO - 10061
[2024-01-09T11:21:36.625-0300] {logging_mixin.py:188} INFO - 10062
[2024-01-09T11:21:36.787-0300] {logging_mixin.py:188} INFO - 10063
[2024-01-09T11:21:36.934-0300] {logging_mixin.py:188} INFO - 10064
[2024-01-09T11:21:37.090-0300] {logging_mixin.py:188} INFO - 10065
[2024-01-09T11:21:37.247-0300] {logging_mixin.py:188} INFO - 10066
[2024-01-09T11:21:37.397-0300] {logging_mixin.py:188} INFO - 10067
[2024-01-09T11:21:37.553-0300] {logging_mixin.py:188} INFO - 10068
[2024-01-09T11:21:37.706-0300] {logging_mixin.py:188} INFO - 10069
[2024-01-09T11:21:37.863-0300] {logging_mixin.py:188} INFO - 10070
[2024-01-09T11:21:38.016-0300] {logging_mixin.py:188} INFO - 10071
[2024-01-09T11:21:38.166-0300] {logging_mixin.py:188} INFO - 10072
[2024-01-09T11:21:38.317-0300] {logging_mixin.py:188} INFO - 10073
[2024-01-09T11:21:38.464-0300] {logging_mixin.py:188} INFO - 10074
[2024-01-09T11:21:38.615-0300] {logging_mixin.py:188} INFO - 10075
[2024-01-09T11:21:38.929-0300] {logging_mixin.py:188} INFO - 10076
[2024-01-09T11:21:39.073-0300] {logging_mixin.py:188} INFO - 10077
[2024-01-09T11:21:39.217-0300] {logging_mixin.py:188} INFO - 10078
[2024-01-09T11:21:39.364-0300] {logging_mixin.py:188} INFO - 10079
[2024-01-09T11:21:39.513-0300] {logging_mixin.py:188} INFO - 10080
[2024-01-09T11:21:39.663-0300] {logging_mixin.py:188} INFO - 10081
[2024-01-09T11:21:39.825-0300] {logging_mixin.py:188} INFO - 10082
[2024-01-09T11:21:39.977-0300] {logging_mixin.py:188} INFO - 10083
[2024-01-09T11:21:40.127-0300] {logging_mixin.py:188} INFO - 10084
[2024-01-09T11:21:40.275-0300] {logging_mixin.py:188} INFO - 10085
[2024-01-09T11:21:40.428-0300] {logging_mixin.py:188} INFO - 10086
[2024-01-09T11:21:40.578-0300] {logging_mixin.py:188} INFO - 10087
[2024-01-09T11:21:40.727-0300] {logging_mixin.py:188} INFO - 10088
[2024-01-09T11:21:40.876-0300] {logging_mixin.py:188} INFO - 10089
[2024-01-09T11:21:41.049-0300] {logging_mixin.py:188} INFO - 10090
[2024-01-09T11:21:41.195-0300] {logging_mixin.py:188} INFO - 10091
[2024-01-09T11:21:41.344-0300] {logging_mixin.py:188} INFO - 10092
[2024-01-09T11:21:41.552-0300] {logging_mixin.py:188} INFO - 10093
[2024-01-09T11:21:41.705-0300] {logging_mixin.py:188} INFO - 10094
[2024-01-09T11:21:41.855-0300] {logging_mixin.py:188} INFO - 10095
[2024-01-09T11:21:42.179-0300] {logging_mixin.py:188} INFO - 10096
[2024-01-09T11:21:42.345-0300] {logging_mixin.py:188} INFO - 10097
[2024-01-09T11:21:42.506-0300] {logging_mixin.py:188} INFO - 10098
[2024-01-09T11:21:42.656-0300] {logging_mixin.py:188} INFO - 10099
[2024-01-09T11:21:42.801-0300] {logging_mixin.py:188} INFO - 10100
[2024-01-09T11:21:42.962-0300] {logging_mixin.py:188} INFO - 10101
[2024-01-09T11:21:43.110-0300] {logging_mixin.py:188} INFO - 10102
[2024-01-09T11:21:43.268-0300] {logging_mixin.py:188} INFO - 10103
[2024-01-09T11:21:43.416-0300] {logging_mixin.py:188} INFO - 10104
[2024-01-09T11:21:43.576-0300] {logging_mixin.py:188} INFO - 10105
[2024-01-09T11:21:43.725-0300] {logging_mixin.py:188} INFO - 10106
[2024-01-09T11:21:43.887-0300] {logging_mixin.py:188} INFO - 10107
[2024-01-09T11:21:44.046-0300] {logging_mixin.py:188} INFO - 10108
[2024-01-09T11:21:44.193-0300] {logging_mixin.py:188} INFO - 10109
[2024-01-09T11:21:44.340-0300] {logging_mixin.py:188} INFO - 10110
[2024-01-09T11:21:44.497-0300] {logging_mixin.py:188} INFO - 10111
[2024-01-09T11:21:44.676-0300] {logging_mixin.py:188} INFO - 10112
[2024-01-09T11:21:44.827-0300] {logging_mixin.py:188} INFO - 10113
[2024-01-09T11:21:44.975-0300] {logging_mixin.py:188} INFO - 10114
[2024-01-09T11:21:45.129-0300] {logging_mixin.py:188} INFO - 10115
[2024-01-09T11:21:45.437-0300] {logging_mixin.py:188} INFO - 10116
[2024-01-09T11:21:45.610-0300] {logging_mixin.py:188} INFO - 10117
[2024-01-09T11:21:45.762-0300] {logging_mixin.py:188} INFO - 10118
[2024-01-09T11:21:45.911-0300] {logging_mixin.py:188} INFO - 10119
[2024-01-09T11:21:46.067-0300] {logging_mixin.py:188} INFO - 10120
[2024-01-09T11:21:46.212-0300] {logging_mixin.py:188} INFO - 10121
[2024-01-09T11:21:46.367-0300] {logging_mixin.py:188} INFO - 10122
[2024-01-09T11:21:46.514-0300] {logging_mixin.py:188} INFO - 10123
[2024-01-09T11:21:46.661-0300] {logging_mixin.py:188} INFO - 10124
[2024-01-09T11:21:46.812-0300] {logging_mixin.py:188} INFO - 10125
[2024-01-09T11:21:46.965-0300] {logging_mixin.py:188} INFO - 10126
[2024-01-09T11:21:47.119-0300] {logging_mixin.py:188} INFO - 10127
[2024-01-09T11:21:47.275-0300] {logging_mixin.py:188} INFO - 10128
[2024-01-09T11:21:47.432-0300] {logging_mixin.py:188} INFO - 10129
[2024-01-09T11:21:47.578-0300] {logging_mixin.py:188} INFO - 10130
[2024-01-09T11:21:47.747-0300] {logging_mixin.py:188} INFO - 10131
[2024-01-09T11:21:47.891-0300] {logging_mixin.py:188} INFO - 10132
[2024-01-09T11:21:48.049-0300] {logging_mixin.py:188} INFO - 10133
[2024-01-09T11:21:48.197-0300] {logging_mixin.py:188} INFO - 10134
[2024-01-09T11:21:48.361-0300] {logging_mixin.py:188} INFO - 10135
[2024-01-09T11:21:48.665-0300] {logging_mixin.py:188} INFO - 10136
[2024-01-09T11:21:48.811-0300] {logging_mixin.py:188} INFO - 10137
[2024-01-09T11:21:48.971-0300] {logging_mixin.py:188} INFO - 10138
[2024-01-09T11:21:49.152-0300] {logging_mixin.py:188} INFO - 10139
[2024-01-09T11:21:49.329-0300] {logging_mixin.py:188} INFO - 10140
[2024-01-09T11:21:49.480-0300] {logging_mixin.py:188} INFO - 10141
[2024-01-09T11:21:49.629-0300] {logging_mixin.py:188} INFO - 10142
[2024-01-09T11:21:49.782-0300] {logging_mixin.py:188} INFO - 10143
[2024-01-09T11:21:49.943-0300] {logging_mixin.py:188} INFO - 10144
[2024-01-09T11:21:50.092-0300] {logging_mixin.py:188} INFO - 10145
[2024-01-09T11:21:50.243-0300] {logging_mixin.py:188} INFO - 10146
[2024-01-09T11:21:50.416-0300] {logging_mixin.py:188} INFO - 10147
[2024-01-09T11:21:50.567-0300] {logging_mixin.py:188} INFO - 10148
[2024-01-09T11:21:50.719-0300] {logging_mixin.py:188} INFO - 10149
[2024-01-09T11:21:50.886-0300] {logging_mixin.py:188} INFO - 10150
[2024-01-09T11:21:51.032-0300] {logging_mixin.py:188} INFO - 10151
[2024-01-09T11:21:51.181-0300] {logging_mixin.py:188} INFO - 10152
[2024-01-09T11:21:51.333-0300] {logging_mixin.py:188} INFO - 10153
[2024-01-09T11:21:51.481-0300] {logging_mixin.py:188} INFO - 10154
[2024-01-09T11:21:51.642-0300] {logging_mixin.py:188} INFO - 10155
[2024-01-09T11:21:51.959-0300] {logging_mixin.py:188} INFO - 10156
[2024-01-09T11:21:52.110-0300] {logging_mixin.py:188} INFO - 10157
[2024-01-09T11:21:52.254-0300] {logging_mixin.py:188} INFO - 10158
[2024-01-09T11:21:52.406-0300] {logging_mixin.py:188} INFO - 10159
[2024-01-09T11:21:52.566-0300] {logging_mixin.py:188} INFO - 10160
[2024-01-09T11:21:52.720-0300] {logging_mixin.py:188} INFO - 10161
[2024-01-09T11:21:52.872-0300] {logging_mixin.py:188} INFO - 10162
[2024-01-09T11:21:53.024-0300] {logging_mixin.py:188} INFO - 10163
[2024-01-09T11:21:53.180-0300] {logging_mixin.py:188} INFO - 10164
[2024-01-09T11:21:53.338-0300] {logging_mixin.py:188} INFO - 10165
[2024-01-09T11:21:53.489-0300] {logging_mixin.py:188} INFO - 10166
[2024-01-09T11:21:53.644-0300] {logging_mixin.py:188} INFO - 10167
[2024-01-09T11:21:53.792-0300] {logging_mixin.py:188} INFO - 10168
[2024-01-09T11:21:53.946-0300] {logging_mixin.py:188} INFO - 10169
[2024-01-09T11:21:54.096-0300] {logging_mixin.py:188} INFO - 10170
[2024-01-09T11:21:54.247-0300] {logging_mixin.py:188} INFO - 10171
[2024-01-09T11:21:54.402-0300] {logging_mixin.py:188} INFO - 10172
[2024-01-09T11:21:54.551-0300] {logging_mixin.py:188} INFO - 10173
[2024-01-09T11:21:54.709-0300] {logging_mixin.py:188} INFO - 10174
[2024-01-09T11:21:54.865-0300] {logging_mixin.py:188} INFO - 10175
[2024-01-09T11:21:55.164-0300] {logging_mixin.py:188} INFO - 10176
[2024-01-09T11:21:55.312-0300] {logging_mixin.py:188} INFO - 10177
[2024-01-09T11:21:55.458-0300] {logging_mixin.py:188} INFO - 10178
[2024-01-09T11:21:55.613-0300] {logging_mixin.py:188} INFO - 10179
[2024-01-09T11:21:55.759-0300] {logging_mixin.py:188} INFO - 10180
[2024-01-09T11:21:55.911-0300] {logging_mixin.py:188} INFO - 10181
[2024-01-09T11:21:56.086-0300] {logging_mixin.py:188} INFO - 10182
[2024-01-09T11:21:56.239-0300] {logging_mixin.py:188} INFO - 10183
[2024-01-09T11:21:56.392-0300] {logging_mixin.py:188} INFO - 10184
[2024-01-09T11:21:56.553-0300] {logging_mixin.py:188} INFO - 10185
[2024-01-09T11:21:56.709-0300] {logging_mixin.py:188} INFO - 10186
[2024-01-09T11:21:56.859-0300] {logging_mixin.py:188} INFO - 10187
[2024-01-09T11:21:57.008-0300] {logging_mixin.py:188} INFO - 10188
[2024-01-09T11:21:57.154-0300] {logging_mixin.py:188} INFO - 10189
[2024-01-09T11:21:57.300-0300] {logging_mixin.py:188} INFO - 10190
[2024-01-09T11:21:57.445-0300] {logging_mixin.py:188} INFO - 10191
[2024-01-09T11:21:57.623-0300] {logging_mixin.py:188} INFO - 10192
[2024-01-09T11:21:57.779-0300] {logging_mixin.py:188} INFO - 10193
[2024-01-09T11:21:57.930-0300] {logging_mixin.py:188} INFO - 10194
[2024-01-09T11:21:58.077-0300] {logging_mixin.py:188} INFO - 10195
[2024-01-09T11:21:58.377-0300] {logging_mixin.py:188} INFO - 10196
[2024-01-09T11:21:58.527-0300] {logging_mixin.py:188} INFO - 10197
[2024-01-09T11:21:58.681-0300] {logging_mixin.py:188} INFO - 10198
[2024-01-09T11:21:58.835-0300] {logging_mixin.py:188} INFO - 10199
[2024-01-09T11:21:58.987-0300] {logging_mixin.py:188} INFO - 10200
[2024-01-09T11:21:59.148-0300] {logging_mixin.py:188} INFO - 10201
[2024-01-09T11:21:59.309-0300] {logging_mixin.py:188} INFO - 10202
[2024-01-09T11:21:59.455-0300] {logging_mixin.py:188} INFO - 10203
[2024-01-09T11:21:59.622-0300] {logging_mixin.py:188} INFO - 10204
[2024-01-09T11:21:59.768-0300] {logging_mixin.py:188} INFO - 10205
[2024-01-09T11:21:59.920-0300] {logging_mixin.py:188} INFO - 10206
[2024-01-09T11:22:00.071-0300] {logging_mixin.py:188} INFO - 10207
[2024-01-09T11:22:00.226-0300] {logging_mixin.py:188} INFO - 10208
[2024-01-09T11:22:00.391-0300] {logging_mixin.py:188} INFO - 10209
[2024-01-09T11:22:00.538-0300] {logging_mixin.py:188} INFO - 10210
[2024-01-09T11:22:00.685-0300] {logging_mixin.py:188} INFO - 10211
[2024-01-09T11:22:00.848-0300] {logging_mixin.py:188} INFO - 10212
[2024-01-09T11:22:00.997-0300] {logging_mixin.py:188} INFO - 10213
[2024-01-09T11:22:01.149-0300] {logging_mixin.py:188} INFO - 10214
[2024-01-09T11:22:01.300-0300] {logging_mixin.py:188} INFO - 10215
[2024-01-09T11:22:01.604-0300] {logging_mixin.py:188} INFO - 10216
[2024-01-09T11:22:01.757-0300] {logging_mixin.py:188} INFO - 10217
[2024-01-09T11:22:01.941-0300] {logging_mixin.py:188} INFO - 10218
[2024-01-09T11:22:02.090-0300] {logging_mixin.py:188} INFO - 10219
[2024-01-09T11:22:02.246-0300] {logging_mixin.py:188} INFO - 10220
[2024-01-09T11:22:02.399-0300] {logging_mixin.py:188} INFO - 10221
[2024-01-09T11:22:02.548-0300] {logging_mixin.py:188} INFO - 10222
[2024-01-09T11:22:02.698-0300] {logging_mixin.py:188} INFO - 10223
[2024-01-09T11:22:02.848-0300] {logging_mixin.py:188} INFO - 10224
[2024-01-09T11:22:02.997-0300] {logging_mixin.py:188} INFO - 10225
[2024-01-09T11:22:03.152-0300] {logging_mixin.py:188} INFO - 10226
[2024-01-09T11:22:03.299-0300] {logging_mixin.py:188} INFO - 10227
[2024-01-09T11:22:03.443-0300] {logging_mixin.py:188} INFO - 10228
[2024-01-09T11:22:03.605-0300] {logging_mixin.py:188} INFO - 10229
[2024-01-09T11:22:03.754-0300] {logging_mixin.py:188} INFO - 10230
[2024-01-09T11:22:03.908-0300] {logging_mixin.py:188} INFO - 10231
[2024-01-09T11:22:04.060-0300] {logging_mixin.py:188} INFO - 10232
[2024-01-09T11:22:04.215-0300] {logging_mixin.py:188} INFO - 10233
[2024-01-09T11:22:04.372-0300] {logging_mixin.py:188} INFO - 10234
[2024-01-09T11:22:04.532-0300] {logging_mixin.py:188} INFO - 10235
[2024-01-09T11:22:04.842-0300] {logging_mixin.py:188} INFO - 10236
[2024-01-09T11:22:05.000-0300] {logging_mixin.py:188} INFO - 10237
[2024-01-09T11:22:05.347-0300] {logging_mixin.py:188} INFO - 10238
[2024-01-09T11:22:05.496-0300] {logging_mixin.py:188} INFO - 10239
[2024-01-09T11:22:05.678-0300] {logging_mixin.py:188} INFO - 10240
[2024-01-09T11:22:05.864-0300] {logging_mixin.py:188} INFO - 10241
[2024-01-09T11:22:06.011-0300] {logging_mixin.py:188} INFO - 10242
[2024-01-09T11:22:06.172-0300] {logging_mixin.py:188} INFO - 10243
[2024-01-09T11:22:06.320-0300] {logging_mixin.py:188} INFO - 10244
[2024-01-09T11:22:06.476-0300] {logging_mixin.py:188} INFO - 10245
[2024-01-09T11:22:06.623-0300] {logging_mixin.py:188} INFO - 10246
[2024-01-09T11:22:06.776-0300] {logging_mixin.py:188} INFO - 10247
[2024-01-09T11:22:06.985-0300] {logging_mixin.py:188} INFO - 10248
[2024-01-09T11:22:07.164-0300] {logging_mixin.py:188} INFO - 10249
[2024-01-09T11:22:07.315-0300] {logging_mixin.py:188} INFO - 10250
[2024-01-09T11:22:07.466-0300] {logging_mixin.py:188} INFO - 10251
[2024-01-09T11:22:07.630-0300] {logging_mixin.py:188} INFO - 10252
[2024-01-09T11:22:07.780-0300] {logging_mixin.py:188} INFO - 10253
[2024-01-09T11:22:07.935-0300] {logging_mixin.py:188} INFO - 10254
[2024-01-09T11:22:08.081-0300] {logging_mixin.py:188} INFO - 10255
[2024-01-09T11:22:08.382-0300] {logging_mixin.py:188} INFO - 10256
[2024-01-09T11:22:08.527-0300] {logging_mixin.py:188} INFO - 10257
[2024-01-09T11:22:08.678-0300] {logging_mixin.py:188} INFO - 10258
[2024-01-09T11:22:08.851-0300] {logging_mixin.py:188} INFO - 10259
[2024-01-09T11:22:08.999-0300] {logging_mixin.py:188} INFO - 10260
[2024-01-09T11:22:09.156-0300] {logging_mixin.py:188} INFO - 10261
[2024-01-09T11:22:09.306-0300] {logging_mixin.py:188} INFO - 10262
[2024-01-09T11:22:09.458-0300] {logging_mixin.py:188} INFO - 10263
[2024-01-09T11:22:09.604-0300] {logging_mixin.py:188} INFO - 10264
[2024-01-09T11:22:09.755-0300] {logging_mixin.py:188} INFO - 10265
[2024-01-09T11:22:09.900-0300] {logging_mixin.py:188} INFO - 10266
[2024-01-09T11:22:10.051-0300] {logging_mixin.py:188} INFO - 10267
[2024-01-09T11:22:10.203-0300] {logging_mixin.py:188} INFO - 10268
[2024-01-09T11:22:10.372-0300] {logging_mixin.py:188} INFO - 10269
[2024-01-09T11:22:10.525-0300] {logging_mixin.py:188} INFO - 10270
[2024-01-09T11:22:10.675-0300] {logging_mixin.py:188} INFO - 10271
[2024-01-09T11:22:10.822-0300] {logging_mixin.py:188} INFO - 10272
[2024-01-09T11:22:10.974-0300] {logging_mixin.py:188} INFO - 10273
[2024-01-09T11:22:11.129-0300] {logging_mixin.py:188} INFO - 10274
[2024-01-09T11:22:11.281-0300] {logging_mixin.py:188} INFO - 10275
[2024-01-09T11:22:11.588-0300] {logging_mixin.py:188} INFO - 10276
[2024-01-09T11:22:11.735-0300] {logging_mixin.py:188} INFO - 10277
[2024-01-09T11:22:11.744-0300] {logging_mixin.py:188} INFO - Salvando arquivo em:  pokemon_file.json
[2024-01-09T11:22:17.958-0300] {python.py:201} INFO - Done. Returned value was: None
[2024-01-09T11:22:17.962-0300] {taskinstance.py:1138} INFO - Marking task as SUCCESS. dag_id=pokemon_extraction, task_id=extract_pokemons, execution_date=20231213T100000, start_date=20240109T141833, end_date=20240109T142217
[2024-01-09T11:22:18.010-0300] {local_task_job_runner.py:234} INFO - Task exited with return code 0
[2024-01-09T11:22:18.018-0300] {taskinstance.py:3281} INFO - 0 downstream tasks scheduled from follow-on schedule check
