[2024-01-09T14:29:35.108-0300] {taskinstance.py:1957} INFO - Dependencies all met for dep_context=non-requeueable deps ti=<TaskInstance: pokemon_extraction.extract_pokemons scheduled__2023-12-14T10:00:00+00:00 [queued]>
[2024-01-09T14:29:35.116-0300] {taskinstance.py:1957} INFO - Dependencies all met for dep_context=requeueable deps ti=<TaskInstance: pokemon_extraction.extract_pokemons scheduled__2023-12-14T10:00:00+00:00 [queued]>
[2024-01-09T14:29:35.116-0300] {taskinstance.py:2171} INFO - Starting attempt 2 of 1
[2024-01-09T14:29:35.128-0300] {taskinstance.py:2192} INFO - Executing <Task(PythonOperator): extract_pokemons> on 2023-12-14 10:00:00+00:00
[2024-01-09T14:29:35.129-0300] {standard_task_runner.py:60} INFO - Started process 672 to run task
[2024-01-09T14:29:35.131-0300] {standard_task_runner.py:87} INFO - Running: ['airflow', 'tasks', 'run', 'pokemon_extraction', 'extract_pokemons', 'scheduled__2023-12-14T10:00:00+00:00', '--job-id', '290', '--raw', '--subdir', 'DAGS_FOLDER/pokemon_extraction.py', '--cfg-path', '/tmp/tmpx3xjvohh']
[2024-01-09T14:29:35.132-0300] {standard_task_runner.py:88} INFO - Job 290: Subtask extract_pokemons
[2024-01-09T14:29:35.154-0300] {task_command.py:423} INFO - Running <TaskInstance: pokemon_extraction.extract_pokemons scheduled__2023-12-14T10:00:00+00:00 [running]> on host LAPTOP-SB6KEOGH.
[2024-01-09T14:29:35.220-0300] {taskinstance.py:2481} INFO - Exporting env vars: AIRFLOW_CTX_DAG_OWNER='Brenda Schapievski' AIRFLOW_CTX_DAG_ID='pokemon_extraction' AIRFLOW_CTX_TASK_ID='extract_pokemons' AIRFLOW_CTX_EXECUTION_DATE='2023-12-14T10:00:00+00:00' AIRFLOW_CTX_TRY_NUMBER='2' AIRFLOW_CTX_DAG_RUN_ID='scheduled__2023-12-14T10:00:00+00:00'
[2024-01-09T14:29:35.573-0300] {logging_mixin.py:188} INFO - 1
[2024-01-09T14:29:35.729-0300] {logging_mixin.py:188} INFO - 2
[2024-01-09T14:29:35.885-0300] {logging_mixin.py:188} INFO - 3
[2024-01-09T14:29:36.037-0300] {logging_mixin.py:188} INFO - 4
[2024-01-09T14:29:36.192-0300] {logging_mixin.py:188} INFO - 5
[2024-01-09T14:29:36.352-0300] {logging_mixin.py:188} INFO - 6
[2024-01-09T14:29:36.521-0300] {logging_mixin.py:188} INFO - 7
[2024-01-09T14:29:36.675-0300] {logging_mixin.py:188} INFO - 8
[2024-01-09T14:29:36.842-0300] {logging_mixin.py:188} INFO - 9
[2024-01-09T14:29:36.996-0300] {logging_mixin.py:188} INFO - 10
[2024-01-09T14:29:37.145-0300] {logging_mixin.py:188} INFO - 11
[2024-01-09T14:29:37.308-0300] {logging_mixin.py:188} INFO - 12
[2024-01-09T14:29:37.475-0300] {logging_mixin.py:188} INFO - 13
[2024-01-09T14:29:37.638-0300] {logging_mixin.py:188} INFO - 14
[2024-01-09T14:29:37.796-0300] {logging_mixin.py:188} INFO - 15
[2024-01-09T14:29:37.950-0300] {logging_mixin.py:188} INFO - 16
[2024-01-09T14:29:38.098-0300] {logging_mixin.py:188} INFO - 17
[2024-01-09T14:29:38.321-0300] {logging_mixin.py:188} INFO - 18
[2024-01-09T14:29:38.471-0300] {logging_mixin.py:188} INFO - 19
[2024-01-09T14:29:38.627-0300] {logging_mixin.py:188} INFO - 20
[2024-01-09T14:29:39.079-0300] {logging_mixin.py:188} INFO - 21
[2024-01-09T14:29:39.736-0300] {logging_mixin.py:188} INFO - 22
[2024-01-09T14:29:39.890-0300] {logging_mixin.py:188} INFO - 23
[2024-01-09T14:29:40.044-0300] {logging_mixin.py:188} INFO - 24
[2024-01-09T14:29:40.698-0300] {logging_mixin.py:188} INFO - 25
[2024-01-09T14:29:40.853-0300] {logging_mixin.py:188} INFO - 26
[2024-01-09T14:29:41.015-0300] {logging_mixin.py:188} INFO - 27
[2024-01-09T14:29:41.677-0300] {logging_mixin.py:188} INFO - 28
[2024-01-09T14:29:41.881-0300] {logging_mixin.py:188} INFO - 29
[2024-01-09T14:29:42.334-0300] {logging_mixin.py:188} INFO - 30
[2024-01-09T14:29:42.563-0300] {logging_mixin.py:188} INFO - 31
[2024-01-09T14:29:42.721-0300] {logging_mixin.py:188} INFO - 32
[2024-01-09T14:29:42.903-0300] {logging_mixin.py:188} INFO - 33
[2024-01-09T14:29:43.111-0300] {logging_mixin.py:188} INFO - 34
[2024-01-09T14:29:43.287-0300] {logging_mixin.py:188} INFO - 35
[2024-01-09T14:29:43.455-0300] {logging_mixin.py:188} INFO - 36
[2024-01-09T14:29:44.113-0300] {logging_mixin.py:188} INFO - 37
[2024-01-09T14:29:44.286-0300] {logging_mixin.py:188} INFO - 38
[2024-01-09T14:29:44.454-0300] {logging_mixin.py:188} INFO - 39
[2024-01-09T14:29:44.640-0300] {logging_mixin.py:188} INFO - 40
[2024-01-09T14:29:45.478-0300] {logging_mixin.py:188} INFO - 41
[2024-01-09T14:29:46.141-0300] {logging_mixin.py:188} INFO - 42
[2024-01-09T14:29:46.308-0300] {logging_mixin.py:188} INFO - 43
[2024-01-09T14:29:46.485-0300] {logging_mixin.py:188} INFO - 44
[2024-01-09T14:29:46.655-0300] {logging_mixin.py:188} INFO - 45
[2024-01-09T14:29:46.815-0300] {logging_mixin.py:188} INFO - 46
[2024-01-09T14:29:47.467-0300] {logging_mixin.py:188} INFO - 47
[2024-01-09T14:29:48.126-0300] {logging_mixin.py:188} INFO - 48
[2024-01-09T14:29:48.278-0300] {logging_mixin.py:188} INFO - 49
[2024-01-09T14:29:48.524-0300] {logging_mixin.py:188} INFO - 50
[2024-01-09T14:29:48.675-0300] {logging_mixin.py:188} INFO - 51
[2024-01-09T14:29:48.832-0300] {logging_mixin.py:188} INFO - 52
[2024-01-09T14:29:48.988-0300] {logging_mixin.py:188} INFO - 53
[2024-01-09T14:29:49.143-0300] {logging_mixin.py:188} INFO - 54
[2024-01-09T14:29:49.299-0300] {logging_mixin.py:188} INFO - 55
[2024-01-09T14:29:49.464-0300] {logging_mixin.py:188} INFO - 56
[2024-01-09T14:29:49.620-0300] {logging_mixin.py:188} INFO - 57
[2024-01-09T14:29:49.773-0300] {logging_mixin.py:188} INFO - 58
[2024-01-09T14:29:49.928-0300] {logging_mixin.py:188} INFO - 59
[2024-01-09T14:29:50.085-0300] {logging_mixin.py:188} INFO - 60
[2024-01-09T14:29:50.387-0300] {logging_mixin.py:188} INFO - 61
[2024-01-09T14:29:50.559-0300] {logging_mixin.py:188} INFO - 62
[2024-01-09T14:29:51.176-0300] {logging_mixin.py:188} INFO - 63
[2024-01-09T14:29:51.328-0300] {logging_mixin.py:188} INFO - 64
[2024-01-09T14:29:51.478-0300] {logging_mixin.py:188} INFO - 65
[2024-01-09T14:29:51.682-0300] {logging_mixin.py:188} INFO - 66
[2024-01-09T14:29:51.848-0300] {logging_mixin.py:188} INFO - 67
[2024-01-09T14:29:52.515-0300] {logging_mixin.py:188} INFO - 68
[2024-01-09T14:29:52.683-0300] {logging_mixin.py:188} INFO - 69
[2024-01-09T14:29:52.840-0300] {logging_mixin.py:188} INFO - 70
[2024-01-09T14:29:53.048-0300] {logging_mixin.py:188} INFO - 71
[2024-01-09T14:29:53.209-0300] {logging_mixin.py:188} INFO - 72
[2024-01-09T14:29:53.875-0300] {logging_mixin.py:188} INFO - 73
[2024-01-09T14:29:54.025-0300] {logging_mixin.py:188} INFO - 74
[2024-01-09T14:29:54.226-0300] {logging_mixin.py:188} INFO - 75
[2024-01-09T14:29:54.382-0300] {logging_mixin.py:188} INFO - 76
[2024-01-09T14:29:54.601-0300] {logging_mixin.py:188} INFO - 77
[2024-01-09T14:29:54.799-0300] {logging_mixin.py:188} INFO - 78
[2024-01-09T14:29:54.955-0300] {logging_mixin.py:188} INFO - 79
[2024-01-09T14:29:55.116-0300] {logging_mixin.py:188} INFO - 80
[2024-01-09T14:29:55.575-0300] {logging_mixin.py:188} INFO - 81
[2024-01-09T14:29:55.725-0300] {logging_mixin.py:188} INFO - 82
[2024-01-09T14:29:55.934-0300] {logging_mixin.py:188} INFO - 83
[2024-01-09T14:29:56.091-0300] {logging_mixin.py:188} INFO - 84
[2024-01-09T14:29:56.245-0300] {logging_mixin.py:188} INFO - 85
[2024-01-09T14:29:56.398-0300] {logging_mixin.py:188} INFO - 86
[2024-01-09T14:29:56.550-0300] {logging_mixin.py:188} INFO - 87
[2024-01-09T14:29:56.718-0300] {logging_mixin.py:188} INFO - 88
[2024-01-09T14:29:56.912-0300] {logging_mixin.py:188} INFO - 89
[2024-01-09T14:29:57.109-0300] {logging_mixin.py:188} INFO - 90
[2024-01-09T14:29:57.266-0300] {logging_mixin.py:188} INFO - 91
[2024-01-09T14:29:57.448-0300] {logging_mixin.py:188} INFO - 92
[2024-01-09T14:29:57.685-0300] {logging_mixin.py:188} INFO - 93
[2024-01-09T14:29:57.843-0300] {logging_mixin.py:188} INFO - 94
[2024-01-09T14:29:57.995-0300] {logging_mixin.py:188} INFO - 95
[2024-01-09T14:29:59.182-0300] {logging_mixin.py:188} INFO - 96
[2024-01-09T14:29:59.345-0300] {logging_mixin.py:188} INFO - 97
[2024-01-09T14:29:59.500-0300] {logging_mixin.py:188} INFO - 98
[2024-01-09T14:29:59.668-0300] {logging_mixin.py:188} INFO - 99
[2024-01-09T14:29:59.818-0300] {logging_mixin.py:188} INFO - 100
[2024-01-09T14:30:00.132-0300] {logging_mixin.py:188} INFO - 101
[2024-01-09T14:30:00.286-0300] {logging_mixin.py:188} INFO - 102
[2024-01-09T14:30:00.490-0300] {logging_mixin.py:188} INFO - 103
[2024-01-09T14:30:00.644-0300] {logging_mixin.py:188} INFO - 104
[2024-01-09T14:30:00.795-0300] {logging_mixin.py:188} INFO - 105
[2024-01-09T14:30:00.947-0300] {logging_mixin.py:188} INFO - 106
[2024-01-09T14:30:01.095-0300] {logging_mixin.py:188} INFO - 107
[2024-01-09T14:30:01.251-0300] {logging_mixin.py:188} INFO - 108
[2024-01-09T14:30:01.406-0300] {logging_mixin.py:188} INFO - 109
[2024-01-09T14:30:01.576-0300] {logging_mixin.py:188} INFO - 110
[2024-01-09T14:30:01.733-0300] {logging_mixin.py:188} INFO - 111
[2024-01-09T14:30:01.922-0300] {logging_mixin.py:188} INFO - 112
[2024-01-09T14:30:02.085-0300] {logging_mixin.py:188} INFO - 113
[2024-01-09T14:30:02.250-0300] {logging_mixin.py:188} INFO - 114
[2024-01-09T14:30:02.409-0300] {logging_mixin.py:188} INFO - 115
[2024-01-09T14:30:02.564-0300] {logging_mixin.py:188} INFO - 116
[2024-01-09T14:30:02.717-0300] {logging_mixin.py:188} INFO - 117
[2024-01-09T14:30:02.885-0300] {logging_mixin.py:188} INFO - 118
[2024-01-09T14:30:03.067-0300] {logging_mixin.py:188} INFO - 119
[2024-01-09T14:30:03.220-0300] {logging_mixin.py:188} INFO - 120
[2024-01-09T14:30:03.548-0300] {logging_mixin.py:188} INFO - 121
[2024-01-09T14:30:03.717-0300] {logging_mixin.py:188} INFO - 122
[2024-01-09T14:30:03.875-0300] {logging_mixin.py:188} INFO - 123
[2024-01-09T14:30:04.038-0300] {logging_mixin.py:188} INFO - 124
[2024-01-09T14:30:04.709-0300] {logging_mixin.py:188} INFO - 125
[2024-01-09T14:30:04.864-0300] {logging_mixin.py:188} INFO - 126
[2024-01-09T14:30:05.021-0300] {logging_mixin.py:188} INFO - 127
[2024-01-09T14:30:05.227-0300] {logging_mixin.py:188} INFO - 128
[2024-01-09T14:30:05.420-0300] {logging_mixin.py:188} INFO - 129
[2024-01-09T14:30:05.574-0300] {logging_mixin.py:188} INFO - 130
[2024-01-09T14:30:05.735-0300] {logging_mixin.py:188} INFO - 131
[2024-01-09T14:30:05.880-0300] {logging_mixin.py:188} INFO - 132
[2024-01-09T14:30:06.064-0300] {logging_mixin.py:188} INFO - 133
[2024-01-09T14:30:06.217-0300] {logging_mixin.py:188} INFO - 134
[2024-01-09T14:30:06.374-0300] {logging_mixin.py:188} INFO - 135
[2024-01-09T14:30:06.523-0300] {logging_mixin.py:188} INFO - 136
[2024-01-09T14:30:06.774-0300] {logging_mixin.py:188} INFO - 137
[2024-01-09T14:30:06.939-0300] {logging_mixin.py:188} INFO - 138
[2024-01-09T14:30:07.154-0300] {logging_mixin.py:188} INFO - 139
[2024-01-09T14:30:07.304-0300] {logging_mixin.py:188} INFO - 140
[2024-01-09T14:30:07.619-0300] {logging_mixin.py:188} INFO - 141
[2024-01-09T14:30:07.771-0300] {logging_mixin.py:188} INFO - 142
[2024-01-09T14:30:07.928-0300] {logging_mixin.py:188} INFO - 143
[2024-01-09T14:30:08.091-0300] {logging_mixin.py:188} INFO - 144
[2024-01-09T14:30:08.271-0300] {logging_mixin.py:188} INFO - 145
[2024-01-09T14:30:08.425-0300] {logging_mixin.py:188} INFO - 146
[2024-01-09T14:30:08.591-0300] {logging_mixin.py:188} INFO - 147
[2024-01-09T14:30:08.744-0300] {logging_mixin.py:188} INFO - 148
[2024-01-09T14:30:08.902-0300] {logging_mixin.py:188} INFO - 149
[2024-01-09T14:30:09.121-0300] {logging_mixin.py:188} INFO - 150
[2024-01-09T14:30:09.278-0300] {logging_mixin.py:188} INFO - 151
[2024-01-09T14:30:09.527-0300] {logging_mixin.py:188} INFO - 152
[2024-01-09T14:30:09.687-0300] {logging_mixin.py:188} INFO - 153
[2024-01-09T14:30:09.849-0300] {logging_mixin.py:188} INFO - 154
[2024-01-09T14:30:09.999-0300] {logging_mixin.py:188} INFO - 155
[2024-01-09T14:30:10.155-0300] {logging_mixin.py:188} INFO - 156
[2024-01-09T14:30:10.314-0300] {logging_mixin.py:188} INFO - 157
[2024-01-09T14:30:10.468-0300] {logging_mixin.py:188} INFO - 158
[2024-01-09T14:30:10.661-0300] {logging_mixin.py:188} INFO - 159
[2024-01-09T14:30:10.816-0300] {logging_mixin.py:188} INFO - 160
[2024-01-09T14:30:11.130-0300] {logging_mixin.py:188} INFO - 161
[2024-01-09T14:30:11.283-0300] {logging_mixin.py:188} INFO - 162
[2024-01-09T14:30:11.438-0300] {logging_mixin.py:188} INFO - 163
[2024-01-09T14:30:11.596-0300] {logging_mixin.py:188} INFO - 164
[2024-01-09T14:30:11.806-0300] {logging_mixin.py:188} INFO - 165
[2024-01-09T14:30:11.969-0300] {logging_mixin.py:188} INFO - 166
[2024-01-09T14:30:12.121-0300] {logging_mixin.py:188} INFO - 167
[2024-01-09T14:30:12.278-0300] {logging_mixin.py:188} INFO - 168
[2024-01-09T14:30:12.440-0300] {logging_mixin.py:188} INFO - 169
[2024-01-09T14:30:12.592-0300] {logging_mixin.py:188} INFO - 170
[2024-01-09T14:30:12.744-0300] {logging_mixin.py:188} INFO - 171
[2024-01-09T14:30:12.941-0300] {logging_mixin.py:188} INFO - 172
[2024-01-09T14:30:13.106-0300] {logging_mixin.py:188} INFO - 173
[2024-01-09T14:30:13.255-0300] {logging_mixin.py:188} INFO - 174
[2024-01-09T14:30:13.421-0300] {logging_mixin.py:188} INFO - 175
[2024-01-09T14:30:13.616-0300] {logging_mixin.py:188} INFO - 176
[2024-01-09T14:30:13.766-0300] {logging_mixin.py:188} INFO - 177
[2024-01-09T14:30:13.915-0300] {logging_mixin.py:188} INFO - 178
[2024-01-09T14:30:14.068-0300] {logging_mixin.py:188} INFO - 179
[2024-01-09T14:30:14.227-0300] {logging_mixin.py:188} INFO - 180
[2024-01-09T14:30:14.524-0300] {logging_mixin.py:188} INFO - 181
[2024-01-09T14:30:14.717-0300] {logging_mixin.py:188} INFO - 182
[2024-01-09T14:30:14.942-0300] {logging_mixin.py:188} INFO - 183
[2024-01-09T14:30:15.140-0300] {logging_mixin.py:188} INFO - 184
[2024-01-09T14:30:15.299-0300] {logging_mixin.py:188} INFO - 185
[2024-01-09T14:30:15.504-0300] {logging_mixin.py:188} INFO - 186
[2024-01-09T14:30:15.660-0300] {logging_mixin.py:188} INFO - 187
[2024-01-09T14:30:15.806-0300] {logging_mixin.py:188} INFO - 188
[2024-01-09T14:30:15.999-0300] {logging_mixin.py:188} INFO - 189
[2024-01-09T14:30:16.167-0300] {logging_mixin.py:188} INFO - 190
[2024-01-09T14:30:16.319-0300] {logging_mixin.py:188} INFO - 191
[2024-01-09T14:30:16.474-0300] {logging_mixin.py:188} INFO - 192
[2024-01-09T14:30:17.644-0300] {logging_mixin.py:188} INFO - 193
[2024-01-09T14:30:17.803-0300] {logging_mixin.py:188} INFO - 194
[2024-01-09T14:30:17.954-0300] {logging_mixin.py:188} INFO - 195
[2024-01-09T14:30:18.106-0300] {logging_mixin.py:188} INFO - 196
[2024-01-09T14:30:18.262-0300] {logging_mixin.py:188} INFO - 197
[2024-01-09T14:30:18.418-0300] {logging_mixin.py:188} INFO - 198
[2024-01-09T14:30:18.585-0300] {logging_mixin.py:188} INFO - 199
[2024-01-09T14:30:18.748-0300] {logging_mixin.py:188} INFO - 200
[2024-01-09T14:30:19.076-0300] {logging_mixin.py:188} INFO - 201
[2024-01-09T14:30:19.227-0300] {logging_mixin.py:188} INFO - 202
[2024-01-09T14:30:19.401-0300] {logging_mixin.py:188} INFO - 203
[2024-01-09T14:30:19.558-0300] {logging_mixin.py:188} INFO - 204
[2024-01-09T14:30:19.724-0300] {logging_mixin.py:188} INFO - 205
[2024-01-09T14:30:19.880-0300] {logging_mixin.py:188} INFO - 206
[2024-01-09T14:30:20.039-0300] {logging_mixin.py:188} INFO - 207
[2024-01-09T14:30:20.196-0300] {logging_mixin.py:188} INFO - 208
[2024-01-09T14:30:20.351-0300] {logging_mixin.py:188} INFO - 209
[2024-01-09T14:30:20.519-0300] {logging_mixin.py:188} INFO - 210
[2024-01-09T14:30:20.676-0300] {logging_mixin.py:188} INFO - 211
[2024-01-09T14:30:20.830-0300] {logging_mixin.py:188} INFO - 212
[2024-01-09T14:30:20.993-0300] {logging_mixin.py:188} INFO - 213
[2024-01-09T14:30:21.146-0300] {logging_mixin.py:188} INFO - 214
[2024-01-09T14:30:21.307-0300] {logging_mixin.py:188} INFO - 215
[2024-01-09T14:30:21.474-0300] {logging_mixin.py:188} INFO - 216
[2024-01-09T14:30:21.658-0300] {logging_mixin.py:188} INFO - 217
[2024-01-09T14:30:21.834-0300] {logging_mixin.py:188} INFO - 218
[2024-01-09T14:30:21.985-0300] {logging_mixin.py:188} INFO - 219
[2024-01-09T14:30:22.137-0300] {logging_mixin.py:188} INFO - 220
[2024-01-09T14:30:22.507-0300] {logging_mixin.py:188} INFO - 221
[2024-01-09T14:30:22.710-0300] {logging_mixin.py:188} INFO - 222
[2024-01-09T14:30:22.908-0300] {logging_mixin.py:188} INFO - 223
[2024-01-09T14:30:23.069-0300] {logging_mixin.py:188} INFO - 224
[2024-01-09T14:30:23.223-0300] {logging_mixin.py:188} INFO - 225
[2024-01-09T14:30:23.382-0300] {logging_mixin.py:188} INFO - 226
[2024-01-09T14:30:23.543-0300] {logging_mixin.py:188} INFO - 227
[2024-01-09T14:30:23.705-0300] {logging_mixin.py:188} INFO - 228
[2024-01-09T14:30:23.856-0300] {logging_mixin.py:188} INFO - 229
[2024-01-09T14:30:24.014-0300] {logging_mixin.py:188} INFO - 230
[2024-01-09T14:30:24.171-0300] {logging_mixin.py:188} INFO - 231
[2024-01-09T14:30:24.339-0300] {logging_mixin.py:188} INFO - 232
[2024-01-09T14:30:24.559-0300] {logging_mixin.py:188} INFO - 233
[2024-01-09T14:30:24.712-0300] {logging_mixin.py:188} INFO - 234
[2024-01-09T14:30:24.860-0300] {logging_mixin.py:188} INFO - 235
[2024-01-09T14:30:25.013-0300] {logging_mixin.py:188} INFO - 236
[2024-01-09T14:30:25.165-0300] {logging_mixin.py:188} INFO - 237
[2024-01-09T14:30:25.322-0300] {logging_mixin.py:188} INFO - 238
[2024-01-09T14:30:25.482-0300] {logging_mixin.py:188} INFO - 239
[2024-01-09T14:30:25.639-0300] {logging_mixin.py:188} INFO - 240
[2024-01-09T14:30:25.961-0300] {logging_mixin.py:188} INFO - 241
[2024-01-09T14:30:26.126-0300] {logging_mixin.py:188} INFO - 242
[2024-01-09T14:30:26.282-0300] {logging_mixin.py:188} INFO - 243
[2024-01-09T14:30:26.439-0300] {logging_mixin.py:188} INFO - 244
[2024-01-09T14:30:26.588-0300] {logging_mixin.py:188} INFO - 245
[2024-01-09T14:30:26.754-0300] {logging_mixin.py:188} INFO - 246
[2024-01-09T14:30:26.982-0300] {logging_mixin.py:188} INFO - 247
[2024-01-09T14:30:27.139-0300] {logging_mixin.py:188} INFO - 248
[2024-01-09T14:30:27.290-0300] {logging_mixin.py:188} INFO - 249
[2024-01-09T14:30:27.456-0300] {logging_mixin.py:188} INFO - 250
[2024-01-09T14:30:27.626-0300] {logging_mixin.py:188} INFO - 251
[2024-01-09T14:30:27.776-0300] {logging_mixin.py:188} INFO - 252
[2024-01-09T14:30:27.927-0300] {logging_mixin.py:188} INFO - 253
[2024-01-09T14:30:28.086-0300] {logging_mixin.py:188} INFO - 254
[2024-01-09T14:30:28.238-0300] {logging_mixin.py:188} INFO - 255
[2024-01-09T14:30:28.390-0300] {logging_mixin.py:188} INFO - 256
[2024-01-09T14:30:28.556-0300] {logging_mixin.py:188} INFO - 257
[2024-01-09T14:30:28.706-0300] {logging_mixin.py:188} INFO - 258
[2024-01-09T14:30:28.903-0300] {logging_mixin.py:188} INFO - 259
[2024-01-09T14:30:29.065-0300] {logging_mixin.py:188} INFO - 260
[2024-01-09T14:30:29.377-0300] {logging_mixin.py:188} INFO - 261
[2024-01-09T14:30:29.529-0300] {logging_mixin.py:188} INFO - 262
[2024-01-09T14:30:29.691-0300] {logging_mixin.py:188} INFO - 263
[2024-01-09T14:30:29.847-0300] {logging_mixin.py:188} INFO - 264
[2024-01-09T14:30:30.040-0300] {logging_mixin.py:188} INFO - 265
[2024-01-09T14:30:30.192-0300] {logging_mixin.py:188} INFO - 266
[2024-01-09T14:30:30.346-0300] {logging_mixin.py:188} INFO - 267
[2024-01-09T14:30:30.500-0300] {logging_mixin.py:188} INFO - 268
[2024-01-09T14:30:30.653-0300] {logging_mixin.py:188} INFO - 269
[2024-01-09T14:30:30.801-0300] {logging_mixin.py:188} INFO - 270
[2024-01-09T14:30:30.953-0300] {logging_mixin.py:188} INFO - 271
[2024-01-09T14:30:31.114-0300] {logging_mixin.py:188} INFO - 272
[2024-01-09T14:30:31.266-0300] {logging_mixin.py:188} INFO - 273
[2024-01-09T14:30:31.420-0300] {logging_mixin.py:188} INFO - 274
[2024-01-09T14:30:31.577-0300] {logging_mixin.py:188} INFO - 275
[2024-01-09T14:30:31.728-0300] {logging_mixin.py:188} INFO - 276
[2024-01-09T14:30:31.880-0300] {logging_mixin.py:188} INFO - 277
[2024-01-09T14:30:32.034-0300] {logging_mixin.py:188} INFO - 278
[2024-01-09T14:30:32.192-0300] {logging_mixin.py:188} INFO - 279
[2024-01-09T14:30:32.348-0300] {logging_mixin.py:188} INFO - 280
[2024-01-09T14:30:32.650-0300] {logging_mixin.py:188} INFO - 281
[2024-01-09T14:30:32.806-0300] {logging_mixin.py:188} INFO - 282
[2024-01-09T14:30:32.966-0300] {logging_mixin.py:188} INFO - 283
[2024-01-09T14:30:33.157-0300] {logging_mixin.py:188} INFO - 284
[2024-01-09T14:30:33.308-0300] {logging_mixin.py:188} INFO - 285
[2024-01-09T14:30:33.460-0300] {logging_mixin.py:188} INFO - 286
[2024-01-09T14:30:33.620-0300] {logging_mixin.py:188} INFO - 287
[2024-01-09T14:30:34.895-0300] {logging_mixin.py:188} INFO - 288
[2024-01-09T14:30:35.048-0300] {logging_mixin.py:188} INFO - 289
[2024-01-09T14:30:35.202-0300] {logging_mixin.py:188} INFO - 290
[2024-01-09T14:30:35.370-0300] {logging_mixin.py:188} INFO - 291
[2024-01-09T14:30:35.573-0300] {logging_mixin.py:188} INFO - 292
[2024-01-09T14:30:35.757-0300] {logging_mixin.py:188} INFO - 293
[2024-01-09T14:30:35.992-0300] {logging_mixin.py:188} INFO - 294
[2024-01-09T14:30:36.142-0300] {logging_mixin.py:188} INFO - 295
[2024-01-09T14:30:36.295-0300] {logging_mixin.py:188} INFO - 296
[2024-01-09T14:30:36.455-0300] {logging_mixin.py:188} INFO - 297
[2024-01-09T14:30:36.661-0300] {logging_mixin.py:188} INFO - 298
[2024-01-09T14:30:36.901-0300] {logging_mixin.py:188} INFO - 299
[2024-01-09T14:30:37.052-0300] {logging_mixin.py:188} INFO - 300
[2024-01-09T14:30:37.354-0300] {logging_mixin.py:188} INFO - 301
[2024-01-09T14:30:37.520-0300] {logging_mixin.py:188} INFO - 302
[2024-01-09T14:30:37.769-0300] {logging_mixin.py:188} INFO - 303
[2024-01-09T14:30:37.996-0300] {logging_mixin.py:188} INFO - 304
[2024-01-09T14:30:38.164-0300] {logging_mixin.py:188} INFO - 305
[2024-01-09T14:30:38.325-0300] {logging_mixin.py:188} INFO - 306
[2024-01-09T14:30:38.574-0300] {logging_mixin.py:188} INFO - 307
[2024-01-09T14:30:38.796-0300] {logging_mixin.py:188} INFO - 308
[2024-01-09T14:30:38.998-0300] {logging_mixin.py:188} INFO - 309
[2024-01-09T14:30:39.149-0300] {logging_mixin.py:188} INFO - 310
[2024-01-09T14:30:39.384-0300] {logging_mixin.py:188} INFO - 311
[2024-01-09T14:30:39.585-0300] {logging_mixin.py:188} INFO - 312
[2024-01-09T14:30:39.754-0300] {logging_mixin.py:188} INFO - 313
[2024-01-09T14:30:39.994-0300] {logging_mixin.py:188} INFO - 314
[2024-01-09T14:30:40.178-0300] {logging_mixin.py:188} INFO - 315
[2024-01-09T14:30:40.408-0300] {logging_mixin.py:188} INFO - 316
[2024-01-09T14:30:40.582-0300] {logging_mixin.py:188} INFO - 317
[2024-01-09T14:30:40.733-0300] {logging_mixin.py:188} INFO - 318
[2024-01-09T14:30:40.931-0300] {logging_mixin.py:188} INFO - 319
[2024-01-09T14:30:41.135-0300] {logging_mixin.py:188} INFO - 320
[2024-01-09T14:30:41.465-0300] {logging_mixin.py:188} INFO - 321
[2024-01-09T14:30:41.615-0300] {logging_mixin.py:188} INFO - 322
[2024-01-09T14:30:41.760-0300] {logging_mixin.py:188} INFO - 323
[2024-01-09T14:30:41.956-0300] {logging_mixin.py:188} INFO - 324
[2024-01-09T14:30:42.127-0300] {logging_mixin.py:188} INFO - 325
[2024-01-09T14:30:42.297-0300] {logging_mixin.py:188} INFO - 326
[2024-01-09T14:30:42.498-0300] {logging_mixin.py:188} INFO - 327
[2024-01-09T14:30:42.693-0300] {logging_mixin.py:188} INFO - 328
[2024-01-09T14:30:42.891-0300] {logging_mixin.py:188} INFO - 329
[2024-01-09T14:30:43.140-0300] {logging_mixin.py:188} INFO - 330
[2024-01-09T14:30:43.369-0300] {logging_mixin.py:188} INFO - 331
[2024-01-09T14:30:43.631-0300] {logging_mixin.py:188} INFO - 332
[2024-01-09T14:30:43.820-0300] {logging_mixin.py:188} INFO - 333
[2024-01-09T14:30:43.969-0300] {logging_mixin.py:188} INFO - 334
[2024-01-09T14:30:44.125-0300] {logging_mixin.py:188} INFO - 335
[2024-01-09T14:30:44.358-0300] {logging_mixin.py:188} INFO - 336
[2024-01-09T14:30:44.522-0300] {logging_mixin.py:188} INFO - 337
[2024-01-09T14:30:44.677-0300] {logging_mixin.py:188} INFO - 338
[2024-01-09T14:30:44.830-0300] {logging_mixin.py:188} INFO - 339
[2024-01-09T14:30:45.033-0300] {logging_mixin.py:188} INFO - 340
[2024-01-09T14:30:45.396-0300] {logging_mixin.py:188} INFO - 341
[2024-01-09T14:30:45.621-0300] {logging_mixin.py:188} INFO - 342
[2024-01-09T14:30:45.806-0300] {logging_mixin.py:188} INFO - 343
[2024-01-09T14:30:46.044-0300] {logging_mixin.py:188} INFO - 344
[2024-01-09T14:30:46.195-0300] {logging_mixin.py:188} INFO - 345
[2024-01-09T14:30:46.405-0300] {logging_mixin.py:188} INFO - 346
[2024-01-09T14:30:46.598-0300] {logging_mixin.py:188} INFO - 347
[2024-01-09T14:30:46.791-0300] {logging_mixin.py:188} INFO - 348
[2024-01-09T14:30:46.994-0300] {logging_mixin.py:188} INFO - 349
[2024-01-09T14:30:47.143-0300] {logging_mixin.py:188} INFO - 350
[2024-01-09T14:30:47.296-0300] {logging_mixin.py:188} INFO - 351
[2024-01-09T14:30:47.516-0300] {logging_mixin.py:188} INFO - 352
[2024-01-09T14:30:47.696-0300] {logging_mixin.py:188} INFO - 353
[2024-01-09T14:30:47.872-0300] {logging_mixin.py:188} INFO - 354
[2024-01-09T14:30:48.034-0300] {logging_mixin.py:188} INFO - 355
[2024-01-09T14:30:48.194-0300] {logging_mixin.py:188} INFO - 356
[2024-01-09T14:30:48.345-0300] {logging_mixin.py:188} INFO - 357
[2024-01-09T14:30:48.500-0300] {logging_mixin.py:188} INFO - 358
[2024-01-09T14:30:48.660-0300] {logging_mixin.py:188} INFO - 359
[2024-01-09T14:30:48.819-0300] {logging_mixin.py:188} INFO - 360
[2024-01-09T14:30:49.149-0300] {logging_mixin.py:188} INFO - 361
[2024-01-09T14:30:49.325-0300] {logging_mixin.py:188} INFO - 362
[2024-01-09T14:30:49.487-0300] {logging_mixin.py:188} INFO - 363
[2024-01-09T14:30:49.678-0300] {logging_mixin.py:188} INFO - 364
[2024-01-09T14:30:49.844-0300] {logging_mixin.py:188} INFO - 365
[2024-01-09T14:30:49.995-0300] {logging_mixin.py:188} INFO - 366
[2024-01-09T14:30:50.148-0300] {logging_mixin.py:188} INFO - 367
[2024-01-09T14:30:50.302-0300] {logging_mixin.py:188} INFO - 368
[2024-01-09T14:30:50.468-0300] {logging_mixin.py:188} INFO - 369
[2024-01-09T14:30:50.628-0300] {logging_mixin.py:188} INFO - 370
[2024-01-09T14:30:50.785-0300] {logging_mixin.py:188} INFO - 371
[2024-01-09T14:30:50.934-0300] {logging_mixin.py:188} INFO - 372
[2024-01-09T14:30:51.148-0300] {logging_mixin.py:188} INFO - 373
[2024-01-09T14:30:51.308-0300] {logging_mixin.py:188} INFO - 374
[2024-01-09T14:30:51.470-0300] {logging_mixin.py:188} INFO - 375
[2024-01-09T14:30:51.623-0300] {logging_mixin.py:188} INFO - 376
[2024-01-09T14:30:51.799-0300] {logging_mixin.py:188} INFO - 377
[2024-01-09T14:30:51.953-0300] {logging_mixin.py:188} INFO - 378
[2024-01-09T14:30:52.108-0300] {logging_mixin.py:188} INFO - 379
[2024-01-09T14:30:52.260-0300] {logging_mixin.py:188} INFO - 380
[2024-01-09T14:30:52.564-0300] {logging_mixin.py:188} INFO - 381
[2024-01-09T14:30:52.722-0300] {logging_mixin.py:188} INFO - 382
[2024-01-09T14:30:53.910-0300] {logging_mixin.py:188} INFO - 383
[2024-01-09T14:30:54.069-0300] {logging_mixin.py:188} INFO - 384
[2024-01-09T14:30:54.251-0300] {logging_mixin.py:188} INFO - 385
[2024-01-09T14:30:54.404-0300] {logging_mixin.py:188} INFO - 386
[2024-01-09T14:30:54.557-0300] {logging_mixin.py:188} INFO - 387
[2024-01-09T14:30:54.722-0300] {logging_mixin.py:188} INFO - 388
[2024-01-09T14:30:54.878-0300] {logging_mixin.py:188} INFO - 389
[2024-01-09T14:30:55.074-0300] {logging_mixin.py:188} INFO - 390
[2024-01-09T14:30:55.229-0300] {logging_mixin.py:188} INFO - 391
[2024-01-09T14:30:55.378-0300] {logging_mixin.py:188} INFO - 392
[2024-01-09T14:30:55.532-0300] {logging_mixin.py:188} INFO - 393
[2024-01-09T14:30:55.694-0300] {logging_mixin.py:188} INFO - 394
[2024-01-09T14:30:55.850-0300] {logging_mixin.py:188} INFO - 395
[2024-01-09T14:30:56.040-0300] {logging_mixin.py:188} INFO - 396
[2024-01-09T14:30:56.205-0300] {logging_mixin.py:188} INFO - 397
[2024-01-09T14:30:56.371-0300] {logging_mixin.py:188} INFO - 398
[2024-01-09T14:30:56.523-0300] {logging_mixin.py:188} INFO - 399
[2024-01-09T14:30:56.672-0300] {logging_mixin.py:188} INFO - 400
[2024-01-09T14:30:56.971-0300] {logging_mixin.py:188} INFO - 401
[2024-01-09T14:30:57.121-0300] {logging_mixin.py:188} INFO - 402
[2024-01-09T14:30:57.275-0300] {logging_mixin.py:188} INFO - 403
[2024-01-09T14:30:57.505-0300] {logging_mixin.py:188} INFO - 404
[2024-01-09T14:30:57.662-0300] {logging_mixin.py:188} INFO - 405
[2024-01-09T14:30:57.878-0300] {logging_mixin.py:188} INFO - 406
[2024-01-09T14:30:58.034-0300] {logging_mixin.py:188} INFO - 407
[2024-01-09T14:30:58.192-0300] {logging_mixin.py:188} INFO - 408
[2024-01-09T14:30:58.353-0300] {logging_mixin.py:188} INFO - 409
[2024-01-09T14:30:58.518-0300] {logging_mixin.py:188} INFO - 410
[2024-01-09T14:30:58.671-0300] {logging_mixin.py:188} INFO - 411
[2024-01-09T14:30:58.838-0300] {logging_mixin.py:188} INFO - 412
[2024-01-09T14:30:59.000-0300] {logging_mixin.py:188} INFO - 413
[2024-01-09T14:30:59.154-0300] {logging_mixin.py:188} INFO - 414
[2024-01-09T14:30:59.300-0300] {logging_mixin.py:188} INFO - 415
[2024-01-09T14:30:59.453-0300] {logging_mixin.py:188} INFO - 416
[2024-01-09T14:30:59.615-0300] {logging_mixin.py:188} INFO - 417
[2024-01-09T14:30:59.769-0300] {logging_mixin.py:188} INFO - 418
[2024-01-09T14:30:59.945-0300] {logging_mixin.py:188} INFO - 419
[2024-01-09T14:31:00.102-0300] {logging_mixin.py:188} INFO - 420
[2024-01-09T14:31:00.410-0300] {logging_mixin.py:188} INFO - 421
[2024-01-09T14:31:00.591-0300] {logging_mixin.py:188} INFO - 422
[2024-01-09T14:31:00.751-0300] {logging_mixin.py:188} INFO - 423
[2024-01-09T14:31:00.914-0300] {logging_mixin.py:188} INFO - 424
[2024-01-09T14:31:01.109-0300] {logging_mixin.py:188} INFO - 425
[2024-01-09T14:31:01.262-0300] {logging_mixin.py:188} INFO - 426
[2024-01-09T14:31:01.414-0300] {logging_mixin.py:188} INFO - 427
[2024-01-09T14:31:01.584-0300] {logging_mixin.py:188} INFO - 428
[2024-01-09T14:31:01.800-0300] {logging_mixin.py:188} INFO - 429
[2024-01-09T14:31:01.955-0300] {logging_mixin.py:188} INFO - 430
[2024-01-09T14:31:02.116-0300] {logging_mixin.py:188} INFO - 431
[2024-01-09T14:31:02.288-0300] {logging_mixin.py:188} INFO - 432
[2024-01-09T14:31:02.451-0300] {logging_mixin.py:188} INFO - 433
[2024-01-09T14:31:02.606-0300] {logging_mixin.py:188} INFO - 434
[2024-01-09T14:31:02.761-0300] {logging_mixin.py:188} INFO - 435
[2024-01-09T14:31:02.912-0300] {logging_mixin.py:188} INFO - 436
[2024-01-09T14:31:03.062-0300] {logging_mixin.py:188} INFO - 437
[2024-01-09T14:31:03.220-0300] {logging_mixin.py:188} INFO - 438
[2024-01-09T14:31:03.371-0300] {logging_mixin.py:188} INFO - 439
[2024-01-09T14:31:03.523-0300] {logging_mixin.py:188} INFO - 440
[2024-01-09T14:31:03.839-0300] {logging_mixin.py:188} INFO - 441
[2024-01-09T14:31:03.996-0300] {logging_mixin.py:188} INFO - 442
[2024-01-09T14:31:04.150-0300] {logging_mixin.py:188} INFO - 443
[2024-01-09T14:31:04.302-0300] {logging_mixin.py:188} INFO - 444
[2024-01-09T14:31:04.451-0300] {logging_mixin.py:188} INFO - 445
[2024-01-09T14:31:04.611-0300] {logging_mixin.py:188} INFO - 446
[2024-01-09T14:31:04.762-0300] {logging_mixin.py:188} INFO - 447
[2024-01-09T14:31:04.984-0300] {logging_mixin.py:188} INFO - 448
[2024-01-09T14:31:05.145-0300] {logging_mixin.py:188} INFO - 449
[2024-01-09T14:31:05.300-0300] {logging_mixin.py:188} INFO - 450
[2024-01-09T14:31:05.460-0300] {logging_mixin.py:188} INFO - 451
[2024-01-09T14:31:05.611-0300] {logging_mixin.py:188} INFO - 452
[2024-01-09T14:31:05.805-0300] {logging_mixin.py:188} INFO - 453
[2024-01-09T14:31:05.965-0300] {logging_mixin.py:188} INFO - 454
[2024-01-09T14:31:06.122-0300] {logging_mixin.py:188} INFO - 455
[2024-01-09T14:31:06.282-0300] {logging_mixin.py:188} INFO - 456
[2024-01-09T14:31:06.433-0300] {logging_mixin.py:188} INFO - 457
[2024-01-09T14:31:06.649-0300] {logging_mixin.py:188} INFO - 458
[2024-01-09T14:31:06.897-0300] {logging_mixin.py:188} INFO - 459
[2024-01-09T14:31:07.084-0300] {logging_mixin.py:188} INFO - 460
[2024-01-09T14:31:07.450-0300] {logging_mixin.py:188} INFO - 461
[2024-01-09T14:31:07.607-0300] {logging_mixin.py:188} INFO - 462
[2024-01-09T14:31:07.760-0300] {logging_mixin.py:188} INFO - 463
[2024-01-09T14:31:07.954-0300] {logging_mixin.py:188} INFO - 464
[2024-01-09T14:31:08.159-0300] {logging_mixin.py:188} INFO - 465
[2024-01-09T14:31:08.312-0300] {logging_mixin.py:188} INFO - 466
[2024-01-09T14:31:08.475-0300] {logging_mixin.py:188} INFO - 467
[2024-01-09T14:31:08.626-0300] {logging_mixin.py:188} INFO - 468
[2024-01-09T14:31:08.806-0300] {logging_mixin.py:188} INFO - 469
[2024-01-09T14:31:08.989-0300] {logging_mixin.py:188} INFO - 470
[2024-01-09T14:31:09.175-0300] {logging_mixin.py:188} INFO - 471
[2024-01-09T14:31:09.332-0300] {logging_mixin.py:188} INFO - 472
[2024-01-09T14:31:09.490-0300] {logging_mixin.py:188} INFO - 473
[2024-01-09T14:31:09.644-0300] {logging_mixin.py:188} INFO - 474
[2024-01-09T14:31:09.798-0300] {logging_mixin.py:188} INFO - 475
[2024-01-09T14:31:09.953-0300] {logging_mixin.py:188} INFO - 476
[2024-01-09T14:31:10.113-0300] {logging_mixin.py:188} INFO - 477
[2024-01-09T14:31:10.274-0300] {logging_mixin.py:188} INFO - 478
[2024-01-09T14:31:11.487-0300] {logging_mixin.py:188} INFO - 479
[2024-01-09T14:31:11.645-0300] {logging_mixin.py:188} INFO - 480
[2024-01-09T14:31:11.995-0300] {logging_mixin.py:188} INFO - 481
[2024-01-09T14:31:12.207-0300] {logging_mixin.py:188} INFO - 482
[2024-01-09T14:31:12.366-0300] {logging_mixin.py:188} INFO - 483
[2024-01-09T14:31:12.524-0300] {logging_mixin.py:188} INFO - 484
[2024-01-09T14:31:12.682-0300] {logging_mixin.py:188} INFO - 485
[2024-01-09T14:31:12.837-0300] {logging_mixin.py:188} INFO - 486
[2024-01-09T14:31:13.000-0300] {logging_mixin.py:188} INFO - 487
[2024-01-09T14:31:13.203-0300] {logging_mixin.py:188} INFO - 488
[2024-01-09T14:31:13.397-0300] {logging_mixin.py:188} INFO - 489
[2024-01-09T14:31:13.561-0300] {logging_mixin.py:188} INFO - 490
[2024-01-09T14:31:13.716-0300] {logging_mixin.py:188} INFO - 491
[2024-01-09T14:31:13.879-0300] {logging_mixin.py:188} INFO - 492
[2024-01-09T14:31:14.048-0300] {logging_mixin.py:188} INFO - 493
[2024-01-09T14:31:14.202-0300] {logging_mixin.py:188} INFO - 494
[2024-01-09T14:31:14.353-0300] {logging_mixin.py:188} INFO - 495
[2024-01-09T14:31:14.506-0300] {logging_mixin.py:188} INFO - 496
[2024-01-09T14:31:14.677-0300] {logging_mixin.py:188} INFO - 497
[2024-01-09T14:31:14.832-0300] {logging_mixin.py:188} INFO - 498
[2024-01-09T14:31:14.987-0300] {logging_mixin.py:188} INFO - 499
[2024-01-09T14:31:15.149-0300] {logging_mixin.py:188} INFO - 500
[2024-01-09T14:31:15.450-0300] {logging_mixin.py:188} INFO - 501
[2024-01-09T14:31:15.604-0300] {logging_mixin.py:188} INFO - 502
[2024-01-09T14:31:15.752-0300] {logging_mixin.py:188} INFO - 503
[2024-01-09T14:31:15.909-0300] {logging_mixin.py:188} INFO - 504
[2024-01-09T14:31:16.080-0300] {logging_mixin.py:188} INFO - 505
[2024-01-09T14:31:16.250-0300] {logging_mixin.py:188} INFO - 506
[2024-01-09T14:31:16.401-0300] {logging_mixin.py:188} INFO - 507
[2024-01-09T14:31:16.554-0300] {logging_mixin.py:188} INFO - 508
[2024-01-09T14:31:16.719-0300] {logging_mixin.py:188} INFO - 509
[2024-01-09T14:31:16.870-0300] {logging_mixin.py:188} INFO - 510
[2024-01-09T14:31:17.022-0300] {logging_mixin.py:188} INFO - 511
[2024-01-09T14:31:17.173-0300] {logging_mixin.py:188} INFO - 512
[2024-01-09T14:31:17.331-0300] {logging_mixin.py:188} INFO - 513
[2024-01-09T14:31:17.530-0300] {logging_mixin.py:188} INFO - 514
[2024-01-09T14:31:17.691-0300] {logging_mixin.py:188} INFO - 515
[2024-01-09T14:31:17.846-0300] {logging_mixin.py:188} INFO - 516
[2024-01-09T14:31:18.028-0300] {logging_mixin.py:188} INFO - 517
[2024-01-09T14:31:18.186-0300] {logging_mixin.py:188} INFO - 518
[2024-01-09T14:31:18.390-0300] {logging_mixin.py:188} INFO - 519
[2024-01-09T14:31:18.541-0300] {logging_mixin.py:188} INFO - 520
[2024-01-09T14:31:18.914-0300] {logging_mixin.py:188} INFO - 521
[2024-01-09T14:31:19.126-0300] {logging_mixin.py:188} INFO - 522
[2024-01-09T14:31:19.275-0300] {logging_mixin.py:188} INFO - 523
[2024-01-09T14:31:19.474-0300] {logging_mixin.py:188} INFO - 524
[2024-01-09T14:31:19.684-0300] {logging_mixin.py:188} INFO - 525
[2024-01-09T14:31:19.928-0300] {logging_mixin.py:188} INFO - 526
[2024-01-09T14:31:20.124-0300] {logging_mixin.py:188} INFO - 527
[2024-01-09T14:31:20.281-0300] {logging_mixin.py:188} INFO - 528
[2024-01-09T14:31:20.436-0300] {logging_mixin.py:188} INFO - 529
[2024-01-09T14:31:20.588-0300] {logging_mixin.py:188} INFO - 530
[2024-01-09T14:31:20.775-0300] {logging_mixin.py:188} INFO - 531
[2024-01-09T14:31:20.926-0300] {logging_mixin.py:188} INFO - 532
[2024-01-09T14:31:21.087-0300] {logging_mixin.py:188} INFO - 533
[2024-01-09T14:31:21.240-0300] {logging_mixin.py:188} INFO - 534
[2024-01-09T14:31:21.392-0300] {logging_mixin.py:188} INFO - 535
[2024-01-09T14:31:21.550-0300] {logging_mixin.py:188} INFO - 536
[2024-01-09T14:31:21.698-0300] {logging_mixin.py:188} INFO - 537
[2024-01-09T14:31:21.852-0300] {logging_mixin.py:188} INFO - 538
[2024-01-09T14:31:22.007-0300] {logging_mixin.py:188} INFO - 539
[2024-01-09T14:31:22.195-0300] {logging_mixin.py:188} INFO - 540
[2024-01-09T14:31:22.628-0300] {logging_mixin.py:188} INFO - 541
[2024-01-09T14:31:22.783-0300] {logging_mixin.py:188} INFO - 542
[2024-01-09T14:31:23.040-0300] {logging_mixin.py:188} INFO - 543
[2024-01-09T14:31:23.266-0300] {logging_mixin.py:188} INFO - 544
[2024-01-09T14:31:23.474-0300] {logging_mixin.py:188} INFO - 545
[2024-01-09T14:31:23.632-0300] {logging_mixin.py:188} INFO - 546
[2024-01-09T14:31:23.785-0300] {logging_mixin.py:188} INFO - 547
[2024-01-09T14:31:23.941-0300] {logging_mixin.py:188} INFO - 548
[2024-01-09T14:31:24.162-0300] {logging_mixin.py:188} INFO - 549
[2024-01-09T14:31:24.313-0300] {logging_mixin.py:188} INFO - 550
[2024-01-09T14:31:24.518-0300] {logging_mixin.py:188} INFO - 551
[2024-01-09T14:31:24.728-0300] {logging_mixin.py:188} INFO - 552
[2024-01-09T14:31:24.980-0300] {logging_mixin.py:188} INFO - 553
[2024-01-09T14:31:25.174-0300] {logging_mixin.py:188} INFO - 554
[2024-01-09T14:31:25.333-0300] {logging_mixin.py:188} INFO - 555
[2024-01-09T14:31:25.506-0300] {logging_mixin.py:188} INFO - 556
[2024-01-09T14:31:25.704-0300] {logging_mixin.py:188} INFO - 557
[2024-01-09T14:31:25.877-0300] {logging_mixin.py:188} INFO - 558
[2024-01-09T14:31:26.031-0300] {logging_mixin.py:188} INFO - 559
[2024-01-09T14:31:26.233-0300] {logging_mixin.py:188} INFO - 560
[2024-01-09T14:31:26.571-0300] {logging_mixin.py:188} INFO - 561
[2024-01-09T14:31:26.729-0300] {logging_mixin.py:188} INFO - 562
[2024-01-09T14:31:26.883-0300] {logging_mixin.py:188} INFO - 563
[2024-01-09T14:31:27.032-0300] {logging_mixin.py:188} INFO - 564
[2024-01-09T14:31:27.187-0300] {logging_mixin.py:188} INFO - 565
[2024-01-09T14:31:27.461-0300] {logging_mixin.py:188} INFO - 566
[2024-01-09T14:31:27.698-0300] {logging_mixin.py:188} INFO - 567
[2024-01-09T14:31:27.963-0300] {logging_mixin.py:188} INFO - 568
[2024-01-09T14:31:28.111-0300] {logging_mixin.py:188} INFO - 569
[2024-01-09T14:31:28.264-0300] {logging_mixin.py:188} INFO - 570
[2024-01-09T14:31:28.419-0300] {logging_mixin.py:188} INFO - 571
[2024-01-09T14:31:28.575-0300] {logging_mixin.py:188} INFO - 572
[2024-01-09T14:31:28.734-0300] {logging_mixin.py:188} INFO - 573
[2024-01-09T14:31:30.004-0300] {logging_mixin.py:188} INFO - 574
[2024-01-09T14:31:30.160-0300] {logging_mixin.py:188} INFO - 575
[2024-01-09T14:31:30.310-0300] {logging_mixin.py:188} INFO - 576
[2024-01-09T14:31:30.468-0300] {logging_mixin.py:188} INFO - 577
[2024-01-09T14:31:30.621-0300] {logging_mixin.py:188} INFO - 578
[2024-01-09T14:31:30.777-0300] {logging_mixin.py:188} INFO - 579
[2024-01-09T14:31:30.932-0300] {logging_mixin.py:188} INFO - 580
[2024-01-09T14:31:31.275-0300] {logging_mixin.py:188} INFO - 581
[2024-01-09T14:31:31.428-0300] {logging_mixin.py:188} INFO - 582
[2024-01-09T14:31:31.579-0300] {logging_mixin.py:188} INFO - 583
[2024-01-09T14:31:31.734-0300] {logging_mixin.py:188} INFO - 584
[2024-01-09T14:31:31.886-0300] {logging_mixin.py:188} INFO - 585
[2024-01-09T14:31:32.050-0300] {logging_mixin.py:188} INFO - 586
[2024-01-09T14:31:32.206-0300] {logging_mixin.py:188} INFO - 587
[2024-01-09T14:31:32.358-0300] {logging_mixin.py:188} INFO - 588
[2024-01-09T14:31:32.587-0300] {logging_mixin.py:188} INFO - 589
[2024-01-09T14:31:32.742-0300] {logging_mixin.py:188} INFO - 590
[2024-01-09T14:31:32.896-0300] {logging_mixin.py:188} INFO - 591
[2024-01-09T14:31:33.054-0300] {logging_mixin.py:188} INFO - 592
[2024-01-09T14:31:33.219-0300] {logging_mixin.py:188} INFO - 593
[2024-01-09T14:31:33.380-0300] {logging_mixin.py:188} INFO - 594
[2024-01-09T14:31:33.531-0300] {logging_mixin.py:188} INFO - 595
[2024-01-09T14:31:33.684-0300] {logging_mixin.py:188} INFO - 596
[2024-01-09T14:31:33.852-0300] {logging_mixin.py:188} INFO - 597
[2024-01-09T14:31:34.012-0300] {logging_mixin.py:188} INFO - 598
[2024-01-09T14:31:34.175-0300] {logging_mixin.py:188} INFO - 599
[2024-01-09T14:31:34.322-0300] {logging_mixin.py:188} INFO - 600
[2024-01-09T14:31:34.653-0300] {logging_mixin.py:188} INFO - 601
[2024-01-09T14:31:34.804-0300] {logging_mixin.py:188} INFO - 602
[2024-01-09T14:31:34.958-0300] {logging_mixin.py:188} INFO - 603
[2024-01-09T14:31:35.107-0300] {logging_mixin.py:188} INFO - 604
[2024-01-09T14:31:35.293-0300] {logging_mixin.py:188} INFO - 605
[2024-01-09T14:31:35.455-0300] {logging_mixin.py:188} INFO - 606
[2024-01-09T14:31:35.605-0300] {logging_mixin.py:188} INFO - 607
[2024-01-09T14:31:35.768-0300] {logging_mixin.py:188} INFO - 608
[2024-01-09T14:31:35.919-0300] {logging_mixin.py:188} INFO - 609
[2024-01-09T14:31:36.075-0300] {logging_mixin.py:188} INFO - 610
[2024-01-09T14:31:36.227-0300] {logging_mixin.py:188} INFO - 611
[2024-01-09T14:31:36.382-0300] {logging_mixin.py:188} INFO - 612
[2024-01-09T14:31:36.534-0300] {logging_mixin.py:188} INFO - 613
[2024-01-09T14:31:36.685-0300] {logging_mixin.py:188} INFO - 614
[2024-01-09T14:31:36.833-0300] {logging_mixin.py:188} INFO - 615
[2024-01-09T14:31:36.986-0300] {logging_mixin.py:188} INFO - 616
[2024-01-09T14:31:37.154-0300] {logging_mixin.py:188} INFO - 617
[2024-01-09T14:31:37.303-0300] {logging_mixin.py:188} INFO - 618
[2024-01-09T14:31:37.455-0300] {logging_mixin.py:188} INFO - 619
[2024-01-09T14:31:37.618-0300] {logging_mixin.py:188} INFO - 620
[2024-01-09T14:31:37.926-0300] {logging_mixin.py:188} INFO - 621
[2024-01-09T14:31:38.077-0300] {logging_mixin.py:188} INFO - 622
[2024-01-09T14:31:38.246-0300] {logging_mixin.py:188} INFO - 623
[2024-01-09T14:31:38.401-0300] {logging_mixin.py:188} INFO - 624
[2024-01-09T14:31:38.602-0300] {logging_mixin.py:188} INFO - 625
[2024-01-09T14:31:38.750-0300] {logging_mixin.py:188} INFO - 626
[2024-01-09T14:31:38.933-0300] {logging_mixin.py:188} INFO - 627
[2024-01-09T14:31:39.097-0300] {logging_mixin.py:188} INFO - 628
[2024-01-09T14:31:39.351-0300] {logging_mixin.py:188} INFO - 629
[2024-01-09T14:31:39.599-0300] {logging_mixin.py:188} INFO - 630
[2024-01-09T14:31:39.752-0300] {logging_mixin.py:188} INFO - 631
[2024-01-09T14:31:40.431-0300] {logging_mixin.py:188} INFO - 632
[2024-01-09T14:31:40.714-0300] {logging_mixin.py:188} INFO - 633
[2024-01-09T14:31:40.882-0300] {logging_mixin.py:188} INFO - 634
[2024-01-09T14:31:41.037-0300] {logging_mixin.py:188} INFO - 635
[2024-01-09T14:31:41.190-0300] {logging_mixin.py:188} INFO - 636
[2024-01-09T14:31:41.378-0300] {logging_mixin.py:188} INFO - 637
[2024-01-09T14:31:41.583-0300] {logging_mixin.py:188} INFO - 638
[2024-01-09T14:31:41.733-0300] {logging_mixin.py:188} INFO - 639
[2024-01-09T14:31:41.886-0300] {logging_mixin.py:188} INFO - 640
[2024-01-09T14:31:42.203-0300] {logging_mixin.py:188} INFO - 641
[2024-01-09T14:31:42.369-0300] {logging_mixin.py:188} INFO - 642
[2024-01-09T14:31:42.521-0300] {logging_mixin.py:188} INFO - 643
[2024-01-09T14:31:42.691-0300] {logging_mixin.py:188} INFO - 644
[2024-01-09T14:31:42.844-0300] {logging_mixin.py:188} INFO - 645
[2024-01-09T14:31:42.998-0300] {logging_mixin.py:188} INFO - 646
[2024-01-09T14:31:43.189-0300] {logging_mixin.py:188} INFO - 647
[2024-01-09T14:31:43.341-0300] {logging_mixin.py:188} INFO - 648
[2024-01-09T14:31:43.505-0300] {logging_mixin.py:188} INFO - 649
[2024-01-09T14:31:43.655-0300] {logging_mixin.py:188} INFO - 650
[2024-01-09T14:31:43.805-0300] {logging_mixin.py:188} INFO - 651
[2024-01-09T14:31:43.981-0300] {logging_mixin.py:188} INFO - 652
[2024-01-09T14:31:44.136-0300] {logging_mixin.py:188} INFO - 653
[2024-01-09T14:31:44.294-0300] {logging_mixin.py:188} INFO - 654
[2024-01-09T14:31:44.534-0300] {logging_mixin.py:188} INFO - 655
[2024-01-09T14:31:44.690-0300] {logging_mixin.py:188} INFO - 656
[2024-01-09T14:31:44.847-0300] {logging_mixin.py:188} INFO - 657
[2024-01-09T14:31:45.005-0300] {logging_mixin.py:188} INFO - 658
[2024-01-09T14:31:45.157-0300] {logging_mixin.py:188} INFO - 659
[2024-01-09T14:31:45.376-0300] {logging_mixin.py:188} INFO - 660
[2024-01-09T14:31:45.689-0300] {logging_mixin.py:188} INFO - 661
[2024-01-09T14:31:45.850-0300] {logging_mixin.py:188} INFO - 662
[2024-01-09T14:31:46.003-0300] {logging_mixin.py:188} INFO - 663
[2024-01-09T14:31:46.152-0300] {logging_mixin.py:188} INFO - 664
[2024-01-09T14:31:46.308-0300] {logging_mixin.py:188} INFO - 665
[2024-01-09T14:31:46.467-0300] {logging_mixin.py:188} INFO - 666
[2024-01-09T14:31:46.623-0300] {logging_mixin.py:188} INFO - 667
[2024-01-09T14:31:46.780-0300] {logging_mixin.py:188} INFO - 668
[2024-01-09T14:31:46.945-0300] {logging_mixin.py:188} INFO - 669
[2024-01-09T14:31:47.097-0300] {logging_mixin.py:188} INFO - 670
[2024-01-09T14:31:47.242-0300] {logging_mixin.py:188} INFO - 671
[2024-01-09T14:31:47.400-0300] {logging_mixin.py:188} INFO - 672
[2024-01-09T14:31:47.561-0300] {logging_mixin.py:188} INFO - 673
[2024-01-09T14:31:47.712-0300] {logging_mixin.py:188} INFO - 674
[2024-01-09T14:31:47.863-0300] {logging_mixin.py:188} INFO - 675
[2024-01-09T14:31:48.019-0300] {logging_mixin.py:188} INFO - 676
[2024-01-09T14:31:48.168-0300] {logging_mixin.py:188} INFO - 677
[2024-01-09T14:31:48.327-0300] {logging_mixin.py:188} INFO - 678
[2024-01-09T14:31:48.477-0300] {logging_mixin.py:188} INFO - 679
[2024-01-09T14:31:48.630-0300] {logging_mixin.py:188} INFO - 680
[2024-01-09T14:31:48.931-0300] {logging_mixin.py:188} INFO - 681
[2024-01-09T14:31:49.136-0300] {logging_mixin.py:188} INFO - 682
[2024-01-09T14:31:49.293-0300] {logging_mixin.py:188} INFO - 683
[2024-01-09T14:31:49.466-0300] {logging_mixin.py:188} INFO - 684
[2024-01-09T14:31:49.616-0300] {logging_mixin.py:188} INFO - 685
[2024-01-09T14:31:49.766-0300] {logging_mixin.py:188} INFO - 686
[2024-01-09T14:31:49.916-0300] {logging_mixin.py:188} INFO - 687
[2024-01-09T14:31:50.069-0300] {logging_mixin.py:188} INFO - 688
[2024-01-09T14:31:50.245-0300] {logging_mixin.py:188} INFO - 689
[2024-01-09T14:31:50.398-0300] {logging_mixin.py:188} INFO - 690
[2024-01-09T14:31:50.561-0300] {logging_mixin.py:188} INFO - 691
[2024-01-09T14:31:50.717-0300] {logging_mixin.py:188} INFO - 692
[2024-01-09T14:31:50.867-0300] {logging_mixin.py:188} INFO - 693
[2024-01-09T14:31:51.024-0300] {logging_mixin.py:188} INFO - 694
[2024-01-09T14:31:51.178-0300] {logging_mixin.py:188} INFO - 695
[2024-01-09T14:31:51.331-0300] {logging_mixin.py:188} INFO - 696
[2024-01-09T14:31:51.482-0300] {logging_mixin.py:188} INFO - 697
[2024-01-09T14:31:51.629-0300] {logging_mixin.py:188} INFO - 698
[2024-01-09T14:31:51.788-0300] {logging_mixin.py:188} INFO - 699
[2024-01-09T14:31:51.936-0300] {logging_mixin.py:188} INFO - 700
[2024-01-09T14:31:52.245-0300] {logging_mixin.py:188} INFO - 701
[2024-01-09T14:31:52.403-0300] {logging_mixin.py:188} INFO - 702
[2024-01-09T14:31:52.568-0300] {logging_mixin.py:188} INFO - 703
[2024-01-09T14:31:52.726-0300] {logging_mixin.py:188} INFO - 704
[2024-01-09T14:31:52.881-0300] {logging_mixin.py:188} INFO - 705
[2024-01-09T14:31:53.033-0300] {logging_mixin.py:188} INFO - 706
[2024-01-09T14:31:53.182-0300] {logging_mixin.py:188} INFO - 707
[2024-01-09T14:31:53.355-0300] {logging_mixin.py:188} INFO - 708
[2024-01-09T14:31:53.503-0300] {logging_mixin.py:188} INFO - 709
[2024-01-09T14:31:53.659-0300] {logging_mixin.py:188} INFO - 710
[2024-01-09T14:31:53.813-0300] {logging_mixin.py:188} INFO - 711
[2024-01-09T14:31:53.966-0300] {logging_mixin.py:188} INFO - 712
[2024-01-09T14:31:54.116-0300] {logging_mixin.py:188} INFO - 713
[2024-01-09T14:31:54.273-0300] {logging_mixin.py:188} INFO - 714
[2024-01-09T14:31:54.446-0300] {logging_mixin.py:188} INFO - 715
[2024-01-09T14:31:54.601-0300] {logging_mixin.py:188} INFO - 716
[2024-01-09T14:31:54.752-0300] {logging_mixin.py:188} INFO - 717
[2024-01-09T14:31:54.904-0300] {logging_mixin.py:188} INFO - 718
[2024-01-09T14:31:55.061-0300] {logging_mixin.py:188} INFO - 719
[2024-01-09T14:31:55.212-0300] {logging_mixin.py:188} INFO - 720
[2024-01-09T14:31:55.521-0300] {logging_mixin.py:188} INFO - 721
[2024-01-09T14:31:55.680-0300] {logging_mixin.py:188} INFO - 722
[2024-01-09T14:31:55.837-0300] {logging_mixin.py:188} INFO - 723
[2024-01-09T14:31:55.988-0300] {logging_mixin.py:188} INFO - 724
[2024-01-09T14:31:56.140-0300] {logging_mixin.py:188} INFO - 725
[2024-01-09T14:31:56.289-0300] {logging_mixin.py:188} INFO - 726
[2024-01-09T14:31:56.483-0300] {logging_mixin.py:188} INFO - 727
[2024-01-09T14:31:56.635-0300] {logging_mixin.py:188} INFO - 728
[2024-01-09T14:31:56.787-0300] {logging_mixin.py:188} INFO - 729
[2024-01-09T14:31:56.933-0300] {logging_mixin.py:188} INFO - 730
[2024-01-09T14:31:57.079-0300] {logging_mixin.py:188} INFO - 731
[2024-01-09T14:31:57.232-0300] {logging_mixin.py:188} INFO - 732
[2024-01-09T14:31:57.386-0300] {logging_mixin.py:188} INFO - 733
[2024-01-09T14:31:57.534-0300] {logging_mixin.py:188} INFO - 734
[2024-01-09T14:31:57.691-0300] {logging_mixin.py:188} INFO - 735
[2024-01-09T14:31:57.884-0300] {logging_mixin.py:188} INFO - 736
[2024-01-09T14:31:58.037-0300] {logging_mixin.py:188} INFO - 737
[2024-01-09T14:31:58.192-0300] {logging_mixin.py:188} INFO - 738
[2024-01-09T14:31:58.360-0300] {logging_mixin.py:188} INFO - 739
[2024-01-09T14:31:58.510-0300] {logging_mixin.py:188} INFO - 740
[2024-01-09T14:31:58.819-0300] {logging_mixin.py:188} INFO - 741
[2024-01-09T14:31:58.981-0300] {logging_mixin.py:188} INFO - 742
[2024-01-09T14:31:59.188-0300] {logging_mixin.py:188} INFO - 743
[2024-01-09T14:31:59.339-0300] {logging_mixin.py:188} INFO - 744
[2024-01-09T14:31:59.499-0300] {logging_mixin.py:188} INFO - 745
[2024-01-09T14:31:59.660-0300] {logging_mixin.py:188} INFO - 746
[2024-01-09T14:31:59.810-0300] {logging_mixin.py:188} INFO - 747
[2024-01-09T14:32:00.002-0300] {logging_mixin.py:188} INFO - 748
[2024-01-09T14:32:00.152-0300] {logging_mixin.py:188} INFO - 749
[2024-01-09T14:32:00.369-0300] {logging_mixin.py:188} INFO - 750
[2024-01-09T14:32:00.517-0300] {logging_mixin.py:188} INFO - 751
[2024-01-09T14:32:00.670-0300] {logging_mixin.py:188} INFO - 752
[2024-01-09T14:32:00.824-0300] {logging_mixin.py:188} INFO - 753
[2024-01-09T14:32:00.980-0300] {logging_mixin.py:188} INFO - 754
[2024-01-09T14:32:01.136-0300] {logging_mixin.py:188} INFO - 755
[2024-01-09T14:32:01.287-0300] {logging_mixin.py:188} INFO - 756
[2024-01-09T14:32:01.495-0300] {logging_mixin.py:188} INFO - 757
[2024-01-09T14:32:01.643-0300] {logging_mixin.py:188} INFO - 758
[2024-01-09T14:32:01.796-0300] {logging_mixin.py:188} INFO - 759
[2024-01-09T14:32:01.952-0300] {logging_mixin.py:188} INFO - 760
[2024-01-09T14:32:02.255-0300] {logging_mixin.py:188} INFO - 761
[2024-01-09T14:32:02.406-0300] {logging_mixin.py:188} INFO - 762
[2024-01-09T14:32:02.567-0300] {logging_mixin.py:188} INFO - 763
[2024-01-09T14:32:02.717-0300] {logging_mixin.py:188} INFO - 764
[2024-01-09T14:32:02.871-0300] {logging_mixin.py:188} INFO - 765
[2024-01-09T14:32:03.025-0300] {logging_mixin.py:188} INFO - 766
[2024-01-09T14:32:03.182-0300] {logging_mixin.py:188} INFO - 767
[2024-01-09T14:32:03.334-0300] {logging_mixin.py:188} INFO - 768
[2024-01-09T14:32:03.495-0300] {logging_mixin.py:188} INFO - 769
[2024-01-09T14:32:03.642-0300] {logging_mixin.py:188} INFO - 770
[2024-01-09T14:32:03.789-0300] {logging_mixin.py:188} INFO - 771
[2024-01-09T14:32:03.937-0300] {logging_mixin.py:188} INFO - 772
[2024-01-09T14:32:04.083-0300] {logging_mixin.py:188} INFO - 773
[2024-01-09T14:32:04.258-0300] {logging_mixin.py:188} INFO - 774
[2024-01-09T14:32:04.450-0300] {logging_mixin.py:188} INFO - 775
[2024-01-09T14:32:04.605-0300] {logging_mixin.py:188} INFO - 776
[2024-01-09T14:32:04.797-0300] {logging_mixin.py:188} INFO - 777
[2024-01-09T14:32:04.954-0300] {logging_mixin.py:188} INFO - 778
[2024-01-09T14:32:05.101-0300] {logging_mixin.py:188} INFO - 779
[2024-01-09T14:32:05.299-0300] {logging_mixin.py:188} INFO - 780
[2024-01-09T14:32:05.681-0300] {logging_mixin.py:188} INFO - 781
[2024-01-09T14:32:05.835-0300] {logging_mixin.py:188} INFO - 782
[2024-01-09T14:32:05.983-0300] {logging_mixin.py:188} INFO - 783
[2024-01-09T14:32:06.132-0300] {logging_mixin.py:188} INFO - 784
[2024-01-09T14:32:06.290-0300] {logging_mixin.py:188} INFO - 785
[2024-01-09T14:32:06.442-0300] {logging_mixin.py:188} INFO - 786
[2024-01-09T14:32:06.643-0300] {logging_mixin.py:188} INFO - 787
[2024-01-09T14:32:06.811-0300] {logging_mixin.py:188} INFO - 788
[2024-01-09T14:32:06.965-0300] {logging_mixin.py:188} INFO - 789
[2024-01-09T14:32:07.117-0300] {logging_mixin.py:188} INFO - 790
[2024-01-09T14:32:07.267-0300] {logging_mixin.py:188} INFO - 791
[2024-01-09T14:32:07.416-0300] {logging_mixin.py:188} INFO - 792
[2024-01-09T14:32:07.565-0300] {logging_mixin.py:188} INFO - 793
[2024-01-09T14:32:07.717-0300] {logging_mixin.py:188} INFO - 794
[2024-01-09T14:32:07.865-0300] {logging_mixin.py:188} INFO - 795
[2024-01-09T14:32:08.017-0300] {logging_mixin.py:188} INFO - 796
[2024-01-09T14:32:08.173-0300] {logging_mixin.py:188} INFO - 797
[2024-01-09T14:32:08.331-0300] {logging_mixin.py:188} INFO - 798
[2024-01-09T14:32:08.496-0300] {logging_mixin.py:188} INFO - 799
[2024-01-09T14:32:08.649-0300] {logging_mixin.py:188} INFO - 800
[2024-01-09T14:32:08.951-0300] {logging_mixin.py:188} INFO - 801
[2024-01-09T14:32:09.102-0300] {logging_mixin.py:188} INFO - 802
[2024-01-09T14:32:09.251-0300] {logging_mixin.py:188} INFO - 803
[2024-01-09T14:32:09.408-0300] {logging_mixin.py:188} INFO - 804
[2024-01-09T14:32:09.608-0300] {logging_mixin.py:188} INFO - 805
[2024-01-09T14:32:09.764-0300] {logging_mixin.py:188} INFO - 806
[2024-01-09T14:32:10.480-0300] {logging_mixin.py:188} INFO - 807
[2024-01-09T14:32:10.627-0300] {logging_mixin.py:188} INFO - 808
[2024-01-09T14:32:10.842-0300] {logging_mixin.py:188} INFO - 809
[2024-01-09T14:32:10.999-0300] {logging_mixin.py:188} INFO - 810
[2024-01-09T14:32:11.158-0300] {logging_mixin.py:188} INFO - 811
[2024-01-09T14:32:11.306-0300] {logging_mixin.py:188} INFO - 812
[2024-01-09T14:32:11.459-0300] {logging_mixin.py:188} INFO - 813
[2024-01-09T14:32:11.612-0300] {logging_mixin.py:188} INFO - 814
[2024-01-09T14:32:11.762-0300] {logging_mixin.py:188} INFO - 815
[2024-01-09T14:32:11.915-0300] {logging_mixin.py:188} INFO - 816
[2024-01-09T14:32:12.064-0300] {logging_mixin.py:188} INFO - 817
[2024-01-09T14:32:12.262-0300] {logging_mixin.py:188} INFO - 818
[2024-01-09T14:32:12.422-0300] {logging_mixin.py:188} INFO - 819
[2024-01-09T14:32:12.570-0300] {logging_mixin.py:188} INFO - 820
[2024-01-09T14:32:12.927-0300] {logging_mixin.py:188} INFO - 821
[2024-01-09T14:32:13.090-0300] {logging_mixin.py:188} INFO - 822
[2024-01-09T14:32:13.240-0300] {logging_mixin.py:188} INFO - 823
[2024-01-09T14:32:13.389-0300] {logging_mixin.py:188} INFO - 824
[2024-01-09T14:32:13.541-0300] {logging_mixin.py:188} INFO - 825
[2024-01-09T14:32:13.703-0300] {logging_mixin.py:188} INFO - 826
[2024-01-09T14:32:13.850-0300] {logging_mixin.py:188} INFO - 827
[2024-01-09T14:32:14.001-0300] {logging_mixin.py:188} INFO - 828
[2024-01-09T14:32:14.162-0300] {logging_mixin.py:188} INFO - 829
[2024-01-09T14:32:14.312-0300] {logging_mixin.py:188} INFO - 830
[2024-01-09T14:32:14.463-0300] {logging_mixin.py:188} INFO - 831
[2024-01-09T14:32:14.639-0300] {logging_mixin.py:188} INFO - 832
[2024-01-09T14:32:14.794-0300] {logging_mixin.py:188} INFO - 833
[2024-01-09T14:32:14.971-0300] {logging_mixin.py:188} INFO - 834
[2024-01-09T14:32:15.135-0300] {logging_mixin.py:188} INFO - 835
[2024-01-09T14:32:15.284-0300] {logging_mixin.py:188} INFO - 836
[2024-01-09T14:32:15.466-0300] {logging_mixin.py:188} INFO - 837
[2024-01-09T14:32:15.653-0300] {logging_mixin.py:188} INFO - 838
[2024-01-09T14:32:15.824-0300] {logging_mixin.py:188} INFO - 839
[2024-01-09T14:32:15.982-0300] {logging_mixin.py:188} INFO - 840
[2024-01-09T14:32:16.282-0300] {logging_mixin.py:188} INFO - 841
[2024-01-09T14:32:16.426-0300] {logging_mixin.py:188} INFO - 842
[2024-01-09T14:32:16.578-0300] {logging_mixin.py:188} INFO - 843
[2024-01-09T14:32:16.730-0300] {logging_mixin.py:188} INFO - 844
[2024-01-09T14:32:16.876-0300] {logging_mixin.py:188} INFO - 845
[2024-01-09T14:32:17.072-0300] {logging_mixin.py:188} INFO - 846
[2024-01-09T14:32:17.219-0300] {logging_mixin.py:188} INFO - 847
[2024-01-09T14:32:17.379-0300] {logging_mixin.py:188} INFO - 848
[2024-01-09T14:32:17.578-0300] {logging_mixin.py:188} INFO - 849
[2024-01-09T14:32:17.724-0300] {logging_mixin.py:188} INFO - 850
[2024-01-09T14:32:17.921-0300] {logging_mixin.py:188} INFO - 851
[2024-01-09T14:32:18.075-0300] {logging_mixin.py:188} INFO - 852
[2024-01-09T14:32:18.223-0300] {logging_mixin.py:188} INFO - 853
[2024-01-09T14:32:18.373-0300] {logging_mixin.py:188} INFO - 854
[2024-01-09T14:32:18.533-0300] {logging_mixin.py:188} INFO - 855
[2024-01-09T14:32:18.685-0300] {logging_mixin.py:188} INFO - 856
[2024-01-09T14:32:18.839-0300] {logging_mixin.py:188} INFO - 857
[2024-01-09T14:32:19.020-0300] {logging_mixin.py:188} INFO - 858
[2024-01-09T14:32:19.174-0300] {logging_mixin.py:188} INFO - 859
[2024-01-09T14:32:19.325-0300] {logging_mixin.py:188} INFO - 860
[2024-01-09T14:32:19.651-0300] {logging_mixin.py:188} INFO - 861
[2024-01-09T14:32:19.904-0300] {logging_mixin.py:188} INFO - 862
[2024-01-09T14:32:20.055-0300] {logging_mixin.py:188} INFO - 863
[2024-01-09T14:32:20.204-0300] {logging_mixin.py:188} INFO - 864
[2024-01-09T14:32:20.352-0300] {logging_mixin.py:188} INFO - 865
[2024-01-09T14:32:20.547-0300] {logging_mixin.py:188} INFO - 866
[2024-01-09T14:32:20.698-0300] {logging_mixin.py:188} INFO - 867
[2024-01-09T14:32:20.844-0300] {logging_mixin.py:188} INFO - 868
[2024-01-09T14:32:20.996-0300] {logging_mixin.py:188} INFO - 869
[2024-01-09T14:32:21.146-0300] {logging_mixin.py:188} INFO - 870
[2024-01-09T14:32:21.294-0300] {logging_mixin.py:188} INFO - 871
[2024-01-09T14:32:21.445-0300] {logging_mixin.py:188} INFO - 872
[2024-01-09T14:32:21.597-0300] {logging_mixin.py:188} INFO - 873
[2024-01-09T14:32:21.757-0300] {logging_mixin.py:188} INFO - 874
[2024-01-09T14:32:21.909-0300] {logging_mixin.py:188} INFO - 875
[2024-01-09T14:32:22.064-0300] {logging_mixin.py:188} INFO - 876
[2024-01-09T14:32:22.211-0300] {logging_mixin.py:188} INFO - 877
[2024-01-09T14:32:22.368-0300] {logging_mixin.py:188} INFO - 878
[2024-01-09T14:32:22.519-0300] {logging_mixin.py:188} INFO - 879
[2024-01-09T14:32:22.674-0300] {logging_mixin.py:188} INFO - 880
[2024-01-09T14:32:22.997-0300] {logging_mixin.py:188} INFO - 881
[2024-01-09T14:32:23.155-0300] {logging_mixin.py:188} INFO - 882
[2024-01-09T14:32:23.326-0300] {logging_mixin.py:188} INFO - 883
[2024-01-09T14:32:23.555-0300] {logging_mixin.py:188} INFO - 884
[2024-01-09T14:32:23.711-0300] {logging_mixin.py:188} INFO - 885
[2024-01-09T14:32:23.866-0300] {logging_mixin.py:188} INFO - 886
[2024-01-09T14:32:24.017-0300] {logging_mixin.py:188} INFO - 887
[2024-01-09T14:32:24.172-0300] {logging_mixin.py:188} INFO - 888
[2024-01-09T14:32:24.323-0300] {logging_mixin.py:188} INFO - 889
[2024-01-09T14:32:24.482-0300] {logging_mixin.py:188} INFO - 890
[2024-01-09T14:32:24.634-0300] {logging_mixin.py:188} INFO - 891
[2024-01-09T14:32:24.785-0300] {logging_mixin.py:188} INFO - 892
[2024-01-09T14:32:24.940-0300] {logging_mixin.py:188} INFO - 893
[2024-01-09T14:32:25.099-0300] {logging_mixin.py:188} INFO - 894
[2024-01-09T14:32:25.272-0300] {logging_mixin.py:188} INFO - 895
[2024-01-09T14:32:25.419-0300] {logging_mixin.py:188} INFO - 896
[2024-01-09T14:32:25.572-0300] {logging_mixin.py:188} INFO - 897
[2024-01-09T14:32:25.758-0300] {logging_mixin.py:188} INFO - 898
[2024-01-09T14:32:25.909-0300] {logging_mixin.py:188} INFO - 899
[2024-01-09T14:32:26.091-0300] {logging_mixin.py:188} INFO - 900
[2024-01-09T14:32:26.405-0300] {logging_mixin.py:188} INFO - 901
[2024-01-09T14:32:26.553-0300] {logging_mixin.py:188} INFO - 902
[2024-01-09T14:32:26.707-0300] {logging_mixin.py:188} INFO - 903
[2024-01-09T14:32:26.860-0300] {logging_mixin.py:188} INFO - 904
[2024-01-09T14:32:27.010-0300] {logging_mixin.py:188} INFO - 905
[2024-01-09T14:32:27.212-0300] {logging_mixin.py:188} INFO - 906
[2024-01-09T14:32:27.376-0300] {logging_mixin.py:188} INFO - 907
[2024-01-09T14:32:27.528-0300] {logging_mixin.py:188} INFO - 908
[2024-01-09T14:32:27.683-0300] {logging_mixin.py:188} INFO - 909
[2024-01-09T14:32:27.838-0300] {logging_mixin.py:188} INFO - 910
[2024-01-09T14:32:27.998-0300] {logging_mixin.py:188} INFO - 911
[2024-01-09T14:32:28.143-0300] {logging_mixin.py:188} INFO - 912
[2024-01-09T14:32:28.297-0300] {logging_mixin.py:188} INFO - 913
[2024-01-09T14:32:28.442-0300] {logging_mixin.py:188} INFO - 914
[2024-01-09T14:32:28.601-0300] {logging_mixin.py:188} INFO - 915
[2024-01-09T14:32:28.756-0300] {logging_mixin.py:188} INFO - 916
[2024-01-09T14:32:28.901-0300] {logging_mixin.py:188} INFO - 917
[2024-01-09T14:32:29.055-0300] {logging_mixin.py:188} INFO - 918
[2024-01-09T14:32:29.214-0300] {logging_mixin.py:188} INFO - 919
[2024-01-09T14:32:29.362-0300] {logging_mixin.py:188} INFO - 920
[2024-01-09T14:32:29.706-0300] {logging_mixin.py:188} INFO - 921
[2024-01-09T14:32:29.861-0300] {logging_mixin.py:188} INFO - 922
[2024-01-09T14:32:30.028-0300] {logging_mixin.py:188} INFO - 923
[2024-01-09T14:32:30.184-0300] {logging_mixin.py:188} INFO - 924
[2024-01-09T14:32:30.361-0300] {logging_mixin.py:188} INFO - 925
[2024-01-09T14:32:30.514-0300] {logging_mixin.py:188} INFO - 926
[2024-01-09T14:32:30.658-0300] {logging_mixin.py:188} INFO - 927
[2024-01-09T14:32:30.810-0300] {logging_mixin.py:188} INFO - 928
[2024-01-09T14:32:30.970-0300] {logging_mixin.py:188} INFO - 929
[2024-01-09T14:32:31.118-0300] {logging_mixin.py:188} INFO - 930
[2024-01-09T14:32:31.307-0300] {logging_mixin.py:188} INFO - 931
[2024-01-09T14:32:31.471-0300] {logging_mixin.py:188} INFO - 932
[2024-01-09T14:32:31.629-0300] {logging_mixin.py:188} INFO - 933
[2024-01-09T14:32:31.789-0300] {logging_mixin.py:188} INFO - 934
[2024-01-09T14:32:31.958-0300] {logging_mixin.py:188} INFO - 935
[2024-01-09T14:32:32.102-0300] {logging_mixin.py:188} INFO - 936
[2024-01-09T14:32:32.251-0300] {logging_mixin.py:188} INFO - 937
[2024-01-09T14:32:32.399-0300] {logging_mixin.py:188} INFO - 938
[2024-01-09T14:32:32.547-0300] {logging_mixin.py:188} INFO - 939
[2024-01-09T14:32:32.693-0300] {logging_mixin.py:188} INFO - 940
[2024-01-09T14:32:33.025-0300] {logging_mixin.py:188} INFO - 941
[2024-01-09T14:32:33.173-0300] {logging_mixin.py:188} INFO - 942
[2024-01-09T14:32:33.323-0300] {logging_mixin.py:188} INFO - 943
[2024-01-09T14:32:33.473-0300] {logging_mixin.py:188} INFO - 944
[2024-01-09T14:32:33.625-0300] {logging_mixin.py:188} INFO - 945
[2024-01-09T14:32:33.781-0300] {logging_mixin.py:188} INFO - 946
[2024-01-09T14:32:33.925-0300] {logging_mixin.py:188} INFO - 947
[2024-01-09T14:32:34.083-0300] {logging_mixin.py:188} INFO - 948
[2024-01-09T14:32:34.233-0300] {logging_mixin.py:188} INFO - 949
[2024-01-09T14:32:34.381-0300] {logging_mixin.py:188} INFO - 950
[2024-01-09T14:32:34.534-0300] {logging_mixin.py:188} INFO - 951
[2024-01-09T14:32:34.688-0300] {logging_mixin.py:188} INFO - 952
[2024-01-09T14:32:34.843-0300] {logging_mixin.py:188} INFO - 953
[2024-01-09T14:32:34.995-0300] {logging_mixin.py:188} INFO - 954
[2024-01-09T14:32:35.147-0300] {logging_mixin.py:188} INFO - 955
[2024-01-09T14:32:35.300-0300] {logging_mixin.py:188} INFO - 956
[2024-01-09T14:32:35.462-0300] {logging_mixin.py:188} INFO - 957
[2024-01-09T14:32:35.609-0300] {logging_mixin.py:188} INFO - 958
[2024-01-09T14:32:35.784-0300] {logging_mixin.py:188} INFO - 959
[2024-01-09T14:32:35.981-0300] {logging_mixin.py:188} INFO - 960
[2024-01-09T14:32:36.333-0300] {logging_mixin.py:188} INFO - 961
[2024-01-09T14:32:37.562-0300] {logging_mixin.py:188} INFO - 962
[2024-01-09T14:32:37.710-0300] {logging_mixin.py:188} INFO - 963
[2024-01-09T14:32:37.873-0300] {logging_mixin.py:188} INFO - 964
[2024-01-09T14:32:38.035-0300] {logging_mixin.py:188} INFO - 965
[2024-01-09T14:32:38.191-0300] {logging_mixin.py:188} INFO - 966
[2024-01-09T14:32:38.339-0300] {logging_mixin.py:188} INFO - 967
[2024-01-09T14:32:38.487-0300] {logging_mixin.py:188} INFO - 968
[2024-01-09T14:32:38.639-0300] {logging_mixin.py:188} INFO - 969
[2024-01-09T14:32:38.795-0300] {logging_mixin.py:188} INFO - 970
[2024-01-09T14:32:38.952-0300] {logging_mixin.py:188} INFO - 971
[2024-01-09T14:32:39.099-0300] {logging_mixin.py:188} INFO - 972
[2024-01-09T14:32:39.250-0300] {logging_mixin.py:188} INFO - 973
[2024-01-09T14:32:39.406-0300] {logging_mixin.py:188} INFO - 974
[2024-01-09T14:32:39.559-0300] {logging_mixin.py:188} INFO - 975
[2024-01-09T14:32:39.709-0300] {logging_mixin.py:188} INFO - 976
[2024-01-09T14:32:39.913-0300] {logging_mixin.py:188} INFO - 977
[2024-01-09T14:32:40.108-0300] {logging_mixin.py:188} INFO - 978
[2024-01-09T14:32:40.257-0300] {logging_mixin.py:188} INFO - 979
[2024-01-09T14:32:40.406-0300] {logging_mixin.py:188} INFO - 980
[2024-01-09T14:32:40.786-0300] {logging_mixin.py:188} INFO - 981
[2024-01-09T14:32:40.943-0300] {logging_mixin.py:188} INFO - 982
[2024-01-09T14:32:41.138-0300] {logging_mixin.py:188} INFO - 983
[2024-01-09T14:32:41.293-0300] {logging_mixin.py:188} INFO - 984
[2024-01-09T14:32:41.479-0300] {logging_mixin.py:188} INFO - 985
[2024-01-09T14:32:41.626-0300] {logging_mixin.py:188} INFO - 986
[2024-01-09T14:32:41.776-0300] {logging_mixin.py:188} INFO - 987
[2024-01-09T14:32:41.924-0300] {logging_mixin.py:188} INFO - 988
[2024-01-09T14:32:42.091-0300] {logging_mixin.py:188} INFO - 989
[2024-01-09T14:32:42.245-0300] {logging_mixin.py:188} INFO - 990
[2024-01-09T14:32:42.394-0300] {logging_mixin.py:188} INFO - 991
[2024-01-09T14:32:42.548-0300] {logging_mixin.py:188} INFO - 992
[2024-01-09T14:32:42.701-0300] {logging_mixin.py:188} INFO - 993
[2024-01-09T14:32:42.850-0300] {logging_mixin.py:188} INFO - 994
[2024-01-09T14:32:43.004-0300] {logging_mixin.py:188} INFO - 995
[2024-01-09T14:32:43.153-0300] {logging_mixin.py:188} INFO - 996
[2024-01-09T14:32:43.303-0300] {logging_mixin.py:188} INFO - 997
[2024-01-09T14:32:43.457-0300] {logging_mixin.py:188} INFO - 998
[2024-01-09T14:32:43.654-0300] {logging_mixin.py:188} INFO - 999
[2024-01-09T14:32:43.858-0300] {logging_mixin.py:188} INFO - 1000
[2024-01-09T14:32:44.188-0300] {logging_mixin.py:188} INFO - 1001
[2024-01-09T14:32:44.887-0300] {logging_mixin.py:188} INFO - 1002
[2024-01-09T14:32:45.039-0300] {logging_mixin.py:188} INFO - 1003
[2024-01-09T14:32:45.186-0300] {logging_mixin.py:188} INFO - 1004
[2024-01-09T14:32:45.350-0300] {logging_mixin.py:188} INFO - 1005
[2024-01-09T14:32:45.519-0300] {logging_mixin.py:188} INFO - 1006
[2024-01-09T14:32:45.671-0300] {logging_mixin.py:188} INFO - 1007
[2024-01-09T14:32:45.822-0300] {logging_mixin.py:188} INFO - 1008
[2024-01-09T14:32:45.975-0300] {logging_mixin.py:188} INFO - 1009
[2024-01-09T14:32:46.118-0300] {logging_mixin.py:188} INFO - 1010
[2024-01-09T14:32:46.270-0300] {logging_mixin.py:188} INFO - 1011
[2024-01-09T14:32:46.418-0300] {logging_mixin.py:188} INFO - 1012
[2024-01-09T14:32:46.580-0300] {logging_mixin.py:188} INFO - 1013
[2024-01-09T14:32:46.733-0300] {logging_mixin.py:188} INFO - 1014
[2024-01-09T14:32:46.882-0300] {logging_mixin.py:188} INFO - 1015
[2024-01-09T14:32:47.029-0300] {logging_mixin.py:188} INFO - 1016
[2024-01-09T14:32:47.182-0300] {logging_mixin.py:188} INFO - 1017
[2024-01-09T14:32:47.335-0300] {logging_mixin.py:188} INFO - 1018
[2024-01-09T14:32:47.494-0300] {logging_mixin.py:188} INFO - 1019
[2024-01-09T14:32:47.647-0300] {logging_mixin.py:188} INFO - 1020
[2024-01-09T14:32:48.008-0300] {logging_mixin.py:188} INFO - 1021
[2024-01-09T14:32:48.168-0300] {logging_mixin.py:188} INFO - 1022
[2024-01-09T14:32:48.316-0300] {logging_mixin.py:188} INFO - 1023
[2024-01-09T14:32:48.461-0300] {logging_mixin.py:188} INFO - 1024
[2024-01-09T14:32:48.613-0300] {logging_mixin.py:188} INFO - 1025
[2024-01-09T14:32:48.775-0300] {logging_mixin.py:188} INFO - 10001
[2024-01-09T14:32:48.939-0300] {logging_mixin.py:188} INFO - 10002
[2024-01-09T14:32:49.102-0300] {logging_mixin.py:188} INFO - 10003
[2024-01-09T14:32:49.254-0300] {logging_mixin.py:188} INFO - 10004
[2024-01-09T14:32:49.403-0300] {logging_mixin.py:188} INFO - 10005
[2024-01-09T14:32:49.574-0300] {logging_mixin.py:188} INFO - 10006
[2024-01-09T14:32:49.740-0300] {logging_mixin.py:188} INFO - 10007
[2024-01-09T14:32:49.935-0300] {logging_mixin.py:188} INFO - 10008
[2024-01-09T14:32:50.166-0300] {logging_mixin.py:188} INFO - 10009
[2024-01-09T14:32:50.362-0300] {logging_mixin.py:188} INFO - 10010
[2024-01-09T14:32:50.544-0300] {logging_mixin.py:188} INFO - 10011
[2024-01-09T14:32:50.695-0300] {logging_mixin.py:188} INFO - 10012
[2024-01-09T14:32:50.858-0300] {logging_mixin.py:188} INFO - 10013
[2024-01-09T14:32:51.010-0300] {logging_mixin.py:188} INFO - 10014
[2024-01-09T14:32:51.162-0300] {logging_mixin.py:188} INFO - 10015
[2024-01-09T14:32:51.466-0300] {logging_mixin.py:188} INFO - 10016
[2024-01-09T14:32:51.632-0300] {logging_mixin.py:188} INFO - 10017
[2024-01-09T14:32:51.900-0300] {logging_mixin.py:188} INFO - 10018
[2024-01-09T14:32:52.062-0300] {logging_mixin.py:188} INFO - 10019
[2024-01-09T14:32:52.210-0300] {logging_mixin.py:188} INFO - 10020
[2024-01-09T14:32:52.372-0300] {logging_mixin.py:188} INFO - 10021
[2024-01-09T14:32:52.522-0300] {logging_mixin.py:188} INFO - 10022
[2024-01-09T14:32:52.676-0300] {logging_mixin.py:188} INFO - 10023
[2024-01-09T14:32:52.835-0300] {logging_mixin.py:188} INFO - 10024
[2024-01-09T14:32:52.986-0300] {logging_mixin.py:188} INFO - 10025
[2024-01-09T14:32:53.134-0300] {logging_mixin.py:188} INFO - 10026
[2024-01-09T14:32:53.287-0300] {logging_mixin.py:188} INFO - 10027
[2024-01-09T14:32:53.439-0300] {logging_mixin.py:188} INFO - 10028
[2024-01-09T14:32:53.588-0300] {logging_mixin.py:188} INFO - 10029
[2024-01-09T14:32:53.758-0300] {logging_mixin.py:188} INFO - 10030
[2024-01-09T14:32:53.906-0300] {logging_mixin.py:188} INFO - 10031
[2024-01-09T14:32:54.064-0300] {logging_mixin.py:188} INFO - 10032
[2024-01-09T14:32:54.225-0300] {logging_mixin.py:188} INFO - 10033
[2024-01-09T14:32:54.384-0300] {logging_mixin.py:188} INFO - 10034
[2024-01-09T14:32:54.536-0300] {logging_mixin.py:188} INFO - 10035
[2024-01-09T14:32:54.851-0300] {logging_mixin.py:188} INFO - 10036
[2024-01-09T14:32:55.006-0300] {logging_mixin.py:188} INFO - 10037
[2024-01-09T14:32:55.160-0300] {logging_mixin.py:188} INFO - 10038
[2024-01-09T14:32:55.311-0300] {logging_mixin.py:188} INFO - 10039
[2024-01-09T14:32:55.467-0300] {logging_mixin.py:188} INFO - 10040
[2024-01-09T14:32:55.618-0300] {logging_mixin.py:188} INFO - 10041
[2024-01-09T14:32:55.766-0300] {logging_mixin.py:188} INFO - 10042
[2024-01-09T14:32:55.917-0300] {logging_mixin.py:188} INFO - 10043
[2024-01-09T14:32:56.067-0300] {logging_mixin.py:188} INFO - 10044
[2024-01-09T14:32:56.220-0300] {logging_mixin.py:188} INFO - 10045
[2024-01-09T14:32:56.373-0300] {logging_mixin.py:188} INFO - 10046
[2024-01-09T14:32:56.541-0300] {logging_mixin.py:188} INFO - 10047
[2024-01-09T14:32:56.715-0300] {logging_mixin.py:188} INFO - 10048
[2024-01-09T14:32:56.873-0300] {logging_mixin.py:188} INFO - 10049
[2024-01-09T14:32:57.028-0300] {logging_mixin.py:188} INFO - 10050
[2024-01-09T14:32:57.179-0300] {logging_mixin.py:188} INFO - 10051
[2024-01-09T14:32:57.331-0300] {logging_mixin.py:188} INFO - 10052
[2024-01-09T14:32:57.485-0300] {logging_mixin.py:188} INFO - 10053
[2024-01-09T14:32:57.638-0300] {logging_mixin.py:188} INFO - 10054
[2024-01-09T14:32:57.792-0300] {logging_mixin.py:188} INFO - 10055
[2024-01-09T14:32:58.093-0300] {logging_mixin.py:188} INFO - 10056
[2024-01-09T14:32:58.241-0300] {logging_mixin.py:188} INFO - 10057
[2024-01-09T14:32:58.436-0300] {logging_mixin.py:188} INFO - 10058
[2024-01-09T14:32:58.586-0300] {logging_mixin.py:188} INFO - 10059
[2024-01-09T14:32:58.821-0300] {logging_mixin.py:188} INFO - 10060
[2024-01-09T14:32:58.978-0300] {logging_mixin.py:188} INFO - 10061
[2024-01-09T14:32:59.169-0300] {logging_mixin.py:188} INFO - 10062
[2024-01-09T14:32:59.326-0300] {logging_mixin.py:188} INFO - 10063
[2024-01-09T14:32:59.484-0300] {logging_mixin.py:188} INFO - 10064
[2024-01-09T14:32:59.641-0300] {logging_mixin.py:188} INFO - 10065
[2024-01-09T14:32:59.798-0300] {logging_mixin.py:188} INFO - 10066
[2024-01-09T14:32:59.964-0300] {logging_mixin.py:188} INFO - 10067
[2024-01-09T14:33:00.117-0300] {logging_mixin.py:188} INFO - 10068
[2024-01-09T14:33:00.266-0300] {logging_mixin.py:188} INFO - 10069
[2024-01-09T14:33:00.465-0300] {logging_mixin.py:188} INFO - 10070
[2024-01-09T14:33:00.667-0300] {logging_mixin.py:188} INFO - 10071
[2024-01-09T14:33:00.815-0300] {logging_mixin.py:188} INFO - 10072
[2024-01-09T14:33:00.971-0300] {logging_mixin.py:188} INFO - 10073
[2024-01-09T14:33:01.121-0300] {logging_mixin.py:188} INFO - 10074
[2024-01-09T14:33:01.291-0300] {logging_mixin.py:188} INFO - 10075
[2024-01-09T14:33:01.648-0300] {logging_mixin.py:188} INFO - 10076
[2024-01-09T14:33:01.796-0300] {logging_mixin.py:188} INFO - 10077
[2024-01-09T14:33:01.944-0300] {logging_mixin.py:188} INFO - 10078
[2024-01-09T14:33:02.100-0300] {logging_mixin.py:188} INFO - 10079
[2024-01-09T14:33:02.255-0300] {logging_mixin.py:188} INFO - 10080
[2024-01-09T14:33:02.405-0300] {logging_mixin.py:188} INFO - 10081
[2024-01-09T14:33:02.588-0300] {logging_mixin.py:188} INFO - 10082
[2024-01-09T14:33:02.769-0300] {logging_mixin.py:188} INFO - 10083
[2024-01-09T14:33:02.919-0300] {logging_mixin.py:188} INFO - 10084
[2024-01-09T14:33:03.067-0300] {logging_mixin.py:188} INFO - 10085
[2024-01-09T14:33:03.223-0300] {logging_mixin.py:188} INFO - 10086
[2024-01-09T14:33:03.378-0300] {logging_mixin.py:188} INFO - 10087
[2024-01-09T14:33:03.529-0300] {logging_mixin.py:188} INFO - 10088
[2024-01-09T14:33:03.681-0300] {logging_mixin.py:188} INFO - 10089
[2024-01-09T14:33:03.845-0300] {logging_mixin.py:188} INFO - 10090
[2024-01-09T14:33:03.997-0300] {logging_mixin.py:188} INFO - 10091
[2024-01-09T14:33:04.146-0300] {logging_mixin.py:188} INFO - 10092
[2024-01-09T14:33:04.349-0300] {logging_mixin.py:188} INFO - 10093
[2024-01-09T14:33:04.503-0300] {logging_mixin.py:188} INFO - 10094
[2024-01-09T14:33:04.659-0300] {logging_mixin.py:188} INFO - 10095
[2024-01-09T14:33:04.966-0300] {logging_mixin.py:188} INFO - 10096
[2024-01-09T14:33:05.130-0300] {logging_mixin.py:188} INFO - 10097
[2024-01-09T14:33:05.279-0300] {logging_mixin.py:188} INFO - 10098
[2024-01-09T14:33:05.424-0300] {logging_mixin.py:188} INFO - 10099
[2024-01-09T14:33:05.590-0300] {logging_mixin.py:188} INFO - 10100
[2024-01-09T14:33:05.747-0300] {logging_mixin.py:188} INFO - 10101
[2024-01-09T14:33:05.898-0300] {logging_mixin.py:188} INFO - 10102
[2024-01-09T14:33:06.050-0300] {logging_mixin.py:188} INFO - 10103
[2024-01-09T14:33:06.203-0300] {logging_mixin.py:188} INFO - 10104
[2024-01-09T14:33:06.349-0300] {logging_mixin.py:188} INFO - 10105
[2024-01-09T14:33:06.497-0300] {logging_mixin.py:188} INFO - 10106
[2024-01-09T14:33:06.655-0300] {logging_mixin.py:188} INFO - 10107
[2024-01-09T14:33:06.852-0300] {logging_mixin.py:188} INFO - 10108
[2024-01-09T14:33:07.006-0300] {logging_mixin.py:188} INFO - 10109
[2024-01-09T14:33:07.171-0300] {logging_mixin.py:188} INFO - 10110
[2024-01-09T14:33:07.323-0300] {logging_mixin.py:188} INFO - 10111
[2024-01-09T14:33:07.524-0300] {logging_mixin.py:188} INFO - 10112
[2024-01-09T14:33:07.683-0300] {logging_mixin.py:188} INFO - 10113
[2024-01-09T14:33:07.833-0300] {logging_mixin.py:188} INFO - 10114
[2024-01-09T14:33:07.991-0300] {logging_mixin.py:188} INFO - 10115
[2024-01-09T14:33:08.327-0300] {logging_mixin.py:188} INFO - 10116
[2024-01-09T14:33:08.480-0300] {logging_mixin.py:188} INFO - 10117
[2024-01-09T14:33:08.640-0300] {logging_mixin.py:188} INFO - 10118
[2024-01-09T14:33:08.797-0300] {logging_mixin.py:188} INFO - 10119
[2024-01-09T14:33:08.960-0300] {logging_mixin.py:188} INFO - 10120
[2024-01-09T14:33:09.111-0300] {logging_mixin.py:188} INFO - 10121
[2024-01-09T14:33:09.272-0300] {logging_mixin.py:188} INFO - 10122
[2024-01-09T14:33:09.442-0300] {logging_mixin.py:188} INFO - 10123
[2024-01-09T14:33:09.590-0300] {logging_mixin.py:188} INFO - 10124
[2024-01-09T14:33:09.863-0300] {logging_mixin.py:188} INFO - 10125
[2024-01-09T14:33:10.027-0300] {logging_mixin.py:188} INFO - 10126
[2024-01-09T14:33:10.176-0300] {logging_mixin.py:188} INFO - 10127
[2024-01-09T14:33:10.325-0300] {logging_mixin.py:188} INFO - 10128
[2024-01-09T14:33:10.487-0300] {logging_mixin.py:188} INFO - 10129
[2024-01-09T14:33:10.639-0300] {logging_mixin.py:188} INFO - 10130
[2024-01-09T14:33:10.803-0300] {logging_mixin.py:188} INFO - 10131
[2024-01-09T14:33:10.951-0300] {logging_mixin.py:188} INFO - 10132
[2024-01-09T14:33:11.151-0300] {logging_mixin.py:188} INFO - 10133
[2024-01-09T14:33:11.303-0300] {logging_mixin.py:188} INFO - 10134
[2024-01-09T14:33:11.449-0300] {logging_mixin.py:188} INFO - 10135
[2024-01-09T14:33:11.760-0300] {logging_mixin.py:188} INFO - 10136
[2024-01-09T14:33:11.931-0300] {logging_mixin.py:188} INFO - 10137
[2024-01-09T14:33:12.080-0300] {logging_mixin.py:188} INFO - 10138
[2024-01-09T14:33:12.232-0300] {logging_mixin.py:188} INFO - 10139
[2024-01-09T14:33:12.380-0300] {logging_mixin.py:188} INFO - 10140
[2024-01-09T14:33:12.526-0300] {logging_mixin.py:188} INFO - 10141
[2024-01-09T14:33:12.688-0300] {logging_mixin.py:188} INFO - 10142
[2024-01-09T14:33:12.858-0300] {logging_mixin.py:188} INFO - 10143
[2024-01-09T14:33:13.014-0300] {logging_mixin.py:188} INFO - 10144
[2024-01-09T14:33:13.173-0300] {logging_mixin.py:188} INFO - 10145
[2024-01-09T14:33:13.330-0300] {logging_mixin.py:188} INFO - 10146
[2024-01-09T14:33:13.476-0300] {logging_mixin.py:188} INFO - 10147
[2024-01-09T14:33:13.628-0300] {logging_mixin.py:188} INFO - 10148
[2024-01-09T14:33:13.782-0300] {logging_mixin.py:188} INFO - 10149
[2024-01-09T14:33:13.984-0300] {logging_mixin.py:188} INFO - 10150
[2024-01-09T14:33:14.134-0300] {logging_mixin.py:188} INFO - 10151
[2024-01-09T14:33:14.286-0300] {logging_mixin.py:188} INFO - 10152
[2024-01-09T14:33:14.476-0300] {logging_mixin.py:188} INFO - 10153
[2024-01-09T14:33:14.621-0300] {logging_mixin.py:188} INFO - 10154
[2024-01-09T14:33:14.777-0300] {logging_mixin.py:188} INFO - 10155
[2024-01-09T14:33:15.103-0300] {logging_mixin.py:188} INFO - 10156
[2024-01-09T14:33:15.272-0300] {logging_mixin.py:188} INFO - 10157
[2024-01-09T14:33:15.421-0300] {logging_mixin.py:188} INFO - 10158
[2024-01-09T14:33:15.580-0300] {logging_mixin.py:188} INFO - 10159
[2024-01-09T14:33:15.729-0300] {logging_mixin.py:188} INFO - 10160
[2024-01-09T14:33:15.885-0300] {logging_mixin.py:188} INFO - 10161
[2024-01-09T14:33:16.031-0300] {logging_mixin.py:188} INFO - 10162
[2024-01-09T14:33:16.182-0300] {logging_mixin.py:188} INFO - 10163
[2024-01-09T14:33:16.332-0300] {logging_mixin.py:188} INFO - 10164
[2024-01-09T14:33:16.507-0300] {logging_mixin.py:188} INFO - 10165
[2024-01-09T14:33:16.679-0300] {logging_mixin.py:188} INFO - 10166
[2024-01-09T14:33:16.828-0300] {logging_mixin.py:188} INFO - 10167
[2024-01-09T14:33:16.997-0300] {logging_mixin.py:188} INFO - 10168
[2024-01-09T14:33:17.153-0300] {logging_mixin.py:188} INFO - 10169
[2024-01-09T14:33:17.303-0300] {logging_mixin.py:188} INFO - 10170
[2024-01-09T14:33:17.470-0300] {logging_mixin.py:188} INFO - 10171
[2024-01-09T14:33:17.656-0300] {logging_mixin.py:188} INFO - 10172
[2024-01-09T14:33:17.811-0300] {logging_mixin.py:188} INFO - 10173
[2024-01-09T14:33:17.962-0300] {logging_mixin.py:188} INFO - 10174
[2024-01-09T14:33:18.111-0300] {logging_mixin.py:188} INFO - 10175
[2024-01-09T14:33:18.420-0300] {logging_mixin.py:188} INFO - 10176
[2024-01-09T14:33:18.569-0300] {logging_mixin.py:188} INFO - 10177
[2024-01-09T14:33:18.724-0300] {logging_mixin.py:188} INFO - 10178
[2024-01-09T14:33:18.874-0300] {logging_mixin.py:188} INFO - 10179
[2024-01-09T14:33:19.042-0300] {logging_mixin.py:188} INFO - 10180
[2024-01-09T14:33:19.255-0300] {logging_mixin.py:188} INFO - 10181
[2024-01-09T14:33:19.403-0300] {logging_mixin.py:188} INFO - 10182
[2024-01-09T14:33:19.561-0300] {logging_mixin.py:188} INFO - 10183
[2024-01-09T14:33:19.773-0300] {logging_mixin.py:188} INFO - 10184
[2024-01-09T14:33:19.924-0300] {logging_mixin.py:188} INFO - 10185
[2024-01-09T14:33:20.077-0300] {logging_mixin.py:188} INFO - 10186
[2024-01-09T14:33:20.231-0300] {logging_mixin.py:188} INFO - 10187
[2024-01-09T14:33:20.383-0300] {logging_mixin.py:188} INFO - 10188
[2024-01-09T14:33:20.528-0300] {logging_mixin.py:188} INFO - 10189
[2024-01-09T14:33:20.675-0300] {logging_mixin.py:188} INFO - 10190
[2024-01-09T14:33:20.829-0300] {logging_mixin.py:188} INFO - 10191
[2024-01-09T14:33:20.975-0300] {logging_mixin.py:188} INFO - 10192
[2024-01-09T14:33:21.133-0300] {logging_mixin.py:188} INFO - 10193
[2024-01-09T14:33:21.288-0300] {logging_mixin.py:188} INFO - 10194
[2024-01-09T14:33:21.433-0300] {logging_mixin.py:188} INFO - 10195
[2024-01-09T14:33:21.751-0300] {logging_mixin.py:188} INFO - 10196
[2024-01-09T14:33:21.903-0300] {logging_mixin.py:188} INFO - 10197
[2024-01-09T14:33:22.099-0300] {logging_mixin.py:188} INFO - 10198
[2024-01-09T14:33:22.251-0300] {logging_mixin.py:188} INFO - 10199
[2024-01-09T14:33:22.406-0300] {logging_mixin.py:188} INFO - 10200
[2024-01-09T14:33:22.558-0300] {logging_mixin.py:188} INFO - 10201
[2024-01-09T14:33:22.726-0300] {logging_mixin.py:188} INFO - 10202
[2024-01-09T14:33:22.880-0300] {logging_mixin.py:188} INFO - 10203
[2024-01-09T14:33:23.034-0300] {logging_mixin.py:188} INFO - 10204
[2024-01-09T14:33:23.210-0300] {logging_mixin.py:188} INFO - 10205
[2024-01-09T14:33:23.381-0300] {logging_mixin.py:188} INFO - 10206
[2024-01-09T14:33:23.533-0300] {logging_mixin.py:188} INFO - 10207
[2024-01-09T14:33:23.685-0300] {logging_mixin.py:188} INFO - 10208
[2024-01-09T14:33:23.841-0300] {logging_mixin.py:188} INFO - 10209
[2024-01-09T14:33:23.993-0300] {logging_mixin.py:188} INFO - 10210
[2024-01-09T14:33:24.153-0300] {logging_mixin.py:188} INFO - 10211
[2024-01-09T14:33:24.320-0300] {logging_mixin.py:188} INFO - 10212
[2024-01-09T14:33:24.472-0300] {logging_mixin.py:188} INFO - 10213
[2024-01-09T14:33:24.628-0300] {logging_mixin.py:188} INFO - 10214
[2024-01-09T14:33:24.784-0300] {logging_mixin.py:188} INFO - 10215
[2024-01-09T14:33:25.095-0300] {logging_mixin.py:188} INFO - 10216
[2024-01-09T14:33:25.244-0300] {logging_mixin.py:188} INFO - 10217
[2024-01-09T14:33:25.399-0300] {logging_mixin.py:188} INFO - 10218
[2024-01-09T14:33:25.551-0300] {logging_mixin.py:188} INFO - 10219
[2024-01-09T14:33:25.701-0300] {logging_mixin.py:188} INFO - 10220
[2024-01-09T14:33:25.856-0300] {logging_mixin.py:188} INFO - 10221
[2024-01-09T14:33:26.019-0300] {logging_mixin.py:188} INFO - 10222
[2024-01-09T14:33:26.176-0300] {logging_mixin.py:188} INFO - 10223
[2024-01-09T14:33:26.325-0300] {logging_mixin.py:188} INFO - 10224
[2024-01-09T14:33:26.490-0300] {logging_mixin.py:188} INFO - 10225
[2024-01-09T14:33:26.636-0300] {logging_mixin.py:188} INFO - 10226
[2024-01-09T14:33:26.810-0300] {logging_mixin.py:188} INFO - 10227
[2024-01-09T14:33:26.963-0300] {logging_mixin.py:188} INFO - 10228
[2024-01-09T14:33:27.124-0300] {logging_mixin.py:188} INFO - 10229
[2024-01-09T14:33:27.272-0300] {logging_mixin.py:188} INFO - 10230
[2024-01-09T14:33:27.426-0300] {logging_mixin.py:188} INFO - 10231
[2024-01-09T14:33:27.578-0300] {logging_mixin.py:188} INFO - 10232
[2024-01-09T14:33:27.736-0300] {logging_mixin.py:188} INFO - 10233
[2024-01-09T14:33:27.887-0300] {logging_mixin.py:188} INFO - 10234
[2024-01-09T14:33:28.068-0300] {logging_mixin.py:188} INFO - 10235
[2024-01-09T14:33:28.368-0300] {logging_mixin.py:188} INFO - 10236
[2024-01-09T14:33:28.523-0300] {logging_mixin.py:188} INFO - 10237
[2024-01-09T14:33:28.677-0300] {logging_mixin.py:188} INFO - 10238
[2024-01-09T14:33:28.826-0300] {logging_mixin.py:188} INFO - 10239
[2024-01-09T14:33:28.986-0300] {logging_mixin.py:188} INFO - 10240
[2024-01-09T14:33:29.136-0300] {logging_mixin.py:188} INFO - 10241
[2024-01-09T14:33:29.286-0300] {logging_mixin.py:188} INFO - 10242
[2024-01-09T14:33:29.437-0300] {logging_mixin.py:188} INFO - 10243
[2024-01-09T14:33:29.584-0300] {logging_mixin.py:188} INFO - 10244
[2024-01-09T14:33:29.730-0300] {logging_mixin.py:188} INFO - 10245
[2024-01-09T14:33:29.888-0300] {logging_mixin.py:188} INFO - 10246
[2024-01-09T14:33:30.034-0300] {logging_mixin.py:188} INFO - 10247
[2024-01-09T14:33:30.187-0300] {logging_mixin.py:188} INFO - 10248
[2024-01-09T14:33:30.335-0300] {logging_mixin.py:188} INFO - 10249
[2024-01-09T14:33:30.558-0300] {logging_mixin.py:188} INFO - 10250
[2024-01-09T14:33:30.714-0300] {logging_mixin.py:188} INFO - 10251
[2024-01-09T14:33:30.928-0300] {logging_mixin.py:188} INFO - 10252
[2024-01-09T14:33:31.078-0300] {logging_mixin.py:188} INFO - 10253
[2024-01-09T14:33:31.228-0300] {logging_mixin.py:188} INFO - 10254
[2024-01-09T14:33:31.392-0300] {logging_mixin.py:188} INFO - 10255
[2024-01-09T14:33:31.707-0300] {logging_mixin.py:188} INFO - 10256
[2024-01-09T14:33:31.857-0300] {logging_mixin.py:188} INFO - 10257
[2024-01-09T14:33:32.006-0300] {logging_mixin.py:188} INFO - 10258
[2024-01-09T14:33:32.180-0300] {logging_mixin.py:188} INFO - 10259
[2024-01-09T14:33:32.341-0300] {logging_mixin.py:188} INFO - 10260
[2024-01-09T14:33:32.550-0300] {logging_mixin.py:188} INFO - 10261
[2024-01-09T14:33:32.713-0300] {logging_mixin.py:188} INFO - 10262
[2024-01-09T14:33:32.864-0300] {logging_mixin.py:188} INFO - 10263
[2024-01-09T14:33:33.040-0300] {logging_mixin.py:188} INFO - 10264
[2024-01-09T14:33:33.187-0300] {logging_mixin.py:188} INFO - 10265
[2024-01-09T14:33:33.347-0300] {logging_mixin.py:188} INFO - 10266
[2024-01-09T14:33:33.523-0300] {logging_mixin.py:188} INFO - 10267
[2024-01-09T14:33:33.680-0300] {logging_mixin.py:188} INFO - 10268
[2024-01-09T14:33:33.834-0300] {logging_mixin.py:188} INFO - 10269
[2024-01-09T14:33:33.986-0300] {logging_mixin.py:188} INFO - 10270
[2024-01-09T14:33:34.131-0300] {logging_mixin.py:188} INFO - 10271
[2024-01-09T14:33:34.307-0300] {logging_mixin.py:188} INFO - 10272
[2024-01-09T14:33:34.460-0300] {logging_mixin.py:188} INFO - 10273
[2024-01-09T14:33:34.607-0300] {logging_mixin.py:188} INFO - 10274
[2024-01-09T14:33:34.759-0300] {logging_mixin.py:188} INFO - 10275
[2024-01-09T14:33:35.052-0300] {logging_mixin.py:188} INFO - 10276
[2024-01-09T14:33:35.208-0300] {logging_mixin.py:188} INFO - 10277
[2024-01-09T14:33:35.208-0300] {logging_mixin.py:188} INFO - Salvando arquivo em:  pokemon_file.json
[2024-01-09T14:33:35.214-0300] {python.py:201} INFO - Done. Returned value was: None
[2024-01-09T14:33:35.217-0300] {taskinstance.py:1138} INFO - Marking task as SUCCESS. dag_id=pokemon_extraction, task_id=extract_pokemons, execution_date=20231214T100000, start_date=20240109T172935, end_date=20240109T173335
[2024-01-09T14:33:35.267-0300] {local_task_job_runner.py:234} INFO - Task exited with return code 0
[2024-01-09T14:33:35.276-0300] {taskinstance.py:3281} INFO - 0 downstream tasks scheduled from follow-on schedule check
