[2024-01-09T11:22:22.499-0300] {taskinstance.py:1957} INFO - Dependencies all met for dep_context=non-requeueable deps ti=<TaskInstance: pokemon_extraction.extract_pokemons scheduled__2023-12-14T10:00:00+00:00 [queued]>
[2024-01-09T11:22:22.503-0300] {taskinstance.py:1957} INFO - Dependencies all met for dep_context=requeueable deps ti=<TaskInstance: pokemon_extraction.extract_pokemons scheduled__2023-12-14T10:00:00+00:00 [queued]>
[2024-01-09T11:22:22.503-0300] {taskinstance.py:2171} INFO - Starting attempt 1 of 1
[2024-01-09T11:22:22.515-0300] {taskinstance.py:2192} INFO - Executing <Task(PythonOperator): extract_pokemons> on 2023-12-14 10:00:00+00:00
[2024-01-09T11:22:22.516-0300] {standard_task_runner.py:60} INFO - Started process 807 to run task
[2024-01-09T11:22:22.518-0300] {standard_task_runner.py:87} INFO - Running: ['airflow', 'tasks', 'run', 'pokemon_extraction', 'extract_pokemons', 'scheduled__2023-12-14T10:00:00+00:00', '--job-id', '288', '--raw', '--subdir', 'DAGS_FOLDER/pokemon_extraction.py', '--cfg-path', '/tmp/tmpbu2kcafz']
[2024-01-09T11:22:22.518-0300] {standard_task_runner.py:88} INFO - Job 288: Subtask extract_pokemons
[2024-01-09T11:22:22.538-0300] {task_command.py:423} INFO - Running <TaskInstance: pokemon_extraction.extract_pokemons scheduled__2023-12-14T10:00:00+00:00 [running]> on host LAPTOP-SB6KEOGH.
[2024-01-09T11:22:22.583-0300] {taskinstance.py:2481} INFO - Exporting env vars: AIRFLOW_CTX_DAG_OWNER='Brenda Schapievski' AIRFLOW_CTX_DAG_ID='pokemon_extraction' AIRFLOW_CTX_TASK_ID='extract_pokemons' AIRFLOW_CTX_EXECUTION_DATE='2023-12-14T10:00:00+00:00' AIRFLOW_CTX_TRY_NUMBER='1' AIRFLOW_CTX_DAG_RUN_ID='scheduled__2023-12-14T10:00:00+00:00'
[2024-01-09T11:22:22.900-0300] {logging_mixin.py:188} INFO - 1
[2024-01-09T11:22:23.058-0300] {logging_mixin.py:188} INFO - 2
[2024-01-09T11:22:23.224-0300] {logging_mixin.py:188} INFO - 3
[2024-01-09T11:22:23.374-0300] {logging_mixin.py:188} INFO - 4
[2024-01-09T11:22:23.528-0300] {logging_mixin.py:188} INFO - 5
[2024-01-09T11:22:23.689-0300] {logging_mixin.py:188} INFO - 6
[2024-01-09T11:22:23.840-0300] {logging_mixin.py:188} INFO - 7
[2024-01-09T11:22:24.016-0300] {logging_mixin.py:188} INFO - 8
[2024-01-09T11:22:24.171-0300] {logging_mixin.py:188} INFO - 9
[2024-01-09T11:22:24.330-0300] {logging_mixin.py:188} INFO - 10
[2024-01-09T11:22:24.490-0300] {logging_mixin.py:188} INFO - 11
[2024-01-09T11:22:24.645-0300] {logging_mixin.py:188} INFO - 12
[2024-01-09T11:22:24.800-0300] {logging_mixin.py:188} INFO - 13
[2024-01-09T11:22:24.960-0300] {logging_mixin.py:188} INFO - 14
[2024-01-09T11:22:25.184-0300] {logging_mixin.py:188} INFO - 15
[2024-01-09T11:22:25.413-0300] {logging_mixin.py:188} INFO - 16
[2024-01-09T11:22:25.579-0300] {logging_mixin.py:188} INFO - 17
[2024-01-09T11:22:25.727-0300] {logging_mixin.py:188} INFO - 18
[2024-01-09T11:22:25.877-0300] {logging_mixin.py:188} INFO - 19
[2024-01-09T11:22:26.037-0300] {logging_mixin.py:188} INFO - 20
[2024-01-09T11:22:26.341-0300] {logging_mixin.py:188} INFO - 21
[2024-01-09T11:22:26.489-0300] {logging_mixin.py:188} INFO - 22
[2024-01-09T11:22:26.641-0300] {logging_mixin.py:188} INFO - 23
[2024-01-09T11:22:26.812-0300] {logging_mixin.py:188} INFO - 24
[2024-01-09T11:22:26.968-0300] {logging_mixin.py:188} INFO - 25
[2024-01-09T11:22:27.116-0300] {logging_mixin.py:188} INFO - 26
[2024-01-09T11:22:27.264-0300] {logging_mixin.py:188} INFO - 27
[2024-01-09T11:22:27.417-0300] {logging_mixin.py:188} INFO - 28
[2024-01-09T11:22:27.572-0300] {logging_mixin.py:188} INFO - 29
[2024-01-09T11:22:27.720-0300] {logging_mixin.py:188} INFO - 30
[2024-01-09T11:22:27.879-0300] {logging_mixin.py:188} INFO - 31
[2024-01-09T11:22:28.030-0300] {logging_mixin.py:188} INFO - 32
[2024-01-09T11:22:28.193-0300] {logging_mixin.py:188} INFO - 33
[2024-01-09T11:22:28.349-0300] {logging_mixin.py:188} INFO - 34
[2024-01-09T11:22:28.506-0300] {logging_mixin.py:188} INFO - 35
[2024-01-09T11:22:28.653-0300] {logging_mixin.py:188} INFO - 36
[2024-01-09T11:22:28.804-0300] {logging_mixin.py:188} INFO - 37
[2024-01-09T11:22:28.962-0300] {logging_mixin.py:188} INFO - 38
[2024-01-09T11:22:29.119-0300] {logging_mixin.py:188} INFO - 39
[2024-01-09T11:22:29.271-0300] {logging_mixin.py:188} INFO - 40
[2024-01-09T11:22:29.576-0300] {logging_mixin.py:188} INFO - 41
[2024-01-09T11:22:29.730-0300] {logging_mixin.py:188} INFO - 42
[2024-01-09T11:22:29.892-0300] {logging_mixin.py:188} INFO - 43
[2024-01-09T11:22:30.052-0300] {logging_mixin.py:188} INFO - 44
[2024-01-09T11:22:30.199-0300] {logging_mixin.py:188} INFO - 45
[2024-01-09T11:22:30.351-0300] {logging_mixin.py:188} INFO - 46
[2024-01-09T11:22:30.506-0300] {logging_mixin.py:188} INFO - 47
[2024-01-09T11:22:30.654-0300] {logging_mixin.py:188} INFO - 48
[2024-01-09T11:22:30.813-0300] {logging_mixin.py:188} INFO - 49
[2024-01-09T11:22:30.964-0300] {logging_mixin.py:188} INFO - 50
[2024-01-09T11:22:31.122-0300] {logging_mixin.py:188} INFO - 51
[2024-01-09T11:22:31.276-0300] {logging_mixin.py:188} INFO - 52
[2024-01-09T11:22:31.429-0300] {logging_mixin.py:188} INFO - 53
[2024-01-09T11:22:31.577-0300] {logging_mixin.py:188} INFO - 54
[2024-01-09T11:22:31.808-0300] {logging_mixin.py:188} INFO - 55
[2024-01-09T11:22:31.968-0300] {logging_mixin.py:188} INFO - 56
[2024-01-09T11:22:32.118-0300] {logging_mixin.py:188} INFO - 57
[2024-01-09T11:22:32.274-0300] {logging_mixin.py:188} INFO - 58
[2024-01-09T11:22:32.426-0300] {logging_mixin.py:188} INFO - 59
[2024-01-09T11:22:32.657-0300] {logging_mixin.py:188} INFO - 60
[2024-01-09T11:22:32.953-0300] {logging_mixin.py:188} INFO - 61
[2024-01-09T11:22:33.114-0300] {logging_mixin.py:188} INFO - 62
[2024-01-09T11:22:33.276-0300] {logging_mixin.py:188} INFO - 63
[2024-01-09T11:22:33.422-0300] {logging_mixin.py:188} INFO - 64
[2024-01-09T11:22:33.606-0300] {logging_mixin.py:188} INFO - 65
[2024-01-09T11:22:33.764-0300] {logging_mixin.py:188} INFO - 66
[2024-01-09T11:22:33.923-0300] {logging_mixin.py:188} INFO - 67
[2024-01-09T11:22:34.079-0300] {logging_mixin.py:188} INFO - 68
[2024-01-09T11:22:34.230-0300] {logging_mixin.py:188} INFO - 69
[2024-01-09T11:22:34.385-0300] {logging_mixin.py:188} INFO - 70
[2024-01-09T11:22:34.543-0300] {logging_mixin.py:188} INFO - 71
[2024-01-09T11:22:34.693-0300] {logging_mixin.py:188} INFO - 72
[2024-01-09T11:22:34.870-0300] {logging_mixin.py:188} INFO - 73
[2024-01-09T11:22:35.021-0300] {logging_mixin.py:188} INFO - 74
[2024-01-09T11:22:35.181-0300] {logging_mixin.py:188} INFO - 75
[2024-01-09T11:22:35.337-0300] {logging_mixin.py:188} INFO - 76
[2024-01-09T11:22:35.500-0300] {logging_mixin.py:188} INFO - 77
[2024-01-09T11:22:35.653-0300] {logging_mixin.py:188} INFO - 78
[2024-01-09T11:22:35.805-0300] {logging_mixin.py:188} INFO - 79
[2024-01-09T11:22:36.005-0300] {logging_mixin.py:188} INFO - 80
[2024-01-09T11:22:36.323-0300] {logging_mixin.py:188} INFO - 81
[2024-01-09T11:22:36.506-0300] {logging_mixin.py:188} INFO - 82
[2024-01-09T11:22:36.727-0300] {logging_mixin.py:188} INFO - 83
[2024-01-09T11:22:36.883-0300] {logging_mixin.py:188} INFO - 84
[2024-01-09T11:22:37.040-0300] {logging_mixin.py:188} INFO - 85
[2024-01-09T11:22:37.205-0300] {logging_mixin.py:188} INFO - 86
[2024-01-09T11:22:37.354-0300] {logging_mixin.py:188} INFO - 87
[2024-01-09T11:22:37.546-0300] {logging_mixin.py:188} INFO - 88
[2024-01-09T11:22:37.703-0300] {logging_mixin.py:188} INFO - 89
[2024-01-09T11:22:37.853-0300] {logging_mixin.py:188} INFO - 90
[2024-01-09T11:22:38.018-0300] {logging_mixin.py:188} INFO - 91
[2024-01-09T11:22:38.170-0300] {logging_mixin.py:188} INFO - 92
[2024-01-09T11:22:38.345-0300] {logging_mixin.py:188} INFO - 93
[2024-01-09T11:22:38.502-0300] {logging_mixin.py:188} INFO - 94
[2024-01-09T11:22:38.655-0300] {logging_mixin.py:188} INFO - 95
[2024-01-09T11:22:38.805-0300] {logging_mixin.py:188} INFO - 96
[2024-01-09T11:22:38.962-0300] {logging_mixin.py:188} INFO - 97
[2024-01-09T11:22:39.112-0300] {logging_mixin.py:188} INFO - 98
[2024-01-09T11:22:39.302-0300] {logging_mixin.py:188} INFO - 99
[2024-01-09T11:22:39.453-0300] {logging_mixin.py:188} INFO - 100
[2024-01-09T11:22:39.763-0300] {logging_mixin.py:188} INFO - 101
[2024-01-09T11:22:39.921-0300] {logging_mixin.py:188} INFO - 102
[2024-01-09T11:22:40.074-0300] {logging_mixin.py:188} INFO - 103
[2024-01-09T11:22:40.325-0300] {logging_mixin.py:188} INFO - 104
[2024-01-09T11:22:40.478-0300] {logging_mixin.py:188} INFO - 105
[2024-01-09T11:22:40.628-0300] {logging_mixin.py:188} INFO - 106
[2024-01-09T11:22:40.782-0300] {logging_mixin.py:188} INFO - 107
[2024-01-09T11:22:40.934-0300] {logging_mixin.py:188} INFO - 108
[2024-01-09T11:22:41.088-0300] {logging_mixin.py:188} INFO - 109
[2024-01-09T11:22:41.275-0300] {logging_mixin.py:188} INFO - 110
[2024-01-09T11:22:41.443-0300] {logging_mixin.py:188} INFO - 111
[2024-01-09T11:22:41.602-0300] {logging_mixin.py:188} INFO - 112
[2024-01-09T11:22:41.754-0300] {logging_mixin.py:188} INFO - 113
[2024-01-09T11:22:41.907-0300] {logging_mixin.py:188} INFO - 114
[2024-01-09T11:22:42.057-0300] {logging_mixin.py:188} INFO - 115
[2024-01-09T11:22:42.221-0300] {logging_mixin.py:188} INFO - 116
[2024-01-09T11:22:42.369-0300] {logging_mixin.py:188} INFO - 117
[2024-01-09T11:22:42.521-0300] {logging_mixin.py:188} INFO - 118
[2024-01-09T11:22:42.669-0300] {logging_mixin.py:188} INFO - 119
[2024-01-09T11:22:42.821-0300] {logging_mixin.py:188} INFO - 120
[2024-01-09T11:22:43.120-0300] {logging_mixin.py:188} INFO - 121
[2024-01-09T11:22:43.313-0300] {logging_mixin.py:188} INFO - 122
[2024-01-09T11:22:43.461-0300] {logging_mixin.py:188} INFO - 123
[2024-01-09T11:22:43.617-0300] {logging_mixin.py:188} INFO - 124
[2024-01-09T11:22:43.770-0300] {logging_mixin.py:188} INFO - 125
[2024-01-09T11:22:43.923-0300] {logging_mixin.py:188} INFO - 126
[2024-01-09T11:22:44.076-0300] {logging_mixin.py:188} INFO - 127
[2024-01-09T11:22:44.227-0300] {logging_mixin.py:188} INFO - 128
[2024-01-09T11:22:44.374-0300] {logging_mixin.py:188} INFO - 129
[2024-01-09T11:22:44.526-0300] {logging_mixin.py:188} INFO - 130
[2024-01-09T11:22:44.678-0300] {logging_mixin.py:188} INFO - 131
[2024-01-09T11:22:44.824-0300] {logging_mixin.py:188} INFO - 132
[2024-01-09T11:22:44.977-0300] {logging_mixin.py:188} INFO - 133
[2024-01-09T11:22:45.126-0300] {logging_mixin.py:188} INFO - 134
[2024-01-09T11:22:45.285-0300] {logging_mixin.py:188} INFO - 135
[2024-01-09T11:22:45.435-0300] {logging_mixin.py:188} INFO - 136
[2024-01-09T11:22:45.604-0300] {logging_mixin.py:188} INFO - 137
[2024-01-09T11:22:45.756-0300] {logging_mixin.py:188} INFO - 138
[2024-01-09T11:22:45.909-0300] {logging_mixin.py:188} INFO - 139
[2024-01-09T11:22:46.064-0300] {logging_mixin.py:188} INFO - 140
[2024-01-09T11:22:46.408-0300] {logging_mixin.py:188} INFO - 141
[2024-01-09T11:22:46.584-0300] {logging_mixin.py:188} INFO - 142
[2024-01-09T11:22:46.735-0300] {logging_mixin.py:188} INFO - 143
[2024-01-09T11:22:47.150-0300] {logging_mixin.py:188} INFO - 144
[2024-01-09T11:22:47.712-0300] {logging_mixin.py:188} INFO - 145
[2024-01-09T11:22:48.189-0300] {logging_mixin.py:188} INFO - 146
[2024-01-09T11:22:48.558-0300] {logging_mixin.py:188} INFO - 147
[2024-01-09T11:22:48.937-0300] {logging_mixin.py:188} INFO - 148
[2024-01-09T11:22:49.534-0300] {logging_mixin.py:188} INFO - 149
[2024-01-09T11:22:50.058-0300] {logging_mixin.py:188} INFO - 150
[2024-01-09T11:22:50.386-0300] {logging_mixin.py:188} INFO - 151
[2024-01-09T11:22:50.553-0300] {logging_mixin.py:188} INFO - 152
[2024-01-09T11:22:50.770-0300] {logging_mixin.py:188} INFO - 153
[2024-01-09T11:22:50.918-0300] {logging_mixin.py:188} INFO - 154
[2024-01-09T11:22:51.092-0300] {logging_mixin.py:188} INFO - 155
