[2024-01-09T14:41:17.382-0300] {taskinstance.py:1957} INFO - Dependencies all met for dep_context=non-requeueable deps ti=<TaskInstance: pokemon_extraction.extract_pokemons scheduled__2023-12-17T10:00:00+00:00 [queued]>
[2024-01-09T14:41:17.386-0300] {taskinstance.py:1957} INFO - Dependencies all met for dep_context=requeueable deps ti=<TaskInstance: pokemon_extraction.extract_pokemons scheduled__2023-12-17T10:00:00+00:00 [queued]>
[2024-01-09T14:41:17.386-0300] {taskinstance.py:2171} INFO - Starting attempt 1 of 1
[2024-01-09T14:41:17.397-0300] {taskinstance.py:2192} INFO - Executing <Task(PythonOperator): extract_pokemons> on 2023-12-17 10:00:00+00:00
[2024-01-09T14:41:17.398-0300] {standard_task_runner.py:60} INFO - Started process 785 to run task
[2024-01-09T14:41:17.400-0300] {standard_task_runner.py:87} INFO - Running: ['airflow', 'tasks', 'run', 'pokemon_extraction', 'extract_pokemons', 'scheduled__2023-12-17T10:00:00+00:00', '--job-id', '293', '--raw', '--subdir', 'DAGS_FOLDER/pokemon_extraction.py', '--cfg-path', '/tmp/tmprcahqwg_']
[2024-01-09T14:41:17.401-0300] {standard_task_runner.py:88} INFO - Job 293: Subtask extract_pokemons
[2024-01-09T14:41:17.422-0300] {task_command.py:423} INFO - Running <TaskInstance: pokemon_extraction.extract_pokemons scheduled__2023-12-17T10:00:00+00:00 [running]> on host LAPTOP-SB6KEOGH.
[2024-01-09T14:41:17.468-0300] {taskinstance.py:2481} INFO - Exporting env vars: AIRFLOW_CTX_DAG_OWNER='Brenda Schapievski' AIRFLOW_CTX_DAG_ID='pokemon_extraction' AIRFLOW_CTX_TASK_ID='extract_pokemons' AIRFLOW_CTX_EXECUTION_DATE='2023-12-17T10:00:00+00:00' AIRFLOW_CTX_TRY_NUMBER='1' AIRFLOW_CTX_DAG_RUN_ID='scheduled__2023-12-17T10:00:00+00:00'
[2024-01-09T14:41:17.772-0300] {logging_mixin.py:188} INFO - 1
[2024-01-09T14:41:17.927-0300] {logging_mixin.py:188} INFO - 2
[2024-01-09T14:41:18.086-0300] {logging_mixin.py:188} INFO - 3
[2024-01-09T14:41:18.238-0300] {logging_mixin.py:188} INFO - 4
[2024-01-09T14:41:18.388-0300] {logging_mixin.py:188} INFO - 5
[2024-01-09T14:41:18.541-0300] {logging_mixin.py:188} INFO - 6
[2024-01-09T14:41:18.694-0300] {logging_mixin.py:188} INFO - 7
[2024-01-09T14:41:18.847-0300] {logging_mixin.py:188} INFO - 8
[2024-01-09T14:41:18.997-0300] {logging_mixin.py:188} INFO - 9
[2024-01-09T14:41:19.196-0300] {logging_mixin.py:188} INFO - 10
[2024-01-09T14:41:19.343-0300] {logging_mixin.py:188} INFO - 11
[2024-01-09T14:41:19.508-0300] {logging_mixin.py:188} INFO - 12
[2024-01-09T14:41:19.670-0300] {logging_mixin.py:188} INFO - 13
[2024-01-09T14:41:19.824-0300] {logging_mixin.py:188} INFO - 14
[2024-01-09T14:41:19.981-0300] {logging_mixin.py:188} INFO - 15
[2024-01-09T14:41:20.170-0300] {logging_mixin.py:188} INFO - 16
[2024-01-09T14:41:20.322-0300] {logging_mixin.py:188} INFO - 17
[2024-01-09T14:41:20.553-0300] {logging_mixin.py:188} INFO - 18
[2024-01-09T14:41:20.700-0300] {logging_mixin.py:188} INFO - 19
[2024-01-09T14:41:21.367-0300] {logging_mixin.py:188} INFO - 20
[2024-01-09T14:41:21.669-0300] {logging_mixin.py:188} INFO - 21
[2024-01-09T14:41:21.820-0300] {logging_mixin.py:188} INFO - 22
[2024-01-09T14:41:22.007-0300] {logging_mixin.py:188} INFO - 23
[2024-01-09T14:41:22.181-0300] {logging_mixin.py:188} INFO - 24
[2024-01-09T14:41:22.331-0300] {logging_mixin.py:188} INFO - 25
[2024-01-09T14:41:22.483-0300] {logging_mixin.py:188} INFO - 26
[2024-01-09T14:41:22.654-0300] {logging_mixin.py:188} INFO - 27
[2024-01-09T14:41:22.806-0300] {logging_mixin.py:188} INFO - 28
[2024-01-09T14:41:22.955-0300] {logging_mixin.py:188} INFO - 29
[2024-01-09T14:41:23.103-0300] {logging_mixin.py:188} INFO - 30
[2024-01-09T14:41:23.257-0300] {logging_mixin.py:188} INFO - 31
[2024-01-09T14:41:23.406-0300] {logging_mixin.py:188} INFO - 32
[2024-01-09T14:41:23.566-0300] {logging_mixin.py:188} INFO - 33
[2024-01-09T14:41:23.749-0300] {logging_mixin.py:188} INFO - 34
[2024-01-09T14:41:23.902-0300] {logging_mixin.py:188} INFO - 35
[2024-01-09T14:41:24.079-0300] {logging_mixin.py:188} INFO - 36
[2024-01-09T14:41:24.241-0300] {logging_mixin.py:188} INFO - 37
[2024-01-09T14:41:24.392-0300] {logging_mixin.py:188} INFO - 38
[2024-01-09T14:41:24.590-0300] {logging_mixin.py:188} INFO - 39
[2024-01-09T14:41:24.749-0300] {logging_mixin.py:188} INFO - 40
[2024-01-09T14:41:25.056-0300] {logging_mixin.py:188} INFO - 41
[2024-01-09T14:41:25.204-0300] {logging_mixin.py:188} INFO - 42
[2024-01-09T14:41:25.356-0300] {logging_mixin.py:188} INFO - 43
[2024-01-09T14:41:25.513-0300] {logging_mixin.py:188} INFO - 44
[2024-01-09T14:41:25.665-0300] {logging_mixin.py:188} INFO - 45
[2024-01-09T14:41:25.819-0300] {logging_mixin.py:188} INFO - 46
[2024-01-09T14:41:26.002-0300] {logging_mixin.py:188} INFO - 47
[2024-01-09T14:41:26.153-0300] {logging_mixin.py:188} INFO - 48
[2024-01-09T14:41:26.305-0300] {logging_mixin.py:188} INFO - 49
[2024-01-09T14:41:26.467-0300] {logging_mixin.py:188} INFO - 50
[2024-01-09T14:41:26.623-0300] {logging_mixin.py:188} INFO - 51
[2024-01-09T14:41:26.778-0300] {logging_mixin.py:188} INFO - 52
[2024-01-09T14:41:26.930-0300] {logging_mixin.py:188} INFO - 53
[2024-01-09T14:41:27.085-0300] {logging_mixin.py:188} INFO - 54
[2024-01-09T14:41:27.238-0300] {logging_mixin.py:188} INFO - 55
[2024-01-09T14:41:27.391-0300] {logging_mixin.py:188} INFO - 56
[2024-01-09T14:41:27.550-0300] {logging_mixin.py:188} INFO - 57
[2024-01-09T14:41:27.717-0300] {logging_mixin.py:188} INFO - 58
[2024-01-09T14:41:27.866-0300] {logging_mixin.py:188} INFO - 59
[2024-01-09T14:41:28.019-0300] {logging_mixin.py:188} INFO - 60
[2024-01-09T14:41:28.320-0300] {logging_mixin.py:188} INFO - 61
[2024-01-09T14:41:28.519-0300] {logging_mixin.py:188} INFO - 62
[2024-01-09T14:41:28.678-0300] {logging_mixin.py:188} INFO - 63
[2024-01-09T14:41:28.893-0300] {logging_mixin.py:188} INFO - 64
[2024-01-09T14:41:29.050-0300] {logging_mixin.py:188} INFO - 65
[2024-01-09T14:41:29.201-0300] {logging_mixin.py:188} INFO - 66
[2024-01-09T14:41:29.354-0300] {logging_mixin.py:188} INFO - 67
[2024-01-09T14:41:29.542-0300] {logging_mixin.py:188} INFO - 68
[2024-01-09T14:41:29.695-0300] {logging_mixin.py:188} INFO - 69
[2024-01-09T14:41:29.846-0300] {logging_mixin.py:188} INFO - 70
[2024-01-09T14:41:30.016-0300] {logging_mixin.py:188} INFO - 71
[2024-01-09T14:41:30.171-0300] {logging_mixin.py:188} INFO - 72
[2024-01-09T14:41:30.327-0300] {logging_mixin.py:188} INFO - 73
[2024-01-09T14:41:30.477-0300] {logging_mixin.py:188} INFO - 74
[2024-01-09T14:41:30.628-0300] {logging_mixin.py:188} INFO - 75
[2024-01-09T14:41:31.276-0300] {logging_mixin.py:188} INFO - 76
[2024-01-09T14:41:31.425-0300] {logging_mixin.py:188} INFO - 77
[2024-01-09T14:41:32.013-0300] {logging_mixin.py:188} INFO - 78
[2024-01-09T14:41:32.172-0300] {logging_mixin.py:188} INFO - 79
[2024-01-09T14:41:32.323-0300] {logging_mixin.py:188} INFO - 80
[2024-01-09T14:41:32.690-0300] {logging_mixin.py:188} INFO - 81
[2024-01-09T14:41:32.847-0300] {logging_mixin.py:188} INFO - 82
[2024-01-09T14:41:33.002-0300] {logging_mixin.py:188} INFO - 83
[2024-01-09T14:41:33.155-0300] {logging_mixin.py:188} INFO - 84
[2024-01-09T14:41:33.316-0300] {logging_mixin.py:188} INFO - 85
[2024-01-09T14:41:33.473-0300] {logging_mixin.py:188} INFO - 86
[2024-01-09T14:41:33.628-0300] {logging_mixin.py:188} INFO - 87
[2024-01-09T14:41:33.781-0300] {logging_mixin.py:188} INFO - 88
[2024-01-09T14:41:33.938-0300] {logging_mixin.py:188} INFO - 89
[2024-01-09T14:41:34.099-0300] {logging_mixin.py:188} INFO - 90
[2024-01-09T14:41:34.254-0300] {logging_mixin.py:188} INFO - 91
[2024-01-09T14:41:34.406-0300] {logging_mixin.py:188} INFO - 92
[2024-01-09T14:41:34.576-0300] {logging_mixin.py:188} INFO - 93
[2024-01-09T14:41:34.732-0300] {logging_mixin.py:188} INFO - 94
[2024-01-09T14:41:34.891-0300] {logging_mixin.py:188} INFO - 95
[2024-01-09T14:41:35.040-0300] {logging_mixin.py:188} INFO - 96
[2024-01-09T14:41:35.225-0300] {logging_mixin.py:188} INFO - 97
[2024-01-09T14:41:35.380-0300] {logging_mixin.py:188} INFO - 98
[2024-01-09T14:41:35.531-0300] {logging_mixin.py:188} INFO - 99
[2024-01-09T14:41:35.686-0300] {logging_mixin.py:188} INFO - 100
[2024-01-09T14:41:36.014-0300] {logging_mixin.py:188} INFO - 101
[2024-01-09T14:41:36.163-0300] {logging_mixin.py:188} INFO - 102
[2024-01-09T14:41:36.311-0300] {logging_mixin.py:188} INFO - 103
[2024-01-09T14:41:36.467-0300] {logging_mixin.py:188} INFO - 104
[2024-01-09T14:41:36.629-0300] {logging_mixin.py:188} INFO - 105
[2024-01-09T14:41:36.779-0300] {logging_mixin.py:188} INFO - 106
[2024-01-09T14:41:36.929-0300] {logging_mixin.py:188} INFO - 107
[2024-01-09T14:41:37.120-0300] {logging_mixin.py:188} INFO - 108
[2024-01-09T14:41:37.275-0300] {logging_mixin.py:188} INFO - 109
[2024-01-09T14:41:37.440-0300] {logging_mixin.py:188} INFO - 110
[2024-01-09T14:41:37.590-0300] {logging_mixin.py:188} INFO - 111
[2024-01-09T14:41:37.749-0300] {logging_mixin.py:188} INFO - 112
[2024-01-09T14:41:37.900-0300] {logging_mixin.py:188} INFO - 113
[2024-01-09T14:41:38.054-0300] {logging_mixin.py:188} INFO - 114
[2024-01-09T14:41:38.206-0300] {logging_mixin.py:188} INFO - 115
[2024-01-09T14:41:38.362-0300] {logging_mixin.py:188} INFO - 116
[2024-01-09T14:41:38.511-0300] {logging_mixin.py:188} INFO - 117
[2024-01-09T14:41:38.659-0300] {logging_mixin.py:188} INFO - 118
[2024-01-09T14:41:38.817-0300] {logging_mixin.py:188} INFO - 119
[2024-01-09T14:41:38.969-0300] {logging_mixin.py:188} INFO - 120
[2024-01-09T14:41:39.333-0300] {logging_mixin.py:188} INFO - 121
[2024-01-09T14:41:39.484-0300] {logging_mixin.py:188} INFO - 122
[2024-01-09T14:41:39.636-0300] {logging_mixin.py:188} INFO - 123
[2024-01-09T14:41:39.810-0300] {logging_mixin.py:188} INFO - 124
[2024-01-09T14:41:39.961-0300] {logging_mixin.py:188} INFO - 125
[2024-01-09T14:41:40.110-0300] {logging_mixin.py:188} INFO - 126
[2024-01-09T14:41:40.259-0300] {logging_mixin.py:188} INFO - 127
[2024-01-09T14:41:40.413-0300] {logging_mixin.py:188} INFO - 128
[2024-01-09T14:41:40.562-0300] {logging_mixin.py:188} INFO - 129
[2024-01-09T14:41:40.714-0300] {logging_mixin.py:188} INFO - 130
[2024-01-09T14:41:40.864-0300] {logging_mixin.py:188} INFO - 131
[2024-01-09T14:41:41.028-0300] {logging_mixin.py:188} INFO - 132
[2024-01-09T14:41:41.188-0300] {logging_mixin.py:188} INFO - 133
[2024-01-09T14:41:41.349-0300] {logging_mixin.py:188} INFO - 134
[2024-01-09T14:41:41.504-0300] {logging_mixin.py:188} INFO - 135
[2024-01-09T14:41:41.655-0300] {logging_mixin.py:188} INFO - 136
[2024-01-09T14:41:41.830-0300] {logging_mixin.py:188} INFO - 137
[2024-01-09T14:41:41.986-0300] {logging_mixin.py:188} INFO - 138
[2024-01-09T14:41:42.141-0300] {logging_mixin.py:188} INFO - 139
[2024-01-09T14:41:42.295-0300] {logging_mixin.py:188} INFO - 140
[2024-01-09T14:41:42.613-0300] {logging_mixin.py:188} INFO - 141
[2024-01-09T14:41:42.779-0300] {logging_mixin.py:188} INFO - 142
[2024-01-09T14:41:42.933-0300] {logging_mixin.py:188} INFO - 143
[2024-01-09T14:41:43.084-0300] {logging_mixin.py:188} INFO - 144
[2024-01-09T14:41:43.235-0300] {logging_mixin.py:188} INFO - 145
[2024-01-09T14:41:43.387-0300] {logging_mixin.py:188} INFO - 146
[2024-01-09T14:41:43.542-0300] {logging_mixin.py:188} INFO - 147
[2024-01-09T14:41:43.693-0300] {logging_mixin.py:188} INFO - 148
[2024-01-09T14:41:43.844-0300] {logging_mixin.py:188} INFO - 149
[2024-01-09T14:41:44.067-0300] {logging_mixin.py:188} INFO - 150
[2024-01-09T14:41:44.240-0300] {logging_mixin.py:188} INFO - 151
[2024-01-09T14:41:44.397-0300] {logging_mixin.py:188} INFO - 152
[2024-01-09T14:41:44.550-0300] {logging_mixin.py:188} INFO - 153
[2024-01-09T14:41:44.740-0300] {logging_mixin.py:188} INFO - 154
[2024-01-09T14:41:44.893-0300] {logging_mixin.py:188} INFO - 155
[2024-01-09T14:41:45.048-0300] {logging_mixin.py:188} INFO - 156
[2024-01-09T14:41:45.200-0300] {logging_mixin.py:188} INFO - 157
[2024-01-09T14:41:45.371-0300] {logging_mixin.py:188} INFO - 158
[2024-01-09T14:41:45.542-0300] {logging_mixin.py:188} INFO - 159
[2024-01-09T14:41:45.694-0300] {logging_mixin.py:188} INFO - 160
[2024-01-09T14:41:45.992-0300] {logging_mixin.py:188} INFO - 161
[2024-01-09T14:41:46.148-0300] {logging_mixin.py:188} INFO - 162
[2024-01-09T14:41:46.301-0300] {logging_mixin.py:188} INFO - 163
[2024-01-09T14:41:46.452-0300] {logging_mixin.py:188} INFO - 164
[2024-01-09T14:41:46.605-0300] {logging_mixin.py:188} INFO - 165
[2024-01-09T14:41:46.763-0300] {logging_mixin.py:188} INFO - 166
[2024-01-09T14:41:46.911-0300] {logging_mixin.py:188} INFO - 167
[2024-01-09T14:41:47.059-0300] {logging_mixin.py:188} INFO - 168
[2024-01-09T14:41:47.209-0300] {logging_mixin.py:188} INFO - 169
[2024-01-09T14:41:47.360-0300] {logging_mixin.py:188} INFO - 170
[2024-01-09T14:41:47.510-0300] {logging_mixin.py:188} INFO - 171
[2024-01-09T14:41:47.668-0300] {logging_mixin.py:188} INFO - 172
[2024-01-09T14:41:47.822-0300] {logging_mixin.py:188} INFO - 173
[2024-01-09T14:41:47.974-0300] {logging_mixin.py:188} INFO - 174
[2024-01-09T14:41:48.132-0300] {logging_mixin.py:188} INFO - 175
[2024-01-09T14:41:48.283-0300] {logging_mixin.py:188} INFO - 176
[2024-01-09T14:41:48.449-0300] {logging_mixin.py:188} INFO - 177
[2024-01-09T14:41:48.609-0300] {logging_mixin.py:188} INFO - 178
[2024-01-09T14:41:48.761-0300] {logging_mixin.py:188} INFO - 179
[2024-01-09T14:41:48.914-0300] {logging_mixin.py:188} INFO - 180
[2024-01-09T14:41:49.222-0300] {logging_mixin.py:188} INFO - 181
[2024-01-09T14:41:49.376-0300] {logging_mixin.py:188} INFO - 182
[2024-01-09T14:41:49.552-0300] {logging_mixin.py:188} INFO - 183
[2024-01-09T14:41:49.708-0300] {logging_mixin.py:188} INFO - 184
[2024-01-09T14:41:49.871-0300] {logging_mixin.py:188} INFO - 185
[2024-01-09T14:41:50.028-0300] {logging_mixin.py:188} INFO - 186
[2024-01-09T14:41:50.175-0300] {logging_mixin.py:188} INFO - 187
[2024-01-09T14:41:50.326-0300] {logging_mixin.py:188} INFO - 188
[2024-01-09T14:41:50.476-0300] {logging_mixin.py:188} INFO - 189
[2024-01-09T14:41:50.635-0300] {logging_mixin.py:188} INFO - 190
[2024-01-09T14:41:50.807-0300] {logging_mixin.py:188} INFO - 191
[2024-01-09T14:41:50.963-0300] {logging_mixin.py:188} INFO - 192
[2024-01-09T14:41:51.118-0300] {logging_mixin.py:188} INFO - 193
[2024-01-09T14:41:51.271-0300] {logging_mixin.py:188} INFO - 194
[2024-01-09T14:41:51.426-0300] {logging_mixin.py:188} INFO - 195
[2024-01-09T14:41:51.585-0300] {logging_mixin.py:188} INFO - 196
[2024-01-09T14:41:51.736-0300] {logging_mixin.py:188} INFO - 197
[2024-01-09T14:41:51.899-0300] {logging_mixin.py:188} INFO - 198
[2024-01-09T14:41:52.051-0300] {logging_mixin.py:188} INFO - 199
[2024-01-09T14:41:52.235-0300] {logging_mixin.py:188} INFO - 200
[2024-01-09T14:41:52.541-0300] {logging_mixin.py:188} INFO - 201
[2024-01-09T14:41:52.695-0300] {logging_mixin.py:188} INFO - 202
[2024-01-09T14:41:52.847-0300] {logging_mixin.py:188} INFO - 203
[2024-01-09T14:41:53.004-0300] {logging_mixin.py:188} INFO - 204
[2024-01-09T14:41:53.177-0300] {logging_mixin.py:188} INFO - 205
[2024-01-09T14:41:53.330-0300] {logging_mixin.py:188} INFO - 206
[2024-01-09T14:41:53.485-0300] {logging_mixin.py:188} INFO - 207
[2024-01-09T14:41:53.636-0300] {logging_mixin.py:188} INFO - 208
[2024-01-09T14:41:53.785-0300] {logging_mixin.py:188} INFO - 209
[2024-01-09T14:41:53.938-0300] {logging_mixin.py:188} INFO - 210
[2024-01-09T14:41:54.093-0300] {logging_mixin.py:188} INFO - 211
[2024-01-09T14:41:54.248-0300] {logging_mixin.py:188} INFO - 212
[2024-01-09T14:41:54.397-0300] {logging_mixin.py:188} INFO - 213
[2024-01-09T14:41:54.550-0300] {logging_mixin.py:188} INFO - 214
[2024-01-09T14:41:54.702-0300] {logging_mixin.py:188} INFO - 215
[2024-01-09T14:41:54.857-0300] {logging_mixin.py:188} INFO - 216
[2024-01-09T14:41:55.069-0300] {logging_mixin.py:188} INFO - 217
[2024-01-09T14:41:55.219-0300] {logging_mixin.py:188} INFO - 218
[2024-01-09T14:41:55.502-0300] {logging_mixin.py:188} INFO - 219
[2024-01-09T14:41:55.661-0300] {logging_mixin.py:188} INFO - 220
[2024-01-09T14:41:56.025-0300] {logging_mixin.py:188} INFO - 221
[2024-01-09T14:41:56.232-0300] {logging_mixin.py:188} INFO - 222
[2024-01-09T14:41:56.380-0300] {logging_mixin.py:188} INFO - 223
[2024-01-09T14:41:56.540-0300] {logging_mixin.py:188} INFO - 224
[2024-01-09T14:41:56.690-0300] {logging_mixin.py:188} INFO - 225
[2024-01-09T14:41:56.837-0300] {logging_mixin.py:188} INFO - 226
[2024-01-09T14:41:56.992-0300] {logging_mixin.py:188} INFO - 227
[2024-01-09T14:41:57.153-0300] {logging_mixin.py:188} INFO - 228
[2024-01-09T14:41:57.310-0300] {logging_mixin.py:188} INFO - 229
[2024-01-09T14:41:57.459-0300] {logging_mixin.py:188} INFO - 230
[2024-01-09T14:41:57.612-0300] {logging_mixin.py:188} INFO - 231
[2024-01-09T14:41:57.766-0300] {logging_mixin.py:188} INFO - 232
[2024-01-09T14:41:57.913-0300] {logging_mixin.py:188} INFO - 233
[2024-01-09T14:41:58.068-0300] {logging_mixin.py:188} INFO - 234
[2024-01-09T14:41:58.226-0300] {logging_mixin.py:188} INFO - 235
[2024-01-09T14:41:58.398-0300] {logging_mixin.py:188} INFO - 236
[2024-01-09T14:41:58.549-0300] {logging_mixin.py:188} INFO - 237
[2024-01-09T14:41:58.705-0300] {logging_mixin.py:188} INFO - 238
[2024-01-09T14:41:58.862-0300] {logging_mixin.py:188} INFO - 239
[2024-01-09T14:41:59.020-0300] {logging_mixin.py:188} INFO - 240
[2024-01-09T14:41:59.356-0300] {logging_mixin.py:188} INFO - 241
[2024-01-09T14:41:59.536-0300] {logging_mixin.py:188} INFO - 242
[2024-01-09T14:41:59.728-0300] {logging_mixin.py:188} INFO - 243
[2024-01-09T14:41:59.880-0300] {logging_mixin.py:188} INFO - 244
[2024-01-09T14:42:00.038-0300] {logging_mixin.py:188} INFO - 245
[2024-01-09T14:42:00.203-0300] {logging_mixin.py:188} INFO - 246
[2024-01-09T14:42:00.361-0300] {logging_mixin.py:188} INFO - 247
[2024-01-09T14:42:00.530-0300] {logging_mixin.py:188} INFO - 248
[2024-01-09T14:42:00.687-0300] {logging_mixin.py:188} INFO - 249
[2024-01-09T14:42:00.846-0300] {logging_mixin.py:188} INFO - 250
[2024-01-09T14:42:01.013-0300] {logging_mixin.py:188} INFO - 251
[2024-01-09T14:42:01.214-0300] {logging_mixin.py:188} INFO - 252
[2024-01-09T14:42:01.370-0300] {logging_mixin.py:188} INFO - 253
[2024-01-09T14:42:01.520-0300] {logging_mixin.py:188} INFO - 254
[2024-01-09T14:42:01.676-0300] {logging_mixin.py:188} INFO - 255
[2024-01-09T14:42:01.839-0300] {logging_mixin.py:188} INFO - 256
[2024-01-09T14:42:01.993-0300] {logging_mixin.py:188} INFO - 257
[2024-01-09T14:42:02.151-0300] {logging_mixin.py:188} INFO - 258
[2024-01-09T14:42:02.301-0300] {logging_mixin.py:188} INFO - 259
[2024-01-09T14:42:02.454-0300] {logging_mixin.py:188} INFO - 260
[2024-01-09T14:42:02.770-0300] {logging_mixin.py:188} INFO - 261
[2024-01-09T14:42:02.923-0300] {logging_mixin.py:188} INFO - 262
[2024-01-09T14:42:03.083-0300] {logging_mixin.py:188} INFO - 263
[2024-01-09T14:42:03.232-0300] {logging_mixin.py:188} INFO - 264
[2024-01-09T14:42:03.378-0300] {logging_mixin.py:188} INFO - 265
[2024-01-09T14:42:03.538-0300] {logging_mixin.py:188} INFO - 266
[2024-01-09T14:42:03.695-0300] {logging_mixin.py:188} INFO - 267
[2024-01-09T14:42:03.850-0300] {logging_mixin.py:188} INFO - 268
[2024-01-09T14:42:04.018-0300] {logging_mixin.py:188} INFO - 269
[2024-01-09T14:42:04.166-0300] {logging_mixin.py:188} INFO - 270
[2024-01-09T14:42:04.323-0300] {logging_mixin.py:188} INFO - 271
[2024-01-09T14:42:04.473-0300] {logging_mixin.py:188} INFO - 272
[2024-01-09T14:42:04.622-0300] {logging_mixin.py:188} INFO - 273
[2024-01-09T14:42:04.781-0300] {logging_mixin.py:188} INFO - 274
[2024-01-09T14:42:04.930-0300] {logging_mixin.py:188} INFO - 275
[2024-01-09T14:42:05.082-0300] {logging_mixin.py:188} INFO - 276
[2024-01-09T14:42:05.238-0300] {logging_mixin.py:188} INFO - 277
[2024-01-09T14:42:05.401-0300] {logging_mixin.py:188} INFO - 278
[2024-01-09T14:42:05.551-0300] {logging_mixin.py:188} INFO - 279
[2024-01-09T14:42:05.704-0300] {logging_mixin.py:188} INFO - 280
[2024-01-09T14:42:06.009-0300] {logging_mixin.py:188} INFO - 281
[2024-01-09T14:42:06.190-0300] {logging_mixin.py:188} INFO - 282
[2024-01-09T14:42:06.346-0300] {logging_mixin.py:188} INFO - 283
[2024-01-09T14:42:06.507-0300] {logging_mixin.py:188} INFO - 284
[2024-01-09T14:42:06.661-0300] {logging_mixin.py:188} INFO - 285
[2024-01-09T14:42:06.816-0300] {logging_mixin.py:188} INFO - 286
[2024-01-09T14:42:06.973-0300] {logging_mixin.py:188} INFO - 287
[2024-01-09T14:42:07.123-0300] {logging_mixin.py:188} INFO - 288
[2024-01-09T14:42:07.293-0300] {logging_mixin.py:188} INFO - 289
[2024-01-09T14:42:07.448-0300] {logging_mixin.py:188} INFO - 290
[2024-01-09T14:42:07.599-0300] {logging_mixin.py:188} INFO - 291
[2024-01-09T14:42:07.759-0300] {logging_mixin.py:188} INFO - 292
[2024-01-09T14:42:07.963-0300] {logging_mixin.py:188} INFO - 293
[2024-01-09T14:42:08.118-0300] {logging_mixin.py:188} INFO - 294
[2024-01-09T14:42:08.270-0300] {logging_mixin.py:188} INFO - 295
[2024-01-09T14:42:08.420-0300] {logging_mixin.py:188} INFO - 296
[2024-01-09T14:42:08.572-0300] {logging_mixin.py:188} INFO - 297
[2024-01-09T14:42:08.723-0300] {logging_mixin.py:188} INFO - 298
[2024-01-09T14:42:08.877-0300] {logging_mixin.py:188} INFO - 299
[2024-01-09T14:42:09.027-0300] {logging_mixin.py:188} INFO - 300
[2024-01-09T14:42:09.330-0300] {logging_mixin.py:188} INFO - 301
[2024-01-09T14:42:09.513-0300] {logging_mixin.py:188} INFO - 302
[2024-01-09T14:42:09.719-0300] {logging_mixin.py:188} INFO - 303
[2024-01-09T14:42:09.873-0300] {logging_mixin.py:188} INFO - 304
[2024-01-09T14:42:10.046-0300] {logging_mixin.py:188} INFO - 305
[2024-01-09T14:42:10.198-0300] {logging_mixin.py:188} INFO - 306
[2024-01-09T14:42:10.355-0300] {logging_mixin.py:188} INFO - 307
[2024-01-09T14:42:10.579-0300] {logging_mixin.py:188} INFO - 308
[2024-01-09T14:42:10.743-0300] {logging_mixin.py:188} INFO - 309
[2024-01-09T14:42:10.909-0300] {logging_mixin.py:188} INFO - 310
[2024-01-09T14:42:11.064-0300] {logging_mixin.py:188} INFO - 311
[2024-01-09T14:42:11.220-0300] {logging_mixin.py:188} INFO - 312
[2024-01-09T14:42:11.413-0300] {logging_mixin.py:188} INFO - 313
[2024-01-09T14:42:11.563-0300] {logging_mixin.py:188} INFO - 314
[2024-01-09T14:42:11.713-0300] {logging_mixin.py:188} INFO - 315
[2024-01-09T14:42:11.863-0300] {logging_mixin.py:188} INFO - 316
[2024-01-09T14:42:12.037-0300] {logging_mixin.py:188} INFO - 317
[2024-01-09T14:42:12.206-0300] {logging_mixin.py:188} INFO - 318
[2024-01-09T14:42:12.358-0300] {logging_mixin.py:188} INFO - 319
[2024-01-09T14:42:12.511-0300] {logging_mixin.py:188} INFO - 320
[2024-01-09T14:42:12.813-0300] {logging_mixin.py:188} INFO - 321
[2024-01-09T14:42:12.964-0300] {logging_mixin.py:188} INFO - 322
[2024-01-09T14:42:13.123-0300] {logging_mixin.py:188} INFO - 323
[2024-01-09T14:42:13.279-0300] {logging_mixin.py:188} INFO - 324
[2024-01-09T14:42:13.426-0300] {logging_mixin.py:188} INFO - 325
[2024-01-09T14:42:13.588-0300] {logging_mixin.py:188} INFO - 326
[2024-01-09T14:42:13.737-0300] {logging_mixin.py:188} INFO - 327
[2024-01-09T14:42:13.887-0300] {logging_mixin.py:188} INFO - 328
[2024-01-09T14:42:14.039-0300] {logging_mixin.py:188} INFO - 329
[2024-01-09T14:42:14.188-0300] {logging_mixin.py:188} INFO - 330
[2024-01-09T14:42:14.342-0300] {logging_mixin.py:188} INFO - 331
[2024-01-09T14:42:14.499-0300] {logging_mixin.py:188} INFO - 332
[2024-01-09T14:42:14.699-0300] {logging_mixin.py:188} INFO - 333
[2024-01-09T14:42:14.870-0300] {logging_mixin.py:188} INFO - 334
[2024-01-09T14:42:15.029-0300] {logging_mixin.py:188} INFO - 335
[2024-01-09T14:42:15.186-0300] {logging_mixin.py:188} INFO - 336
[2024-01-09T14:42:15.339-0300] {logging_mixin.py:188} INFO - 337
[2024-01-09T14:42:15.489-0300] {logging_mixin.py:188} INFO - 338
[2024-01-09T14:42:15.642-0300] {logging_mixin.py:188} INFO - 339
[2024-01-09T14:42:15.792-0300] {logging_mixin.py:188} INFO - 340
[2024-01-09T14:42:16.139-0300] {logging_mixin.py:188} INFO - 341
[2024-01-09T14:42:16.295-0300] {logging_mixin.py:188} INFO - 342
[2024-01-09T14:42:16.455-0300] {logging_mixin.py:188} INFO - 343
[2024-01-09T14:42:16.610-0300] {logging_mixin.py:188} INFO - 344
[2024-01-09T14:42:16.766-0300] {logging_mixin.py:188} INFO - 345
[2024-01-09T14:42:16.915-0300] {logging_mixin.py:188} INFO - 346
[2024-01-09T14:42:17.068-0300] {logging_mixin.py:188} INFO - 347
[2024-01-09T14:42:17.217-0300] {logging_mixin.py:188} INFO - 348
[2024-01-09T14:42:17.366-0300] {logging_mixin.py:188} INFO - 349
[2024-01-09T14:42:17.518-0300] {logging_mixin.py:188} INFO - 350
[2024-01-09T14:42:17.672-0300] {logging_mixin.py:188} INFO - 351
[2024-01-09T14:42:17.826-0300] {logging_mixin.py:188} INFO - 352
[2024-01-09T14:42:17.978-0300] {logging_mixin.py:188} INFO - 353
[2024-01-09T14:42:18.132-0300] {logging_mixin.py:188} INFO - 354
[2024-01-09T14:42:18.292-0300] {logging_mixin.py:188} INFO - 355
[2024-01-09T14:42:18.451-0300] {logging_mixin.py:188} INFO - 356
[2024-01-09T14:42:18.605-0300] {logging_mixin.py:188} INFO - 357
[2024-01-09T14:42:18.757-0300] {logging_mixin.py:188} INFO - 358
[2024-01-09T14:42:18.908-0300] {logging_mixin.py:188} INFO - 359
[2024-01-09T14:42:19.061-0300] {logging_mixin.py:188} INFO - 360
[2024-01-09T14:42:19.363-0300] {logging_mixin.py:188} INFO - 361
[2024-01-09T14:42:19.526-0300] {logging_mixin.py:188} INFO - 362
[2024-01-09T14:42:19.684-0300] {logging_mixin.py:188} INFO - 363
[2024-01-09T14:42:19.835-0300] {logging_mixin.py:188} INFO - 364
[2024-01-09T14:42:19.991-0300] {logging_mixin.py:188} INFO - 365
[2024-01-09T14:42:20.140-0300] {logging_mixin.py:188} INFO - 366
[2024-01-09T14:42:20.294-0300] {logging_mixin.py:188} INFO - 367
[2024-01-09T14:42:20.467-0300] {logging_mixin.py:188} INFO - 368
[2024-01-09T14:42:20.640-0300] {logging_mixin.py:188} INFO - 369
[2024-01-09T14:42:20.799-0300] {logging_mixin.py:188} INFO - 370
[2024-01-09T14:42:20.953-0300] {logging_mixin.py:188} INFO - 371
[2024-01-09T14:42:21.164-0300] {logging_mixin.py:188} INFO - 372
[2024-01-09T14:42:21.320-0300] {logging_mixin.py:188} INFO - 373
[2024-01-09T14:42:21.471-0300] {logging_mixin.py:188} INFO - 374
[2024-01-09T14:42:21.621-0300] {logging_mixin.py:188} INFO - 375
[2024-01-09T14:42:21.771-0300] {logging_mixin.py:188} INFO - 376
[2024-01-09T14:42:21.921-0300] {logging_mixin.py:188} INFO - 377
[2024-01-09T14:42:22.074-0300] {logging_mixin.py:188} INFO - 378
[2024-01-09T14:42:22.233-0300] {logging_mixin.py:188} INFO - 379
[2024-01-09T14:42:22.403-0300] {logging_mixin.py:188} INFO - 380
[2024-01-09T14:42:22.708-0300] {logging_mixin.py:188} INFO - 381
[2024-01-09T14:42:22.884-0300] {logging_mixin.py:188} INFO - 382
[2024-01-09T14:42:23.037-0300] {logging_mixin.py:188} INFO - 383
[2024-01-09T14:42:23.205-0300] {logging_mixin.py:188} INFO - 384
[2024-01-09T14:42:23.363-0300] {logging_mixin.py:188} INFO - 385
[2024-01-09T14:42:23.525-0300] {logging_mixin.py:188} INFO - 386
[2024-01-09T14:42:23.678-0300] {logging_mixin.py:188} INFO - 387
[2024-01-09T14:42:23.850-0300] {logging_mixin.py:188} INFO - 388
[2024-01-09T14:42:24.001-0300] {logging_mixin.py:188} INFO - 389
[2024-01-09T14:42:24.152-0300] {logging_mixin.py:188} INFO - 390
[2024-01-09T14:42:24.303-0300] {logging_mixin.py:188} INFO - 391
[2024-01-09T14:42:24.454-0300] {logging_mixin.py:188} INFO - 392
[2024-01-09T14:42:24.786-0300] {logging_mixin.py:188} INFO - 393
[2024-01-09T14:42:24.983-0300] {logging_mixin.py:188} INFO - 394
[2024-01-09T14:42:25.135-0300] {logging_mixin.py:188} INFO - 395
[2024-01-09T14:42:25.300-0300] {logging_mixin.py:188} INFO - 396
[2024-01-09T14:42:25.455-0300] {logging_mixin.py:188} INFO - 397
[2024-01-09T14:42:25.605-0300] {logging_mixin.py:188} INFO - 398
[2024-01-09T14:42:25.756-0300] {logging_mixin.py:188} INFO - 399
[2024-01-09T14:42:25.912-0300] {logging_mixin.py:188} INFO - 400
[2024-01-09T14:42:26.219-0300] {logging_mixin.py:188} INFO - 401
[2024-01-09T14:42:26.364-0300] {logging_mixin.py:188} INFO - 402
[2024-01-09T14:42:26.517-0300] {logging_mixin.py:188} INFO - 403
[2024-01-09T14:42:26.740-0300] {logging_mixin.py:188} INFO - 404
[2024-01-09T14:42:26.927-0300] {logging_mixin.py:188} INFO - 405
[2024-01-09T14:42:27.081-0300] {logging_mixin.py:188} INFO - 406
[2024-01-09T14:42:27.233-0300] {logging_mixin.py:188} INFO - 407
[2024-01-09T14:42:27.389-0300] {logging_mixin.py:188} INFO - 408
[2024-01-09T14:42:27.551-0300] {logging_mixin.py:188} INFO - 409
[2024-01-09T14:42:27.703-0300] {logging_mixin.py:188} INFO - 410
[2024-01-09T14:42:27.852-0300] {logging_mixin.py:188} INFO - 411
[2024-01-09T14:42:28.063-0300] {logging_mixin.py:188} INFO - 412
[2024-01-09T14:42:28.217-0300] {logging_mixin.py:188} INFO - 413
[2024-01-09T14:42:28.375-0300] {logging_mixin.py:188} INFO - 414
[2024-01-09T14:42:28.521-0300] {logging_mixin.py:188} INFO - 415
[2024-01-09T14:42:28.677-0300] {logging_mixin.py:188} INFO - 416
[2024-01-09T14:42:28.829-0300] {logging_mixin.py:188} INFO - 417
[2024-01-09T14:42:28.978-0300] {logging_mixin.py:188} INFO - 418
[2024-01-09T14:42:29.135-0300] {logging_mixin.py:188} INFO - 419
[2024-01-09T14:42:29.285-0300] {logging_mixin.py:188} INFO - 420
[2024-01-09T14:42:29.591-0300] {logging_mixin.py:188} INFO - 421
[2024-01-09T14:42:29.742-0300] {logging_mixin.py:188} INFO - 422
[2024-01-09T14:42:29.899-0300] {logging_mixin.py:188} INFO - 423
[2024-01-09T14:42:30.054-0300] {logging_mixin.py:188} INFO - 424
[2024-01-09T14:42:30.214-0300] {logging_mixin.py:188} INFO - 425
[2024-01-09T14:42:30.360-0300] {logging_mixin.py:188} INFO - 426
[2024-01-09T14:42:30.513-0300] {logging_mixin.py:188} INFO - 427
[2024-01-09T14:42:30.667-0300] {logging_mixin.py:188} INFO - 428
[2024-01-09T14:42:30.820-0300] {logging_mixin.py:188} INFO - 429
[2024-01-09T14:42:30.970-0300] {logging_mixin.py:188} INFO - 430
[2024-01-09T14:42:31.127-0300] {logging_mixin.py:188} INFO - 431
[2024-01-09T14:42:31.276-0300] {logging_mixin.py:188} INFO - 432
[2024-01-09T14:42:31.434-0300] {logging_mixin.py:188} INFO - 433
[2024-01-09T14:42:31.626-0300] {logging_mixin.py:188} INFO - 434
[2024-01-09T14:42:31.776-0300] {logging_mixin.py:188} INFO - 435
[2024-01-09T14:42:31.923-0300] {logging_mixin.py:188} INFO - 436
[2024-01-09T14:42:32.074-0300] {logging_mixin.py:188} INFO - 437
[2024-01-09T14:42:32.232-0300] {logging_mixin.py:188} INFO - 438
[2024-01-09T14:42:32.380-0300] {logging_mixin.py:188} INFO - 439
[2024-01-09T14:42:32.531-0300] {logging_mixin.py:188} INFO - 440
[2024-01-09T14:42:32.838-0300] {logging_mixin.py:188} INFO - 441
[2024-01-09T14:42:33.001-0300] {logging_mixin.py:188} INFO - 442
[2024-01-09T14:42:33.163-0300] {logging_mixin.py:188} INFO - 443
[2024-01-09T14:42:33.319-0300] {logging_mixin.py:188} INFO - 444
[2024-01-09T14:42:33.474-0300] {logging_mixin.py:188} INFO - 445
[2024-01-09T14:42:33.633-0300] {logging_mixin.py:188} INFO - 446
[2024-01-09T14:42:33.791-0300] {logging_mixin.py:188} INFO - 447
[2024-01-09T14:42:33.945-0300] {logging_mixin.py:188} INFO - 448
[2024-01-09T14:42:34.147-0300] {logging_mixin.py:188} INFO - 449
[2024-01-09T14:42:34.348-0300] {logging_mixin.py:188} INFO - 450
[2024-01-09T14:42:34.501-0300] {logging_mixin.py:188} INFO - 451
[2024-01-09T14:42:34.651-0300] {logging_mixin.py:188} INFO - 452
[2024-01-09T14:42:34.800-0300] {logging_mixin.py:188} INFO - 453
[2024-01-09T14:42:34.975-0300] {logging_mixin.py:188} INFO - 454
[2024-01-09T14:42:35.130-0300] {logging_mixin.py:188} INFO - 455
[2024-01-09T14:42:35.286-0300] {logging_mixin.py:188} INFO - 456
[2024-01-09T14:42:35.496-0300] {logging_mixin.py:188} INFO - 457
[2024-01-09T14:42:35.646-0300] {logging_mixin.py:188} INFO - 458
[2024-01-09T14:42:35.796-0300] {logging_mixin.py:188} INFO - 459
[2024-01-09T14:42:35.948-0300] {logging_mixin.py:188} INFO - 460
[2024-01-09T14:42:36.247-0300] {logging_mixin.py:188} INFO - 461
[2024-01-09T14:42:36.408-0300] {logging_mixin.py:188} INFO - 462
[2024-01-09T14:42:36.567-0300] {logging_mixin.py:188} INFO - 463
[2024-01-09T14:42:36.759-0300] {logging_mixin.py:188} INFO - 464
[2024-01-09T14:42:36.920-0300] {logging_mixin.py:188} INFO - 465
[2024-01-09T14:42:37.074-0300] {logging_mixin.py:188} INFO - 466
[2024-01-09T14:42:37.231-0300] {logging_mixin.py:188} INFO - 467
[2024-01-09T14:42:37.376-0300] {logging_mixin.py:188} INFO - 468
[2024-01-09T14:42:37.527-0300] {logging_mixin.py:188} INFO - 469
[2024-01-09T14:42:37.680-0300] {logging_mixin.py:188} INFO - 470
[2024-01-09T14:42:37.834-0300] {logging_mixin.py:188} INFO - 471
[2024-01-09T14:42:37.996-0300] {logging_mixin.py:188} INFO - 472
[2024-01-09T14:42:38.150-0300] {logging_mixin.py:188} INFO - 473
[2024-01-09T14:42:38.303-0300] {logging_mixin.py:188} INFO - 474
[2024-01-09T14:42:38.456-0300] {logging_mixin.py:188} INFO - 475
[2024-01-09T14:42:38.610-0300] {logging_mixin.py:188} INFO - 476
[2024-01-09T14:42:38.766-0300] {logging_mixin.py:188} INFO - 477
[2024-01-09T14:42:38.918-0300] {logging_mixin.py:188} INFO - 478
[2024-01-09T14:42:39.068-0300] {logging_mixin.py:188} INFO - 479
[2024-01-09T14:42:39.218-0300] {logging_mixin.py:188} INFO - 480
[2024-01-09T14:42:39.522-0300] {logging_mixin.py:188} INFO - 481
[2024-01-09T14:42:39.690-0300] {logging_mixin.py:188} INFO - 482
[2024-01-09T14:42:39.859-0300] {logging_mixin.py:188} INFO - 483
[2024-01-09T14:42:40.007-0300] {logging_mixin.py:188} INFO - 484
[2024-01-09T14:42:40.155-0300] {logging_mixin.py:188} INFO - 485
[2024-01-09T14:42:40.323-0300] {logging_mixin.py:188} INFO - 486
[2024-01-09T14:42:40.479-0300] {logging_mixin.py:188} INFO - 487
[2024-01-09T14:42:40.633-0300] {logging_mixin.py:188} INFO - 488
[2024-01-09T14:42:40.788-0300] {logging_mixin.py:188} INFO - 489
[2024-01-09T14:42:40.941-0300] {logging_mixin.py:188} INFO - 490
[2024-01-09T14:42:41.092-0300] {logging_mixin.py:188} INFO - 491
[2024-01-09T14:42:41.249-0300] {logging_mixin.py:188} INFO - 492
[2024-01-09T14:42:41.427-0300] {logging_mixin.py:188} INFO - 493
[2024-01-09T14:42:41.580-0300] {logging_mixin.py:188} INFO - 494
[2024-01-09T14:42:41.732-0300] {logging_mixin.py:188} INFO - 495
[2024-01-09T14:42:41.881-0300] {logging_mixin.py:188} INFO - 496
[2024-01-09T14:42:42.039-0300] {logging_mixin.py:188} INFO - 497
[2024-01-09T14:42:42.193-0300] {logging_mixin.py:188} INFO - 498
[2024-01-09T14:42:42.345-0300] {logging_mixin.py:188} INFO - 499
[2024-01-09T14:42:42.501-0300] {logging_mixin.py:188} INFO - 500
[2024-01-09T14:42:42.811-0300] {logging_mixin.py:188} INFO - 501
[2024-01-09T14:42:42.962-0300] {logging_mixin.py:188} INFO - 502
[2024-01-09T14:42:43.137-0300] {logging_mixin.py:188} INFO - 503
[2024-01-09T14:42:43.286-0300] {logging_mixin.py:188} INFO - 504
[2024-01-09T14:42:43.440-0300] {logging_mixin.py:188} INFO - 505
[2024-01-09T14:42:43.593-0300] {logging_mixin.py:188} INFO - 506
[2024-01-09T14:42:43.743-0300] {logging_mixin.py:188} INFO - 507
[2024-01-09T14:42:43.904-0300] {logging_mixin.py:188} INFO - 508
[2024-01-09T14:42:44.063-0300] {logging_mixin.py:188} INFO - 509
[2024-01-09T14:42:44.216-0300] {logging_mixin.py:188} INFO - 510
[2024-01-09T14:42:44.375-0300] {logging_mixin.py:188} INFO - 511
[2024-01-09T14:42:44.536-0300] {logging_mixin.py:188} INFO - 512
[2024-01-09T14:42:44.702-0300] {logging_mixin.py:188} INFO - 513
[2024-01-09T14:42:44.859-0300] {logging_mixin.py:188} INFO - 514
[2024-01-09T14:42:45.023-0300] {logging_mixin.py:188} INFO - 515
[2024-01-09T14:42:45.173-0300] {logging_mixin.py:188} INFO - 516
[2024-01-09T14:42:45.338-0300] {logging_mixin.py:188} INFO - 517
[2024-01-09T14:42:45.500-0300] {logging_mixin.py:188} INFO - 518
[2024-01-09T14:42:45.657-0300] {logging_mixin.py:188} INFO - 519
[2024-01-09T14:42:45.811-0300] {logging_mixin.py:188} INFO - 520
[2024-01-09T14:42:46.114-0300] {logging_mixin.py:188} INFO - 521
[2024-01-09T14:42:46.263-0300] {logging_mixin.py:188} INFO - 522
[2024-01-09T14:42:46.408-0300] {logging_mixin.py:188} INFO - 523
[2024-01-09T14:42:46.555-0300] {logging_mixin.py:188} INFO - 524
[2024-01-09T14:42:46.709-0300] {logging_mixin.py:188} INFO - 525
[2024-01-09T14:42:46.860-0300] {logging_mixin.py:188} INFO - 526
[2024-01-09T14:42:47.014-0300] {logging_mixin.py:188} INFO - 527
[2024-01-09T14:42:47.165-0300] {logging_mixin.py:188} INFO - 528
[2024-01-09T14:42:47.316-0300] {logging_mixin.py:188} INFO - 529
[2024-01-09T14:42:47.465-0300] {logging_mixin.py:188} INFO - 530
[2024-01-09T14:42:47.621-0300] {logging_mixin.py:188} INFO - 531
[2024-01-09T14:42:47.772-0300] {logging_mixin.py:188} INFO - 532
[2024-01-09T14:42:47.927-0300] {logging_mixin.py:188} INFO - 533
[2024-01-09T14:42:48.075-0300] {logging_mixin.py:188} INFO - 534
[2024-01-09T14:42:48.228-0300] {logging_mixin.py:188} INFO - 535
[2024-01-09T14:42:48.420-0300] {logging_mixin.py:188} INFO - 536
[2024-01-09T14:42:48.567-0300] {logging_mixin.py:188} INFO - 537
[2024-01-09T14:42:48.718-0300] {logging_mixin.py:188} INFO - 538
[2024-01-09T14:42:48.867-0300] {logging_mixin.py:188} INFO - 539
[2024-01-09T14:42:49.023-0300] {logging_mixin.py:188} INFO - 540
[2024-01-09T14:42:49.331-0300] {logging_mixin.py:188} INFO - 541
[2024-01-09T14:42:49.478-0300] {logging_mixin.py:188} INFO - 542
[2024-01-09T14:42:49.643-0300] {logging_mixin.py:188} INFO - 543
[2024-01-09T14:42:49.790-0300] {logging_mixin.py:188} INFO - 544
[2024-01-09T14:42:49.956-0300] {logging_mixin.py:188} INFO - 545
[2024-01-09T14:42:50.108-0300] {logging_mixin.py:188} INFO - 546
[2024-01-09T14:42:50.262-0300] {logging_mixin.py:188} INFO - 547
[2024-01-09T14:42:50.408-0300] {logging_mixin.py:188} INFO - 548
[2024-01-09T14:42:50.562-0300] {logging_mixin.py:188} INFO - 549
[2024-01-09T14:42:50.723-0300] {logging_mixin.py:188} INFO - 550
[2024-01-09T14:42:50.883-0300] {logging_mixin.py:188} INFO - 551
[2024-01-09T14:42:51.031-0300] {logging_mixin.py:188} INFO - 552
[2024-01-09T14:42:51.184-0300] {logging_mixin.py:188} INFO - 553
[2024-01-09T14:42:51.334-0300] {logging_mixin.py:188} INFO - 554
[2024-01-09T14:42:51.498-0300] {logging_mixin.py:188} INFO - 555
[2024-01-09T14:42:51.649-0300] {logging_mixin.py:188} INFO - 556
[2024-01-09T14:42:51.820-0300] {logging_mixin.py:188} INFO - 557
[2024-01-09T14:42:51.971-0300] {logging_mixin.py:188} INFO - 558
[2024-01-09T14:42:52.127-0300] {logging_mixin.py:188} INFO - 559
[2024-01-09T14:42:52.279-0300] {logging_mixin.py:188} INFO - 560
[2024-01-09T14:42:52.569-0300] {logging_mixin.py:188} INFO - 561
[2024-01-09T14:42:52.723-0300] {logging_mixin.py:188} INFO - 562
[2024-01-09T14:42:52.875-0300] {logging_mixin.py:188} INFO - 563
[2024-01-09T14:42:53.022-0300] {logging_mixin.py:188} INFO - 564
[2024-01-09T14:42:53.172-0300] {logging_mixin.py:188} INFO - 565
[2024-01-09T14:42:53.405-0300] {logging_mixin.py:188} INFO - 566
[2024-01-09T14:42:53.553-0300] {logging_mixin.py:188} INFO - 567
[2024-01-09T14:42:53.706-0300] {logging_mixin.py:188} INFO - 568
[2024-01-09T14:42:53.860-0300] {logging_mixin.py:188} INFO - 569
[2024-01-09T14:42:54.025-0300] {logging_mixin.py:188} INFO - 570
[2024-01-09T14:42:54.201-0300] {logging_mixin.py:188} INFO - 571
[2024-01-09T14:42:54.350-0300] {logging_mixin.py:188} INFO - 572
[2024-01-09T14:42:54.500-0300] {logging_mixin.py:188} INFO - 573
[2024-01-09T14:42:54.651-0300] {logging_mixin.py:188} INFO - 574
[2024-01-09T14:42:54.800-0300] {logging_mixin.py:188} INFO - 575
[2024-01-09T14:42:54.962-0300] {logging_mixin.py:188} INFO - 576
[2024-01-09T14:42:55.114-0300] {logging_mixin.py:188} INFO - 577
[2024-01-09T14:42:55.272-0300] {logging_mixin.py:188} INFO - 578
[2024-01-09T14:42:55.423-0300] {logging_mixin.py:188} INFO - 579
[2024-01-09T14:42:55.586-0300] {logging_mixin.py:188} INFO - 580
[2024-01-09T14:42:55.885-0300] {logging_mixin.py:188} INFO - 581
[2024-01-09T14:42:56.036-0300] {logging_mixin.py:188} INFO - 582
[2024-01-09T14:42:56.281-0300] {logging_mixin.py:188} INFO - 583
[2024-01-09T14:42:56.439-0300] {logging_mixin.py:188} INFO - 584
[2024-01-09T14:42:56.595-0300] {logging_mixin.py:188} INFO - 585
[2024-01-09T14:42:56.744-0300] {logging_mixin.py:188} INFO - 586
[2024-01-09T14:42:56.890-0300] {logging_mixin.py:188} INFO - 587
[2024-01-09T14:42:57.055-0300] {logging_mixin.py:188} INFO - 588
[2024-01-09T14:42:57.209-0300] {logging_mixin.py:188} INFO - 589
[2024-01-09T14:42:57.391-0300] {logging_mixin.py:188} INFO - 590
[2024-01-09T14:42:57.545-0300] {logging_mixin.py:188} INFO - 591
[2024-01-09T14:42:57.700-0300] {logging_mixin.py:188} INFO - 592
[2024-01-09T14:42:57.853-0300] {logging_mixin.py:188} INFO - 593
[2024-01-09T14:42:58.015-0300] {logging_mixin.py:188} INFO - 594
[2024-01-09T14:42:58.176-0300] {logging_mixin.py:188} INFO - 595
[2024-01-09T14:42:58.328-0300] {logging_mixin.py:188} INFO - 596
[2024-01-09T14:42:58.490-0300] {logging_mixin.py:188} INFO - 597
[2024-01-09T14:42:58.636-0300] {logging_mixin.py:188} INFO - 598
[2024-01-09T14:42:58.791-0300] {logging_mixin.py:188} INFO - 599
[2024-01-09T14:42:58.949-0300] {logging_mixin.py:188} INFO - 600
[2024-01-09T14:42:59.251-0300] {logging_mixin.py:188} INFO - 601
[2024-01-09T14:42:59.421-0300] {logging_mixin.py:188} INFO - 602
[2024-01-09T14:42:59.575-0300] {logging_mixin.py:188} INFO - 603
[2024-01-09T14:42:59.728-0300] {logging_mixin.py:188} INFO - 604
[2024-01-09T14:42:59.886-0300] {logging_mixin.py:188} INFO - 605
[2024-01-09T14:43:00.035-0300] {logging_mixin.py:188} INFO - 606
[2024-01-09T14:43:00.206-0300] {logging_mixin.py:188} INFO - 607
[2024-01-09T14:43:00.371-0300] {logging_mixin.py:188} INFO - 608
[2024-01-09T14:43:00.534-0300] {logging_mixin.py:188} INFO - 609
[2024-01-09T14:43:00.693-0300] {logging_mixin.py:188} INFO - 610
[2024-01-09T14:43:00.854-0300] {logging_mixin.py:188} INFO - 611
[2024-01-09T14:43:01.015-0300] {logging_mixin.py:188} INFO - 612
[2024-01-09T14:43:01.164-0300] {logging_mixin.py:188} INFO - 613
[2024-01-09T14:43:01.328-0300] {logging_mixin.py:188} INFO - 614
[2024-01-09T14:43:01.509-0300] {logging_mixin.py:188} INFO - 615
[2024-01-09T14:43:01.667-0300] {logging_mixin.py:188} INFO - 616
[2024-01-09T14:43:01.821-0300] {logging_mixin.py:188} INFO - 617
[2024-01-09T14:43:01.969-0300] {logging_mixin.py:188} INFO - 618
[2024-01-09T14:43:02.116-0300] {logging_mixin.py:188} INFO - 619
[2024-01-09T14:43:02.268-0300] {logging_mixin.py:188} INFO - 620
[2024-01-09T14:43:02.567-0300] {logging_mixin.py:188} INFO - 621
[2024-01-09T14:43:02.715-0300] {logging_mixin.py:188} INFO - 622
[2024-01-09T14:43:02.871-0300] {logging_mixin.py:188} INFO - 623
[2024-01-09T14:43:03.024-0300] {logging_mixin.py:188} INFO - 624
[2024-01-09T14:43:03.186-0300] {logging_mixin.py:188} INFO - 625
[2024-01-09T14:43:03.333-0300] {logging_mixin.py:188} INFO - 626
[2024-01-09T14:43:03.487-0300] {logging_mixin.py:188} INFO - 627
[2024-01-09T14:43:03.646-0300] {logging_mixin.py:188} INFO - 628
[2024-01-09T14:43:03.805-0300] {logging_mixin.py:188} INFO - 629
[2024-01-09T14:43:03.956-0300] {logging_mixin.py:188} INFO - 630
[2024-01-09T14:43:04.112-0300] {logging_mixin.py:188} INFO - 631
[2024-01-09T14:43:04.263-0300] {logging_mixin.py:188} INFO - 632
[2024-01-09T14:43:04.481-0300] {logging_mixin.py:188} INFO - 633
[2024-01-09T14:43:04.633-0300] {logging_mixin.py:188} INFO - 634
[2024-01-09T14:43:04.788-0300] {logging_mixin.py:188} INFO - 635
[2024-01-09T14:43:04.940-0300] {logging_mixin.py:188} INFO - 636
[2024-01-09T14:43:05.088-0300] {logging_mixin.py:188} INFO - 637
[2024-01-09T14:43:05.240-0300] {logging_mixin.py:188} INFO - 638
[2024-01-09T14:43:05.408-0300] {logging_mixin.py:188} INFO - 639
[2024-01-09T14:43:05.558-0300] {logging_mixin.py:188} INFO - 640
[2024-01-09T14:43:05.862-0300] {logging_mixin.py:188} INFO - 641
[2024-01-09T14:43:06.016-0300] {logging_mixin.py:188} INFO - 642
[2024-01-09T14:43:06.167-0300] {logging_mixin.py:188} INFO - 643
[2024-01-09T14:43:06.321-0300] {logging_mixin.py:188} INFO - 644
[2024-01-09T14:43:06.476-0300] {logging_mixin.py:188} INFO - 645
[2024-01-09T14:43:06.637-0300] {logging_mixin.py:188} INFO - 646
[2024-01-09T14:43:06.789-0300] {logging_mixin.py:188} INFO - 647
[2024-01-09T14:43:06.937-0300] {logging_mixin.py:188} INFO - 648
[2024-01-09T14:43:07.090-0300] {logging_mixin.py:188} INFO - 649
[2024-01-09T14:43:07.293-0300] {logging_mixin.py:188} INFO - 650
[2024-01-09T14:43:07.527-0300] {logging_mixin.py:188} INFO - 651
[2024-01-09T14:43:07.703-0300] {logging_mixin.py:188} INFO - 652
[2024-01-09T14:43:07.858-0300] {logging_mixin.py:188} INFO - 653
[2024-01-09T14:43:08.009-0300] {logging_mixin.py:188} INFO - 654
[2024-01-09T14:43:08.161-0300] {logging_mixin.py:188} INFO - 655
[2024-01-09T14:43:08.315-0300] {logging_mixin.py:188} INFO - 656
[2024-01-09T14:43:08.467-0300] {logging_mixin.py:188} INFO - 657
[2024-01-09T14:43:08.630-0300] {logging_mixin.py:188} INFO - 658
[2024-01-09T14:43:08.775-0300] {logging_mixin.py:188} INFO - 659
[2024-01-09T14:43:08.925-0300] {logging_mixin.py:188} INFO - 660
[2024-01-09T14:43:09.227-0300] {logging_mixin.py:188} INFO - 661
[2024-01-09T14:43:09.384-0300] {logging_mixin.py:188} INFO - 662
[2024-01-09T14:43:09.538-0300] {logging_mixin.py:188} INFO - 663
[2024-01-09T14:43:09.685-0300] {logging_mixin.py:188} INFO - 664
[2024-01-09T14:43:09.833-0300] {logging_mixin.py:188} INFO - 665
[2024-01-09T14:43:09.996-0300] {logging_mixin.py:188} INFO - 666
[2024-01-09T14:43:10.168-0300] {logging_mixin.py:188} INFO - 667
[2024-01-09T14:43:10.335-0300] {logging_mixin.py:188} INFO - 668
[2024-01-09T14:43:10.491-0300] {logging_mixin.py:188} INFO - 669
[2024-01-09T14:43:10.654-0300] {logging_mixin.py:188} INFO - 670
[2024-01-09T14:43:10.812-0300] {logging_mixin.py:188} INFO - 671
[2024-01-09T14:43:10.963-0300] {logging_mixin.py:188} INFO - 672
[2024-01-09T14:43:11.119-0300] {logging_mixin.py:188} INFO - 673
[2024-01-09T14:43:11.275-0300] {logging_mixin.py:188} INFO - 674
[2024-01-09T14:43:11.423-0300] {logging_mixin.py:188} INFO - 675
[2024-01-09T14:43:11.588-0300] {logging_mixin.py:188} INFO - 676
[2024-01-09T14:43:11.738-0300] {logging_mixin.py:188} INFO - 677
[2024-01-09T14:43:11.955-0300] {logging_mixin.py:188} INFO - 678
[2024-01-09T14:43:12.105-0300] {logging_mixin.py:188} INFO - 679
[2024-01-09T14:43:12.264-0300] {logging_mixin.py:188} INFO - 680
[2024-01-09T14:43:12.571-0300] {logging_mixin.py:188} INFO - 681
[2024-01-09T14:43:12.723-0300] {logging_mixin.py:188} INFO - 682
[2024-01-09T14:43:12.878-0300] {logging_mixin.py:188} INFO - 683
[2024-01-09T14:43:13.035-0300] {logging_mixin.py:188} INFO - 684
[2024-01-09T14:43:13.185-0300] {logging_mixin.py:188} INFO - 685
[2024-01-09T14:43:13.333-0300] {logging_mixin.py:188} INFO - 686
[2024-01-09T14:43:13.483-0300] {logging_mixin.py:188} INFO - 687
[2024-01-09T14:43:13.635-0300] {logging_mixin.py:188} INFO - 688
[2024-01-09T14:43:13.786-0300] {logging_mixin.py:188} INFO - 689
[2024-01-09T14:43:13.938-0300] {logging_mixin.py:188} INFO - 690
[2024-01-09T14:43:14.237-0300] {logging_mixin.py:188} INFO - 691
[2024-01-09T14:43:14.387-0300] {logging_mixin.py:188} INFO - 692
[2024-01-09T14:43:14.542-0300] {logging_mixin.py:188} INFO - 693
[2024-01-09T14:43:14.758-0300] {logging_mixin.py:188} INFO - 694
[2024-01-09T14:43:14.909-0300] {logging_mixin.py:188} INFO - 695
[2024-01-09T14:43:15.054-0300] {logging_mixin.py:188} INFO - 696
[2024-01-09T14:43:15.206-0300] {logging_mixin.py:188} INFO - 697
[2024-01-09T14:43:15.361-0300] {logging_mixin.py:188} INFO - 698
[2024-01-09T14:43:15.525-0300] {logging_mixin.py:188} INFO - 699
[2024-01-09T14:43:15.674-0300] {logging_mixin.py:188} INFO - 700
[2024-01-09T14:43:15.988-0300] {logging_mixin.py:188} INFO - 701
[2024-01-09T14:43:16.155-0300] {logging_mixin.py:188} INFO - 702
[2024-01-09T14:43:16.302-0300] {logging_mixin.py:188} INFO - 703
[2024-01-09T14:43:16.449-0300] {logging_mixin.py:188} INFO - 704
[2024-01-09T14:43:16.600-0300] {logging_mixin.py:188} INFO - 705
[2024-01-09T14:43:16.753-0300] {logging_mixin.py:188} INFO - 706
[2024-01-09T14:43:16.897-0300] {logging_mixin.py:188} INFO - 707
[2024-01-09T14:43:17.043-0300] {logging_mixin.py:188} INFO - 708
[2024-01-09T14:43:17.196-0300] {logging_mixin.py:188} INFO - 709
[2024-01-09T14:43:17.390-0300] {logging_mixin.py:188} INFO - 710
[2024-01-09T14:43:17.550-0300] {logging_mixin.py:188} INFO - 711
[2024-01-09T14:43:17.751-0300] {logging_mixin.py:188} INFO - 712
[2024-01-09T14:43:17.914-0300] {logging_mixin.py:188} INFO - 713
[2024-01-09T14:43:18.066-0300] {logging_mixin.py:188} INFO - 714
[2024-01-09T14:43:18.216-0300] {logging_mixin.py:188} INFO - 715
[2024-01-09T14:43:18.361-0300] {logging_mixin.py:188} INFO - 716
[2024-01-09T14:43:18.510-0300] {logging_mixin.py:188} INFO - 717
[2024-01-09T14:43:18.664-0300] {logging_mixin.py:188} INFO - 718
[2024-01-09T14:43:18.817-0300] {logging_mixin.py:188} INFO - 719
[2024-01-09T14:43:18.964-0300] {logging_mixin.py:188} INFO - 720
[2024-01-09T14:43:19.271-0300] {logging_mixin.py:188} INFO - 721
[2024-01-09T14:43:19.429-0300] {logging_mixin.py:188} INFO - 722
[2024-01-09T14:43:19.579-0300] {logging_mixin.py:188} INFO - 723
[2024-01-09T14:43:19.726-0300] {logging_mixin.py:188} INFO - 724
[2024-01-09T14:43:19.880-0300] {logging_mixin.py:188} INFO - 725
[2024-01-09T14:43:20.031-0300] {logging_mixin.py:188} INFO - 726
[2024-01-09T14:43:20.190-0300] {logging_mixin.py:188} INFO - 727
[2024-01-09T14:43:20.338-0300] {logging_mixin.py:188} INFO - 728
[2024-01-09T14:43:20.494-0300] {logging_mixin.py:188} INFO - 729
[2024-01-09T14:43:20.647-0300] {logging_mixin.py:188} INFO - 730
[2024-01-09T14:43:20.802-0300] {logging_mixin.py:188} INFO - 731
[2024-01-09T14:43:20.965-0300] {logging_mixin.py:188} INFO - 732
[2024-01-09T14:43:21.121-0300] {logging_mixin.py:188} INFO - 733
[2024-01-09T14:43:21.272-0300] {logging_mixin.py:188} INFO - 734
[2024-01-09T14:43:21.427-0300] {logging_mixin.py:188} INFO - 735
[2024-01-09T14:43:21.579-0300] {logging_mixin.py:188} INFO - 736
[2024-01-09T14:43:21.734-0300] {logging_mixin.py:188} INFO - 737
[2024-01-09T14:43:21.888-0300] {logging_mixin.py:188} INFO - 738
[2024-01-09T14:43:22.042-0300] {logging_mixin.py:188} INFO - 739
[2024-01-09T14:43:22.196-0300] {logging_mixin.py:188} INFO - 740
[2024-01-09T14:43:22.522-0300] {logging_mixin.py:188} INFO - 741
[2024-01-09T14:43:22.695-0300] {logging_mixin.py:188} INFO - 742
[2024-01-09T14:43:22.880-0300] {logging_mixin.py:188} INFO - 743
[2024-01-09T14:43:23.031-0300] {logging_mixin.py:188} INFO - 744
[2024-01-09T14:43:23.181-0300] {logging_mixin.py:188} INFO - 745
[2024-01-09T14:43:23.334-0300] {logging_mixin.py:188} INFO - 746
[2024-01-09T14:43:23.490-0300] {logging_mixin.py:188} INFO - 747
[2024-01-09T14:43:23.646-0300] {logging_mixin.py:188} INFO - 748
[2024-01-09T14:43:23.806-0300] {logging_mixin.py:188} INFO - 749
[2024-01-09T14:43:23.956-0300] {logging_mixin.py:188} INFO - 750
[2024-01-09T14:43:24.109-0300] {logging_mixin.py:188} INFO - 751
[2024-01-09T14:43:24.264-0300] {logging_mixin.py:188} INFO - 752
[2024-01-09T14:43:24.411-0300] {logging_mixin.py:188} INFO - 753
[2024-01-09T14:43:24.567-0300] {logging_mixin.py:188} INFO - 754
[2024-01-09T14:43:24.715-0300] {logging_mixin.py:188} INFO - 755
[2024-01-09T14:43:24.867-0300] {logging_mixin.py:188} INFO - 756
[2024-01-09T14:43:26.061-0300] {logging_mixin.py:188} INFO - 757
[2024-01-09T14:43:26.261-0300] {logging_mixin.py:188} INFO - 758
[2024-01-09T14:43:26.451-0300] {logging_mixin.py:188} INFO - 759
[2024-01-09T14:43:26.648-0300] {logging_mixin.py:188} INFO - 760
[2024-01-09T14:43:27.049-0300] {logging_mixin.py:188} INFO - 761
[2024-01-09T14:43:27.231-0300] {logging_mixin.py:188} INFO - 762
[2024-01-09T14:43:27.432-0300] {logging_mixin.py:188} INFO - 763
[2024-01-09T14:43:27.615-0300] {logging_mixin.py:188} INFO - 764
[2024-01-09T14:43:27.770-0300] {logging_mixin.py:188} INFO - 765
[2024-01-09T14:43:27.922-0300] {logging_mixin.py:188} INFO - 766
[2024-01-09T14:43:28.074-0300] {logging_mixin.py:188} INFO - 767
[2024-01-09T14:43:28.273-0300] {logging_mixin.py:188} INFO - 768
[2024-01-09T14:43:28.418-0300] {logging_mixin.py:188} INFO - 769
[2024-01-09T14:43:28.614-0300] {logging_mixin.py:188} INFO - 770
[2024-01-09T14:43:28.762-0300] {logging_mixin.py:188} INFO - 771
[2024-01-09T14:43:29.006-0300] {logging_mixin.py:188} INFO - 772
[2024-01-09T14:43:29.149-0300] {logging_mixin.py:188} INFO - 773
[2024-01-09T14:43:29.309-0300] {logging_mixin.py:188} INFO - 774
[2024-01-09T14:43:29.467-0300] {logging_mixin.py:188} INFO - 775
[2024-01-09T14:43:29.615-0300] {logging_mixin.py:188} INFO - 776
[2024-01-09T14:43:29.765-0300] {logging_mixin.py:188} INFO - 777
[2024-01-09T14:43:29.917-0300] {logging_mixin.py:188} INFO - 778
[2024-01-09T14:43:30.066-0300] {logging_mixin.py:188} INFO - 779
[2024-01-09T14:43:30.223-0300] {logging_mixin.py:188} INFO - 780
[2024-01-09T14:43:30.526-0300] {logging_mixin.py:188} INFO - 781
[2024-01-09T14:43:30.684-0300] {logging_mixin.py:188} INFO - 782
[2024-01-09T14:43:30.829-0300] {logging_mixin.py:188} INFO - 783
[2024-01-09T14:43:31.005-0300] {logging_mixin.py:188} INFO - 784
[2024-01-09T14:43:31.151-0300] {logging_mixin.py:188} INFO - 785
[2024-01-09T14:43:31.298-0300] {logging_mixin.py:188} INFO - 786
[2024-01-09T14:43:31.448-0300] {logging_mixin.py:188} INFO - 787
[2024-01-09T14:43:31.599-0300] {logging_mixin.py:188} INFO - 788
[2024-01-09T14:43:31.755-0300] {logging_mixin.py:188} INFO - 789
[2024-01-09T14:43:31.907-0300] {logging_mixin.py:188} INFO - 790
[2024-01-09T14:43:32.064-0300] {logging_mixin.py:188} INFO - 791
[2024-01-09T14:43:32.219-0300] {logging_mixin.py:188} INFO - 792
[2024-01-09T14:43:32.369-0300] {logging_mixin.py:188} INFO - 793
[2024-01-09T14:43:32.537-0300] {logging_mixin.py:188} INFO - 794
[2024-01-09T14:43:33.331-0300] {logging_mixin.py:188} INFO - 795
[2024-01-09T14:43:33.476-0300] {logging_mixin.py:188} INFO - 796
[2024-01-09T14:43:33.622-0300] {logging_mixin.py:188} INFO - 797
[2024-01-09T14:43:33.771-0300] {logging_mixin.py:188} INFO - 798
[2024-01-09T14:43:33.919-0300] {logging_mixin.py:188} INFO - 799
[2024-01-09T14:43:34.094-0300] {logging_mixin.py:188} INFO - 800
[2024-01-09T14:43:34.412-0300] {logging_mixin.py:188} INFO - 801
[2024-01-09T14:43:34.561-0300] {logging_mixin.py:188} INFO - 802
[2024-01-09T14:43:34.709-0300] {logging_mixin.py:188} INFO - 803
[2024-01-09T14:43:34.860-0300] {logging_mixin.py:188} INFO - 804
[2024-01-09T14:43:35.003-0300] {logging_mixin.py:188} INFO - 805
[2024-01-09T14:43:35.148-0300] {logging_mixin.py:188} INFO - 806
[2024-01-09T14:43:35.294-0300] {logging_mixin.py:188} INFO - 807
[2024-01-09T14:43:35.436-0300] {logging_mixin.py:188} INFO - 808
[2024-01-09T14:43:35.609-0300] {logging_mixin.py:188} INFO - 809
[2024-01-09T14:43:35.754-0300] {logging_mixin.py:188} INFO - 810
[2024-01-09T14:43:35.905-0300] {logging_mixin.py:188} INFO - 811
[2024-01-09T14:43:36.055-0300] {logging_mixin.py:188} INFO - 812
[2024-01-09T14:43:36.212-0300] {logging_mixin.py:188} INFO - 813
[2024-01-09T14:43:36.390-0300] {logging_mixin.py:188} INFO - 814
[2024-01-09T14:43:36.544-0300] {logging_mixin.py:188} INFO - 815
[2024-01-09T14:43:36.690-0300] {logging_mixin.py:188} INFO - 816
[2024-01-09T14:43:36.841-0300] {logging_mixin.py:188} INFO - 817
[2024-01-09T14:43:36.997-0300] {logging_mixin.py:188} INFO - 818
[2024-01-09T14:43:37.144-0300] {logging_mixin.py:188} INFO - 819
[2024-01-09T14:43:37.291-0300] {logging_mixin.py:188} INFO - 820
[2024-01-09T14:43:37.583-0300] {logging_mixin.py:188} INFO - 821
[2024-01-09T14:43:37.746-0300] {logging_mixin.py:188} INFO - 822
[2024-01-09T14:43:37.898-0300] {logging_mixin.py:188} INFO - 823
[2024-01-09T14:43:38.046-0300] {logging_mixin.py:188} INFO - 824
[2024-01-09T14:43:38.196-0300] {logging_mixin.py:188} INFO - 825
[2024-01-09T14:43:38.347-0300] {logging_mixin.py:188} INFO - 826
[2024-01-09T14:43:38.498-0300] {logging_mixin.py:188} INFO - 827
[2024-01-09T14:43:38.655-0300] {logging_mixin.py:188} INFO - 828
[2024-01-09T14:43:38.804-0300] {logging_mixin.py:188} INFO - 829
[2024-01-09T14:43:38.952-0300] {logging_mixin.py:188} INFO - 830
[2024-01-09T14:43:39.096-0300] {logging_mixin.py:188} INFO - 831
[2024-01-09T14:43:39.272-0300] {logging_mixin.py:188} INFO - 832
[2024-01-09T14:43:39.436-0300] {logging_mixin.py:188} INFO - 833
[2024-01-09T14:43:39.590-0300] {logging_mixin.py:188} INFO - 834
[2024-01-09T14:43:39.732-0300] {logging_mixin.py:188} INFO - 835
[2024-01-09T14:43:39.887-0300] {logging_mixin.py:188} INFO - 836
[2024-01-09T14:43:40.049-0300] {logging_mixin.py:188} INFO - 837
[2024-01-09T14:43:40.202-0300] {logging_mixin.py:188} INFO - 838
[2024-01-09T14:43:40.351-0300] {logging_mixin.py:188} INFO - 839
[2024-01-09T14:43:40.510-0300] {logging_mixin.py:188} INFO - 840
[2024-01-09T14:43:40.799-0300] {logging_mixin.py:188} INFO - 841
[2024-01-09T14:43:40.949-0300] {logging_mixin.py:188} INFO - 842
[2024-01-09T14:43:41.102-0300] {logging_mixin.py:188} INFO - 843
[2024-01-09T14:43:41.246-0300] {logging_mixin.py:188} INFO - 844
[2024-01-09T14:43:41.406-0300] {logging_mixin.py:188} INFO - 845
[2024-01-09T14:43:41.564-0300] {logging_mixin.py:188} INFO - 846
[2024-01-09T14:43:41.721-0300] {logging_mixin.py:188} INFO - 847
[2024-01-09T14:43:41.878-0300] {logging_mixin.py:188} INFO - 848
[2024-01-09T14:43:42.048-0300] {logging_mixin.py:188} INFO - 849
[2024-01-09T14:43:42.199-0300] {logging_mixin.py:188} INFO - 850
[2024-01-09T14:43:42.352-0300] {logging_mixin.py:188} INFO - 851
[2024-01-09T14:43:42.499-0300] {logging_mixin.py:188} INFO - 852
[2024-01-09T14:43:42.663-0300] {logging_mixin.py:188} INFO - 853
[2024-01-09T14:43:42.841-0300] {logging_mixin.py:188} INFO - 854
[2024-01-09T14:43:42.990-0300] {logging_mixin.py:188} INFO - 855
[2024-01-09T14:43:43.138-0300] {logging_mixin.py:188} INFO - 856
[2024-01-09T14:43:43.293-0300] {logging_mixin.py:188} INFO - 857
[2024-01-09T14:43:43.446-0300] {logging_mixin.py:188} INFO - 858
[2024-01-09T14:43:43.591-0300] {logging_mixin.py:188} INFO - 859
[2024-01-09T14:43:43.762-0300] {logging_mixin.py:188} INFO - 860
[2024-01-09T14:43:44.061-0300] {logging_mixin.py:188} INFO - 861
[2024-01-09T14:43:44.213-0300] {logging_mixin.py:188} INFO - 862
[2024-01-09T14:43:44.366-0300] {logging_mixin.py:188} INFO - 863
[2024-01-09T14:43:44.513-0300] {logging_mixin.py:188} INFO - 864
[2024-01-09T14:43:44.663-0300] {logging_mixin.py:188} INFO - 865
[2024-01-09T14:43:44.814-0300] {logging_mixin.py:188} INFO - 866
[2024-01-09T14:43:44.965-0300] {logging_mixin.py:188} INFO - 867
[2024-01-09T14:43:45.116-0300] {logging_mixin.py:188} INFO - 868
[2024-01-09T14:43:45.271-0300] {logging_mixin.py:188} INFO - 869
[2024-01-09T14:43:45.456-0300] {logging_mixin.py:188} INFO - 870
[2024-01-09T14:43:45.645-0300] {logging_mixin.py:188} INFO - 871
[2024-01-09T14:43:45.794-0300] {logging_mixin.py:188} INFO - 872
[2024-01-09T14:43:45.951-0300] {logging_mixin.py:188} INFO - 873
[2024-01-09T14:43:46.100-0300] {logging_mixin.py:188} INFO - 874
[2024-01-09T14:43:46.251-0300] {logging_mixin.py:188} INFO - 875
[2024-01-09T14:43:46.408-0300] {logging_mixin.py:188} INFO - 876
[2024-01-09T14:43:46.578-0300] {logging_mixin.py:188} INFO - 877
[2024-01-09T14:43:46.726-0300] {logging_mixin.py:188} INFO - 878
[2024-01-09T14:43:46.884-0300] {logging_mixin.py:188} INFO - 879
[2024-01-09T14:43:47.045-0300] {logging_mixin.py:188} INFO - 880
[2024-01-09T14:43:47.352-0300] {logging_mixin.py:188} INFO - 881
[2024-01-09T14:43:47.505-0300] {logging_mixin.py:188} INFO - 882
[2024-01-09T14:43:47.651-0300] {logging_mixin.py:188} INFO - 883
[2024-01-09T14:43:47.803-0300] {logging_mixin.py:188} INFO - 884
[2024-01-09T14:43:47.958-0300] {logging_mixin.py:188} INFO - 885
[2024-01-09T14:43:48.111-0300] {logging_mixin.py:188} INFO - 886
[2024-01-09T14:43:48.256-0300] {logging_mixin.py:188} INFO - 887
[2024-01-09T14:43:48.408-0300] {logging_mixin.py:188} INFO - 888
[2024-01-09T14:43:48.555-0300] {logging_mixin.py:188} INFO - 889
[2024-01-09T14:43:48.705-0300] {logging_mixin.py:188} INFO - 890
[2024-01-09T14:43:48.858-0300] {logging_mixin.py:188} INFO - 891
[2024-01-09T14:43:49.015-0300] {logging_mixin.py:188} INFO - 892
[2024-01-09T14:43:49.171-0300] {logging_mixin.py:188} INFO - 893
[2024-01-09T14:43:49.322-0300] {logging_mixin.py:188} INFO - 894
[2024-01-09T14:43:49.471-0300] {logging_mixin.py:188} INFO - 895
[2024-01-09T14:43:49.617-0300] {logging_mixin.py:188} INFO - 896
[2024-01-09T14:43:49.777-0300] {logging_mixin.py:188} INFO - 897
[2024-01-09T14:43:49.926-0300] {logging_mixin.py:188} INFO - 898
[2024-01-09T14:43:50.079-0300] {logging_mixin.py:188} INFO - 899
[2024-01-09T14:43:50.230-0300] {logging_mixin.py:188} INFO - 900
[2024-01-09T14:43:50.560-0300] {logging_mixin.py:188} INFO - 901
[2024-01-09T14:43:50.738-0300] {logging_mixin.py:188} INFO - 902
[2024-01-09T14:43:50.889-0300] {logging_mixin.py:188} INFO - 903
[2024-01-09T14:43:51.050-0300] {logging_mixin.py:188} INFO - 904
[2024-01-09T14:43:51.201-0300] {logging_mixin.py:188} INFO - 905
[2024-01-09T14:43:51.356-0300] {logging_mixin.py:188} INFO - 906
[2024-01-09T14:43:51.505-0300] {logging_mixin.py:188} INFO - 907
[2024-01-09T14:43:51.655-0300] {logging_mixin.py:188} INFO - 908
[2024-01-09T14:43:51.806-0300] {logging_mixin.py:188} INFO - 909
[2024-01-09T14:43:51.977-0300] {logging_mixin.py:188} INFO - 910
[2024-01-09T14:43:52.132-0300] {logging_mixin.py:188} INFO - 911
[2024-01-09T14:43:52.289-0300] {logging_mixin.py:188} INFO - 912
[2024-01-09T14:43:52.461-0300] {logging_mixin.py:188} INFO - 913
[2024-01-09T14:43:52.616-0300] {logging_mixin.py:188} INFO - 914
[2024-01-09T14:43:52.766-0300] {logging_mixin.py:188} INFO - 915
[2024-01-09T14:43:52.914-0300] {logging_mixin.py:188} INFO - 916
[2024-01-09T14:43:53.064-0300] {logging_mixin.py:188} INFO - 917
[2024-01-09T14:43:53.222-0300] {logging_mixin.py:188} INFO - 918
[2024-01-09T14:43:53.371-0300] {logging_mixin.py:188} INFO - 919
[2024-01-09T14:43:53.540-0300] {logging_mixin.py:188} INFO - 920
[2024-01-09T14:43:53.836-0300] {logging_mixin.py:188} INFO - 921
[2024-01-09T14:43:53.986-0300] {logging_mixin.py:188} INFO - 922
[2024-01-09T14:43:54.130-0300] {logging_mixin.py:188} INFO - 923
[2024-01-09T14:43:54.283-0300] {logging_mixin.py:188} INFO - 924
[2024-01-09T14:43:54.431-0300] {logging_mixin.py:188} INFO - 925
[2024-01-09T14:43:54.590-0300] {logging_mixin.py:188} INFO - 926
[2024-01-09T14:43:54.744-0300] {logging_mixin.py:188} INFO - 927
[2024-01-09T14:43:54.891-0300] {logging_mixin.py:188} INFO - 928
[2024-01-09T14:43:55.088-0300] {logging_mixin.py:188} INFO - 929
[2024-01-09T14:43:55.245-0300] {logging_mixin.py:188} INFO - 930
[2024-01-09T14:43:55.396-0300] {logging_mixin.py:188} INFO - 931
[2024-01-09T14:43:55.555-0300] {logging_mixin.py:188} INFO - 932
[2024-01-09T14:43:55.731-0300] {logging_mixin.py:188} INFO - 933
[2024-01-09T14:43:55.884-0300] {logging_mixin.py:188} INFO - 934
[2024-01-09T14:43:56.029-0300] {logging_mixin.py:188} INFO - 935
[2024-01-09T14:43:56.187-0300] {logging_mixin.py:188} INFO - 936
[2024-01-09T14:43:56.337-0300] {logging_mixin.py:188} INFO - 937
[2024-01-09T14:43:56.485-0300] {logging_mixin.py:188} INFO - 938
[2024-01-09T14:43:56.631-0300] {logging_mixin.py:188} INFO - 939
[2024-01-09T14:43:56.785-0300] {logging_mixin.py:188} INFO - 940
[2024-01-09T14:43:57.081-0300] {logging_mixin.py:188} INFO - 941
[2024-01-09T14:43:57.245-0300] {logging_mixin.py:188} INFO - 942
[2024-01-09T14:43:57.404-0300] {logging_mixin.py:188} INFO - 943
[2024-01-09T14:43:57.550-0300] {logging_mixin.py:188} INFO - 944
[2024-01-09T14:43:57.722-0300] {logging_mixin.py:188} INFO - 945
[2024-01-09T14:43:57.869-0300] {logging_mixin.py:188} INFO - 946
[2024-01-09T14:43:58.022-0300] {logging_mixin.py:188} INFO - 947
[2024-01-09T14:43:58.175-0300] {logging_mixin.py:188} INFO - 948
[2024-01-09T14:43:58.331-0300] {logging_mixin.py:188} INFO - 949
[2024-01-09T14:43:58.477-0300] {logging_mixin.py:188} INFO - 950
[2024-01-09T14:43:58.641-0300] {logging_mixin.py:188} INFO - 951
[2024-01-09T14:43:58.796-0300] {logging_mixin.py:188} INFO - 952
[2024-01-09T14:43:58.945-0300] {logging_mixin.py:188} INFO - 953
[2024-01-09T14:43:59.095-0300] {logging_mixin.py:188} INFO - 954
[2024-01-09T14:43:59.250-0300] {logging_mixin.py:188} INFO - 955
[2024-01-09T14:43:59.423-0300] {logging_mixin.py:188} INFO - 956
[2024-01-09T14:43:59.572-0300] {logging_mixin.py:188} INFO - 957
[2024-01-09T14:43:59.724-0300] {logging_mixin.py:188} INFO - 958
[2024-01-09T14:43:59.869-0300] {logging_mixin.py:188} INFO - 959
[2024-01-09T14:44:00.018-0300] {logging_mixin.py:188} INFO - 960
[2024-01-09T14:44:00.315-0300] {logging_mixin.py:188} INFO - 961
[2024-01-09T14:44:00.465-0300] {logging_mixin.py:188} INFO - 962
[2024-01-09T14:44:00.615-0300] {logging_mixin.py:188} INFO - 963
[2024-01-09T14:44:00.766-0300] {logging_mixin.py:188} INFO - 964
[2024-01-09T14:44:00.920-0300] {logging_mixin.py:188} INFO - 965
[2024-01-09T14:44:01.095-0300] {logging_mixin.py:188} INFO - 966
[2024-01-09T14:44:01.249-0300] {logging_mixin.py:188} INFO - 967
[2024-01-09T14:44:01.402-0300] {logging_mixin.py:188} INFO - 968
[2024-01-09T14:44:01.548-0300] {logging_mixin.py:188} INFO - 969
[2024-01-09T14:44:01.709-0300] {logging_mixin.py:188} INFO - 970
[2024-01-09T14:44:01.861-0300] {logging_mixin.py:188} INFO - 971
[2024-01-09T14:44:02.015-0300] {logging_mixin.py:188} INFO - 972
[2024-01-09T14:44:02.161-0300] {logging_mixin.py:188} INFO - 973
[2024-01-09T14:44:02.312-0300] {logging_mixin.py:188} INFO - 974
[2024-01-09T14:44:02.514-0300] {logging_mixin.py:188} INFO - 975
[2024-01-09T14:44:02.661-0300] {logging_mixin.py:188} INFO - 976
[2024-01-09T14:44:02.817-0300] {logging_mixin.py:188} INFO - 977
[2024-01-09T14:44:02.977-0300] {logging_mixin.py:188} INFO - 978
[2024-01-09T14:44:03.135-0300] {logging_mixin.py:188} INFO - 979
[2024-01-09T14:44:03.308-0300] {logging_mixin.py:188} INFO - 980
[2024-01-09T14:44:03.636-0300] {logging_mixin.py:188} INFO - 981
[2024-01-09T14:44:03.792-0300] {logging_mixin.py:188} INFO - 982
[2024-01-09T14:44:03.947-0300] {logging_mixin.py:188} INFO - 983
[2024-01-09T14:44:04.154-0300] {logging_mixin.py:188} INFO - 984
[2024-01-09T14:44:04.306-0300] {logging_mixin.py:188} INFO - 985
[2024-01-09T14:44:04.462-0300] {logging_mixin.py:188} INFO - 986
[2024-01-09T14:44:04.606-0300] {logging_mixin.py:188} INFO - 987
[2024-01-09T14:44:04.779-0300] {logging_mixin.py:188} INFO - 988
[2024-01-09T14:44:04.961-0300] {logging_mixin.py:188} INFO - 989
[2024-01-09T14:44:05.111-0300] {logging_mixin.py:188} INFO - 990
[2024-01-09T14:44:05.259-0300] {logging_mixin.py:188} INFO - 991
[2024-01-09T14:44:05.415-0300] {logging_mixin.py:188} INFO - 992
[2024-01-09T14:44:05.586-0300] {logging_mixin.py:188} INFO - 993
[2024-01-09T14:44:05.738-0300] {logging_mixin.py:188} INFO - 994
[2024-01-09T14:44:05.887-0300] {logging_mixin.py:188} INFO - 995
[2024-01-09T14:44:06.039-0300] {logging_mixin.py:188} INFO - 996
[2024-01-09T14:44:06.182-0300] {logging_mixin.py:188} INFO - 997
[2024-01-09T14:44:06.334-0300] {logging_mixin.py:188} INFO - 998
[2024-01-09T14:44:06.484-0300] {logging_mixin.py:188} INFO - 999
[2024-01-09T14:44:06.636-0300] {logging_mixin.py:188} INFO - 1000
[2024-01-09T14:44:06.943-0300] {logging_mixin.py:188} INFO - 1001
[2024-01-09T14:44:07.097-0300] {logging_mixin.py:188} INFO - 1002
[2024-01-09T14:44:07.250-0300] {logging_mixin.py:188} INFO - 1003
[2024-01-09T14:44:07.402-0300] {logging_mixin.py:188} INFO - 1004
[2024-01-09T14:44:07.558-0300] {logging_mixin.py:188} INFO - 1005
[2024-01-09T14:44:07.710-0300] {logging_mixin.py:188} INFO - 1006
[2024-01-09T14:44:07.861-0300] {logging_mixin.py:188} INFO - 1007
[2024-01-09T14:44:08.009-0300] {logging_mixin.py:188} INFO - 1008
[2024-01-09T14:44:08.156-0300] {logging_mixin.py:188} INFO - 1009
[2024-01-09T14:44:08.302-0300] {logging_mixin.py:188} INFO - 1010
[2024-01-09T14:44:08.454-0300] {logging_mixin.py:188} INFO - 1011
[2024-01-09T14:44:08.612-0300] {logging_mixin.py:188} INFO - 1012
[2024-01-09T14:44:08.764-0300] {logging_mixin.py:188} INFO - 1013
[2024-01-09T14:44:08.917-0300] {logging_mixin.py:188} INFO - 1014
[2024-01-09T14:44:09.067-0300] {logging_mixin.py:188} INFO - 1015
[2024-01-09T14:44:09.217-0300] {logging_mixin.py:188} INFO - 1016
[2024-01-09T14:44:09.371-0300] {logging_mixin.py:188} INFO - 1017
[2024-01-09T14:44:09.522-0300] {logging_mixin.py:188} INFO - 1018
[2024-01-09T14:44:09.665-0300] {logging_mixin.py:188} INFO - 1019
[2024-01-09T14:44:09.819-0300] {logging_mixin.py:188} INFO - 1020
[2024-01-09T14:44:10.118-0300] {logging_mixin.py:188} INFO - 1021
[2024-01-09T14:44:10.270-0300] {logging_mixin.py:188} INFO - 1022
[2024-01-09T14:44:10.433-0300] {logging_mixin.py:188} INFO - 1023
[2024-01-09T14:44:10.586-0300] {logging_mixin.py:188} INFO - 1024
[2024-01-09T14:44:10.739-0300] {logging_mixin.py:188} INFO - 1025
[2024-01-09T14:44:10.887-0300] {logging_mixin.py:188} INFO - 10001
[2024-01-09T14:44:11.036-0300] {logging_mixin.py:188} INFO - 10002
[2024-01-09T14:44:11.192-0300] {logging_mixin.py:188} INFO - 10003
[2024-01-09T14:44:11.341-0300] {logging_mixin.py:188} INFO - 10004
[2024-01-09T14:44:11.491-0300] {logging_mixin.py:188} INFO - 10005
[2024-01-09T14:44:11.641-0300] {logging_mixin.py:188} INFO - 10006
[2024-01-09T14:44:11.790-0300] {logging_mixin.py:188} INFO - 10007
[2024-01-09T14:44:11.939-0300] {logging_mixin.py:188} INFO - 10008
[2024-01-09T14:44:12.092-0300] {logging_mixin.py:188} INFO - 10009
[2024-01-09T14:44:12.248-0300] {logging_mixin.py:188} INFO - 10010
[2024-01-09T14:44:12.400-0300] {logging_mixin.py:188} INFO - 10011
[2024-01-09T14:44:12.572-0300] {logging_mixin.py:188} INFO - 10012
[2024-01-09T14:44:12.728-0300] {logging_mixin.py:188} INFO - 10013
[2024-01-09T14:44:12.884-0300] {logging_mixin.py:188} INFO - 10014
[2024-01-09T14:44:13.038-0300] {logging_mixin.py:188} INFO - 10015
[2024-01-09T14:44:13.337-0300] {logging_mixin.py:188} INFO - 10016
[2024-01-09T14:44:13.494-0300] {logging_mixin.py:188} INFO - 10017
[2024-01-09T14:44:13.652-0300] {logging_mixin.py:188} INFO - 10018
[2024-01-09T14:44:13.856-0300] {logging_mixin.py:188} INFO - 10019
[2024-01-09T14:44:14.005-0300] {logging_mixin.py:188} INFO - 10020
[2024-01-09T14:44:14.190-0300] {logging_mixin.py:188} INFO - 10021
[2024-01-09T14:44:14.350-0300] {logging_mixin.py:188} INFO - 10022
[2024-01-09T14:44:14.498-0300] {logging_mixin.py:188} INFO - 10023
[2024-01-09T14:44:14.644-0300] {logging_mixin.py:188} INFO - 10024
[2024-01-09T14:44:14.796-0300] {logging_mixin.py:188} INFO - 10025
[2024-01-09T14:44:14.954-0300] {logging_mixin.py:188} INFO - 10026
[2024-01-09T14:44:15.114-0300] {logging_mixin.py:188} INFO - 10027
[2024-01-09T14:44:15.267-0300] {logging_mixin.py:188} INFO - 10028
[2024-01-09T14:44:15.422-0300] {logging_mixin.py:188} INFO - 10029
[2024-01-09T14:44:15.573-0300] {logging_mixin.py:188} INFO - 10030
[2024-01-09T14:44:15.724-0300] {logging_mixin.py:188} INFO - 10031
[2024-01-09T14:44:15.873-0300] {logging_mixin.py:188} INFO - 10032
[2024-01-09T14:44:16.032-0300] {logging_mixin.py:188} INFO - 10033
[2024-01-09T14:44:16.184-0300] {logging_mixin.py:188} INFO - 10034
[2024-01-09T14:44:16.339-0300] {logging_mixin.py:188} INFO - 10035
[2024-01-09T14:44:16.646-0300] {logging_mixin.py:188} INFO - 10036
[2024-01-09T14:44:16.797-0300] {logging_mixin.py:188} INFO - 10037
[2024-01-09T14:44:16.947-0300] {logging_mixin.py:188} INFO - 10038
[2024-01-09T14:44:17.098-0300] {logging_mixin.py:188} INFO - 10039
[2024-01-09T14:44:17.250-0300] {logging_mixin.py:188} INFO - 10040
[2024-01-09T14:44:17.397-0300] {logging_mixin.py:188} INFO - 10041
[2024-01-09T14:44:17.546-0300] {logging_mixin.py:188} INFO - 10042
[2024-01-09T14:44:17.701-0300] {logging_mixin.py:188} INFO - 10043
[2024-01-09T14:44:17.851-0300] {logging_mixin.py:188} INFO - 10044
[2024-01-09T14:44:18.003-0300] {logging_mixin.py:188} INFO - 10045
[2024-01-09T14:44:18.148-0300] {logging_mixin.py:188} INFO - 10046
[2024-01-09T14:44:18.302-0300] {logging_mixin.py:188} INFO - 10047
[2024-01-09T14:44:18.467-0300] {logging_mixin.py:188} INFO - 10048
[2024-01-09T14:44:18.617-0300] {logging_mixin.py:188} INFO - 10049
[2024-01-09T14:44:18.766-0300] {logging_mixin.py:188} INFO - 10050
[2024-01-09T14:44:18.932-0300] {logging_mixin.py:188} INFO - 10051
[2024-01-09T14:44:19.080-0300] {logging_mixin.py:188} INFO - 10052
[2024-01-09T14:44:19.235-0300] {logging_mixin.py:188} INFO - 10053
[2024-01-09T14:44:19.390-0300] {logging_mixin.py:188} INFO - 10054
[2024-01-09T14:44:19.546-0300] {logging_mixin.py:188} INFO - 10055
[2024-01-09T14:44:19.857-0300] {logging_mixin.py:188} INFO - 10056
[2024-01-09T14:44:20.011-0300] {logging_mixin.py:188} INFO - 10057
[2024-01-09T14:44:20.161-0300] {logging_mixin.py:188} INFO - 10058
[2024-01-09T14:44:20.309-0300] {logging_mixin.py:188} INFO - 10059
[2024-01-09T14:44:20.463-0300] {logging_mixin.py:188} INFO - 10060
[2024-01-09T14:44:20.615-0300] {logging_mixin.py:188} INFO - 10061
[2024-01-09T14:44:20.763-0300] {logging_mixin.py:188} INFO - 10062
[2024-01-09T14:44:20.922-0300] {logging_mixin.py:188} INFO - 10063
[2024-01-09T14:44:21.075-0300] {logging_mixin.py:188} INFO - 10064
[2024-01-09T14:44:21.222-0300] {logging_mixin.py:188} INFO - 10065
[2024-01-09T14:44:21.382-0300] {logging_mixin.py:188} INFO - 10066
[2024-01-09T14:44:21.528-0300] {logging_mixin.py:188} INFO - 10067
[2024-01-09T14:44:21.683-0300] {logging_mixin.py:188} INFO - 10068
[2024-01-09T14:44:21.872-0300] {logging_mixin.py:188} INFO - 10069
[2024-01-09T14:44:22.053-0300] {logging_mixin.py:188} INFO - 10070
[2024-01-09T14:44:22.205-0300] {logging_mixin.py:188} INFO - 10071
[2024-01-09T14:44:22.354-0300] {logging_mixin.py:188} INFO - 10072
[2024-01-09T14:44:22.512-0300] {logging_mixin.py:188} INFO - 10073
[2024-01-09T14:44:22.661-0300] {logging_mixin.py:188} INFO - 10074
[2024-01-09T14:44:22.824-0300] {logging_mixin.py:188} INFO - 10075
[2024-01-09T14:44:23.176-0300] {logging_mixin.py:188} INFO - 10076
[2024-01-09T14:44:23.328-0300] {logging_mixin.py:188} INFO - 10077
[2024-01-09T14:44:23.479-0300] {logging_mixin.py:188} INFO - 10078
[2024-01-09T14:44:23.625-0300] {logging_mixin.py:188} INFO - 10079
[2024-01-09T14:44:23.777-0300] {logging_mixin.py:188} INFO - 10080
[2024-01-09T14:44:23.944-0300] {logging_mixin.py:188} INFO - 10081
[2024-01-09T14:44:24.099-0300] {logging_mixin.py:188} INFO - 10082
[2024-01-09T14:44:24.258-0300] {logging_mixin.py:188} INFO - 10083
[2024-01-09T14:44:24.417-0300] {logging_mixin.py:188} INFO - 10084
[2024-01-09T14:44:24.589-0300] {logging_mixin.py:188} INFO - 10085
[2024-01-09T14:44:24.749-0300] {logging_mixin.py:188} INFO - 10086
[2024-01-09T14:44:24.902-0300] {logging_mixin.py:188} INFO - 10087
[2024-01-09T14:44:25.055-0300] {logging_mixin.py:188} INFO - 10088
[2024-01-09T14:44:25.201-0300] {logging_mixin.py:188} INFO - 10089
[2024-01-09T14:44:25.353-0300] {logging_mixin.py:188} INFO - 10090
[2024-01-09T14:44:25.507-0300] {logging_mixin.py:188} INFO - 10091
[2024-01-09T14:44:25.667-0300] {logging_mixin.py:188} INFO - 10092
[2024-01-09T14:44:25.816-0300] {logging_mixin.py:188} INFO - 10093
[2024-01-09T14:44:25.968-0300] {logging_mixin.py:188} INFO - 10094
[2024-01-09T14:44:26.130-0300] {logging_mixin.py:188} INFO - 10095
[2024-01-09T14:44:26.439-0300] {logging_mixin.py:188} INFO - 10096
[2024-01-09T14:44:26.594-0300] {logging_mixin.py:188} INFO - 10097
[2024-01-09T14:44:26.748-0300] {logging_mixin.py:188} INFO - 10098
[2024-01-09T14:44:26.901-0300] {logging_mixin.py:188} INFO - 10099
[2024-01-09T14:44:27.052-0300] {logging_mixin.py:188} INFO - 10100
[2024-01-09T14:44:27.219-0300] {logging_mixin.py:188} INFO - 10101
[2024-01-09T14:44:27.392-0300] {logging_mixin.py:188} INFO - 10102
[2024-01-09T14:44:27.545-0300] {logging_mixin.py:188} INFO - 10103
[2024-01-09T14:44:27.705-0300] {logging_mixin.py:188} INFO - 10104
[2024-01-09T14:44:27.853-0300] {logging_mixin.py:188} INFO - 10105
[2024-01-09T14:44:28.025-0300] {logging_mixin.py:188} INFO - 10106
[2024-01-09T14:44:28.172-0300] {logging_mixin.py:188} INFO - 10107
[2024-01-09T14:44:28.333-0300] {logging_mixin.py:188} INFO - 10108
[2024-01-09T14:44:28.497-0300] {logging_mixin.py:188} INFO - 10109
[2024-01-09T14:44:28.675-0300] {logging_mixin.py:188} INFO - 10110
[2024-01-09T14:44:28.821-0300] {logging_mixin.py:188} INFO - 10111
[2024-01-09T14:44:28.979-0300] {logging_mixin.py:188} INFO - 10112
[2024-01-09T14:44:29.126-0300] {logging_mixin.py:188} INFO - 10113
[2024-01-09T14:44:29.282-0300] {logging_mixin.py:188} INFO - 10114
[2024-01-09T14:44:29.434-0300] {logging_mixin.py:188} INFO - 10115
[2024-01-09T14:44:29.748-0300] {logging_mixin.py:188} INFO - 10116
[2024-01-09T14:44:29.896-0300] {logging_mixin.py:188} INFO - 10117
[2024-01-09T14:44:30.060-0300] {logging_mixin.py:188} INFO - 10118
[2024-01-09T14:44:30.207-0300] {logging_mixin.py:188} INFO - 10119
[2024-01-09T14:44:30.359-0300] {logging_mixin.py:188} INFO - 10120
[2024-01-09T14:44:30.516-0300] {logging_mixin.py:188} INFO - 10121
[2024-01-09T14:44:30.669-0300] {logging_mixin.py:188} INFO - 10122
[2024-01-09T14:44:30.817-0300] {logging_mixin.py:188} INFO - 10123
[2024-01-09T14:44:30.966-0300] {logging_mixin.py:188} INFO - 10124
[2024-01-09T14:44:31.157-0300] {logging_mixin.py:188} INFO - 10125
[2024-01-09T14:44:31.348-0300] {logging_mixin.py:188} INFO - 10126
[2024-01-09T14:44:31.542-0300] {logging_mixin.py:188} INFO - 10127
[2024-01-09T14:44:31.752-0300] {logging_mixin.py:188} INFO - 10128
[2024-01-09T14:44:31.934-0300] {logging_mixin.py:188} INFO - 10129
[2024-01-09T14:44:32.121-0300] {logging_mixin.py:188} INFO - 10130
[2024-01-09T14:44:32.278-0300] {logging_mixin.py:188} INFO - 10131
[2024-01-09T14:44:32.438-0300] {logging_mixin.py:188} INFO - 10132
[2024-01-09T14:44:32.587-0300] {logging_mixin.py:188} INFO - 10133
[2024-01-09T14:44:32.749-0300] {logging_mixin.py:188} INFO - 10134
[2024-01-09T14:44:32.913-0300] {logging_mixin.py:188} INFO - 10135
[2024-01-09T14:44:33.254-0300] {logging_mixin.py:188} INFO - 10136
[2024-01-09T14:44:33.405-0300] {logging_mixin.py:188} INFO - 10137
[2024-01-09T14:44:33.557-0300] {logging_mixin.py:188} INFO - 10138
[2024-01-09T14:44:33.725-0300] {logging_mixin.py:188} INFO - 10139
[2024-01-09T14:44:33.957-0300] {logging_mixin.py:188} INFO - 10140
[2024-01-09T14:44:34.107-0300] {logging_mixin.py:188} INFO - 10141
[2024-01-09T14:44:34.308-0300] {logging_mixin.py:188} INFO - 10142
[2024-01-09T14:44:34.477-0300] {logging_mixin.py:188} INFO - 10143
[2024-01-09T14:44:34.630-0300] {logging_mixin.py:188} INFO - 10144
[2024-01-09T14:44:34.781-0300] {logging_mixin.py:188} INFO - 10145
[2024-01-09T14:44:34.936-0300] {logging_mixin.py:188} INFO - 10146
[2024-01-09T14:44:35.089-0300] {logging_mixin.py:188} INFO - 10147
[2024-01-09T14:44:35.240-0300] {logging_mixin.py:188} INFO - 10148
[2024-01-09T14:44:35.387-0300] {logging_mixin.py:188} INFO - 10149
[2024-01-09T14:44:35.541-0300] {logging_mixin.py:188} INFO - 10150
[2024-01-09T14:44:35.687-0300] {logging_mixin.py:188} INFO - 10151
[2024-01-09T14:44:35.835-0300] {logging_mixin.py:188} INFO - 10152
[2024-01-09T14:44:35.981-0300] {logging_mixin.py:188} INFO - 10153
[2024-01-09T14:44:36.128-0300] {logging_mixin.py:188} INFO - 10154
[2024-01-09T14:44:36.277-0300] {logging_mixin.py:188} INFO - 10155
[2024-01-09T14:44:36.591-0300] {logging_mixin.py:188} INFO - 10156
[2024-01-09T14:44:36.740-0300] {logging_mixin.py:188} INFO - 10157
[2024-01-09T14:44:36.889-0300] {logging_mixin.py:188} INFO - 10158
[2024-01-09T14:44:37.040-0300] {logging_mixin.py:188} INFO - 10159
[2024-01-09T14:44:37.189-0300] {logging_mixin.py:188} INFO - 10160
[2024-01-09T14:44:37.338-0300] {logging_mixin.py:188} INFO - 10161
[2024-01-09T14:44:37.489-0300] {logging_mixin.py:188} INFO - 10162
[2024-01-09T14:44:37.643-0300] {logging_mixin.py:188} INFO - 10163
[2024-01-09T14:44:37.796-0300] {logging_mixin.py:188} INFO - 10164
[2024-01-09T14:44:37.987-0300] {logging_mixin.py:188} INFO - 10165
[2024-01-09T14:44:38.139-0300] {logging_mixin.py:188} INFO - 10166
[2024-01-09T14:44:38.288-0300] {logging_mixin.py:188} INFO - 10167
[2024-01-09T14:44:38.440-0300] {logging_mixin.py:188} INFO - 10168
[2024-01-09T14:44:38.609-0300] {logging_mixin.py:188} INFO - 10169
[2024-01-09T14:44:38.768-0300] {logging_mixin.py:188} INFO - 10170
[2024-01-09T14:44:38.923-0300] {logging_mixin.py:188} INFO - 10171
[2024-01-09T14:44:39.073-0300] {logging_mixin.py:188} INFO - 10172
[2024-01-09T14:44:39.244-0300] {logging_mixin.py:188} INFO - 10173
[2024-01-09T14:44:39.399-0300] {logging_mixin.py:188} INFO - 10174
[2024-01-09T14:44:39.579-0300] {logging_mixin.py:188} INFO - 10175
[2024-01-09T14:44:39.886-0300] {logging_mixin.py:188} INFO - 10176
[2024-01-09T14:44:40.035-0300] {logging_mixin.py:188} INFO - 10177
[2024-01-09T14:44:40.188-0300] {logging_mixin.py:188} INFO - 10178
[2024-01-09T14:44:40.344-0300] {logging_mixin.py:188} INFO - 10179
[2024-01-09T14:44:40.495-0300] {logging_mixin.py:188} INFO - 10180
[2024-01-09T14:44:40.640-0300] {logging_mixin.py:188} INFO - 10181
[2024-01-09T14:44:40.785-0300] {logging_mixin.py:188} INFO - 10182
[2024-01-09T14:44:40.952-0300] {logging_mixin.py:188} INFO - 10183
[2024-01-09T14:44:41.100-0300] {logging_mixin.py:188} INFO - 10184
[2024-01-09T14:44:41.256-0300] {logging_mixin.py:188} INFO - 10185
[2024-01-09T14:44:41.431-0300] {logging_mixin.py:188} INFO - 10186
[2024-01-09T14:44:41.583-0300] {logging_mixin.py:188} INFO - 10187
[2024-01-09T14:44:41.728-0300] {logging_mixin.py:188} INFO - 10188
[2024-01-09T14:44:41.881-0300] {logging_mixin.py:188} INFO - 10189
[2024-01-09T14:44:42.032-0300] {logging_mixin.py:188} INFO - 10190
[2024-01-09T14:44:42.212-0300] {logging_mixin.py:188} INFO - 10191
[2024-01-09T14:44:42.361-0300] {logging_mixin.py:188} INFO - 10192
[2024-01-09T14:44:42.514-0300] {logging_mixin.py:188} INFO - 10193
[2024-01-09T14:44:42.661-0300] {logging_mixin.py:188} INFO - 10194
[2024-01-09T14:44:42.813-0300] {logging_mixin.py:188} INFO - 10195
[2024-01-09T14:44:43.118-0300] {logging_mixin.py:188} INFO - 10196
[2024-01-09T14:44:43.263-0300] {logging_mixin.py:188} INFO - 10197
[2024-01-09T14:44:43.416-0300] {logging_mixin.py:188} INFO - 10198
[2024-01-09T14:44:43.559-0300] {logging_mixin.py:188} INFO - 10199
[2024-01-09T14:44:43.709-0300] {logging_mixin.py:188} INFO - 10200
[2024-01-09T14:44:43.858-0300] {logging_mixin.py:188} INFO - 10201
[2024-01-09T14:44:44.016-0300] {logging_mixin.py:188} INFO - 10202
[2024-01-09T14:44:44.171-0300] {logging_mixin.py:188} INFO - 10203
[2024-01-09T14:44:44.336-0300] {logging_mixin.py:188} INFO - 10204
[2024-01-09T14:44:44.487-0300] {logging_mixin.py:188} INFO - 10205
[2024-01-09T14:44:44.633-0300] {logging_mixin.py:188} INFO - 10206
[2024-01-09T14:44:44.781-0300] {logging_mixin.py:188} INFO - 10207
[2024-01-09T14:44:44.934-0300] {logging_mixin.py:188} INFO - 10208
[2024-01-09T14:44:45.090-0300] {logging_mixin.py:188} INFO - 10209
[2024-01-09T14:44:45.235-0300] {logging_mixin.py:188} INFO - 10210
[2024-01-09T14:44:45.402-0300] {logging_mixin.py:188} INFO - 10211
[2024-01-09T14:44:45.549-0300] {logging_mixin.py:188} INFO - 10212
[2024-01-09T14:44:45.695-0300] {logging_mixin.py:188} INFO - 10213
[2024-01-09T14:44:45.841-0300] {logging_mixin.py:188} INFO - 10214
[2024-01-09T14:44:45.986-0300] {logging_mixin.py:188} INFO - 10215
[2024-01-09T14:44:46.282-0300] {logging_mixin.py:188} INFO - 10216
[2024-01-09T14:44:46.428-0300] {logging_mixin.py:188} INFO - 10217
[2024-01-09T14:44:46.579-0300] {logging_mixin.py:188} INFO - 10218
[2024-01-09T14:44:46.729-0300] {logging_mixin.py:188} INFO - 10219
[2024-01-09T14:44:46.885-0300] {logging_mixin.py:188} INFO - 10220
[2024-01-09T14:44:47.035-0300] {logging_mixin.py:188} INFO - 10221
[2024-01-09T14:44:47.182-0300] {logging_mixin.py:188} INFO - 10222
[2024-01-09T14:44:47.376-0300] {logging_mixin.py:188} INFO - 10223
[2024-01-09T14:44:47.563-0300] {logging_mixin.py:188} INFO - 10224
[2024-01-09T14:44:47.712-0300] {logging_mixin.py:188} INFO - 10225
[2024-01-09T14:44:47.896-0300] {logging_mixin.py:188} INFO - 10226
[2024-01-09T14:44:48.056-0300] {logging_mixin.py:188} INFO - 10227
[2024-01-09T14:44:48.204-0300] {logging_mixin.py:188} INFO - 10228
[2024-01-09T14:44:48.356-0300] {logging_mixin.py:188} INFO - 10229
[2024-01-09T14:44:48.505-0300] {logging_mixin.py:188} INFO - 10230
[2024-01-09T14:44:48.670-0300] {logging_mixin.py:188} INFO - 10231
[2024-01-09T14:44:48.825-0300] {logging_mixin.py:188} INFO - 10232
[2024-01-09T14:44:48.973-0300] {logging_mixin.py:188} INFO - 10233
[2024-01-09T14:44:49.121-0300] {logging_mixin.py:188} INFO - 10234
[2024-01-09T14:44:49.281-0300] {logging_mixin.py:188} INFO - 10235
[2024-01-09T14:44:49.580-0300] {logging_mixin.py:188} INFO - 10236
[2024-01-09T14:44:49.735-0300] {logging_mixin.py:188} INFO - 10237
[2024-01-09T14:44:49.888-0300] {logging_mixin.py:188} INFO - 10238
[2024-01-09T14:44:50.041-0300] {logging_mixin.py:188} INFO - 10239
[2024-01-09T14:44:50.188-0300] {logging_mixin.py:188} INFO - 10240
[2024-01-09T14:44:50.342-0300] {logging_mixin.py:188} INFO - 10241
[2024-01-09T14:44:50.543-0300] {logging_mixin.py:188} INFO - 10242
[2024-01-09T14:44:50.693-0300] {logging_mixin.py:188} INFO - 10243
[2024-01-09T14:44:50.847-0300] {logging_mixin.py:188} INFO - 10244
[2024-01-09T14:44:50.994-0300] {logging_mixin.py:188} INFO - 10245
[2024-01-09T14:44:51.148-0300] {logging_mixin.py:188} INFO - 10246
[2024-01-09T14:44:51.299-0300] {logging_mixin.py:188} INFO - 10247
[2024-01-09T14:44:51.456-0300] {logging_mixin.py:188} INFO - 10248
[2024-01-09T14:44:51.607-0300] {logging_mixin.py:188} INFO - 10249
[2024-01-09T14:44:51.756-0300] {logging_mixin.py:188} INFO - 10250
[2024-01-09T14:44:51.913-0300] {logging_mixin.py:188} INFO - 10251
[2024-01-09T14:44:52.063-0300] {logging_mixin.py:188} INFO - 10252
[2024-01-09T14:44:52.238-0300] {logging_mixin.py:188} INFO - 10253
[2024-01-09T14:44:52.396-0300] {logging_mixin.py:188} INFO - 10254
[2024-01-09T14:44:52.551-0300] {logging_mixin.py:188} INFO - 10255
[2024-01-09T14:44:52.851-0300] {logging_mixin.py:188} INFO - 10256
[2024-01-09T14:44:53.004-0300] {logging_mixin.py:188} INFO - 10257
[2024-01-09T14:44:53.155-0300] {logging_mixin.py:188} INFO - 10258
[2024-01-09T14:44:53.310-0300] {logging_mixin.py:188} INFO - 10259
[2024-01-09T14:44:53.473-0300] {logging_mixin.py:188} INFO - 10260
[2024-01-09T14:44:53.622-0300] {logging_mixin.py:188} INFO - 10261
[2024-01-09T14:44:53.772-0300] {logging_mixin.py:188} INFO - 10262
[2024-01-09T14:44:53.929-0300] {logging_mixin.py:188} INFO - 10263
[2024-01-09T14:44:54.088-0300] {logging_mixin.py:188} INFO - 10264
[2024-01-09T14:44:54.240-0300] {logging_mixin.py:188} INFO - 10265
[2024-01-09T14:44:54.388-0300] {logging_mixin.py:188} INFO - 10266
[2024-01-09T14:44:54.541-0300] {logging_mixin.py:188} INFO - 10267
[2024-01-09T14:44:54.692-0300] {logging_mixin.py:188} INFO - 10268
[2024-01-09T14:44:54.851-0300] {logging_mixin.py:188} INFO - 10269
[2024-01-09T14:44:54.999-0300] {logging_mixin.py:188} INFO - 10270
[2024-01-09T14:44:55.202-0300] {logging_mixin.py:188} INFO - 10271
[2024-01-09T14:44:55.395-0300] {logging_mixin.py:188} INFO - 10272
[2024-01-09T14:44:55.552-0300] {logging_mixin.py:188} INFO - 10273
[2024-01-09T14:44:55.701-0300] {logging_mixin.py:188} INFO - 10274
[2024-01-09T14:44:55.870-0300] {logging_mixin.py:188} INFO - 10275
[2024-01-09T14:44:56.168-0300] {logging_mixin.py:188} INFO - 10276
[2024-01-09T14:44:56.316-0300] {logging_mixin.py:188} INFO - 10277
[2024-01-09T14:44:56.317-0300] {logging_mixin.py:188} INFO - Salvando arquivo em:  pokemon_file.json
[2024-01-09T14:44:56.323-0300] {python.py:201} INFO - Done. Returned value was: None
[2024-01-09T14:44:56.328-0300] {taskinstance.py:1138} INFO - Marking task as SUCCESS. dag_id=pokemon_extraction, task_id=extract_pokemons, execution_date=20231217T100000, start_date=20240109T174117, end_date=20240109T174456
[2024-01-09T14:44:56.353-0300] {local_task_job_runner.py:234} INFO - Task exited with return code 0
[2024-01-09T14:44:56.363-0300] {taskinstance.py:3281} INFO - 0 downstream tasks scheduled from follow-on schedule check
